----- Output (stdout) -----
[running at reduced cpu priority]
==============================================================================
  Prime version 3.8 (r013) Refine Structure: Minimization
==============================================================================
        
Using the following input parameters:
   JOB_TYPE	refine
   MINIM_NITER	5
   SELECT	all
   STRUCT_FILE	Subjob00001--MinimizeLigand-in.maegz

Number of CPU cores to use: 1

Using OPLS version 2005 for force-field parameters.

Pre-processing input
  Treating with residue ID check...
    Complete:  0 min  0 sec
  Treating with asl parsing...
    Complete:  0 min  0 sec
  Treating with naming consistency detection...
    Complete:  0 min  0 sec

 Random Number Seed Set to:    520139472
 
 Contents of the control file:
   
   file outdir "/Users/albaness/.schrodinger/tmp/covalent_docking_4IJ8/covalent_docking_4IJ8_workdir/"
   file datadir "/opt/schrodinger/suites2014-4/psp-v38013/data/pop/"
   file vddir "/opt/schrodinger/suites2014-4/psp-v38013/data/pop/"
   file tempdir "templates/"
   file protempdir "templates/"
   file usrtempdir "/Users/albaness/.schrodinger/tmp/covalent_docking_4IJ8/covalent_docking_4IJ8_workdir/"
   file gluefile "params.glue"
   file logfile stdout
   
   rand seed 0
   
   load simple Subjob00001--MinimizeLigand_0 Structure(36)  het yes ions yes wat yes mse2met no sym no   highest_occ no     opls_version 2005
   
   
   
   energy param solv vsgb2.0
   
   
   
   energy param nbcut2_nn  40.0
   energy param nbcut2_cn  40.0
   energy param nbcut2_cc  40.0
   
   energy param uselipo yes
   
   
   
   
   
   energy total
   minimize residues asl "atom.i_psp_select_atom 1"  verbose yes  iter 5
   
   energy total
   
   
   write mae SWIG_OUTPUT_STRUCTURE
   
--Checked out   8 PSP Plop Tokens--
 Random seed reset to :            0
 
 Parameters chosen for PDB loading:
   All protein chains will be loaded.
   Sequence read from ATOM lines.
   Ions from PDB file INCLUDED.
   PDB file assumed to be experimental data.
   Waters from PDB file INCLUDED.
   HETATMs from PDB file INCLUDED.
   Hydrogens from PDB file INCLUDED.
   NO symmetry will be used.
   Atoms not in PDB file will NOT be optimized.
   Atomtyping Parameters (when reading directly from mae)
      OPLS Version 2005                
      Planarity      1.000
      Using Force Field Charges
 
 STARTING TO WORK ON FILE Subjob00001--MinimizeLigand_0
 Crystal symmetry data not present
 Reading residue sequence from atoms in mae file
 
 Nonbonded initialization ...
 Time for loading nb parameters:   3.499999998894054E-003
 Build extended structure ...
 Generating crosslinks ...
 Initialize 1/4 list ...
 Initialize parent/child list ...
 Initialize covalent pointers ...
 Initialize resinfo list ...
 ATTN: hetero res type UNK 
  not recognized - rotamer conformations will not be sampled.
 Initialize special atoms ...
 Initialize rank list ...
 Initialize sparse atom list ...
 
 Times for various book-keeping steps:
     build   0.004s
     cross   0.000s
     child   0.000s
      iper   0.000s
       rev   0.000s
      info   0.000s
     resat   0.000s
      rank   0.000s
     covpt   0.000s
    sparse   0.000s
 
 Times for steps in loading structure:
           Load sequence    0.00s
    Initialize structure    0.04s
      Assign coordinates    0.00s
     Initialize symmetry    0.00s
 
 Preparing for first energy calculation ...
 
 Time for assigning nb parameters:    0.000s
 
 Number of protein chains       0
   Number of residues           0
       (charged)                0
        (polar)                 0
       (glycine)                0
     (hydrophobic)              0
 
 Number of RNA chains           0
   Number of nucleotides        0
 Number of DNA chains           0
   Number of nucleotides        0
 
 Number of waters               0
 Number of ions                 0
 Number of HET                  1
 
 Number of atoms               46
   [sparse atoms]               5
 
 Number of bonds               49
 Number of angles              85
 Number of torsions           141
 Number of 1/4s               112
 
 Partial charges and molecular weights:
  HET group      _:UNK_900         0.0000     364.4
  Entire system                    0.0000     364.4
 
 Time for secondary structure initialization   0.000s
 
 Results of parameter assignment
    type    tot   time
    BOND     49   0.00
    ANGL     85   0.00
    TORS    141   0.00
 
 Here are the parameters that will be used:
                      Solvent model   SGB
               Variable Dielectric:   ENABLED
                               LYS:    3.85
                               GLU:    2.78
                               ASP:    2.44
                               HIP:    2.86
                               HIS:    1.00
                               ARG:    2.11
                      Penalty terms   EXCLUDED
                Internal dielectric    1.00
                 Solvent dielectric   80.00
                 Ionic strength (M)    0.00
                 Debye length (Ang)     Inf
     Short NB cut (neutral/neutral)   10.00
      Long NB cut (neutral/neutral)   40.00
      Short NB cut (charge/neutral)   10.00
       Long NB cut (charge/neutral)   40.00
       Short NB cut (charge/charge)   15.00
        Long NB cut (charge/charge)   40.00
             Short NB cut (reduced)    6.00
              Long NB cut (reduced)   36.00
          Rotamer Frequency Scoring   OFF
 
 NOW REPORTING THE ENERGY (KCAL/MOL): 
 COVALENT ENERGIES:
                BOND           ANGLE             TOR           TOTAL
     COV        2.158661        2.808085       13.866358       18.833104
     SGB       90.706125       98.053325      -77.413305      111.346145
   TOTAL       92.864785      100.861411      -63.546947      130.179249
    TIME        0.000s          0.000s          0.000s          0.000s   
 
 NONBONDED (INTRAMOLECULAR) ENERGIES:
                  14           SHORT            LONG           TOTAL
      LJ       23.898814       -8.475182        0.000000       15.423632
    LIPO        0.000000       -9.673207        0.000000       -9.673207
      EL       58.681478       -7.705309        0.000000       50.976169
     SGB      -77.413305        2.082949        0.000000      -75.330357
   TOTAL        5.166987      -23.770749        0.000000      -18.603762
    TIME        0.000s          0.000s          0.000s          0.000s   
 
 OTHER:
SGB SELF     -118.155774
NONPOLAR        0.000000
PROT COR        0.000000
   HBOND        0.000000
 PACKING        0.000000
SelfCont        0.000000
 
 SUM:
 SGB TOT       -4.726680
SOLV TOT       -4.726680
LIPO TOT       -9.673207
  TOTALE   70.83301790633    
 [NOTE: TOTAL ENERGY = COV_TOT + NB_TOT + OTHER - SGB_14|SGB_TOR]
 
 NOW REPORTING THE ENERGY (KCAL/MOL): 
 COVALENT ENERGIES:
                BOND           ANGLE             TOR           TOTAL
     COV        2.158661        2.808085       13.866358       18.833104
     SGB       90.706125       98.053325      -77.413305      111.346145
   TOTAL       92.864785      100.861411      -63.546947      130.179249
    TIME        0.000s          0.000s          0.000s          0.000s   
 
 NONBONDED (INTRAMOLECULAR) ENERGIES:
                  14           SHORT            LONG           TOTAL
      LJ       23.898814       -8.475182        0.000000       15.423632
    LIPO        0.000000       -9.673207        0.000000       -9.673207
      EL       58.681478       -7.705309        0.000000       50.976169
     SGB      -77.413305        2.082949        0.000000      -75.330357
   TOTAL        5.166987      -23.770749        0.000000      -18.603762
    TIME        0.000s          0.000s          0.000s          0.000s   
 
 OTHER:
SGB SELF     -118.155774
NONPOLAR        0.000000
PROT COR        0.000000
   HBOND        0.000000
 PACKING        0.000000
SelfCont        0.000000
 
 SUM:
 SGB TOT       -4.726680
SOLV TOT       -4.726680
LIPO TOT       -9.673207
  TOTALE   70.83301790633    
 [NOTE: TOTAL ENERGY = COV_TOT + NB_TOT + OTHER - SGB_14|SGB_TOR]
 
 Preparing for first energy calculation ...
 
 
 NOW REPORTING THE ENERGY (KCAL/MOL): 
 COVALENT ENERGIES:
                BOND           ANGLE             TOR           TOTAL
     COV        2.158661        2.808085       13.866358       18.833104
     SGB       90.706125       98.053325      -77.413305      111.346145
   TOTAL       92.864785      100.861411      -63.546947      130.179249
    TIME        0.000s          0.000s          0.000s          0.000s   
 
 NONBONDED (INTRAMOLECULAR) ENERGIES:
                  14           SHORT            LONG           TOTAL
      LJ       23.898814       -8.475182        0.000000       15.423632
    LIPO        0.000000       -9.673207        0.000000       -9.673207
      EL       58.681478       -7.705309        0.000000       50.976169
     SGB      -77.413305        2.082949        0.000000      -75.330357
   TOTAL        5.166987      -23.770749        0.000000      -18.603762
    TIME        0.000s          0.000s          0.000s          0.000s   
 
 OTHER:
SGB SELF     -118.155774
NONPOLAR        0.000000
PROT COR        0.000000
   HBOND        0.000000
 PACKING        0.000000
SelfCont        0.000000
 
 SUM:
 SGB TOT       -4.726680
SOLV TOT       -4.726680
LIPO TOT       -9.673207
  TOTALE   70.83301790633    
 [NOTE: TOTAL ENERGY = COV_TOT + NB_TOT + OTHER - SGB_14|SGB_TOR]
 
 Options chosen for the minimization:
   Desired final RMS gradient:  1.000000000000000E-002
   Maximum number of iterations to achieve self-consistency:            5
   Energy cutoff for determining self-consistency 0.100kcals/mol
   Maximum number of TN iterations:           65
   Iterations between NBlist/LR updates:            2
   LR forces will be updated less frequently than SR.
   NB list will be updated during minim.
   SGB will be updated during minim.
   Option for SGB update:            1
   Born alpha will NOT be updated during minim
   NB Clashes will be used in the preconditioning
 
 STARTING TO WORK ON MINIMIZATION: 
 Dynamic memory allocation:     0.00s
 number of degrees of freedom:              138
 number of sparse matrix elements:         2490
 memory allocated for hessian ME:         23000
 
  itn.     f            |g|      #cg    mode    |r|       lambda     nfg  time   rmsd
    0      70.83302     0.63565
    1      70.65273     0.15110     2     0     1.66946    1.00000    2   0.05s  0.029
    2      70.57137     0.24268     9     0     0.18006    0.35511    4   0.05s  0.059
    3      70.52510     0.12070     5     0     0.22821    1.00000    5   0.05s  0.084
    4      70.51945     0.41216    10     0     0.04781    1.00000    6   0.05s  0.123
    5      70.49502     0.01253     1     0     0.14777    1.00000    7   0.05s  0.123
    6      70.49432     0.00666    11     0     0.00605    1.00000    8   0.06s  0.127
final      70.4943210   0.00666    38     0     0.00605    1.00000    8   0.06s
 
   Total time elapsed    0.058s
   Preliminaries         0.040s
   PCG Hd products       0.007s
   Long Range Forces     0.001s
   Preconditioning       0.009s
   Line searches         0.001s
 
 MINIMIZATION COMPLETED 
 
 NOW REPORTING THE ENERGY (KCAL/MOL): 
 COVALENT ENERGIES:
                BOND           ANGLE             TOR           TOTAL
     COV        2.495584        2.901422       13.387045       18.784051
     SGB       91.141392       98.095873      -77.576087      111.661177
   TOTAL       93.636976      100.997295      -64.189042      130.445228
    TIME        0.000s          0.000s          0.000s          0.000s   
 
 NONBONDED (INTRAMOLECULAR) ENERGIES:
                  14           SHORT            LONG           TOTAL
      LJ       23.868259       -7.962336        0.000000       15.905924
    LIPO        0.000000       -9.966652        0.000000       -9.966652
      EL       58.546530       -8.115141        0.000000       50.431389
     SGB      -77.576087        2.311287        0.000000      -75.264801
   TOTAL        4.838702      -23.732843        0.000000      -18.894141
    TIME        0.000s          0.000s          0.000s          0.000s   
 
 OTHER:
SGB SELF     -118.777022
NONPOLAR        0.000000
PROT COR        0.000000
   HBOND        0.000000
 PACKING        0.000000
SelfCont        0.000000
 
 SUM:
 SGB TOT       -4.804559
SOLV TOT       -4.804559
LIPO TOT       -9.966652
  TOTALE   70.35015254432    
 [NOTE: TOTAL ENERGY = COV_TOT + NB_TOT + OTHER - SGB_14|SGB_TOR]
 Completed Iteration            1  of            5
Minimization not yet converged, dE (   0.339kcals/mol)  >   0.100
 
 STARTING TO WORK ON MINIMIZATION: 
 Dynamic memory allocation:     0.00s
 number of degrees of freedom:              138
 number of sparse matrix elements:         2490
 memory allocated for hessian ME:         23000
 
  itn.     f            |g|      #cg    mode    |r|       lambda     nfg  time   rmsd
    0      70.35015     0.01197
    1      70.35013     0.00120     2     0     0.01412    1.00000    2   0.00s  0.000
final      70.3501286   0.00120     2     0     0.01412    1.00000    2   0.00s
 
   Total time elapsed    0.001s
   Preliminaries         0.001s
   PCG Hd products       0.000s
   Long Range Forces     0.000s
   Preconditioning       0.000s
   Line searches         0.000s
 
 MINIMIZATION COMPLETED 
 
 NOW REPORTING THE ENERGY (KCAL/MOL): 
 COVALENT ENERGIES:
                BOND           ANGLE             TOR           TOTAL
     COV        2.493803        2.903001       13.386412       18.783215
     SGB       91.084155       98.093631      -77.552108      111.625678
   TOTAL       93.577958      100.996632      -64.165696      130.408894
    TIME        0.000s          0.000s          0.000s          0.000s   
 
 NONBONDED (INTRAMOLECULAR) ENERGIES:
                  14           SHORT            LONG           TOTAL
      LJ       23.869491       -7.962621        0.000000       15.906871
    LIPO        0.000000       -9.966328        0.000000       -9.966328
      EL       58.546185       -8.115609        0.000000       50.430575
     SGB      -77.552108        2.298524        0.000000      -75.253584
   TOTAL        4.863568      -23.746034        0.000000      -18.882467
    TIME        0.000s          0.000s          0.000s          0.000s   
 
 OTHER:
SGB SELF     -118.715509
NONPOLAR        0.000000
PROT COR        0.000000
   HBOND        0.000000
 PACKING        0.000000
SelfCont        0.000000
 
 SUM:
 SGB TOT       -4.791307
SOLV TOT       -4.791307
LIPO TOT       -9.966328
  TOTALE   70.36302582254    
 [NOTE: TOTAL ENERGY = COV_TOT + NB_TOT + OTHER - SGB_14|SGB_TOR]
 Completed Iteration            2  of            5
Minimization converged, dE (   0.000kcals/mol)  <   0.100
 
 Preparing for first energy calculation ...
 
 
 NOW REPORTING THE ENERGY (KCAL/MOL): 
 COVALENT ENERGIES:
                BOND           ANGLE             TOR           TOTAL
     COV        2.493803        2.903001       13.386412       18.783215
     SGB       91.084155       98.093631      -77.552108      111.625678
   TOTAL       93.577958      100.996632      -64.165696      130.408894
    TIME        0.000s          0.000s          0.000s          0.000s   
 
 NONBONDED (INTRAMOLECULAR) ENERGIES:
                  14           SHORT            LONG           TOTAL
      LJ       23.869491       -7.962621        0.000000       15.906871
    LIPO        0.000000       -9.966328        0.000000       -9.966328
      EL       58.546185       -8.115609        0.000000       50.430575
     SGB      -77.552108        2.298524        0.000000      -75.253584
   TOTAL        4.863568      -23.746034        0.000000      -18.882467
    TIME        0.000s          0.000s          0.000s          0.000s   
 
 OTHER:
SGB SELF     -118.715509
NONPOLAR        0.000000
PROT COR        0.000000
   HBOND        0.000000
 PACKING        0.000000
SelfCont        0.000000
 
 SUM:
 SGB TOT       -4.791307
SOLV TOT       -4.791307
LIPO TOT       -9.966328
  TOTALE   70.36302582254    
 [NOTE: TOTAL ENERGY = COV_TOT + NB_TOT + OTHER - SGB_14|SGB_TOR]
 
 NOW REPORTING THE ENERGY (KCAL/MOL): 
 COVALENT ENERGIES:
                BOND           ANGLE             TOR           TOTAL
     COV        2.493803        2.903001       13.386412       18.783215
     SGB       91.084155       98.093631      -77.552108      111.625678
   TOTAL       93.577958      100.996632      -64.165696      130.408894
    TIME        0.000s          0.000s          0.000s          0.000s   
 
 NONBONDED (INTRAMOLECULAR) ENERGIES:
                  14           SHORT            LONG           TOTAL
      LJ       23.869491       -7.962621        0.000000       15.906871
    LIPO        0.000000       -9.966328        0.000000       -9.966328
      EL       58.546185       -8.115609        0.000000       50.430575
     SGB      -77.552108        2.298524        0.000000      -75.253584
   TOTAL        4.863568      -23.746034        0.000000      -18.882467
    TIME        0.000s          0.000s          0.000s          0.000s   
 
 OTHER:
SGB SELF     -118.715509
NONPOLAR        0.000000
PROT COR        0.000000
   HBOND        0.000000
 PACKING        0.000000
SelfCont        0.000000
 
 SUM:
 SGB TOT       -4.791307
SOLV TOT       -4.791307
LIPO TOT       -9.966328
  TOTALE   70.36302582254    
 [NOTE: TOTAL ENERGY = COV_TOT + NB_TOT + OTHER - SGB_14|SGB_TOR]
 TOTAL TIME ELAPSED: Subjob00001--MinimizeLigand_0           0.746s
 RETURNED LICENSE
Post-processing output...
  Processing output structure #1
Post-processing complete.

==============================================================================
  Prime version 3.8 (r013) Refine Structure: Minimization
==============================================================================
        
Using the following input parameters:
   JOB_TYPE	refine
   MINIM_NITER	5
   SELECT	all
   STRUCT_FILE	Subjob00001--MinimizeLigand-in.maegz
   USE_SMALL_EXE	yes

Number of CPU cores to use: 1

Using OPLS version 2005 for force-field parameters.

Pre-processing input
  Treating with residue ID check...
    Complete:  0 min  0 sec
  Treating with asl parsing...
    Complete:  0 min  0 sec
  Treating with naming consistency detection...
    Complete:  0 min  0 sec

 Random Number Seed Set to:    520150143
 
 Contents of the control file:
   
   file outdir "/Users/albaness/.schrodinger/tmp/covalent_docking_4IJ8/covalent_docking_4IJ8_workdir/"
   file datadir "/opt/schrodinger/suites2014-4/psp-v38013/data/pop/"
   file vddir "/opt/schrodinger/suites2014-4/psp-v38013/data/pop/"
   file tempdir "templates/"
   file protempdir "templates/"
   file usrtempdir "/Users/albaness/.schrodinger/tmp/covalent_docking_4IJ8/covalent_docking_4IJ8_workdir/"
   file gluefile "params.glue"
   file logfile stdout
   
   rand seed 0
   
   load simple Subjob00001--MinimizeLigand_1 Structure(1588)  het yes ions yes wat yes mse2met no sym no   highest_occ no     opls_version 2005
   
   
   
   energy param solv vsgb2.0
   
   
   
   energy param nbcut2_nn  40.0
   energy param nbcut2_cn  40.0
   energy param nbcut2_cc  40.0
   
   energy param uselipo yes
   
   
   
   
   
   energy total
   minimize residues asl "atom.i_psp_select_atom 1"  verbose yes  iter 5
   
   energy total
   
   
   write mae SWIG_OUTPUT_STRUCTURE
   
--Checked out   8 PSP Plop Tokens--
 Random seed reset to :            0
 
 Parameters chosen for PDB loading:
   All protein chains will be loaded.
   Sequence read from ATOM lines.
   Ions from PDB file INCLUDED.
   PDB file assumed to be experimental data.
   Waters from PDB file INCLUDED.
   HETATMs from PDB file INCLUDED.
   Hydrogens from PDB file INCLUDED.
   NO symmetry will be used.
   Atoms not in PDB file will NOT be optimized.
   Atomtyping Parameters (when reading directly from mae)
      OPLS Version 2005                
      Planarity      1.000
      Using Force Field Charges
 
 STARTING TO WORK ON FILE Subjob00001--MinimizeLigand_1
 Crystal symmetry data not present
 Reading residue sequence from atoms in mae file
 
 Nonbonded initialization ...
 Time for loading nb parameters:   1.900000002933666E-003
 Build extended structure ...
 Generating crosslinks ...
 Initialize 1/4 list ...
 Initialize parent/child list ...
 Initialize covalent pointers ...
 Initialize resinfo list ...
 ATTN: hetero res type UNK 
  not recognized - rotamer conformations will not be sampled.
 Initialize special atoms ...
 Initialize rank list ...
 Initialize sparse atom list ...
 
 Times for various book-keeping steps:
     build   0.002s
     cross   0.000s
     child   0.000s
      iper   0.000s
       rev   0.000s
      info   0.000s
     resat   0.000s
      rank   0.000s
     covpt   0.000s
    sparse   0.000s
 
 Times for steps in loading structure:
           Load sequence    0.00s
    Initialize structure    0.03s
      Assign coordinates    0.00s
     Initialize symmetry    0.00s
 
 Preparing for first energy calculation ...
 
 Time for assigning nb parameters:    0.000s
 
 Number of protein chains       0
   Number of residues           0
       (charged)                0
        (polar)                 0
       (glycine)                0
     (hydrophobic)              0
 
 Number of RNA chains           0
   Number of nucleotides        0
 Number of DNA chains           0
   Number of nucleotides        0
 
 Number of waters               0
 Number of ions                 0
 Number of HET                  1
 
 Number of atoms               47
   [sparse atoms]               5
 
 Number of bonds               50
 Number of angles              88
 Number of torsions           150
 Number of 1/4s               121
 
 Partial charges and molecular weights:
  HET group      _:UNK_900         1.0000     365.5
  Entire system                    1.0000     365.5
 
 Time for secondary structure initialization   0.000s
 
 Results of parameter assignment
    type    tot   time
    BOND     50   0.00
    ANGL     88   0.00
    TORS    150   0.00
 
 Here are the parameters that will be used:
                      Solvent model   SGB
               Variable Dielectric:   ENABLED
                               LYS:    3.85
                               GLU:    2.78
                               ASP:    2.44
                               HIP:    2.86
                               HIS:    1.00
                               ARG:    2.11
                      Penalty terms   EXCLUDED
                Internal dielectric    1.00
                 Solvent dielectric   80.00
                 Ionic strength (M)    0.00
                 Debye length (Ang)     Inf
     Short NB cut (neutral/neutral)   10.00
      Long NB cut (neutral/neutral)   40.00
      Short NB cut (charge/neutral)   10.00
       Long NB cut (charge/neutral)   40.00
       Short NB cut (charge/charge)   15.00
        Long NB cut (charge/charge)   40.00
             Short NB cut (reduced)    6.00
              Long NB cut (reduced)   36.00
          Rotamer Frequency Scoring   OFF
 
 NOW REPORTING THE ENERGY (KCAL/MOL): 
 COVALENT ENERGIES:
                BOND           ANGLE             TOR           TOTAL
     COV        2.069622        2.684190       12.054308       16.808121
     SGB       81.076909       56.867223      -70.765834       67.178299
   TOTAL       83.146531       59.551414      -58.711526       83.986419
    TIME        0.000s          0.000s          0.000s          0.000s   
 
 NONBONDED (INTRAMOLECULAR) ENERGIES:
                  14           SHORT            LONG           TOTAL
      LJ       22.957677       -8.944662        0.000000       14.013015
    LIPO        0.000000       -9.581571        0.000000       -9.581571
      EL       53.312266      -18.387820        0.000000       34.924446
     SGB      -70.765834       11.411444        0.000000      -59.354390
   TOTAL        5.504109      -25.502609        0.000000      -19.998499
    TIME        0.000s          0.000s          0.000s          0.000s   
 
 OTHER:
SGB SELF      -95.099964
NONPOLAR        0.000000
PROT COR        0.000000
   HBOND        0.000000
 PACKING        0.000000
SelfCont        0.000000
 
 SUM:
 SGB TOT      -16.510221
SOLV TOT      -16.510221
LIPO TOT       -9.581571
  TOTALE   39.65379005941    
 [NOTE: TOTAL ENERGY = COV_TOT + NB_TOT + OTHER - SGB_14|SGB_TOR]
 
 NOW REPORTING THE ENERGY (KCAL/MOL): 
 COVALENT ENERGIES:
                BOND           ANGLE             TOR           TOTAL
     COV        2.069622        2.684190       12.054308       16.808121
     SGB       81.076909       56.867223      -70.765834       67.178299
   TOTAL       83.146531       59.551414      -58.711526       83.986419
    TIME        0.000s          0.000s          0.000s          0.000s   
 
 NONBONDED (INTRAMOLECULAR) ENERGIES:
                  14           SHORT            LONG           TOTAL
      LJ       22.957677       -8.944662        0.000000       14.013015
    LIPO        0.000000       -9.581571        0.000000       -9.581571
      EL       53.312266      -18.387820        0.000000       34.924446
     SGB      -70.765834       11.411444        0.000000      -59.354390
   TOTAL        5.504109      -25.502609        0.000000      -19.998499
    TIME        0.000s          0.000s          0.000s          0.000s   
 
 OTHER:
SGB SELF      -95.099964
NONPOLAR        0.000000
PROT COR        0.000000
   HBOND        0.000000
 PACKING        0.000000
SelfCont        0.000000
 
 SUM:
 SGB TOT      -16.510221
SOLV TOT      -16.510221
LIPO TOT       -9.581571
  TOTALE   39.65379005941    
 [NOTE: TOTAL ENERGY = COV_TOT + NB_TOT + OTHER - SGB_14|SGB_TOR]
 
 Preparing for first energy calculation ...
 
 
 NOW REPORTING THE ENERGY (KCAL/MOL): 
 COVALENT ENERGIES:
                BOND           ANGLE             TOR           TOTAL
     COV        2.069622        2.684190       12.054308       16.808121
     SGB       81.076909       56.867223      -70.765834       67.178299
   TOTAL       83.146531       59.551414      -58.711526       83.986419
    TIME        0.000s          0.000s          0.000s          0.000s   
 
 NONBONDED (INTRAMOLECULAR) ENERGIES:
                  14           SHORT            LONG           TOTAL
      LJ       22.957677       -8.944662        0.000000       14.013015
    LIPO        0.000000       -9.581571        0.000000       -9.581571
      EL       53.312266      -18.387820        0.000000       34.924446
     SGB      -70.765834       11.411444        0.000000      -59.354390
   TOTAL        5.504109      -25.502609        0.000000      -19.998499
    TIME        0.000s          0.000s          0.000s          0.000s   
 
 OTHER:
SGB SELF      -95.099964
NONPOLAR        0.000000
PROT COR        0.000000
   HBOND        0.000000
 PACKING        0.000000
SelfCont        0.000000
 
 SUM:
 SGB TOT      -16.510221
SOLV TOT      -16.510221
LIPO TOT       -9.581571
  TOTALE   39.65379005941    
 [NOTE: TOTAL ENERGY = COV_TOT + NB_TOT + OTHER - SGB_14|SGB_TOR]
 
 Options chosen for the minimization:
   Desired final RMS gradient:  1.000000000000000E-002
   Maximum number of iterations to achieve self-consistency:            5
   Energy cutoff for determining self-consistency 0.100kcals/mol
   Maximum number of TN iterations:           65
   Iterations between NBlist/LR updates:            2
   LR forces will be updated less frequently than SR.
   NB list will be updated during minim.
   SGB will be updated during minim.
   Option for SGB update:            1
   Born alpha will NOT be updated during minim
   NB Clashes will be used in the preconditioning
 
 STARTING TO WORK ON MINIMIZATION: 
 Dynamic memory allocation:     0.00s
 number of degrees of freedom:              141
 number of sparse matrix elements:         2613
 memory allocated for hessian ME:         23500
 
  itn.     f            |g|      #cg    mode    |r|       lambda     nfg  time   rmsd
    0      39.65379     0.60185
    1      39.49388     0.15107     2     0     1.65487    1.00000    2   0.00s  0.030
    2      39.44629     0.55646     9     0     0.10087    1.00000    3   0.00s  0.089
    3      39.38776     0.03848     1     0     0.46831    1.00000    4   0.01s  0.088
    4      39.37730     0.06353    14     0     0.01581    1.00000    5   0.01s  0.093
    5      39.37677     0.00226     1     0     0.02680    1.00000    6   0.01s  0.093
final      39.3767708   0.00226    27     0     0.02680    1.00000    6   0.01s
 
   Total time elapsed    0.010s
   Preliminaries         0.001s
   PCG Hd products       0.005s
   Long Range Forces     0.000s
   Preconditioning       0.004s
   Line searches         0.001s
 
 MINIMIZATION COMPLETED 
 
 NOW REPORTING THE ENERGY (KCAL/MOL): 
 COVALENT ENERGIES:
                BOND           ANGLE             TOR           TOTAL
     COV        2.165604        2.641906       12.021257       16.828767
     SGB       81.174361       56.672180      -70.760237       67.086304
   TOTAL       83.339964       59.314087      -58.738980       83.915071
    TIME        0.000s          0.000s          0.000s          0.000s   
 
 NONBONDED (INTRAMOLECULAR) ENERGIES:
                  14           SHORT            LONG           TOTAL
      LJ       23.049020       -8.794270        0.000000       14.254749
    LIPO        0.000000       -9.889185        0.000000       -9.889185
      EL       53.261637      -18.540589        0.000000       34.721048
     SGB      -70.760237       11.510642        0.000000      -59.249595
   TOTAL        5.550420      -25.713402        0.000000      -20.162983
    TIME        0.000s          0.000s          0.000s          0.000s   
 
 OTHER:
SGB SELF      -95.116630
NONPOLAR        0.000000
PROT COR        0.000000
   HBOND        0.000000
 PACKING        0.000000
SelfCont        0.000000
 
 SUM:
 SGB TOT      -16.519684
SOLV TOT      -16.519684
LIPO TOT       -9.889185
  TOTALE   39.39569512552    
 [NOTE: TOTAL ENERGY = COV_TOT + NB_TOT + OTHER - SGB_14|SGB_TOR]
 Completed Iteration            1  of            5
Minimization not yet converged, dE (   0.277kcals/mol)  >   0.100
 
 STARTING TO WORK ON MINIMIZATION: 
 Dynamic memory allocation:     0.00s
 number of degrees of freedom:              141
 number of sparse matrix elements:         2613
 memory allocated for hessian ME:         23500
 
  itn.     f            |g|      #cg    mode    |r|       lambda     nfg  time   rmsd
    0      39.39570     0.00923
    1      39.39559     0.00098     7     0     0.01020    1.00000    2   0.00s  0.002
final      39.3955945   0.00098     7     0     0.01020    1.00000    2   0.00s
 
   Total time elapsed    0.002s
   Preliminaries         0.001s
   PCG Hd products       0.001s
   Long Range Forces     0.000s
   Preconditioning       0.000s
   Line searches         0.000s
 
 MINIMIZATION COMPLETED 
 
 NOW REPORTING THE ENERGY (KCAL/MOL): 
 COVALENT ENERGIES:
                BOND           ANGLE             TOR           TOTAL
     COV        2.165220        2.640114       12.020648       16.825983
     SGB       81.203591       56.693551      -70.791381       67.105761
   TOTAL       83.368811       59.333665      -58.770733       83.931743
    TIME        0.000s          0.000s          0.000s          0.000s   
 
 NONBONDED (INTRAMOLECULAR) ENERGIES:
                  14           SHORT            LONG           TOTAL
      LJ       23.047881       -8.795251        0.000000       14.252629
    LIPO        0.000000       -9.882816        0.000000       -9.882816
      EL       53.262178      -18.544785        0.000000       34.717393
     SGB      -70.791381       11.520300        0.000000      -59.271081
   TOTAL        5.518677      -25.702551        0.000000      -20.183874
    TIME        0.000s          0.000s          0.000s          0.000s   
 
 OTHER:
SGB SELF      -95.151499
NONPOLAR        0.000000
PROT COR        0.000000
   HBOND        0.000000
 PACKING        0.000000
SelfCont        0.000000
 
 SUM:
 SGB TOT      -16.525438
SOLV TOT      -16.525438
LIPO TOT       -9.882816
  TOTALE   39.38775139307    
 [NOTE: TOTAL ENERGY = COV_TOT + NB_TOT + OTHER - SGB_14|SGB_TOR]
 Completed Iteration            2  of            5
Minimization converged, dE (   0.000kcals/mol)  <   0.100
 
 Preparing for first energy calculation ...
 
 
 NOW REPORTING THE ENERGY (KCAL/MOL): 
 COVALENT ENERGIES:
                BOND           ANGLE             TOR           TOTAL
     COV        2.165220        2.640114       12.020648       16.825983
     SGB       81.203591       56.693551      -70.791381       67.105761
   TOTAL       83.368811       59.333665      -58.770733       83.931743
    TIME        0.000s          0.000s          0.000s          0.000s   
 
 NONBONDED (INTRAMOLECULAR) ENERGIES:
                  14           SHORT            LONG           TOTAL
      LJ       23.047881       -8.795251        0.000000       14.252629
    LIPO        0.000000       -9.882816        0.000000       -9.882816
      EL       53.262178      -18.544785        0.000000       34.717393
     SGB      -70.791381       11.520300        0.000000      -59.271081
   TOTAL        5.518677      -25.702551        0.000000      -20.183874
    TIME        0.000s          0.000s          0.000s          0.000s   
 
 OTHER:
SGB SELF      -95.151499
NONPOLAR        0.000000
PROT COR        0.000000
   HBOND        0.000000
 PACKING        0.000000
SelfCont        0.000000
 
 SUM:
 SGB TOT      -16.525438
SOLV TOT      -16.525438
LIPO TOT       -9.882816
  TOTALE   39.38775139307    
 [NOTE: TOTAL ENERGY = COV_TOT + NB_TOT + OTHER - SGB_14|SGB_TOR]
 
 NOW REPORTING THE ENERGY (KCAL/MOL): 
 COVALENT ENERGIES:
                BOND           ANGLE             TOR           TOTAL
     COV        2.165220        2.640114       12.020648       16.825983
     SGB       81.203591       56.693551      -70.791381       67.105761
   TOTAL       83.368811       59.333665      -58.770733       83.931743
    TIME        0.000s          0.000s          0.000s          0.000s   
 
 NONBONDED (INTRAMOLECULAR) ENERGIES:
                  14           SHORT            LONG           TOTAL
      LJ       23.047881       -8.795251        0.000000       14.252629
    LIPO        0.000000       -9.882816        0.000000       -9.882816
      EL       53.262178      -18.544785        0.000000       34.717393
     SGB      -70.791381       11.520300        0.000000      -59.271081
   TOTAL        5.518677      -25.702551        0.000000      -20.183874
    TIME        0.000s          0.000s          0.000s          0.000s   
 
 OTHER:
SGB SELF      -95.151499
NONPOLAR        0.000000
PROT COR        0.000000
   HBOND        0.000000
 PACKING        0.000000
SelfCont        0.000000
 
 SUM:
 SGB TOT      -16.525438
SOLV TOT      -16.525438
LIPO TOT       -9.882816
  TOTALE   39.38775139307    
 [NOTE: TOTAL ENERGY = COV_TOT + NB_TOT + OTHER - SGB_14|SGB_TOR]
 TOTAL TIME ELAPSED: Subjob00001--MinimizeLigand_1           0.350s
 RETURNED LICENSE
Post-processing output...
  Processing output structure #1
Post-processing complete.


