Starting Time: 01-09-2015 13:33:49
Duplication criterion: displacement cutoff:     1.3
Kept 1 SGS
Kept 2 SGS
Kept 3 SGS
Removed 4 SGS
Kept 5 SGS
Removed 6 SGS
Removed 7 SGS
Removed 8 SGS
Removed 9 SGS
Kept 10 SGS
Kept 11 SGS
Removed 12 SGS
Kept 13 SGS
Kept 14 SGS
Removed 15 SGS
Removed 16 SGS
Removed 17 SGS
Removed 18 SGS
Removed 19 SGS
Kept 20 SGS
Removed 21 SGS
Kept 22 SGS
Removed 23 SGS
Removed 24 SGS
Kept 25 SGS
Kept 26 SGS
Removed 27 SGS
Kept 28 SGS
Kept 29 SGS
Kept 30 SGS
Kept 31 SGS
Kept 32 SGS
Kept 33 SGS
Removed 34 SGS
Kept 35 SGS
Kept 36 SGS
Removed 37 SGS
Removed 38 SGS
Removed 39 SGS
Removed 40 SGS
Removed 41 SGS
Removed 42 SGS
Kept 43 SGS
Kept 44 SGS
Kept 45 SGS
Kept 46 SGS
Kept 47 SGS
Kept 48 SGS
Kept 49 SGS
Removed 50 SGS
Kept 51 SGS
Removed 52 SGS
Removed 53 SGS
Kept 54 SGS
Kept 55 SGS
Kept 56 SGS
Kept 57 SGS
Removed 58 SGS
Removed 59 SGS
Removed 60 SGS
Kept 61 SGS
Kept 62 SGS
Kept 63 SGS
Removed 64 SGS
Kept 65 SGS
Kept 66 SGS
Kept 67 SGS
Kept 68 SGS
Kept 69 SGS
Kept 70 SGS
Removed 71 SGS
Remaining poses: 41
Stage <SGS            (    0) UniquePoses0> takes 0 seconds
Duplication criterion: displacement cutoff:     1.3
Kept 1 SGS
Removed 2 SGS
Removed 3 SGS
Kept 4 SGS
Removed 5 SGS
Removed 6 SGS
Kept 7 SGS
Removed 8 SGS
Kept 9 SGS
Removed 10 SGS
Removed 11 SGS
Removed 12 SGS
Kept 13 SGS
Removed 14 SGS
Removed 15 SGS
Removed 16 SGS
Kept 17 SGS
Kept 18 SGS
Kept 19 SGS
Removed 20 SGS
Removed 21 SGS
Kept 22 SGS
Kept 23 SGS
Kept 24 SGS
Removed 25 SGS
Removed 26 SGS
Kept 27 SGS
Kept 28 SGS
Kept 29 SGS
Removed 30 SGS
Removed 31 SGS
Kept 32 SGS
Removed 33 SGS
Removed 34 SGS
Removed 35 SGS
Removed 36 SGS
Kept 37 SGS
Removed 38 SGS
Removed 39 SGS
Kept 40 SGS
Kept 41 SGS
Kept 42 SGS
Removed 43 SGS
Removed 44 SGS
Removed 45 SGS
Removed 46 SGS
Removed 47 SGS
Removed 48 SGS
Removed 49 SGS
Kept 50 SGS
Removed 51 SGS
Kept 52 SGS
Kept 53 SGS
Kept 54 SGS
Removed 55 SGS
Removed 56 SGS
Kept 57 SGS
Remaining poses: 24
Stage <SGS            (    1) UniquePoses0> takes 0 seconds

Ending Time: 01-09-2015 13:33:50
