----- Output (stdout) -----
[gpu-1-7.local]
%IMPACT-I (openwt): Request to open FORMATTED file Subjob00001--DockLigand1.out on unit   2
 Entering IMPACT execution environment 
 Date: Monday, January 19 2015, at 11:04:49 EST
 Glide version 65013
 mmshare version        28013
 Copyright (c) Schrodinger, LLC.
 All Rights Reserved.

 Host: Linux gpu-1-7.local 2.6.32-358.18.1.el6.x86_64 #1 SMP Wed Aug 28 17:19:38 UTC 2013 x86_64
 Job Name: Subjob00001--DockLigand1.glidetmp29936
 SCHRODINGER  directory: /cbio/jclab/share/schrodinger/schrodinger2014-4
 IMPACT_EXEC  directory: /cbio/jclab/share/schrodinger/schrodinger2014-4/impact-v65013/bin/Linux-x86_64
 MMSHARE_EXEC directory: /cbio/jclab/share/schrodinger/schrodinger2014-4/mmshare-v28013/bin/Linux-x86_64
 VdW radii of ligand atoms scaled by   0.800000000000000     
 Charge cutoff for polarity   0.150000000000000     

GLIDE CONSTRAINTS APPLIED
-------------------------
  1 out of   1 constraints used from file "grid.29987/Subjob00001--CreateGrid-out.cons"
Labels and receptor types of constraints used are:
pos1 (Positional)

All docked poses must satisfy the specified number of
constraints in ALL of the following  1 groups.
Group   1: At least  1 of (pos1)


 After readscreen, (nx, ny, nz) = (          24 ,           24 ,           24 ).
  Receptor setup: (nsites, nx, ny, nz, bsize)=(         125 ,           24 , 
          24 ,           24 ,    1.00000000000000      ).
 Screening setup finished.
 DOCKMAIN: getting receptor.
%IMPACT-I (xdrrd): File grid.29987/Subjob00001--CreateGrid-out.grd opened for reading
  DOCKMAIN after grid: (nx, ny, nz) = (          64 ,           64 , 
          64 ).
%IMPACT-I (xdrrd): File grid.29987/Subjob00001--CreateGrid-out_coul2.fld opened for reading
%IMPACT-I (xdrrd): File grid.29987/Subjob00001--CreateGrid-out_vdw.fld opened for reading
%IMPACT-I (xdrrd): File grid.29987/Subjob00001--CreateGrid-out.gsc opened for reading
 DOCKMAIN: Grid setup finished
%IMPACT-I(foldmain): calling OPLS_2005 atomtyping ...
%IMPACT-I(foldmain): finished parameter assignment
  
  Penalizing non-planar amide torsions 
  
 Number of rotatable bonds            3
 Using templates for ring conformations.

GlideScore version SP5.0 will be used

  
 Buried polar penalty      0.000
 Coulomb vdW cutoff        0.000
 H bond cutoff             0.000
 Metal-ligand cutoff      10.000
%IMPACT-I (info): At line  78
 %IMPACT-I: Assigning GlideScore SP5.0 parameters
 Checked constraints after refinement with max HB dsq =    16.0000000000000     
 After refinement, constraint filter reduced number of
 poses from         5000  to         4651 .
 Total constraint copies over all poses =         4651
Postdocking minimization:  10 poses; CvdW cutoffs   100.0 kcal/mol for min,     0.0 kcal/mol for report.
Constraint(s) matched for ligand        1, pose    350
Score =     -4.926
Emodel =    -38.847

The output pose satisfies at least the following constraint(s).
pos1 (Type = Positional)
 
GlideScore(   -4.93)+Epik State Penalty(    0.54) =    -4.38 kcal/mol
Constraint(s) matched for ligand        1, pose   2297
Score =     -4.542
Emodel =    -38.727

The output pose satisfies at least the following constraint(s).
pos1 (Type = Positional)
 
GlideScore(   -4.54)+Epik State Penalty(    0.54) =    -4.00 kcal/mol
Constraint(s) matched for ligand        1, pose    823
Score =     -4.763
Emodel =    -37.279

The output pose satisfies at least the following constraint(s).
pos1 (Type = Positional)
 
GlideScore(   -4.76)+Epik State Penalty(    0.54) =    -4.22 kcal/mol
Constraint(s) matched for ligand        1, pose   2380
Score =     -3.981
Emodel =    -33.840

The output pose satisfies at least the following constraint(s).
pos1 (Type = Positional)
 
GlideScore(   -3.98)+Epik State Penalty(    0.54) =    -3.44 kcal/mol
Constraint(s) matched for ligand        1, pose    548
Score =     -4.237
Emodel =    -33.521

The output pose satisfies at least the following constraint(s).
pos1 (Type = Positional)
 
GlideScore(   -4.24)+Epik State Penalty(    0.54) =    -3.69 kcal/mol
Constraint(s) matched for ligand        1, pose    592
Score =     -3.955
Emodel =    -32.693

The output pose satisfies at least the following constraint(s).
pos1 (Type = Positional)
 
GlideScore(   -3.96)+Epik State Penalty(    0.54) =    -3.41 kcal/mol
Constraint(s) matched for ligand        1, pose   2755
Score =     -3.245
Emodel =    -32.155

The output pose satisfies at least the following constraint(s).
pos1 (Type = Positional)
 
GlideScore(   -3.25)+Epik State Penalty(    0.54) =    -2.70 kcal/mol
Constraint(s) matched for ligand        1, pose   2704
Score =     -3.533
Emodel =    -31.684

The output pose satisfies at least the following constraint(s).
pos1 (Type = Positional)
 
GlideScore(   -3.53)+Epik State Penalty(    0.54) =    -2.99 kcal/mol
Constraint(s) matched for ligand        1, pose   4590
Score =     -3.153
Emodel =    -30.851

The output pose satisfies at least the following constraint(s).
pos1 (Type = Positional)
 
GlideScore(   -3.15)+Epik State Penalty(    0.54) =    -2.61 kcal/mol
DOCKING RESULTS FOR LIGAND        1 (SGS phenyl)
   Except for Best Emodel, the poses reported here
   may not satisfy the user-specified constraints.
Best Emodel=   -38.85 E=   -30.38 Eint=     1.51 GlideScore=    -4.93
%IMPACT-I(foldmain): calling OPLS_2005 atomtyping ...
%IMPACT-I(foldmain): finished parameter assignment
 Number of rotatable bonds            3
 Using templates for ring conformations.
 Checked constraints after refinement with max HB dsq =    16.0000000000000     
 After refinement, constraint filter reduced number of
 poses from         5000  to         4360 .
 Total constraint copies over all poses =         4360
Constraint(s) matched for ligand        2, pose   2716
Score =     -4.737
Emodel =    -39.311

The output pose satisfies at least the following constraint(s).
pos1 (Type = Positional)
 
GlideScore(   -4.74)+Epik State Penalty(    0.54) =    -4.19 kcal/mol
Constraint(s) matched for ligand        2, pose   1257
Score =     -4.694
Emodel =    -36.752

The output pose satisfies at least the following constraint(s).
pos1 (Type = Positional)
 
GlideScore(   -4.69)+Epik State Penalty(    0.54) =    -4.15 kcal/mol
Constraint(s) matched for ligand        2, pose   1608
Score =     -4.709
Emodel =    -36.450

The output pose satisfies at least the following constraint(s).
pos1 (Type = Positional)
 
GlideScore(   -4.71)+Epik State Penalty(    0.54) =    -4.17 kcal/mol
Constraint(s) matched for ligand        2, pose   2200
Score =     -3.966
Emodel =    -35.071

The output pose satisfies at least the following constraint(s).
pos1 (Type = Positional)
 
GlideScore(   -3.97)+Epik State Penalty(    0.54) =    -3.42 kcal/mol
Constraint(s) matched for ligand        2, pose   2747
Score =     -3.486
Emodel =    -32.862

The output pose satisfies at least the following constraint(s).
pos1 (Type = Positional)
 
GlideScore(   -3.49)+Epik State Penalty(    0.54) =    -2.94 kcal/mol
Constraint(s) matched for ligand        2, pose   3544
Score =     -3.631
Emodel =    -31.080

The output pose satisfies at least the following constraint(s).
pos1 (Type = Positional)
 
GlideScore(   -3.63)+Epik State Penalty(    0.54) =    -3.09 kcal/mol
Constraint(s) matched for ligand        2, pose   2145
Score =     -3.336
Emodel =    -30.723

The output pose satisfies at least the following constraint(s).
pos1 (Type = Positional)
 
GlideScore(   -3.34)+Epik State Penalty(    0.54) =    -2.79 kcal/mol
Constraint(s) matched for ligand        2, pose   1623
Score =     -3.402
Emodel =    -30.441

The output pose satisfies at least the following constraint(s).
pos1 (Type = Positional)
 
GlideScore(   -3.40)+Epik State Penalty(    0.54) =    -2.86 kcal/mol
DOCKING RESULTS FOR LIGAND        2 (SGS phenyl)
   Except for Best Emodel, the poses reported here
   may not satisfy the user-specified constraints.
Best Emodel=   -39.31 E=   -30.85 Eint=     1.00 GlideScore=    -4.74
%IMPACT-I(foldmain): calling OPLS_2005 atomtyping ...
%IMPACT-I(foldmain): finished parameter assignment
 Number of rotatable bonds            3
 Using templates for ring conformations.
 Checked constraints after refinement with max HB dsq =    16.0000000000000     
 After refinement, constraint filter reduced number of
 poses from         5000  to         4669 .
 Total constraint copies over all poses =         4669
Constraint(s) matched for ligand        3, pose   3959
Score =     -4.926
Emodel =    -39.076

The output pose satisfies at least the following constraint(s).
pos1 (Type = Positional)
 
GlideScore(   -4.93)+Epik State Penalty(    0.54) =    -4.38 kcal/mol
Constraint(s) matched for ligand        3, pose   3169
Score =     -4.559
Emodel =    -38.460

The output pose satisfies at least the following constraint(s).
pos1 (Type = Positional)
 
GlideScore(   -4.56)+Epik State Penalty(    0.54) =    -4.02 kcal/mol
Constraint(s) matched for ligand        3, pose   2875
Score =     -4.758
Emodel =    -37.289

The output pose satisfies at least the following constraint(s).
pos1 (Type = Positional)
 
GlideScore(   -4.76)+Epik State Penalty(    0.54) =    -4.22 kcal/mol
Constraint(s) matched for ligand        3, pose   1254
Score =     -4.185
Emodel =    -33.282

The output pose satisfies at least the following constraint(s).
pos1 (Type = Positional)
 
GlideScore(   -4.19)+Epik State Penalty(    0.54) =    -3.64 kcal/mol
Constraint(s) matched for ligand        3, pose   3575
Score =     -3.825
Emodel =    -32.872

The output pose satisfies at least the following constraint(s).
pos1 (Type = Positional)
 
GlideScore(   -3.83)+Epik State Penalty(    0.54) =    -3.28 kcal/mol
Constraint(s) matched for ligand        3, pose   2511
Score =     -3.946
Emodel =    -32.710

The output pose satisfies at least the following constraint(s).
pos1 (Type = Positional)
 
GlideScore(   -3.95)+Epik State Penalty(    0.54) =    -3.40 kcal/mol
Constraint(s) matched for ligand        3, pose   3788
Score =     -3.738
Emodel =    -32.106

The output pose satisfies at least the following constraint(s).
pos1 (Type = Positional)
 
GlideScore(   -3.74)+Epik State Penalty(    0.54) =    -3.19 kcal/mol
Constraint(s) matched for ligand        3, pose   1504
Score =     -3.286
Emodel =    -31.081

The output pose satisfies at least the following constraint(s).
pos1 (Type = Positional)
 
GlideScore(   -3.29)+Epik State Penalty(    0.54) =    -2.74 kcal/mol
Constraint(s) matched for ligand        3, pose   2974
Score =     -3.397
Emodel =    -29.590

The output pose satisfies at least the following constraint(s).
pos1 (Type = Positional)
 
GlideScore(   -3.40)+Epik State Penalty(    0.54) =    -2.85 kcal/mol
DOCKING RESULTS FOR LIGAND        3 (SGS phenyl)
   Except for Best Emodel, the poses reported here
   may not satisfy the user-specified constraints.
Best Emodel=   -39.08 E=   -30.47 Eint=     1.26 GlideScore=    -4.93
%IMPACT-I(foldmain): calling OPLS_2005 atomtyping ...
%IMPACT-I(foldmain): finished parameter assignment
 Number of rotatable bonds            3
 Using templates for ring conformations.
 Checked constraints after refinement with max HB dsq =    16.0000000000000     
 After refinement, constraint filter reduced number of
 poses from         5000  to         4573 .
 Total constraint copies over all poses =         4573
Constraint(s) matched for ligand        4, pose   3202
Score =     -4.931
Emodel =    -38.152

The output pose satisfies at least the following constraint(s).
pos1 (Type = Positional)
 
GlideScore(   -4.93)+Epik State Penalty(    0.54) =    -4.39 kcal/mol
Constraint(s) matched for ligand        4, pose   1159
Score =     -4.768
Emodel =    -36.376

The output pose satisfies at least the following constraint(s).
pos1 (Type = Positional)
 
GlideScore(   -4.77)+Epik State Penalty(    0.54) =    -4.22 kcal/mol
Constraint(s) matched for ligand        4, pose   3015
Score =     -4.382
Emodel =    -33.568

The output pose satisfies at least the following constraint(s).
pos1 (Type = Positional)
 
GlideScore(   -4.38)+Epik State Penalty(    0.54) =    -3.84 kcal/mol
Constraint(s) matched for ligand        4, pose   2941
Score =     -3.912
Emodel =    -32.752

The output pose satisfies at least the following constraint(s).
pos1 (Type = Positional)
 
GlideScore(   -3.91)+Epik State Penalty(    0.54) =    -3.37 kcal/mol
Constraint(s) matched for ligand        4, pose   3173
Score =     -4.241
Emodel =    -32.567

The output pose satisfies at least the following constraint(s).
pos1 (Type = Positional)
 
GlideScore(   -4.24)+Epik State Penalty(    0.54) =    -3.70 kcal/mol
Constraint(s) matched for ligand        4, pose   2187
Score =     -3.845
Emodel =    -32.361

The output pose satisfies at least the following constraint(s).
pos1 (Type = Positional)
 
GlideScore(   -3.84)+Epik State Penalty(    0.54) =    -3.30 kcal/mol
Constraint(s) matched for ligand        4, pose    504
Score =     -3.934
Emodel =    -31.945

The output pose satisfies at least the following constraint(s).
pos1 (Type = Positional)
 
GlideScore(   -3.93)+Epik State Penalty(    0.54) =    -3.39 kcal/mol
Constraint(s) matched for ligand        4, pose   3510
Score =     -3.071
Emodel =    -30.499

The output pose satisfies at least the following constraint(s).
pos1 (Type = Positional)
 
GlideScore(   -3.07)+Epik State Penalty(    0.54) =    -2.53 kcal/mol
Constraint(s) matched for ligand        4, pose   2940
Score =     -3.402
Emodel =    -30.295

The output pose satisfies at least the following constraint(s).
pos1 (Type = Positional)
 
GlideScore(   -3.40)+Epik State Penalty(    0.54) =    -2.86 kcal/mol
DOCKING RESULTS FOR LIGAND        4 (SGS phenyl)
   Except for Best Emodel, the poses reported here
   may not satisfy the user-specified constraints.
Best Emodel=   -38.15 E=   -30.53 Eint=     1.47 GlideScore=    -4.93
%IMPACT-I(foldmain): calling OPLS_2005 atomtyping ...
%IMPACT-I(foldmain): finished parameter assignment
 Number of rotatable bonds            3
 Using templates for ring conformations.
 Checked constraints after refinement with max HB dsq =    16.0000000000000     
 After refinement, constraint filter reduced number of
 poses from         5000  to         4372 .
 Total constraint copies over all poses =         4372
Constraint(s) matched for ligand        5, pose   2775
Score =     -4.681
Emodel =    -39.221

The output pose satisfies at least the following constraint(s).
pos1 (Type = Positional)
 
GlideScore(   -4.68)+Epik State Penalty(    0.54) =    -4.14 kcal/mol
Constraint(s) matched for ligand        5, pose   1237
Score =     -4.757
Emodel =    -36.716

The output pose satisfies at least the following constraint(s).
pos1 (Type = Positional)
 
GlideScore(   -4.76)+Epik State Penalty(    0.54) =    -4.21 kcal/mol
Constraint(s) matched for ligand        5, pose   3954
Score =     -4.720
Emodel =    -36.348

The output pose satisfies at least the following constraint(s).
pos1 (Type = Positional)
 
GlideScore(   -4.72)+Epik State Penalty(    0.54) =    -4.18 kcal/mol
Constraint(s) matched for ligand        5, pose   1210
Score =     -3.689
Emodel =    -33.156

The output pose satisfies at least the following constraint(s).
pos1 (Type = Positional)
 
GlideScore(   -3.69)+Epik State Penalty(    0.54) =    -3.15 kcal/mol
Constraint(s) matched for ligand        5, pose    956
Score =     -3.461
Emodel =    -32.740

The output pose satisfies at least the following constraint(s).
pos1 (Type = Positional)
 
GlideScore(   -3.46)+Epik State Penalty(    0.54) =    -2.92 kcal/mol
Constraint(s) matched for ligand        5, pose   3046
Score =     -3.576
Emodel =    -31.112

The output pose satisfies at least the following constraint(s).
pos1 (Type = Positional)
 
GlideScore(   -3.58)+Epik State Penalty(    0.54) =    -3.03 kcal/mol
Constraint(s) matched for ligand        5, pose   3380
Score =     -3.340
Emodel =    -30.746

The output pose satisfies at least the following constraint(s).
pos1 (Type = Positional)
 
GlideScore(   -3.34)+Epik State Penalty(    0.54) =    -2.80 kcal/mol
Constraint(s) matched for ligand        5, pose   1683
Score =     -3.099
Emodel =    -29.210

The output pose satisfies at least the following constraint(s).
pos1 (Type = Positional)
 
GlideScore(   -3.10)+Epik State Penalty(    0.54) =    -2.56 kcal/mol
Constraint(s) matched for ligand        5, pose   3505
Score =     -3.254
Emodel =    -28.159

The output pose satisfies at least the following constraint(s).
pos1 (Type = Positional)
 
GlideScore(   -3.25)+Epik State Penalty(    0.54) =    -2.71 kcal/mol
DOCKING RESULTS FOR LIGAND        5 (SGS phenyl)
   Except for Best Emodel, the poses reported here
   may not satisfy the user-specified constraints.
Best Emodel=   -39.22 E=   -30.69 Eint=     0.59 GlideScore=    -4.68
%IMPACT-I(foldmain): calling OPLS_2005 atomtyping ...
%IMPACT-I(foldmain): finished parameter assignment
 Number of rotatable bonds            3
 Using templates for ring conformations.
 Checked constraints after refinement with max HB dsq =    16.0000000000000     
 After refinement, constraint filter reduced number of
 poses from         5000  to         4418 .
 Total constraint copies over all poses =         4418
Constraint(s) matched for ligand        6, pose   3452
Score =     -4.920
Emodel =    -37.984

The output pose satisfies at least the following constraint(s).
pos1 (Type = Positional)
 
GlideScore(   -4.92)+Epik State Penalty(    0.54) =    -4.38 kcal/mol
Constraint(s) matched for ligand        6, pose   2498
Score =     -4.735
Emodel =    -36.384

The output pose satisfies at least the following constraint(s).
pos1 (Type = Positional)
 
GlideScore(   -4.74)+Epik State Penalty(    0.54) =    -4.19 kcal/mol
Constraint(s) matched for ligand        6, pose   2273
Score =     -4.247
Emodel =    -32.324

The output pose satisfies at least the following constraint(s).
pos1 (Type = Positional)
 
GlideScore(   -4.25)+Epik State Penalty(    0.54) =    -3.70 kcal/mol
Constraint(s) matched for ligand        6, pose   2988
Score =     -3.753
Emodel =    -32.222

The output pose satisfies at least the following constraint(s).
pos1 (Type = Positional)
 
GlideScore(   -3.75)+Epik State Penalty(    0.54) =    -3.21 kcal/mol
Constraint(s) matched for ligand        6, pose   3447
Score =     -3.491
Emodel =    -31.732

The output pose satisfies at least the following constraint(s).
pos1 (Type = Positional)
 
GlideScore(   -3.49)+Epik State Penalty(    0.54) =    -2.95 kcal/mol
Constraint(s) matched for ligand        6, pose     74
Score =     -3.693
Emodel =    -31.285

The output pose satisfies at least the following constraint(s).
pos1 (Type = Positional)
 
GlideScore(   -3.69)+Epik State Penalty(    0.54) =    -3.15 kcal/mol
Constraint(s) matched for ligand        6, pose   1503
Score =     -3.792
Emodel =    -31.247

The output pose satisfies at least the following constraint(s).
pos1 (Type = Positional)
 
GlideScore(   -3.79)+Epik State Penalty(    0.54) =    -3.25 kcal/mol
Constraint(s) matched for ligand        6, pose   1699
Score =     -3.756
Emodel =    -31.099

The output pose satisfies at least the following constraint(s).
pos1 (Type = Positional)
 
GlideScore(   -3.76)+Epik State Penalty(    0.54) =    -3.21 kcal/mol
DOCKING RESULTS FOR LIGAND        6 (SGS phenyl)
   Except for Best Emodel, the poses reported here
   may not satisfy the user-specified constraints.
Best Emodel=   -37.98 E=   -30.56 Eint=     1.49 GlideScore=    -4.92
%IMPACT-I(foldmain): calling OPLS_2005 atomtyping ...
%IMPACT-I(foldmain): finished parameter assignment
 Number of rotatable bonds            3
 Using templates for ring conformations.
 Checked constraints after refinement with max HB dsq =    16.0000000000000     
 After refinement, constraint filter reduced number of
 poses from         5000  to         4569 .
 Total constraint copies over all poses =         4569
Constraint(s) matched for ligand        7, pose   3571
Score =     -4.573
Emodel =    -38.503

The output pose satisfies at least the following constraint(s).
pos1 (Type = Positional)
 
GlideScore(   -4.57)+Epik State Penalty(    0.54) =    -4.03 kcal/mol
Constraint(s) matched for ligand        7, pose   1456
Score =     -4.759
Emodel =    -37.388

The output pose satisfies at least the following constraint(s).
pos1 (Type = Positional)
 
GlideScore(   -4.76)+Epik State Penalty(    0.54) =    -4.22 kcal/mol
Constraint(s) matched for ligand        7, pose   2944
Score =     -3.560
Emodel =    -33.670

The output pose satisfies at least the following constraint(s).
pos1 (Type = Positional)
 
GlideScore(   -3.56)+Epik State Penalty(    0.54) =    -3.02 kcal/mol
Constraint(s) matched for ligand        7, pose   3988
Score =     -4.246
Emodel =    -33.269

The output pose satisfies at least the following constraint(s).
pos1 (Type = Positional)
 
GlideScore(   -4.25)+Epik State Penalty(    0.54) =    -3.70 kcal/mol
Constraint(s) matched for ligand        7, pose   4452
Score =     -3.789
Emodel =    -32.786

The output pose satisfies at least the following constraint(s).
pos1 (Type = Positional)
 
GlideScore(   -3.79)+Epik State Penalty(    0.54) =    -3.25 kcal/mol
Constraint(s) matched for ligand        7, pose   2478
Score =     -3.958
Emodel =    -31.889

The output pose satisfies at least the following constraint(s).
pos1 (Type = Positional)
 
GlideScore(   -3.96)+Epik State Penalty(    0.54) =    -3.42 kcal/mol
Constraint(s) matched for ligand        7, pose    337
Score =     -3.199
Emodel =    -31.608

The output pose satisfies at least the following constraint(s).
pos1 (Type = Positional)
 
GlideScore(   -3.20)+Epik State Penalty(    0.54) =    -2.66 kcal/mol
Constraint(s) matched for ligand        7, pose   2640
Score =     -3.420
Emodel =    -30.249

The output pose satisfies at least the following constraint(s).
pos1 (Type = Positional)
 
GlideScore(   -3.42)+Epik State Penalty(    0.54) =    -2.88 kcal/mol
DOCKING RESULTS FOR LIGAND        7 (SGS phenyl)
   Except for Best Emodel, the poses reported here
   may not satisfy the user-specified constraints.
Best Emodel=   -38.50 E=   -30.66 Eint=     1.49 GlideScore=    -4.57
%IMPACT-I(foldmain): calling OPLS_2005 atomtyping ...
%IMPACT-I(foldmain): finished parameter assignment
 Number of rotatable bonds            3
 Using templates for ring conformations.
 Checked constraints after refinement with max HB dsq =    16.0000000000000     
 After refinement, constraint filter reduced number of
 poses from         5000  to         4483 .
 Total constraint copies over all poses =         4483
Constraint(s) matched for ligand        8, pose   1686
Score =     -4.911
Emodel =    -38.252

The output pose satisfies at least the following constraint(s).
pos1 (Type = Positional)
 
GlideScore(   -4.91)+Epik State Penalty(    0.54) =    -4.37 kcal/mol
Constraint(s) matched for ligand        8, pose   2653
Score =     -4.383
Emodel =    -37.610

The output pose satisfies at least the following constraint(s).
pos1 (Type = Positional)
 
GlideScore(   -4.38)+Epik State Penalty(    0.54) =    -3.84 kcal/mol
Constraint(s) matched for ligand        8, pose   3022
Score =     -4.721
Emodel =    -36.574

The output pose satisfies at least the following constraint(s).
pos1 (Type = Positional)
 
GlideScore(   -4.72)+Epik State Penalty(    0.54) =    -4.18 kcal/mol
Constraint(s) matched for ligand        8, pose   2048
Score =     -4.348
Emodel =    -34.601

The output pose satisfies at least the following constraint(s).
pos1 (Type = Positional)
 
GlideScore(   -4.35)+Epik State Penalty(    0.54) =    -3.81 kcal/mol
Constraint(s) matched for ligand        8, pose    881
Score =     -4.355
Emodel =    -33.674

The output pose satisfies at least the following constraint(s).
pos1 (Type = Positional)
 
GlideScore(   -4.35)+Epik State Penalty(    0.54) =    -3.81 kcal/mol
Constraint(s) matched for ligand        8, pose   1094
Score =     -4.231
Emodel =    -32.901

The output pose satisfies at least the following constraint(s).
pos1 (Type = Positional)
 
GlideScore(   -4.23)+Epik State Penalty(    0.54) =    -3.69 kcal/mol
Constraint(s) matched for ligand        8, pose   1765
Score =     -3.931
Emodel =    -32.442

The output pose satisfies at least the following constraint(s).
pos1 (Type = Positional)
 
GlideScore(   -3.93)+Epik State Penalty(    0.54) =    -3.39 kcal/mol
Constraint(s) matched for ligand        8, pose   4247
Score =     -3.741
Emodel =    -32.323

The output pose satisfies at least the following constraint(s).
pos1 (Type = Positional)
 
GlideScore(   -3.74)+Epik State Penalty(    0.54) =    -3.20 kcal/mol
Constraint(s) matched for ligand        8, pose   4323
Score =     -3.169
Emodel =    -31.321

The output pose satisfies at least the following constraint(s).
pos1 (Type = Positional)
 
GlideScore(   -3.17)+Epik State Penalty(    0.54) =    -2.63 kcal/mol
Constraint(s) matched for ligand        8, pose   2392
Score =     -3.337
Emodel =    -31.117

The output pose satisfies at least the following constraint(s).
pos1 (Type = Positional)
 
GlideScore(   -3.34)+Epik State Penalty(    0.54) =    -2.79 kcal/mol
DOCKING RESULTS FOR LIGAND        8 (SGS phenyl)
   Except for Best Emodel, the poses reported here
   may not satisfy the user-specified constraints.
Best Emodel=   -38.25 E=   -30.54 Eint=     1.93 GlideScore=    -4.91
%IMPACT-I(foldmain): calling OPLS_2005 atomtyping ...
%IMPACT-I(foldmain): finished parameter assignment
 Number of rotatable bonds            3
 Using templates for ring conformations.
 Checked constraints after refinement with max HB dsq =    16.0000000000000     
 After refinement, constraint filter reduced number of
 poses from         5000  to         4604 .
 Total constraint copies over all poses =         4604
Constraint(s) matched for ligand        9, pose   4430
Score =     -4.916
Emodel =    -38.947

The output pose satisfies at least the following constraint(s).
pos1 (Type = Positional)
 
GlideScore(   -4.92)+Epik State Penalty(    0.54) =    -4.37 kcal/mol
Constraint(s) matched for ligand        9, pose   2902
Score =     -4.719
Emodel =    -38.765

The output pose satisfies at least the following constraint(s).
pos1 (Type = Positional)
 
GlideScore(   -4.72)+Epik State Penalty(    0.54) =    -4.18 kcal/mol
Constraint(s) matched for ligand        9, pose   3360
Score =     -5.120
Emodel =    -38.576

The output pose satisfies at least the following constraint(s).
pos1 (Type = Positional)
 
GlideScore(   -5.12)+Epik State Penalty(    0.54) =    -4.58 kcal/mol
Constraint(s) matched for ligand        9, pose   2438
Score =     -4.773
Emodel =    -37.125

The output pose satisfies at least the following constraint(s).
pos1 (Type = Positional)
 
GlideScore(   -4.77)+Epik State Penalty(    0.54) =    -4.23 kcal/mol
Constraint(s) matched for ligand        9, pose   4349
Score =     -4.039
Emodel =    -33.590

The output pose satisfies at least the following constraint(s).
pos1 (Type = Positional)
 
GlideScore(   -4.04)+Epik State Penalty(    0.54) =    -3.50 kcal/mol
Constraint(s) matched for ligand        9, pose   1268
Score =     -4.235
Emodel =    -33.309

The output pose satisfies at least the following constraint(s).
pos1 (Type = Positional)
 
GlideScore(   -4.24)+Epik State Penalty(    0.54) =    -3.69 kcal/mol
Constraint(s) matched for ligand        9, pose   1748
Score =     -3.858
Emodel =    -32.759

The output pose satisfies at least the following constraint(s).
pos1 (Type = Positional)
 
GlideScore(   -3.86)+Epik State Penalty(    0.54) =    -3.31 kcal/mol
Constraint(s) matched for ligand        9, pose   2208
Score =     -3.977
Emodel =    -32.507

The output pose satisfies at least the following constraint(s).
pos1 (Type = Positional)
 
GlideScore(   -3.98)+Epik State Penalty(    0.54) =    -3.43 kcal/mol
DOCKING RESULTS FOR LIGAND        9 (SGS phenyl)
   Except for Best Emodel, the poses reported here
   may not satisfy the user-specified constraints.
Best Emodel=   -38.95 E=   -30.35 Eint=     1.08 GlideScore=    -4.92
%IMPACT-I(foldmain): calling OPLS_2005 atomtyping ...
%IMPACT-I(foldmain): finished parameter assignment
 Number of rotatable bonds            3
 Using templates for ring conformations.
 Checked constraints after refinement with max HB dsq =    16.0000000000000     
 After refinement, constraint filter reduced number of
 poses from         5000  to         4569 .
 Total constraint copies over all poses =         4569
Constraint(s) matched for ligand       10, pose   3442
Score =     -5.243
Emodel =    -41.230

The output pose satisfies at least the following constraint(s).
pos1 (Type = Positional)
 
GlideScore(   -5.24)+Epik State Penalty(    0.55) =    -4.70 kcal/mol
Constraint(s) matched for ligand       10, pose    536
Score =     -4.279
Emodel =    -36.308

The output pose satisfies at least the following constraint(s).
pos1 (Type = Positional)
 
GlideScore(   -4.28)+Epik State Penalty(    0.55) =    -3.73 kcal/mol
Constraint(s) matched for ligand       10, pose   2703
Score =     -4.469
Emodel =    -36.145

The output pose satisfies at least the following constraint(s).
pos1 (Type = Positional)
 
GlideScore(   -4.47)+Epik State Penalty(    0.55) =    -3.92 kcal/mol
Constraint(s) matched for ligand       10, pose   2806
Score =     -4.052
Emodel =    -35.819

The output pose satisfies at least the following constraint(s).
pos1 (Type = Positional)
 
GlideScore(   -4.05)+Epik State Penalty(    0.55) =    -3.50 kcal/mol
Constraint(s) matched for ligand       10, pose   3690
Score =     -4.098
Emodel =    -35.443

The output pose satisfies at least the following constraint(s).
pos1 (Type = Positional)
 
GlideScore(   -4.10)+Epik State Penalty(    0.55) =    -3.55 kcal/mol
Constraint(s) matched for ligand       10, pose   3969
Score =     -4.342
Emodel =    -35.292

The output pose satisfies at least the following constraint(s).
pos1 (Type = Positional)
 
GlideScore(   -4.34)+Epik State Penalty(    0.55) =    -3.79 kcal/mol
Constraint(s) matched for ligand       10, pose   3755
Score =     -3.810
Emodel =    -35.270

The output pose satisfies at least the following constraint(s).
pos1 (Type = Positional)
 
GlideScore(   -3.81)+Epik State Penalty(    0.55) =    -3.26 kcal/mol
DOCKING RESULTS FOR LIGAND       10 (SGS phenyl)
   Except for Best Emodel, the poses reported here
   may not satisfy the user-specified constraints.
Best Emodel=   -41.23 E=   -31.50 Eint=     1.14 GlideScore=    -5.24
%IMPACT-I(foldmain): calling OPLS_2005 atomtyping ...
%IMPACT-I(foldmain): finished parameter assignment
 Number of rotatable bonds            3
 Using templates for ring conformations.
 Checked constraints after refinement with max HB dsq =    16.0000000000000     
 After refinement, constraint filter reduced number of
 poses from         5000  to         4544 .
 Total constraint copies over all poses =         4544
Constraint(s) matched for ligand       11, pose   3902
Score =     -5.274
Emodel =    -40.668

The output pose satisfies at least the following constraint(s).
pos1 (Type = Positional)
 
GlideScore(   -5.27)+Epik State Penalty(    0.55) =    -4.73 kcal/mol
Constraint(s) matched for ligand       11, pose    326
Score =     -5.193
Emodel =    -40.515

The output pose satisfies at least the following constraint(s).
pos1 (Type = Positional)
 
GlideScore(   -5.19)+Epik State Penalty(    0.55) =    -4.64 kcal/mol
Constraint(s) matched for ligand       11, pose    124
Score =     -3.922
Emodel =    -35.749

The output pose satisfies at least the following constraint(s).
pos1 (Type = Positional)
 
GlideScore(   -3.92)+Epik State Penalty(    0.55) =    -3.37 kcal/mol
Constraint(s) matched for ligand       11, pose   2424
Score =     -3.843
Emodel =    -35.661

The output pose satisfies at least the following constraint(s).
pos1 (Type = Positional)
 
GlideScore(   -3.84)+Epik State Penalty(    0.55) =    -3.30 kcal/mol
Constraint(s) matched for ligand       11, pose   1529
Score =     -4.293
Emodel =    -35.149

The output pose satisfies at least the following constraint(s).
pos1 (Type = Positional)
 
GlideScore(   -4.29)+Epik State Penalty(    0.55) =    -3.75 kcal/mol
Constraint(s) matched for ligand       11, pose   2809
Score =     -3.965
Emodel =    -34.674

The output pose satisfies at least the following constraint(s).
pos1 (Type = Positional)
 
GlideScore(   -3.96)+Epik State Penalty(    0.55) =    -3.42 kcal/mol
Constraint(s) matched for ligand       11, pose   3692
Score =     -3.395
Emodel =    -34.266

The output pose satisfies at least the following constraint(s).
pos1 (Type = Positional)
 
GlideScore(   -3.39)+Epik State Penalty(    0.55) =    -2.85 kcal/mol
Constraint(s) matched for ligand       11, pose   3693
Score =     -3.533
Emodel =    -34.012

The output pose satisfies at least the following constraint(s).
pos1 (Type = Positional)
 
GlideScore(   -3.53)+Epik State Penalty(    0.55) =    -2.99 kcal/mol
DOCKING RESULTS FOR LIGAND       11 (SGS phenyl)
   Except for Best Emodel, the poses reported here
   may not satisfy the user-specified constraints.
Best Emodel=   -40.67 E=   -30.72 Eint=     0.56 GlideScore=    -5.27
%IMPACT-I(foldmain): calling OPLS_2005 atomtyping ...
%IMPACT-I(foldmain): finished parameter assignment
 Number of rotatable bonds            3
 Using templates for ring conformations.
 Checked constraints after refinement with max HB dsq =    16.0000000000000     
 After refinement, constraint filter reduced number of
 poses from         5000  to         4567 .
 Total constraint copies over all poses =         4567
Constraint(s) matched for ligand       12, pose   4502
Score =     -5.201
Emodel =    -41.072

The output pose satisfies at least the following constraint(s).
pos1 (Type = Positional)
 
GlideScore(   -5.20)+Epik State Penalty(    0.55) =    -4.65 kcal/mol
Constraint(s) matched for ligand       12, pose   2249
Score =     -4.290
Emodel =    -36.132

The output pose satisfies at least the following constraint(s).
pos1 (Type = Positional)
 
GlideScore(   -4.29)+Epik State Penalty(    0.55) =    -3.74 kcal/mol
Constraint(s) matched for ligand       12, pose    218
Score =     -4.457
Emodel =    -35.874

The output pose satisfies at least the following constraint(s).
pos1 (Type = Positional)
 
GlideScore(   -4.46)+Epik State Penalty(    0.55) =    -3.91 kcal/mol
Constraint(s) matched for ligand       12, pose   3271
Score =     -3.993
Emodel =    -35.658

The output pose satisfies at least the following constraint(s).
pos1 (Type = Positional)
 
GlideScore(   -3.99)+Epik State Penalty(    0.55) =    -3.44 kcal/mol
Constraint(s) matched for ligand       12, pose    454
Score =     -4.082
Emodel =    -35.030

The output pose satisfies at least the following constraint(s).
pos1 (Type = Positional)
 
GlideScore(   -4.08)+Epik State Penalty(    0.55) =    -3.53 kcal/mol
Constraint(s) matched for ligand       12, pose   1979
Score =     -3.360
Emodel =    -34.418

The output pose satisfies at least the following constraint(s).
pos1 (Type = Positional)
 
GlideScore(   -3.36)+Epik State Penalty(    0.55) =    -2.81 kcal/mol
DOCKING RESULTS FOR LIGAND       12 (SGS phenyl)
   Except for Best Emodel, the poses reported here
   may not satisfy the user-specified constraints.
Best Emodel=   -41.07 E=   -31.42 Eint=     1.14 GlideScore=    -5.20
%IMPACT-I(foldmain): calling OPLS_2005 atomtyping ...
%IMPACT-I(foldmain): finished parameter assignment
 Number of rotatable bonds            3
 Using templates for ring conformations.
 Checked constraints after refinement with max HB dsq =    16.0000000000000     
 After refinement, constraint filter reduced number of
 poses from         5000  to         4519 .
 Total constraint copies over all poses =         4519
Constraint(s) matched for ligand       13, pose   3841
Score =     -5.204
Emodel =    -40.434

The output pose satisfies at least the following constraint(s).
pos1 (Type = Positional)
 
GlideScore(   -5.20)+Epik State Penalty(    0.55) =    -4.66 kcal/mol
Constraint(s) matched for ligand       13, pose    982
Score =     -4.839
Emodel =    -38.137

The output pose satisfies at least the following constraint(s).
pos1 (Type = Positional)
 
GlideScore(   -4.84)+Epik State Penalty(    0.55) =    -4.29 kcal/mol
Constraint(s) matched for ligand       13, pose    585
Score =     -4.127
Emodel =    -35.943

The output pose satisfies at least the following constraint(s).
pos1 (Type = Positional)
 
GlideScore(   -4.13)+Epik State Penalty(    0.55) =    -3.58 kcal/mol
Constraint(s) matched for ligand       13, pose    366
Score =     -3.914
Emodel =    -35.646

The output pose satisfies at least the following constraint(s).
pos1 (Type = Positional)
 
GlideScore(   -3.91)+Epik State Penalty(    0.55) =    -3.37 kcal/mol
Constraint(s) matched for ligand       13, pose   3833
Score =     -4.178
Emodel =    -35.189

The output pose satisfies at least the following constraint(s).
pos1 (Type = Positional)
 
GlideScore(   -4.18)+Epik State Penalty(    0.55) =    -3.63 kcal/mol
Constraint(s) matched for ligand       13, pose   3138
Score =     -4.010
Emodel =    -34.928

The output pose satisfies at least the following constraint(s).
pos1 (Type = Positional)
 
GlideScore(   -4.01)+Epik State Penalty(    0.55) =    -3.46 kcal/mol
Constraint(s) matched for ligand       13, pose   3295
Score =     -3.368
Emodel =    -34.553

The output pose satisfies at least the following constraint(s).
pos1 (Type = Positional)
 
GlideScore(   -3.37)+Epik State Penalty(    0.55) =    -2.82 kcal/mol
Constraint(s) matched for ligand       13, pose   4518
Score =     -3.271
Emodel =    -33.294

The output pose satisfies at least the following constraint(s).
pos1 (Type = Positional)
 
GlideScore(   -3.27)+Epik State Penalty(    0.55) =    -2.72 kcal/mol
DOCKING RESULTS FOR LIGAND       13 (SGS phenyl)
   Except for Best Emodel, the poses reported here
   may not satisfy the user-specified constraints.
Best Emodel=   -40.43 E=   -30.90 Eint=     1.06 GlideScore=    -5.20
%IMPACT-I(foldmain): calling OPLS_2005 atomtyping ...
%IMPACT-I(foldmain): finished parameter assignment
 Number of rotatable bonds            3
 Using templates for ring conformations.
 Checked constraints after refinement with max HB dsq =    16.0000000000000     
 After refinement, constraint filter reduced number of
 poses from         5000  to         4640 .
 Total constraint copies over all poses =         4640
Constraint(s) matched for ligand       14, pose   2598
Score =     -5.198
Emodel =    -40.361

The output pose satisfies at least the following constraint(s).
pos1 (Type = Positional)
 
GlideScore(   -5.20)+Epik State Penalty(    0.55) =    -4.65 kcal/mol
Constraint(s) matched for ligand       14, pose    890
Score =     -5.132
Emodel =    -40.068

The output pose satisfies at least the following constraint(s).
pos1 (Type = Positional)
 
GlideScore(   -5.13)+Epik State Penalty(    0.55) =    -4.58 kcal/mol
Constraint(s) matched for ligand       14, pose    504
Score =     -4.305
Emodel =    -35.849

The output pose satisfies at least the following constraint(s).
pos1 (Type = Positional)
 
GlideScore(   -4.31)+Epik State Penalty(    0.55) =    -3.76 kcal/mol
Constraint(s) matched for ligand       14, pose   3262
Score =     -3.845
Emodel =    -35.758

The output pose satisfies at least the following constraint(s).
pos1 (Type = Positional)
 
GlideScore(   -3.85)+Epik State Penalty(    0.55) =    -3.30 kcal/mol
Constraint(s) matched for ligand       14, pose    170
Score =     -4.184
Emodel =    -35.541

The output pose satisfies at least the following constraint(s).
pos1 (Type = Positional)
 
GlideScore(   -4.18)+Epik State Penalty(    0.55) =    -3.64 kcal/mol
Constraint(s) matched for ligand       14, pose   3498
Score =     -3.938
Emodel =    -35.442

The output pose satisfies at least the following constraint(s).
pos1 (Type = Positional)
 
GlideScore(   -3.94)+Epik State Penalty(    0.55) =    -3.39 kcal/mol
Constraint(s) matched for ligand       14, pose    143
Score =     -3.913
Emodel =    -34.336

The output pose satisfies at least the following constraint(s).
pos1 (Type = Positional)
 
GlideScore(   -3.91)+Epik State Penalty(    0.55) =    -3.37 kcal/mol
DOCKING RESULTS FOR LIGAND       14 (SGS phenyl)
   Except for Best Emodel, the poses reported here
   may not satisfy the user-specified constraints.
Best Emodel=   -40.36 E=   -30.63 Eint=     0.20 GlideScore=    -5.20
%IMPACT-I(foldmain): calling OPLS_2005 atomtyping ...
%IMPACT-I(foldmain): finished parameter assignment
 Number of rotatable bonds            3
 Using templates for ring conformations.
 Checked constraints after refinement with max HB dsq =    16.0000000000000     
 After refinement, constraint filter reduced number of
 poses from         5000  to         4760 .
 Total constraint copies over all poses =         4760
Constraint(s) matched for ligand       15, pose   2093
Score =     -5.226
Emodel =    -40.900

The output pose satisfies at least the following constraint(s).
pos1 (Type = Positional)
 
GlideScore(   -5.23)+Epik State Penalty(    0.55) =    -4.68 kcal/mol
Constraint(s) matched for ligand       15, pose   3995
Score =     -4.704
Emodel =    -38.262

The output pose satisfies at least the following constraint(s).
pos1 (Type = Positional)
 
GlideScore(   -4.70)+Epik State Penalty(    0.55) =    -4.16 kcal/mol
Constraint(s) matched for ligand       15, pose   3402
Score =     -4.414
Emodel =    -36.827

The output pose satisfies at least the following constraint(s).
pos1 (Type = Positional)
 
GlideScore(   -4.41)+Epik State Penalty(    0.55) =    -3.87 kcal/mol
Constraint(s) matched for ligand       15, pose   3948
Score =     -3.360
Emodel =    -34.753

The output pose satisfies at least the following constraint(s).
pos1 (Type = Positional)
 
GlideScore(   -3.36)+Epik State Penalty(    0.55) =    -2.81 kcal/mol
Constraint(s) matched for ligand       15, pose    554
Score =     -4.174
Emodel =    -34.405

The output pose satisfies at least the following constraint(s).
pos1 (Type = Positional)
 
GlideScore(   -4.17)+Epik State Penalty(    0.55) =    -3.63 kcal/mol
Constraint(s) matched for ligand       15, pose   3899
Score =     -3.649
Emodel =    -34.395

The output pose satisfies at least the following constraint(s).
pos1 (Type = Positional)
 
GlideScore(   -3.65)+Epik State Penalty(    0.55) =    -3.10 kcal/mol
Constraint(s) matched for ligand       15, pose   2867
Score =     -3.733
Emodel =    -34.219

The output pose satisfies at least the following constraint(s).
pos1 (Type = Positional)
 
GlideScore(   -3.73)+Epik State Penalty(    0.55) =    -3.18 kcal/mol
Constraint(s) matched for ligand       15, pose    618
Score =     -3.764
Emodel =    -34.194

The output pose satisfies at least the following constraint(s).
pos1 (Type = Positional)
 
GlideScore(   -3.76)+Epik State Penalty(    0.55) =    -3.22 kcal/mol
DOCKING RESULTS FOR LIGAND       15 (SGS phenyl)
   Except for Best Emodel, the poses reported here
   may not satisfy the user-specified constraints.
Best Emodel=   -40.90 E=   -31.47 Eint=     0.98 GlideScore=    -5.23
%IMPACT-I(foldmain): calling OPLS_2005 atomtyping ...
%IMPACT-I(foldmain): finished parameter assignment
 Number of rotatable bonds            3
 Using templates for ring conformations.
 Checked constraints after refinement with max HB dsq =    16.0000000000000     
 After refinement, constraint filter reduced number of
 poses from         5000  to         4686 .
 Total constraint copies over all poses =         4686
Constraint(s) matched for ligand       16, pose   3028
Score =     -5.396
Emodel =    -42.382

The output pose satisfies at least the following constraint(s).
pos1 (Type = Positional)
 
GlideScore(   -5.40)+Epik State Penalty(    0.55) =    -4.85 kcal/mol
Constraint(s) matched for ligand       16, pose   1052
Score =     -4.690
Emodel =    -37.382

The output pose satisfies at least the following constraint(s).
pos1 (Type = Positional)
 
GlideScore(   -4.69)+Epik State Penalty(    0.55) =    -4.14 kcal/mol
Constraint(s) matched for ligand       16, pose   2446
Score =     -4.586
Emodel =    -37.020

The output pose satisfies at least the following constraint(s).
pos1 (Type = Positional)
 
GlideScore(   -4.59)+Epik State Penalty(    0.55) =    -4.04 kcal/mol
Constraint(s) matched for ligand       16, pose    896
Score =     -3.904
Emodel =    -35.320

The output pose satisfies at least the following constraint(s).
pos1 (Type = Positional)
 
GlideScore(   -3.90)+Epik State Penalty(    0.55) =    -3.36 kcal/mol
Constraint(s) matched for ligand       16, pose    431
Score =     -3.721
Emodel =    -34.665

The output pose satisfies at least the following constraint(s).
pos1 (Type = Positional)
 
GlideScore(   -3.72)+Epik State Penalty(    0.55) =    -3.17 kcal/mol
Constraint(s) matched for ligand       16, pose    801
Score =     -3.902
Emodel =    -34.524

The output pose satisfies at least the following constraint(s).
pos1 (Type = Positional)
 
GlideScore(   -3.90)+Epik State Penalty(    0.55) =    -3.35 kcal/mol
Constraint(s) matched for ligand       16, pose    408
Score =     -4.077
Emodel =    -34.438

The output pose satisfies at least the following constraint(s).
pos1 (Type = Positional)
 
GlideScore(   -4.08)+Epik State Penalty(    0.55) =    -3.53 kcal/mol
Constraint(s) matched for ligand       16, pose   2753
Score =     -3.196
Emodel =    -33.084

The output pose satisfies at least the following constraint(s).
pos1 (Type = Positional)
 
GlideScore(   -3.20)+Epik State Penalty(    0.55) =    -2.65 kcal/mol
DOCKING RESULTS FOR LIGAND       16 (SGS phenyl)
   Except for Best Emodel, the poses reported here
   may not satisfy the user-specified constraints.
Best Emodel=   -42.38 E=   -32.05 Eint=     0.94 GlideScore=    -5.40
%IMPACT-I(foldmain): calling OPLS_2005 atomtyping ...
%IMPACT-I(foldmain): finished parameter assignment
 Number of rotatable bonds            3
 Using templates for ring conformations.
 Checked constraints after refinement with max HB dsq =    16.0000000000000     
 After refinement, constraint filter reduced number of
 poses from         5000  to         4649 .
 Total constraint copies over all poses =         4649
Constraint(s) matched for ligand       17, pose   1718
Score =     -5.315
Emodel =    -41.666

The output pose satisfies at least the following constraint(s).
pos1 (Type = Positional)
 
GlideScore(   -5.32)+Epik State Penalty(    0.55) =    -4.77 kcal/mol
Constraint(s) matched for ligand       17, pose   3635
Score =     -5.227
Emodel =    -41.387

The output pose satisfies at least the following constraint(s).
pos1 (Type = Positional)
 
GlideScore(   -5.23)+Epik State Penalty(    0.55) =    -4.68 kcal/mol
Constraint(s) matched for ligand       17, pose    251
Score =     -4.917
Emodel =    -38.551

The output pose satisfies at least the following constraint(s).
pos1 (Type = Positional)
 
GlideScore(   -4.92)+Epik State Penalty(    0.55) =    -4.37 kcal/mol
Constraint(s) matched for ligand       17, pose   3183
Score =     -4.717
Emodel =    -37.473

The output pose satisfies at least the following constraint(s).
pos1 (Type = Positional)
 
GlideScore(   -4.72)+Epik State Penalty(    0.55) =    -4.17 kcal/mol
Constraint(s) matched for ligand       17, pose    329
Score =     -4.389
Emodel =    -36.670

The output pose satisfies at least the following constraint(s).
pos1 (Type = Positional)
 
GlideScore(   -4.39)+Epik State Penalty(    0.55) =    -3.84 kcal/mol
Constraint(s) matched for ligand       17, pose   3899
Score =     -4.235
Emodel =    -36.354

The output pose satisfies at least the following constraint(s).
pos1 (Type = Positional)
 
GlideScore(   -4.24)+Epik State Penalty(    0.55) =    -3.69 kcal/mol
Constraint(s) matched for ligand       17, pose   3837
Score =     -4.012
Emodel =    -36.073

The output pose satisfies at least the following constraint(s).
pos1 (Type = Positional)
 
GlideScore(   -4.01)+Epik State Penalty(    0.55) =    -3.46 kcal/mol
Constraint(s) matched for ligand       17, pose    821
Score =     -3.325
Emodel =    -34.489

The output pose satisfies at least the following constraint(s).
pos1 (Type = Positional)
 
GlideScore(   -3.33)+Epik State Penalty(    0.55) =    -2.78 kcal/mol
DOCKING RESULTS FOR LIGAND       17 (SGS phenyl)
   Except for Best Emodel, the poses reported here
   may not satisfy the user-specified constraints.
Best Emodel=   -41.67 E=   -32.33 Eint=     2.53 GlideScore=    -5.32
REPORT OF BEST 138 POSES

The sorted ligand structures were written to the file
Subjob00001--DockLigand1_lib.maegz

Final rankings based on original docking score
0 poses were rejected by the energy filters,
    Coul+vdw Energy <=     0.0    Hbond Interaction <=     0.0    Metal Interaction <=    10.0    GlideScore <=   100.0
(If any of the above properties is not defined for a given pose,
the corresponding filter is not applied to that pose.)

 Exiting IMPACT execution environment 
 Date: Monday, January 19 2015, at 11:09:29 EST
%IMPACT-I (timit): Total CPU time =     278.58 seconds (   4.6 minutes)
Total elapsed time = 281 seconds (4 minutes, 41 seconds)
----- Errors (stderr) -----

Glide is executing the glide_sort command.
Command-line equivalent is:
 "/cbio/jclab/share/schrodinger/schrodinger2014-4/utilities/glide_sort" -n 0 -o "Subjob00001--DockLigand1_lib.maegz"   -norecep -hbond_cut 0.00 -cvdw_cut 0.00 -metal_cut 10.00 -gscore_cut 100.00 "Subjob00001--DockLigand1_raw.maegz"

glide_sort command succeeded.  Pose file Subjob00001--DockLigand1_lib.maegz was written.
