%IMPACT-I (openwt): Request to open FORMATTED file Subjob00001--CreateGrid.out on unit   2
 Entering IMPACT execution environment 
 Date: Monday, January 19 2015, at 10:51:00 EST
 Glide version 65013
 mmshare version        28013
 Copyright (c) Schrodinger, LLC.
 All Rights Reserved.

 Host: Linux gpu-1-7.local 2.6.32-358.18.1.el6.x86_64 #1 SMP Wed Aug 28 17:19:38 UTC 2013 x86_64
 Job Name: Subjob00001--CreateGrid
 JobId:    gpu-1-7-0-54bd27e2
 SCHRODINGER  directory: /cbio/jclab/share/schrodinger/schrodinger2014-4
 IMPACT_EXEC  directory: /cbio/jclab/share/schrodinger/schrodinger2014-4/impact-v65013/bin/Linux-x86_64
 MMSHARE_EXEC directory: /cbio/jclab/share/schrodinger/schrodinger2014-4/mmshare-v28013/bin/Linux-x86_64
%IMPACT-I(foldmain): calling OPLS_2005 atomtyping ...
%IMPACT-I(foldmain): finished parameter assignment
 VdW radii of protein atoms scaled by    1.00000000000000     
 Charge cutoff for polarity  0.250000000000000     
%IMPACT-I (info): At line  22
 %IMPACT-I: Glide will write receptor constraints info to file: "
 Subjob00001--CreateGrid-out.cons"
%IMPACT-I (xdrwt): File Subjob00001--CreateGrid-out.gsc opened for writing
  Receptor setup: (nsites, nx, ny, nz, bsize)=(         125 ,           24 , 
          24 ,           24 ,    1.00000000000000      ).
 Screening setup finished.
 DOCKMAIN: getting receptor.
%IMPACT-I (xdrwt): File Subjob00001--CreateGrid-out.grd opened for writing
  DOCKMAIN after grid: (nx, ny, nz) = (          64 ,           64 , 
          64 ).
%IMPACT-I (xdrwt): File Subjob00001--CreateGrid-out_coul2.fld opened for writing
%IMPACT-I (xdrwt): File Subjob00001--CreateGrid-out_vdw.fld opened for writing
 Exiting IMPACT execution environment 
 Date: Monday, January 19 2015, at 10:51:33 EST
Creating output grid archive 'Subjob00001--CreateGrid-out.zip'
%IMPACT-I (timit): Total CPU time =      36.20 seconds (   0.6 minutes)
Total elapsed time = 37 seconds
----- Output (stdout) -----
[gpu-1-7.local]
[gpu-1-7.local]
JobId: gpu-1-7-0-54bd27e2
