----- Output (stdout) -----
 
 Environmental variable BMIN_NO_JOBCONTROL is set.
 Jobcontrol will not be used.
 BatchMin V10.6    Build  106013  Starting Time 19-Jan-2015 10:51:49
 MacroModel. Copyright Schrodinger, LLC.
 All rights reserved.
 set_stacksize: stacksize limit raised to 4294967295l kb for F90 auto. array allocation.
 ConfGen V3.0     Build   30013

 Input filename:  Subjob00001--Sample_1_confgen-in.maegz
 Output filename: Subjob00001--Sample_1_confgen-out.mae
 Atom-type file: /cbio/jclab/share/schrodinger/schrodinger2014-4/mmshare-v28013/bin/Linux-x86_64/../../data/atom.typ
 Force field: /cbio/jclab/share/schrodinger/schrodinger2014-4/macromodel-v106013/bin/Linux-x86_64/../../data/OPLS_2005.fld
 Read    46 atoms. Structure name, if any, appears on next line: 
 SGS phenyl
 CGEN: Using ring conformation library.
 Skipping Minimization of generated structures.
 CGEN: Number of ring Conformations set to:           16
 CGEN: Number of conformations per ring set to:            8
 CGEN: Maximum Internal Energy set to:    100.000000000000     
 CGEN: Atom distance gradient scaling factor set to:   1.00000000000000     
 CGEN: Minimum Atom radius set to:   1.00000000000000     
  CGEN: flat torsional potential symmetry set to            6
 CGEN: using OPLS2005 for the internal mmconf parameters
 CGEN: flat potential threshold set to      12.00
 CGEN: Using flat potential maximum original energy of:      -1.00
  The flat torsional potential maximum original energy is negative.
   No filtering by original torsional potential energy will be done
 CGEN: flat potential torsional force constant set to    1000.00
 CGEN: flat torsional potential half width set to      10.00
 CGEN: fractional formal charge charge-charge sigma set to:       5.00
 CGEN: fractional formal charge charge-charge prefactor set to:       2.50
 CGEN: fractional formal charge charge-charge cutoff set to:       0.75
 CGEN: Not favoring intra-molecular hydrogen bonds. 
 CGEN: fractional formal charge charge-hydrogen bond sigma set to:       5.00
 CGEN: fractional formal charge charge-hydrogen bond prefactor set to:       1.00
 CGEN: fractional formal charge charge-hydrogen bond cutoff set to:       0.25
 CGEN: Using aromatic..cat-H cutoff of:       1.00
 CGEN: vdW elimination sigma set to:       2.50
 CGEN: vdw elimination prefactor set to:       0.10
 CGEN: vdw elimination cutoff set to:       1.00
 Non-conformer Serial Search requested
 Quality of Force Field Parameters in Use:
   Numbers of high, medium and low quality stretch parameters =   49    0    0
   Numbers of high, medium and low quality bend parameters    =   85    0    0
   Numbers of high, medium and low quality torsion parameters =  116    8    0
   Interactions examined:        258 of        258 total, including unused params.
      Stretch total=       49   constrained=        0
         Bend total=       85   constrained=        0        linear=        0
      Torsion total=      141   constrained=        0  out-of-plane=       17
    Nonbonded total=      897      H-bonded=        0      ordinary=      897
  Nonbonded cutoffs: CutVdw=   7.00    ;  CutEs=   12.0    
 Starting truncated Newton minimization.
 Seed Structure for ConfGen: E =   290.92 (  0.006)
** Entering Conformation Generator **

               Number of rotatable bonds       3
                    Total ring and/or
               N inversion conformations       2
           Core rotatable bonds, maxkeep       3    1000
                Maximum excitation level      11
                           Energy cutoff      23.901
                Total core conformations      96
           Total conformations minimized      88

 
 Quality of Force Field Parameters in Use:
   Numbers of high, medium and low quality stretch parameters =   49    0    0
   Numbers of high, medium and low quality bend parameters    =   85    0    0
   Numbers of high, medium and low quality torsion parameters =  116    8    0
   Interactions examined:        258 of        258 total, including unused params.
      Stretch total=       49   constrained=        0
         Bend total=       85   constrained=        0        linear=        0
      Torsion total=      141   constrained=        0  out-of-plane=       17
    Nonbonded total=      897      H-bonded=        0      ordinary=      897
  Nonbonded cutoffs: CutVdw=   7.00    ;  CutEs=   12.0    
                   Total Energy =      317.2379 kJ/mol
                        Stretch =       18.1603 kJ/mol
                           Bend =       43.1494 kJ/mol
                        Torsion =      161.8679 kJ/mol
               Improper Torsion =        0.2177 kJ/mol
                            VDW =       77.1185 kJ/mol
                  Electrostatic =       16.7240 kJ/mol
        Explicit Hydrogen Bonds =        0.0000 kJ/mol
                    Cross Terms =        0.0000 kJ/mol
  
 T.E. for cross-checking:       317.2379 kJ/mol
          Step     1 New global minimum.  E (kJ/mol) =      317.24
 Conf     1 E =   317.24 ( 99.999) replaces structure     1
                   Total Energy =      322.1797 kJ/mol
                        Stretch =       18.1603 kJ/mol
                           Bend =       43.1494 kJ/mol
                        Torsion =      166.9697 kJ/mol
               Improper Torsion =        0.2177 kJ/mol
                            VDW =       76.4137 kJ/mol
                  Electrostatic =       17.2688 kJ/mol
        Explicit Hydrogen Bonds =        0.0000 kJ/mol
                    Cross Terms =        0.0000 kJ/mol
  
 T.E. for cross-checking:       322.1797 kJ/mol
 Conf     2 E =   322.18 ( 99.999) is unique and stored as structure     2
                   Total Energy =      353.3672 kJ/mol
                        Stretch =       18.1603 kJ/mol
                           Bend =       43.1494 kJ/mol
                        Torsion =      176.7672 kJ/mol
               Improper Torsion =        0.2177 kJ/mol
                            VDW =       97.3351 kJ/mol
                  Electrostatic =       17.7374 kJ/mol
        Explicit Hydrogen Bonds =        0.0000 kJ/mol
                    Cross Terms =        0.0000 kJ/mol
  
 T.E. for cross-checking:       353.3672 kJ/mol
 Conf     3 E =   353.37 ( 99.999) rejected by structure     2
                   Total Energy =      334.9188 kJ/mol
                        Stretch =       18.1603 kJ/mol
                           Bend =       43.1494 kJ/mol
                        Torsion =      169.1313 kJ/mol
               Improper Torsion =        0.2177 kJ/mol
                            VDW =       86.9896 kJ/mol
                  Electrostatic =       17.2704 kJ/mol
        Explicit Hydrogen Bonds =        0.0000 kJ/mol
                    Cross Terms =        0.0000 kJ/mol
  
 T.E. for cross-checking:       334.9188 kJ/mol
 Conf     4 E =   334.92 ( 99.999) rejected by structure     1
                   Total Energy =      784.3820 kJ/mol
                        Stretch =       18.1603 kJ/mol
                           Bend =       43.1494 kJ/mol
                        Torsion =      161.8679 kJ/mol
               Improper Torsion =        0.2177 kJ/mol
                            VDW =      543.5392 kJ/mol
                  Electrostatic =       17.4474 kJ/mol
        Explicit Hydrogen Bonds =        0.0000 kJ/mol
                    Cross Terms =        0.0000 kJ/mol
  
 T.E. for cross-checking:       784.3820 kJ/mol
 Conf     5 E =   784.38 ( 99.999) rejected by energy
                   Total Energy =      815.9291 kJ/mol
                        Stretch =       18.1603 kJ/mol
                           Bend =       43.1494 kJ/mol
                        Torsion =      161.8679 kJ/mol
               Improper Torsion =        0.2177 kJ/mol
                            VDW =      575.1764 kJ/mol
                  Electrostatic =       17.3574 kJ/mol
        Explicit Hydrogen Bonds =        0.0000 kJ/mol
                    Cross Terms =        0.0000 kJ/mol
  
 T.E. for cross-checking:       815.9291 kJ/mol
 Conf     6 E =   815.93 ( 99.999) rejected by energy
                   Total Energy =      780.8760 kJ/mol
                        Stretch =       18.1603 kJ/mol
                           Bend =       43.1494 kJ/mol
                        Torsion =      161.8679 kJ/mol
               Improper Torsion =        0.2177 kJ/mol
                            VDW =      540.0319 kJ/mol
                  Electrostatic =       17.4488 kJ/mol
        Explicit Hydrogen Bonds =        0.0000 kJ/mol
                    Cross Terms =        0.0000 kJ/mol
  
 T.E. for cross-checking:       780.8760 kJ/mol
 Conf     7 E =   780.88 ( 99.999) rejected by energy
                   Total Energy =      812.1633 kJ/mol
                        Stretch =       18.1603 kJ/mol
                           Bend =       43.1494 kJ/mol
                        Torsion =      161.8679 kJ/mol
               Improper Torsion =        0.2177 kJ/mol
                            VDW =      571.4089 kJ/mol
                  Electrostatic =       17.3591 kJ/mol
        Explicit Hydrogen Bonds =        0.0000 kJ/mol
                    Cross Terms =        0.0000 kJ/mol
  
 T.E. for cross-checking:       812.1633 kJ/mol
 Conf     8 E =   812.16 ( 99.999) rejected by energy
                   Total Energy =      317.2319 kJ/mol
                        Stretch =       18.1603 kJ/mol
                           Bend =       43.1494 kJ/mol
                        Torsion =      161.8679 kJ/mol
               Improper Torsion =        0.2177 kJ/mol
                            VDW =       77.1133 kJ/mol
                  Electrostatic =       16.7232 kJ/mol
        Explicit Hydrogen Bonds =        0.0000 kJ/mol
                    Cross Terms =        0.0000 kJ/mol
  
 T.E. for cross-checking:       317.2319 kJ/mol
          Step     9 New global minimum.  E (kJ/mol) =      317.23
 Conf     9 E =   317.23 ( 99.999) replaces structure     1
                   Total Energy =      789.5241 kJ/mol
                        Stretch =       18.1603 kJ/mol
                           Bend =       43.1494 kJ/mol
                        Torsion =      166.9697 kJ/mol
               Improper Torsion =        0.2177 kJ/mol
                            VDW =      543.1734 kJ/mol
                  Electrostatic =       17.8535 kJ/mol
        Explicit Hydrogen Bonds =        0.0000 kJ/mol
                    Cross Terms =        0.0000 kJ/mol
  
 T.E. for cross-checking:       789.5241 kJ/mol
 Conf    10 E =   789.52 ( 99.999) rejected by energy
 
Interim report; processing .tmp file:
    2 unique conformations found so far
    0 minimized with good convergence
Found     1 confs within  1.00 kcal/mol ( 4.18 kJ/mol) of glob. min.
Found     2 confs within  2.00 kcal/mol ( 8.37 kJ/mol) of glob. min.
Global minimum E =    317.23 found     3 times.
   10 steps performed so far, out of    50
 E of low-energy structures above global min [kJ/mol],  and no. times found:
    E:  0.00  4.95
  No.:     3     2
 
                   Total Energy =      322.1797 kJ/mol
                        Stretch =       18.1603 kJ/mol
                           Bend =       43.1494 kJ/mol
                        Torsion =      166.9697 kJ/mol
               Improper Torsion =        0.2177 kJ/mol
                            VDW =       76.4137 kJ/mol
                  Electrostatic =       17.2688 kJ/mol
        Explicit Hydrogen Bonds =        0.0000 kJ/mol
                    Cross Terms =        0.0000 kJ/mol
  
 T.E. for cross-checking:       322.1797 kJ/mol
 Conf    11 E =   322.18 ( 99.999) replaces structure     2
                   Total Energy =      786.0169 kJ/mol
                        Stretch =       18.1603 kJ/mol
                           Bend =       43.1494 kJ/mol
                        Torsion =      166.9697 kJ/mol
               Improper Torsion =        0.2177 kJ/mol
                            VDW =      539.6648 kJ/mol
                  Electrostatic =       17.8550 kJ/mol
        Explicit Hydrogen Bonds =        0.0000 kJ/mol
                    Cross Terms =        0.0000 kJ/mol
  
 T.E. for cross-checking:       786.0169 kJ/mol
 Conf    12 E =   786.02 ( 99.999) rejected by energy
                   Total Energy =      817.2985 kJ/mol
                        Stretch =       18.1603 kJ/mol
                           Bend =       43.1494 kJ/mol
                        Torsion =      166.9697 kJ/mol
               Improper Torsion =        0.2177 kJ/mol
                            VDW =      571.0347 kJ/mol
                  Electrostatic =       17.7666 kJ/mol
        Explicit Hydrogen Bonds =        0.0000 kJ/mol
                    Cross Terms =        0.0000 kJ/mol
  
 T.E. for cross-checking:       817.2985 kJ/mol
 Conf    13 E =   817.30 ( 99.999) rejected by energy
                   Total Energy =      322.1732 kJ/mol
                        Stretch =       18.1603 kJ/mol
                           Bend =       43.1494 kJ/mol
                        Torsion =      166.9697 kJ/mol
               Improper Torsion =        0.2177 kJ/mol
                            VDW =       76.4081 kJ/mol
                  Electrostatic =       17.2679 kJ/mol
        Explicit Hydrogen Bonds =        0.0000 kJ/mol
                    Cross Terms =        0.0000 kJ/mol
  
 T.E. for cross-checking:       322.1732 kJ/mol
 Conf    14 E =   322.17 ( 99.999) replaces structure     2
                   Total Energy =      317.8947 kJ/mol
                        Stretch =       18.1603 kJ/mol
                           Bend =       43.1494 kJ/mol
                        Torsion =      135.6923 kJ/mol
               Improper Torsion =        0.2177 kJ/mol
                            VDW =      103.8398 kJ/mol
                  Electrostatic =       16.8351 kJ/mol
        Explicit Hydrogen Bonds =        0.0000 kJ/mol
                    Cross Terms =        0.0000 kJ/mol
  
 T.E. for cross-checking:       317.8947 kJ/mol
 Conf    15 E =   317.89 ( 99.999) is unique and stored as structure     3
                   Total Energy =      798.4564 kJ/mol
                        Stretch =       18.1603 kJ/mol
                           Bend =       43.1494 kJ/mol
                        Torsion =      176.7672 kJ/mol
               Improper Torsion =        0.2177 kJ/mol
                            VDW =      542.1942 kJ/mol
                  Electrostatic =       17.9675 kJ/mol
        Explicit Hydrogen Bonds =        0.0000 kJ/mol
                    Cross Terms =        0.0000 kJ/mol
  
 T.E. for cross-checking:       798.4564 kJ/mol
 Conf    16 E =   798.46 ( 99.999) rejected by energy
                   Total Energy =      829.9990 kJ/mol
                        Stretch =       18.1603 kJ/mol
                           Bend =       43.1494 kJ/mol
                        Torsion =      176.7672 kJ/mol
               Improper Torsion =        0.2177 kJ/mol
                            VDW =      573.8245 kJ/mol
                  Electrostatic =       17.8797 kJ/mol
        Explicit Hydrogen Bonds =        0.0000 kJ/mol
                    Cross Terms =        0.0000 kJ/mol
  
 T.E. for cross-checking:       829.9990 kJ/mol
 Conf    17 E =   830.00 ( 99.999) rejected by energy
                   Total Energy =      794.9492 kJ/mol
                        Stretch =       18.1603 kJ/mol
                           Bend =       43.1494 kJ/mol
                        Torsion =      176.7672 kJ/mol
               Improper Torsion =        0.2177 kJ/mol
                            VDW =      538.6855 kJ/mol
                  Electrostatic =       17.9690 kJ/mol
        Explicit Hydrogen Bonds =        0.0000 kJ/mol
                    Cross Terms =        0.0000 kJ/mol
  
 T.E. for cross-checking:       794.9492 kJ/mol
 Conf    18 E =   794.95 ( 99.999) rejected by energy
                   Total Energy =      353.5026 kJ/mol
                        Stretch =       18.1603 kJ/mol
                           Bend =       43.1494 kJ/mol
                        Torsion =      176.7672 kJ/mol
               Improper Torsion =        0.2177 kJ/mol
                            VDW =       97.4709 kJ/mol
                  Electrostatic =       17.7370 kJ/mol
        Explicit Hydrogen Bonds =        0.0000 kJ/mol
                    Cross Terms =        0.0000 kJ/mol
  
 T.E. for cross-checking:       353.5026 kJ/mol
 Conf    19 E =   353.50 ( 99.999) rejected by structure     2
                   Total Energy =      367.7786 kJ/mol
                        Stretch =       18.1603 kJ/mol
                           Bend =       43.1494 kJ/mol
                        Torsion =      170.4933 kJ/mol
               Improper Torsion =        0.2177 kJ/mol
                            VDW =      118.4800 kJ/mol
                  Electrostatic =       17.2778 kJ/mol
        Explicit Hydrogen Bonds =        0.0000 kJ/mol
                    Cross Terms =        0.0000 kJ/mol
  
 T.E. for cross-checking:       367.7786 kJ/mol
 Conf    20 E =   367.78 ( 99.999) is unique and stored as structure     4
 
Interim report; processing .tmp file:
    4 unique conformations found so far
    0 minimized with good convergence
Found     2 confs within  1.00 kcal/mol ( 4.18 kJ/mol) of glob. min.
Found     3 confs within  2.00 kcal/mol ( 8.37 kJ/mol) of glob. min.
Global minimum E =    317.23 found     3 times.
   20 steps performed so far, out of    50
 E of low-energy structures above global min [kJ/mol],  and no. times found:
    E:  0.00  0.66  4.94 50.55
  No.:     3     1     5     1
 
                   Total Energy =      367.7785 kJ/mol
                        Stretch =       18.1602 kJ/mol
                           Bend =       43.1494 kJ/mol
                        Torsion =      170.4933 kJ/mol
               Improper Torsion =        0.2177 kJ/mol
                            VDW =      118.4799 kJ/mol
                  Electrostatic =       17.2778 kJ/mol
        Explicit Hydrogen Bonds =        0.0000 kJ/mol
                    Cross Terms =        0.0000 kJ/mol
  
 T.E. for cross-checking:       367.7785 kJ/mol
 Conf    21 E =   367.78 ( 99.999) replaces structure     4
                   Total Energy =      821.8845 kJ/mol
                        Stretch =       18.1603 kJ/mol
                           Bend =       43.1494 kJ/mol
                        Torsion =      169.1313 kJ/mol
               Improper Torsion =        0.2177 kJ/mol
                            VDW =      573.8115 kJ/mol
                  Electrostatic =       17.4141 kJ/mol
        Explicit Hydrogen Bonds =        0.0000 kJ/mol
                    Cross Terms =        0.0000 kJ/mol
  
 T.E. for cross-checking:       821.8845 kJ/mol
 Conf    22 E =   821.88 ( 99.999) rejected by energy
                   Total Energy =      786.8314 kJ/mol
                        Stretch =       18.1603 kJ/mol
                           Bend =       43.1494 kJ/mol
                        Torsion =      169.1313 kJ/mol
               Improper Torsion =        0.2177 kJ/mol
                            VDW =      538.6678 kJ/mol
                  Electrostatic =       17.5048 kJ/mol
        Explicit Hydrogen Bonds =        0.0000 kJ/mol
                    Cross Terms =        0.0000 kJ/mol
  
 T.E. for cross-checking:       786.8314 kJ/mol
 Conf    23 E =   786.83 ( 99.999) rejected by energy
                   Total Energy =      334.9846 kJ/mol
                        Stretch =       18.1603 kJ/mol
                           Bend =       43.1494 kJ/mol
                        Torsion =      169.1313 kJ/mol
               Improper Torsion =        0.2177 kJ/mol
                            VDW =       87.0558 kJ/mol
                  Electrostatic =       17.2700 kJ/mol
        Explicit Hydrogen Bonds =        0.0000 kJ/mol
                    Cross Terms =        0.0000 kJ/mol
  
 T.E. for cross-checking:       334.9846 kJ/mol
 Conf    24 E =   334.98 ( 99.999) rejected by structure     1
                   Total Energy =      462.2357 kJ/mol
                        Stretch =       18.1603 kJ/mol
                           Bend =       43.1494 kJ/mol
                        Torsion =      204.0966 kJ/mol
               Improper Torsion =        0.2177 kJ/mol
                            VDW =      178.1503 kJ/mol
                  Electrostatic =       18.4614 kJ/mol
        Explicit Hydrogen Bonds =        0.0000 kJ/mol
                    Cross Terms =        0.0000 kJ/mol
  
 T.E. for cross-checking:       462.2357 kJ/mol
 Conf    25 E =   462.24 ( 99.999) rejected by energy
                   Total Energy =      458.5335 kJ/mol
                        Stretch =       18.1603 kJ/mol
                           Bend =       43.1494 kJ/mol
                        Torsion =      204.1832 kJ/mol
               Improper Torsion =        0.2177 kJ/mol
                            VDW =      174.3967 kJ/mol
                  Electrostatic =       18.4262 kJ/mol
        Explicit Hydrogen Bonds =        0.0000 kJ/mol
                    Cross Terms =        0.0000 kJ/mol
  
 T.E. for cross-checking:       458.5335 kJ/mol
 Conf    26 E =   458.53 ( 99.999) rejected by energy
                   Total Energy =      457.0756 kJ/mol
                        Stretch =       18.1603 kJ/mol
                           Bend =       43.1494 kJ/mol
                        Torsion =      204.1243 kJ/mol
               Improper Torsion =        0.2177 kJ/mol
                            VDW =      172.9909 kJ/mol
                  Electrostatic =       18.4330 kJ/mol
        Explicit Hydrogen Bonds =        0.0000 kJ/mol
                    Cross Terms =        0.0000 kJ/mol
  
 T.E. for cross-checking:       457.0756 kJ/mol
 Conf    27 E =   457.08 ( 99.999) rejected by energy
                   Total Energy =      459.7595 kJ/mol
                        Stretch =       18.1603 kJ/mol
                           Bend =       43.1494 kJ/mol
                        Torsion =      204.2595 kJ/mol
               Improper Torsion =        0.2177 kJ/mol
                            VDW =      175.5374 kJ/mol
                  Electrostatic =       18.4352 kJ/mol
        Explicit Hydrogen Bonds =        0.0000 kJ/mol
                    Cross Terms =        0.0000 kJ/mol
  
 T.E. for cross-checking:       459.7595 kJ/mol
 Conf    28 E =   459.76 ( 99.999) rejected by energy
                   Total Energy =      371.1224 kJ/mol
                        Stretch =       18.1603 kJ/mol
                           Bend =       43.1494 kJ/mol
                        Torsion =      198.9924 kJ/mol
               Improper Torsion =        0.2177 kJ/mol
                            VDW =       92.8880 kJ/mol
                  Electrostatic =       17.7146 kJ/mol
        Explicit Hydrogen Bonds =        0.0000 kJ/mol
                    Cross Terms =        0.0000 kJ/mol
  
 T.E. for cross-checking:       371.1224 kJ/mol
 Conf    29 E =   371.12 ( 99.999) is unique and stored as structure     5
                   Total Energy =      440.1612 kJ/mol
                        Stretch =       18.1603 kJ/mol
                           Bend =       43.1494 kJ/mol
                        Torsion =      200.4740 kJ/mol
               Improper Torsion =        0.2177 kJ/mol
                            VDW =      159.4698 kJ/mol
                  Electrostatic =       18.6899 kJ/mol
        Explicit Hydrogen Bonds =        0.0000 kJ/mol
                    Cross Terms =        0.0000 kJ/mol
  
 T.E. for cross-checking:       440.1612 kJ/mol
 Conf    30 E =   440.16 ( 99.999) rejected by energy
 
Interim report; processing .tmp file:
    5 unique conformations found so far
    0 minimized with good convergence
Found     2 confs within  1.00 kcal/mol ( 4.18 kJ/mol) of glob. min.
Found     3 confs within  2.00 kcal/mol ( 8.37 kJ/mol) of glob. min.
Global minimum E =    317.23 found     4 times.
   30 steps performed so far, out of    50
 E of low-energy structures above global min [kJ/mol],  and no. times found:
    E:  0.00  0.66  4.94 50.55 53.89
  No.:     4     1     5     2     1
 
                   Total Energy =      371.1224 kJ/mol
                        Stretch =       18.1603 kJ/mol
                           Bend =       43.1494 kJ/mol
                        Torsion =      198.9924 kJ/mol
               Improper Torsion =        0.2177 kJ/mol
                            VDW =       92.8880 kJ/mol
                  Electrostatic =       17.7146 kJ/mol
        Explicit Hydrogen Bonds =        0.0000 kJ/mol
                    Cross Terms =        0.0000 kJ/mol
  
 T.E. for cross-checking:       371.1224 kJ/mol
 Conf    31 E =   371.12 ( 99.999) rejected by structure     5
                   Total Energy =      493.0461 kJ/mol
                        Stretch =       18.1603 kJ/mol
                           Bend =       43.1494 kJ/mol
                        Torsion =      199.5757 kJ/mol
               Improper Torsion =        0.2177 kJ/mol
                            VDW =      214.8956 kJ/mol
                  Electrostatic =       17.0474 kJ/mol
        Explicit Hydrogen Bonds =        0.0000 kJ/mol
                    Cross Terms =        0.0000 kJ/mol
  
 T.E. for cross-checking:       493.0461 kJ/mol
 Conf    32 E =   493.05 ( 99.999) rejected by energy
                   Total Energy =      317.8956 kJ/mol
                        Stretch =       18.1603 kJ/mol
                           Bend =       43.1494 kJ/mol
                        Torsion =      135.7329 kJ/mol
               Improper Torsion =        0.2177 kJ/mol
                            VDW =      103.8000 kJ/mol
                  Electrostatic =       16.8353 kJ/mol
        Explicit Hydrogen Bonds =        0.0000 kJ/mol
                    Cross Terms =        0.0000 kJ/mol
  
 T.E. for cross-checking:       317.8956 kJ/mol
 Conf    33 E =   317.90 ( 99.999) rejected by structure     2
                   Total Energy =      596.6229 kJ/mol
                        Stretch =       18.1603 kJ/mol
                           Bend =       43.1494 kJ/mol
                        Torsion =      170.4933 kJ/mol
               Improper Torsion =        0.2177 kJ/mol
                            VDW =      347.6378 kJ/mol
                  Electrostatic =       16.9643 kJ/mol
        Explicit Hydrogen Bonds =        0.0000 kJ/mol
                    Cross Terms =        0.0000 kJ/mol
  
 T.E. for cross-checking:       596.6229 kJ/mol
 Conf    34 E =   596.62 ( 99.999) rejected by energy
                   Total Energy =      318.3420 kJ/mol
                        Stretch =       18.1602 kJ/mol
                           Bend =       43.1481 kJ/mol
                        Torsion =      162.6425 kJ/mol
               Improper Torsion =        0.2172 kJ/mol
                            VDW =       77.4263 kJ/mol
                  Electrostatic =       16.7476 kJ/mol
        Explicit Hydrogen Bonds =        0.0000 kJ/mol
                    Cross Terms =        0.0000 kJ/mol
  
 T.E. for cross-checking:       318.3420 kJ/mol
 Conf    35 E =   318.34 ( 99.999) rejected by structure     1
                   Total Energy =      354.2823 kJ/mol
                        Stretch =       18.1602 kJ/mol
                           Bend =       43.1481 kJ/mol
                        Torsion =      180.9643 kJ/mol
               Improper Torsion =        0.2172 kJ/mol
                            VDW =       94.0024 kJ/mol
                  Electrostatic =       17.7900 kJ/mol
        Explicit Hydrogen Bonds =        0.0000 kJ/mol
                    Cross Terms =        0.0000 kJ/mol
  
 T.E. for cross-checking:       354.2823 kJ/mol
 Conf    36 E =   354.28 ( 99.999) rejected by structure     3
                   Total Energy =      785.4867 kJ/mol
                        Stretch =       18.1602 kJ/mol
                           Bend =       43.1481 kJ/mol
                        Torsion =      162.6425 kJ/mol
               Improper Torsion =        0.2172 kJ/mol
                            VDW =      543.8474 kJ/mol
                  Electrostatic =       17.4712 kJ/mol
        Explicit Hydrogen Bonds =        0.0000 kJ/mol
                    Cross Terms =        0.0000 kJ/mol
  
 T.E. for cross-checking:       785.4867 kJ/mol
 Conf    37 E =   785.49 ( 99.999) rejected by energy
                   Total Energy =      813.2681 kJ/mol
                        Stretch =       18.1602 kJ/mol
                           Bend =       43.1481 kJ/mol
                        Torsion =      162.6425 kJ/mol
               Improper Torsion =        0.2172 kJ/mol
                            VDW =      571.7172 kJ/mol
                  Electrostatic =       17.3828 kJ/mol
        Explicit Hydrogen Bonds =        0.0000 kJ/mol
                    Cross Terms =        0.0000 kJ/mol
  
 T.E. for cross-checking:       813.2681 kJ/mol
 Conf    38 E =   813.27 ( 99.999) rejected by energy
                   Total Energy =      793.8686 kJ/mol
                        Stretch =       18.1602 kJ/mol
                           Bend =       43.1481 kJ/mol
                        Torsion =      172.7099 kJ/mol
               Improper Torsion =        0.2172 kJ/mol
                            VDW =      542.0774 kJ/mol
                  Electrostatic =       17.5557 kJ/mol
        Explicit Hydrogen Bonds =        0.0000 kJ/mol
                    Cross Terms =        0.0000 kJ/mol
  
 T.E. for cross-checking:       793.8686 kJ/mol
 Conf    39 E =   793.87 ( 99.999) rejected by energy
                   Total Energy =      790.3621 kJ/mol
                        Stretch =       18.1602 kJ/mol
                           Bend =       43.1481 kJ/mol
                        Torsion =      172.7099 kJ/mol
               Improper Torsion =        0.2172 kJ/mol
                            VDW =      538.5695 kJ/mol
                  Electrostatic =       17.5571 kJ/mol
        Explicit Hydrogen Bonds =        0.0000 kJ/mol
                    Cross Terms =        0.0000 kJ/mol
  
 T.E. for cross-checking:       790.3621 kJ/mol
 Conf    40 E =   790.36 ( 99.999) rejected by energy
 
Interim report; processing .tmp file:
    5 unique conformations found so far
    0 minimized with good convergence
Found     2 confs within  1.00 kcal/mol ( 4.18 kJ/mol) of glob. min.
Found     3 confs within  2.00 kcal/mol ( 8.37 kJ/mol) of glob. min.
Global minimum E =    317.23 found     5 times.
   40 steps performed so far, out of    50
 E of low-energy structures above global min [kJ/mol],  and no. times found:
    E:  0.00  0.66  4.94 50.55 53.89
  No.:     5     2     6     2     2
 
                   Total Energy =      371.1225 kJ/mol
                        Stretch =       18.1603 kJ/mol
                           Bend =       43.1494 kJ/mol
                        Torsion =      198.9924 kJ/mol
               Improper Torsion =        0.2177 kJ/mol
                            VDW =       92.8880 kJ/mol
                  Electrostatic =       17.7146 kJ/mol
        Explicit Hydrogen Bonds =        0.0000 kJ/mol
                    Cross Terms =        0.0000 kJ/mol
  
 T.E. for cross-checking:       371.1225 kJ/mol
 Conf    41 E =   371.12 ( 99.999) rejected by structure     5
                   Total Energy =      822.9133 kJ/mol
                        Stretch =       18.1602 kJ/mol
                           Bend =       43.1481 kJ/mol
                        Torsion =      168.7396 kJ/mol
               Improper Torsion =        0.2172 kJ/mol
                            VDW =      574.8354 kJ/mol
                  Electrostatic =       17.8127 kJ/mol
        Explicit Hydrogen Bonds =        0.0000 kJ/mol
                    Cross Terms =        0.0000 kJ/mol
  
 T.E. for cross-checking:       822.9133 kJ/mol
 Conf    42 E =   822.91 ( 99.999) rejected by energy
                   Total Energy =      321.4802 kJ/mol
                        Stretch =       18.1602 kJ/mol
                           Bend =       43.1481 kJ/mol
                        Torsion =      136.1941 kJ/mol
               Improper Torsion =        0.2172 kJ/mol
                            VDW =      106.9195 kJ/mol
                  Electrostatic =       16.8410 kJ/mol
        Explicit Hydrogen Bonds =        0.0000 kJ/mol
                    Cross Terms =        0.0000 kJ/mol
  
 T.E. for cross-checking:       321.4802 kJ/mol
 Conf    43 E =   321.48 ( 99.999) rejected by structure     2
                   Total Energy =      802.0046 kJ/mol
                        Stretch =       18.1603 kJ/mol
                           Bend =       43.1481 kJ/mol
                        Torsion =      180.9643 kJ/mol
               Improper Torsion =        0.2172 kJ/mol
                            VDW =      541.4867 kJ/mol
                  Electrostatic =       18.0280 kJ/mol
        Explicit Hydrogen Bonds =        0.0000 kJ/mol
                    Cross Terms =        0.0000 kJ/mol
  
 T.E. for cross-checking:       802.0046 kJ/mol
 Conf    44 E =   802.00 ( 99.999) rejected by energy
                   Total Energy =      354.4060 kJ/mol
                        Stretch =       18.1602 kJ/mol
                           Bend =       43.1481 kJ/mol
                        Torsion =      180.9643 kJ/mol
               Improper Torsion =        0.2172 kJ/mol
                            VDW =       94.1264 kJ/mol
                  Electrostatic =       17.7897 kJ/mol
        Explicit Hydrogen Bonds =        0.0000 kJ/mol
                    Cross Terms =        0.0000 kJ/mol
  
 T.E. for cross-checking:       354.4060 kJ/mol
 Conf    45 E =   354.41 ( 99.999) rejected by structure     3
                   Total Energy =      457.4738 kJ/mol
                        Stretch =       18.1602 kJ/mol
                           Bend =       43.1481 kJ/mol
                        Torsion =      204.0599 kJ/mol
               Improper Torsion =        0.2172 kJ/mol
                            VDW =      173.4284 kJ/mol
                  Electrostatic =       18.4599 kJ/mol
        Explicit Hydrogen Bonds =        0.0000 kJ/mol
                    Cross Terms =        0.0000 kJ/mol
  
 T.E. for cross-checking:       457.4738 kJ/mol
 Conf    46 E =   457.47 ( 99.999) rejected by energy
                   Total Energy =      350.3114 kJ/mol
                        Stretch =       18.1602 kJ/mol
                           Bend =       43.1481 kJ/mol
                        Torsion =      206.3768 kJ/mol
               Improper Torsion =        0.2172 kJ/mol
                            VDW =       65.2924 kJ/mol
                  Electrostatic =       17.1166 kJ/mol
        Explicit Hydrogen Bonds =        0.0000 kJ/mol
                    Cross Terms =        0.0000 kJ/mol
  
 T.E. for cross-checking:       350.3114 kJ/mol
 Conf    47 E =   350.31 ( 99.999) replaces structure     4
                   Total Energy =      350.6565 kJ/mol
                        Stretch =       18.1602 kJ/mol
                           Bend =       43.1481 kJ/mol
                        Torsion =      206.4389 kJ/mol
               Improper Torsion =        0.2172 kJ/mol
                            VDW =       65.5630 kJ/mol
                  Electrostatic =       17.1290 kJ/mol
        Explicit Hydrogen Bonds =        0.0000 kJ/mol
                    Cross Terms =        0.0000 kJ/mol
  
 T.E. for cross-checking:       350.6565 kJ/mol
 Conf    48 E =   350.66 ( 99.999) rejected by structure     4
                   Total Energy =      438.4332 kJ/mol
                        Stretch =       18.1602 kJ/mol
                           Bend =       43.1481 kJ/mol
                        Torsion =      198.8681 kJ/mol
               Improper Torsion =        0.2172 kJ/mol
                            VDW =      159.3428 kJ/mol
                  Electrostatic =       18.6967 kJ/mol
        Explicit Hydrogen Bonds =        0.0000 kJ/mol
                    Cross Terms =        0.0000 kJ/mol
  
 T.E. for cross-checking:       438.4332 kJ/mol
 Conf    49 E =   438.43 ( 99.999) rejected by energy
                   Total Energy =      441.3048 kJ/mol
                        Stretch =       18.1602 kJ/mol
                           Bend =       43.1481 kJ/mol
                        Torsion =      199.0750 kJ/mol
               Improper Torsion =        0.2172 kJ/mol
                            VDW =      161.9993 kJ/mol
                  Electrostatic =       18.7048 kJ/mol
        Explicit Hydrogen Bonds =        0.0000 kJ/mol
                    Cross Terms =        0.0000 kJ/mol
  
 T.E. for cross-checking:       441.3048 kJ/mol
 Conf    50 E =   441.30 ( 99.999) rejected by energy
 
Final report; processing .tmp file:
    5 unique conformations found so far
    0 minimized with good convergence
Found     2 confs within  1.00 kcal/mol ( 4.18 kJ/mol) of glob. min.
Found     3 confs within  2.00 kcal/mol ( 8.37 kJ/mol) of glob. min.
Found     4 confs within 10.00 kcal/mol (41.84 kJ/mol) of glob. min.
Global minimum E =    317.23 found     5 times.
   50 steps performed so far, out of    50
 E of low-energy structures above global min [kJ/mol],  and no. times found:
    E:  0.00  0.66  4.94 33.08 53.89
  No.:     5     3     7     4     3
 
Input structure with title on the next line is given SerNo:        1
SGS phenyl
Auto summary for input structure      1:
CGEN summary for input structure      1:
 Total number of structures processed =          51
 Conformations with poor convergence marked with a *
*Conformation       1 (    317.2319     kJ/mol) was found     5 times
*Conformation       2 (    317.8947     kJ/mol) was found     3 times
*Conformation       3 (    322.1732     kJ/mol) was found     7 times
*Conformation       4 (    350.3114     kJ/mol) was found     4 times
*Conformation       5 (    371.1224     kJ/mol) was found     3 times
           *** MC Statistics ***
 Percent of minimized structures within energetic window:   43.13726    
 Average number of duplicates:     4.400000    
 Duplication standard deviation:   1.673320    
          50  structures generated
           0  rejected by ring closure
           0  rejected by van der Waals
          18  duplicate minimised structures
 Removing all fixed-atom constraints
 Removed all frozen-atom constraints
 Removing all distance constraints
 Removing all bond-angle constraints
 Removing all torsional restraints
 Read    47 atoms. Structure name, if any, appears on next line: 
 SGS phenyl
 Quality of Force Field Parameters in Use:
   Numbers of high, medium and low quality stretch parameters =   50    0    0
   Numbers of high, medium and low quality bend parameters    =   88    0    0
   Numbers of high, medium and low quality torsion parameters =  125    8    0
   Interactions examined:        271 of        271 total, including unused params.
      Stretch total=       50   constrained=        0
         Bend total=       88   constrained=        0        linear=        0
      Torsion total=      150   constrained=        0  out-of-plane=       17
    Nonbonded total=      939      H-bonded=        0      ordinary=      939
  Nonbonded cutoffs: CutVdw=   7.00    ;  CutEs=   12.0    
 Starting truncated Newton minimization.
 Seed Structure for ConfGen: E =   278.62 (  0.030)
** Entering Conformation Generator **

               Number of rotatable bonds       3
                    Total ring and/or
               N inversion conformations       1
           Core rotatable bonds, maxkeep       3    1000
                Maximum excitation level      11
                           Energy cutoff      23.901
                Total core conformations      16
           Total conformations minimized      16

 
 Quality of Force Field Parameters in Use:
   Numbers of high, medium and low quality stretch parameters =   50    0    0
   Numbers of high, medium and low quality bend parameters    =   88    0    0
   Numbers of high, medium and low quality torsion parameters =  125    8    0
   Interactions examined:        271 of        271 total, including unused params.
      Stretch total=       50   constrained=        0
         Bend total=       88   constrained=        0        linear=        0
      Torsion total=      150   constrained=        0  out-of-plane=       17
    Nonbonded total=      939      H-bonded=        0      ordinary=      939
  Nonbonded cutoffs: CutVdw=   7.00    ;  CutEs=   12.0    
                   Total Energy =      310.6455 kJ/mol
                        Stretch =       16.4665 kJ/mol
                           Bend =       45.6407 kJ/mol
                        Torsion =      153.2665 kJ/mol
               Improper Torsion =        0.2192 kJ/mol
                            VDW =       77.8760 kJ/mol
                  Electrostatic =       17.1766 kJ/mol
        Explicit Hydrogen Bonds =        0.0000 kJ/mol
                    Cross Terms =        0.0000 kJ/mol
  
 T.E. for cross-checking:       310.6455 kJ/mol
          Step     1 New global minimum.  E (kJ/mol) =      310.65
 Conf     1 E =   310.65 ( 99.999) replaces structure     1
                   Total Energy =      318.2610 kJ/mol
                        Stretch =       16.4665 kJ/mol
                           Bend =       45.6407 kJ/mol
                        Torsion =      159.3552 kJ/mol
               Improper Torsion =        0.2192 kJ/mol
                            VDW =       77.5286 kJ/mol
                  Electrostatic =       19.0508 kJ/mol
        Explicit Hydrogen Bonds =        0.0000 kJ/mol
                    Cross Terms =        0.0000 kJ/mol
  
 T.E. for cross-checking:       318.2610 kJ/mol
 Conf     2 E =   318.26 ( 99.999) is unique and stored as structure     2
                   Total Energy =      345.2705 kJ/mol
                        Stretch =       16.4665 kJ/mol
                           Bend =       45.6407 kJ/mol
                        Torsion =      177.2068 kJ/mol
               Improper Torsion =        0.2192 kJ/mol
                            VDW =       86.4309 kJ/mol
                  Electrostatic =       19.3064 kJ/mol
        Explicit Hydrogen Bonds =        0.0000 kJ/mol
                    Cross Terms =        0.0000 kJ/mol
  
 T.E. for cross-checking:       345.2705 kJ/mol
 Conf     3 E =   345.27 ( 99.999) rejected by structure     2
                   Total Energy =      327.4402 kJ/mol
                        Stretch =       16.4665 kJ/mol
                           Bend =       45.6407 kJ/mol
                        Torsion =      163.0000 kJ/mol
               Improper Torsion =        0.2192 kJ/mol
                            VDW =       84.2999 kJ/mol
                  Electrostatic =       17.8139 kJ/mol
        Explicit Hydrogen Bonds =        0.0000 kJ/mol
                    Cross Terms =        0.0000 kJ/mol
  
 T.E. for cross-checking:       327.4402 kJ/mol
 Conf     4 E =   327.44 ( 99.999) rejected by structure     1
                   Total Energy =      364.7079 kJ/mol
                        Stretch =       16.4665 kJ/mol
                           Bend =       45.6407 kJ/mol
                        Torsion =      191.6615 kJ/mol
               Improper Torsion =        0.2192 kJ/mol
                            VDW =       92.8728 kJ/mol
                  Electrostatic =       17.8470 kJ/mol
        Explicit Hydrogen Bonds =        0.0000 kJ/mol
                    Cross Terms =        0.0000 kJ/mol
  
 T.E. for cross-checking:       364.7079 kJ/mol
 Conf     5 E =   364.71 ( 99.999) is unique and stored as structure     3
                   Total Energy =      823.8045 kJ/mol
                        Stretch =       16.4665 kJ/mol
                           Bend =       45.6407 kJ/mol
                        Torsion =      153.2665 kJ/mol
               Improper Torsion =        0.2192 kJ/mol
                            VDW =      590.5784 kJ/mol
                  Electrostatic =       17.6332 kJ/mol
        Explicit Hydrogen Bonds =        0.0000 kJ/mol
                    Cross Terms =        0.0000 kJ/mol
  
 T.E. for cross-checking:       823.8045 kJ/mol
 Conf     6 E =   823.80 ( 99.999) rejected by energy
                   Total Energy =      367.9567 kJ/mol
                        Stretch =       16.4665 kJ/mol
                           Bend =       45.6407 kJ/mol
                        Torsion =      161.8746 kJ/mol
               Improper Torsion =        0.2192 kJ/mol
                            VDW =      125.6355 kJ/mol
                  Electrostatic =       18.1201 kJ/mol
        Explicit Hydrogen Bonds =        0.0000 kJ/mol
                    Cross Terms =        0.0000 kJ/mol
  
 T.E. for cross-checking:       367.9567 kJ/mol
 Conf     7 E =   367.96 ( 99.999) is unique and stored as structure     4
                   Total Energy =      831.4696 kJ/mol
                        Stretch =       16.4665 kJ/mol
                           Bend =       45.6407 kJ/mol
                        Torsion =      159.3552 kJ/mol
               Improper Torsion =        0.2192 kJ/mol
                            VDW =      590.6178 kJ/mol
                  Electrostatic =       19.1702 kJ/mol
        Explicit Hydrogen Bonds =        0.0000 kJ/mol
                    Cross Terms =        0.0000 kJ/mol
  
 T.E. for cross-checking:       831.4696 kJ/mol
 Conf     8 E =   831.47 ( 99.999) rejected by energy
                   Total Energy =      312.8653 kJ/mol
                        Stretch =       16.4665 kJ/mol
                           Bend =       45.6407 kJ/mol
                        Torsion =      127.4366 kJ/mol
               Improper Torsion =        0.2192 kJ/mol
                            VDW =      104.6632 kJ/mol
                  Electrostatic =       18.4391 kJ/mol
        Explicit Hydrogen Bonds =        0.0000 kJ/mol
                    Cross Terms =        0.0000 kJ/mol
  
 T.E. for cross-checking:       312.8653 kJ/mol
 Conf     9 E =   312.87 ( 99.999) replaces structure     4
                   Total Energy =      845.8410 kJ/mol
                        Stretch =       16.4665 kJ/mol
                           Bend =       45.6407 kJ/mol
                        Torsion =      177.2068 kJ/mol
               Improper Torsion =        0.2192 kJ/mol
                            VDW =      587.0255 kJ/mol
                  Electrostatic =       19.2822 kJ/mol
        Explicit Hydrogen Bonds =        0.0000 kJ/mol
                    Cross Terms =        0.0000 kJ/mol
  
 T.E. for cross-checking:       845.8410 kJ/mol
 Conf    10 E =   845.84 ( 99.999) rejected by energy
 
Interim report; processing .tmp file:
    4 unique conformations found so far
    0 minimized with good convergence
Found     2 confs within  1.00 kcal/mol ( 4.18 kJ/mol) of glob. min.
Found     3 confs within  2.00 kcal/mol ( 8.37 kJ/mol) of glob. min.
Global minimum E =    310.65 found     2 times.
   10 steps performed so far, out of    50
 E of low-energy structures above global min [kJ/mol],  and no. times found:
    E:  0.00  2.22  7.62 54.06
  No.:     2     2     2     1
 
                   Total Energy =      364.7078 kJ/mol
                        Stretch =       16.4665 kJ/mol
                           Bend =       45.6407 kJ/mol
                        Torsion =      191.6615 kJ/mol
               Improper Torsion =        0.2192 kJ/mol
                            VDW =       92.8728 kJ/mol
                  Electrostatic =       17.8470 kJ/mol
        Explicit Hydrogen Bonds =        0.0000 kJ/mol
                    Cross Terms =        0.0000 kJ/mol
  
 T.E. for cross-checking:       364.7078 kJ/mol
 Conf    11 E =   364.71 ( 99.999) replaces structure     4
                   Total Energy =      831.9794 kJ/mol
                        Stretch =       16.4665 kJ/mol
                           Bend =       45.6407 kJ/mol
                        Torsion =      163.0000 kJ/mol
               Improper Torsion =        0.2192 kJ/mol
                            VDW =      588.9605 kJ/mol
                  Electrostatic =       17.6925 kJ/mol
        Explicit Hydrogen Bonds =        0.0000 kJ/mol
                    Cross Terms =        0.0000 kJ/mol
  
 T.E. for cross-checking:       831.9794 kJ/mol
 Conf    12 E =   831.98 ( 99.999) rejected by energy
                   Total Energy =      452.0101 kJ/mol
                        Stretch =       16.4665 kJ/mol
                           Bend =       45.6408 kJ/mol
                        Torsion =      195.2475 kJ/mol
               Improper Torsion =        0.2192 kJ/mol
                            VDW =      175.8643 kJ/mol
                  Electrostatic =       18.5719 kJ/mol
        Explicit Hydrogen Bonds =        0.0000 kJ/mol
                    Cross Terms =        0.0000 kJ/mol
  
 T.E. for cross-checking:       452.0101 kJ/mol
 Conf    13 E =   452.01 ( 99.999) rejected by energy
                   Total Energy =      379.1750 kJ/mol
                        Stretch =       16.4665 kJ/mol
                           Bend =       45.6407 kJ/mol
                        Torsion =      159.8262 kJ/mol
               Improper Torsion =        0.2192 kJ/mol
                            VDW =      137.3840 kJ/mol
                  Electrostatic =       19.6384 kJ/mol
        Explicit Hydrogen Bonds =        0.0000 kJ/mol
                    Cross Terms =        0.0000 kJ/mol
  
 T.E. for cross-checking:       379.1750 kJ/mol
 Conf    14 E =   379.18 ( 99.999) rejected by structure     2
                   Total Energy =      349.2880 kJ/mol
                        Stretch =       16.4665 kJ/mol
                           Bend =       45.6407 kJ/mol
                        Torsion =      145.0004 kJ/mol
               Improper Torsion =        0.2192 kJ/mol
                            VDW =      122.4526 kJ/mol
                  Electrostatic =       19.5087 kJ/mol
        Explicit Hydrogen Bonds =        0.0000 kJ/mol
                    Cross Terms =        0.0000 kJ/mol
  
 T.E. for cross-checking:       349.2880 kJ/mol
 Conf    15 E =   349.29 ( 99.999) rejected by structure     2
                   Total Energy =      621.3448 kJ/mol
                        Stretch =       16.4665 kJ/mol
                           Bend =       45.6407 kJ/mol
                        Torsion =      164.3804 kJ/mol
               Improper Torsion =        0.2192 kJ/mol
                            VDW =      376.7911 kJ/mol
                  Electrostatic =       17.8469 kJ/mol
        Explicit Hydrogen Bonds =        0.0000 kJ/mol
                    Cross Terms =        0.0000 kJ/mol
  
 T.E. for cross-checking:       621.3448 kJ/mol
 Conf    16 E =   621.34 ( 99.999) rejected by energy
 
Final report; processing .tmp file:
    4 unique conformations found so far
    0 minimized with good convergence
Found     2 confs within  1.00 kcal/mol ( 4.18 kJ/mol) of glob. min.
Found     3 confs within  2.00 kcal/mol ( 8.37 kJ/mol) of glob. min.
Global minimum E =    310.65 found     2 times.
   15 steps performed so far, out of    50
 E of low-energy structures above global min [kJ/mol],  and no. times found:
    E:  0.00  2.22  7.62 54.06
  No.:     2     4     2     2
 
Input structure with title on the next line is given SerNo:        2
SGS phenyl
Auto summary for input structure      3:
CGEN summary for input structure      2:
 Total number of structures processed =          17
 Conformations with poor convergence marked with a *
*Conformation       1 (    310.6455     kJ/mol) was found     2 times
*Conformation       2 (    312.8653     kJ/mol) was found     4 times
*Conformation       3 (    318.2610     kJ/mol) was found     2 times
*Conformation       4 (    364.7078     kJ/mol) was found     2 times
           *** MC Statistics ***
 Percent of minimized structures within energetic window:   58.82353    
 Average number of duplicates:     2.500000    
 Duplication standard deviation:   1.000000    
          16  structures generated
           0  rejected by ring closure
           0  rejected by van der Waals
           7  duplicate minimised structures
 
BatchMin: normal termination                           19-Jan-2015 10:51:51
STARTUP COMMAND:
/cbio/jclab/share/schrodinger/schrodinger2014-4/macromodel-v106013/bin/Linux-x86_64/bmin
MMSHARE_EXEC:/cbio/jclab/share/schrodinger/schrodinger2014-4/mmshare-v28013/bin/Linux-x86_64

real	0.0m2.97000000253s
user	0.0m0.0s
sys	0.0m0.0s
RUNNING: python "/cbio/jclab/share/schrodinger/schrodinger2014-4/macromodel-v106013/bin/Linux-x86_64/bmin_startup.py" -NO_REDIRECT Subjob00001--Sample_1_confgen
