 Entering IMPACT execution environment 
 Date: Friday, January 16 2015, at 11:52:45 EST
 ---------------------------------------------------------------------------
 Glide version 65013
 mmshare version        28013
 Copyright (c) Schrodinger, LLC.
 All Rights Reserved.

 For hardware platform Linux-x86_64.openmpi
 Compiled on: Fri Nov 7 18:58:43 EST 2014
 Host: Linux gpu-1-8.local 2.6.32-358.18.1.el6.x86_64 #1 SMP Wed Aug 28 17:19:38 UTC 2013 x86_64
 Job Name: Subjob00001--DockBoundLigand.glidetmp30060
 SCHRODINGER  directory: /cbio/jclab/share/schrodinger/schrodinger2014-4
 IMPACT_EXEC  directory: /cbio/jclab/share/schrodinger/schrodinger2014-4/impact-v65013/bin/Linux-x86_64
 MMSHARE_EXEC directory: /cbio/jclab/share/schrodinger/schrodinger2014-4/mmshare-v28013/bin/Linux-x86_64

 This software contains material that is a copyrighted
 work of, and that is licensed from, Rutgers,
 the State University of New Jersey.

 This software is provided under license and may be 
 used, copied, transmitted, and stored only in accordance
 with the terms and conditions of that license.
 ---------------------------------------------------------------------------

 Job title:        "Subjob00001--DockBoundLigand"
 Main output file: Subjob00001--DockBoundLigand.out

                             - Input command file -
 ---------------------------------------------------------------------------
write file -
"Subjob00001--DockBoundLigand.out" -
      title -
"Subjob00001--DockBoundLigand" *

PUT 0 INTO 'buildcheck'
PUT 1 INTO 'startlig'
PUT 0 INTO 'endlig'
PUT -1 INTO 'strucseq'

SET FFIELD OPLS_2005

DOCK
  smooth anneal 2
  ligand multiple maxat 300 maxrot 50 -
   ligvdwscale factor 0.800000 ccut 0.150000
  receptor rdiel readzip -
"Subjob00001--CreateGrid-out"
  screen  readscreen -
"Subjob00001--CreateGrid-out.save" -
   greedy readgreed -
"Subjob00001--CreateGrid-out_greedy.save" -
   maxkeep 1000 scorecut 100.000000
  parameter setup save   maxconf 1000
  final glidescore
  xpviz
  report setup nreport 0   -
   external file -
"Subjob00001--DockBoundLigand_raw.maegz" -
   norecep -
   rmspose 0.500000 delpose 1.300000 epik
  run
QUIT

PUT 'startlig' INTO 'strucseq'
CREATE
  build primary name lig type auto maxat 300 -
   read maestro file -
"Subjob00001--DockBoundLigand-in.maegz" -
   gotostruct 'startlig' skip_recep
IF 'buildcheck' LT 0
QUIT
  IF 'buildcheck' EQ -1
    ECHO "END OF LIGAND FILE: Subjob00001--DockBoundLigand-in.maegz"
  ENDIF
  IF 'buildcheck' EQ -2
     ECHO "ERROR READING LIGAND FILE: Subjob00001--DockBoundLigand-in.maegz"
  ENDIF
    ECHO "No ligands read; aborting."
    GOTO ABORT
ELSE
  build types name lig
QUIT
ENDIF

PUT 'startlig' INTO 'i'
WHILE ('endlig' LT 1 OR 'i' LE 'endlig')

DOCK
  ligand name lig
  screen
  parameter save
  confgen  xpref torsion amide fixed  -
name lig -
   ecut 12.000000
  run
QUIT

DOCK
  smooth anneal 2
  ligand keep
  screen noscore refine maxref 100
  parameter save
  minimize flex itmax 100 dielco 2.000000 -
   postdock 10 ligmin pmitmax 500 pmxpdele 0.500000 -
   highacc
  scoring ecvdw 0.000000 hbfilt 0.000000 metalfilt 10.000000 gscorecut 100.000000
  report collect -
   rmspose 0.500000 delpose 1.300000
  run
QUIT
IF ('i' EQ 'endlig')
  ECHO "FINISHED REQUESTED RANGE IN LIGAND FILE: Subjob00001--DockBoundLigand-in.maegz"
ECHO "Proceeding with final processing of ligands."
  GOTO BREAK
ENDIF

PUT 'i' + 1 INTO 'strucseq'
CREATE
  build primary check name lig type auto maxat 300 -
   read maestro file -
"Subjob00001--DockBoundLigand-in.maegz" -
   nextstruct

IF 'buildcheck' LT 0
QUIT
  IF 'buildcheck' EQ -1
    ECHO "END OF LIGAND FILE: Subjob00001--DockBoundLigand-in.maegz"
  ENDIF
  IF 'buildcheck' EQ -2
     ECHO "ERROR READING LIGAND FILE: Subjob00001--DockBoundLigand-in.maegz"
  ENDIF
ECHO "Proceeding with final processing of ligands."
  GOTO BREAK
ELSE
  build types name lig
QUIT
ENDIF

PUT 'i' + 1 INTO 'i'
ENDWHILE
:BREAK

DOCK
  parameter clean final
  report -
   rmspose 0.500000 delpose 1.300000  write filename -
"Subjob00001--DockBoundLigand"
  run
QUIT
:ABORT

END
 ---------------------------------------------------------------------------

                             - End of input file -


 ---------------------------------
 Beginning IMPACT task: DOCK
 Beginning DOCK subtask SMOO                                                    
 Beginning DOCK subtask LIGA                                                    
 VdW radii of ligand atoms scaled by   0.800000000000000     
 Charge cutoff for polarity   0.150000000000000     
 Beginning DOCK subtask RECE                                                    
 Beginning DOCK subtask SCRE                                                    
 Beginning DOCK subtask PARA                                                    
 Beginning DOCK subtask FINA                                                    
 Beginning DOCK subtask XPVI                                                    
 Beginning DOCK subtask REPO                                                    
 Beginning DOCK subtask RUN                                                     
Rough-score grid dimensions = (   25,    25,    25).
 Set up rough-score grid with dimensions(   25,    25,    25), spacing=    1.0
  125 acceptable sites for ligand center.
 Finished setting up rough-score screening.
 Getting receptor data ...
%IMPACT-I (xdrrd): File grid.30079/Subjob00001--CreateGrid-out.grd opened for reading
 Energy grid dimensions = (   64,    64,    64).
%IMPACT-I (xdrrd): File grid.30079/Subjob00001--CreateGrid-out_coul2.fld opened for reading
%IMPACT-I (xdrrd): File grid.30079/Subjob00001--CreateGrid-out_vdw.fld opened for reading
%IMPACT-I (xdrrd): File grid.30079/Subjob00001--CreateGrid-out.gsc opened for reading
 Finished setting up grids.
 Beginning DOCK subtask QUIT                                                    
 dock time  user:        1.09  system:        0.11  elapse:        1.29

 ---------------------------------
 Beginning IMPACT task: CREA
 Beginning CREATE subtask BUIL                                                  
 Beginning CREATE subtask BUIL                                                  
%IMPACT-I(foldmain): calling OPLS_2005 atomtyping ...
%IMPACT-I(foldmain): finished parameter assignment
 Beginning CREATE subtask QUIT                                                  

 ---------------------------------
 Beginning IMPACT task: DOCK
 Beginning DOCK subtask LIGA                                                    
 Beginning DOCK subtask SCRE                                                    
 Beginning DOCK subtask PARA                                                    
 Beginning DOCK subtask CONF                                                    
     Energy parameters obtained from atomtyping: 
  
 ** Entering Conformation Generator ** 
  
  
  Amide torsions fixed at input values 
  
 Number of rotatable bonds            1
 Core rotatable bonds, max cores            1        1000
 confgen time  user:        0.08  system:        0.02  elapse:        0.11
 Beginning DOCK subtask RUN                                                     
 Beginning DOCK subtask QUIT                                                    
 dock time  user:        1.34  system:        0.14  elapse:        1.68

 ---------------------------------
 Beginning IMPACT task: DOCK
 Beginning DOCK subtask SMOO                                                    
 Beginning DOCK subtask LIGA                                                    
 Beginning DOCK subtask SCRE                                                    
 Beginning DOCK subtask PARA                                                    
 Beginning DOCK subtask MINI                                                    
%IMPACT-I (info): At line  76
 %IMPACT-I: Glide Extra Precision Mode active.
 Beginning DOCK subtask SCOR                                                    

GlideScore version XP5.0 will be used

  
 Buried polar penalty      0.000
 Coulomb vdW cutoff        0.000
 H bond cutoff             0.000
 Metal-ligand cutoff      10.000
%IMPACT-I (info): At line  77
 %IMPACT-I: Assigning GlideScore XP5.0 parameters
 Beginning DOCK subtask REPO                                                    
 Beginning DOCK subtask RUN                                                     
%IMPACT-I (info): At line  80
 %IMPACT-I: For Glide Extra Precision mode, will use maxref =   800
Full force-field refinement in receptor field for up to   10 poses
    2 poses will be postminimized for this ligand
REFINEMENT RESULTS FOR LIGAND        1 (SGS nophenyl)
Best XP pose:    14;  GlideScore =     -3.79 Emodel =    -24.11 E =    -22.46 Eint =     1.39
 xp time  user:        7.71  system:        0.04  elapse:        7.77
 Beginning DOCK subtask QUIT                                                    
 dock time  user:       12.72  system:        0.21  elapse:       13.18

 ---------------------------------
 Beginning IMPACT task: CREA
 Beginning CREATE subtask BUIL                                                  
 Beginning CREATE subtask BUIL                                                  
%IMPACT-I(foldmain): calling OPLS_2005 atomtyping ...
%IMPACT-I(foldmain): finished parameter assignment
 Beginning CREATE subtask QUIT                                                  

 ---------------------------------
 Beginning IMPACT task: DOCK
 Beginning DOCK subtask LIGA                                                    
 Beginning DOCK subtask SCRE                                                    
 Beginning DOCK subtask PARA                                                    
 Beginning DOCK subtask CONF                                                    
     Energy parameters obtained from atomtyping: 
  
 ** Entering Conformation Generator ** 
  
 Number of rotatable bonds            1
 Core rotatable bonds, max cores            1        1000
 confgen time  user:        0.14  system:        0.02  elapse:        0.18
 Beginning DOCK subtask RUN                                                     
 Beginning DOCK subtask QUIT                                                    
 dock time  user:       12.92  system:        0.21  elapse:       13.38

 ---------------------------------
 Beginning IMPACT task: DOCK
 Beginning DOCK subtask SMOO                                                    
 Beginning DOCK subtask LIGA                                                    
 Beginning DOCK subtask SCRE                                                    
 Beginning DOCK subtask PARA                                                    
 Beginning DOCK subtask MINI                                                    
%IMPACT-I (info): At line  76
 %IMPACT-I: Glide Extra Precision Mode active.
 Beginning DOCK subtask SCOR                                                    
 Beginning DOCK subtask REPO                                                    
 Beginning DOCK subtask RUN                                                     
%IMPACT-I (info): At line  80
 %IMPACT-I: For Glide Extra Precision mode, will use maxref =   800
    1 poses will be postminimized for this ligand
REFINEMENT RESULTS FOR LIGAND        2 (SGS nophenyl)
Best XP pose:    10;  GlideScore =     -3.74 Emodel =    -23.93 E =    -22.86 Eint =     1.34
 xp time  user:       15.62  system:        0.07  elapse:       16.20
 Beginning DOCK subtask QUIT                                                    
 dock time  user:       24.30  system:        0.24  elapse:       25.32

 ---------------------------------
 Beginning IMPACT task: CREA
 Beginning CREATE subtask BUIL                                                  
 Beginning CREATE subtask BUIL                                                  
%IMPACT-I(foldmain): calling OPLS_2005 atomtyping ...
%IMPACT-I(foldmain): finished parameter assignment
 Beginning CREATE subtask QUIT                                                  

 ---------------------------------
 Beginning IMPACT task: DOCK
 Beginning DOCK subtask LIGA                                                    
 Beginning DOCK subtask SCRE                                                    
 Beginning DOCK subtask PARA                                                    
 Beginning DOCK subtask CONF                                                    
     Energy parameters obtained from atomtyping: 
  
 ** Entering Conformation Generator ** 
  
 Number of rotatable bonds            1
 Core rotatable bonds, max cores            1        1000
 confgen time  user:        0.20  system:        0.02  elapse:        0.27
 Beginning DOCK subtask RUN                                                     
 Beginning DOCK subtask QUIT                                                    
 dock time  user:       24.43  system:        0.24  elapse:       25.49

 ---------------------------------
 Beginning IMPACT task: DOCK
 Beginning DOCK subtask SMOO                                                    
 Beginning DOCK subtask LIGA                                                    
 Beginning DOCK subtask SCRE                                                    
 Beginning DOCK subtask PARA                                                    
 Beginning DOCK subtask MINI                                                    
%IMPACT-I (info): At line  76
 %IMPACT-I: Glide Extra Precision Mode active.
 Beginning DOCK subtask SCOR                                                    
 Beginning DOCK subtask REPO                                                    
 Beginning DOCK subtask RUN                                                     
%IMPACT-I (info): At line  80
 %IMPACT-I: For Glide Extra Precision mode, will use maxref =   800
    1 poses will be postminimized for this ligand
REFINEMENT RESULTS FOR LIGAND        3 (SGS nophenyl)
Best XP pose:     1;  GlideScore =     -3.84 Emodel =    -36.60 E =    -24.66 Eint =     2.54
 xp time  user:       20.89  system:        0.08  elapse:       21.53
 Beginning DOCK subtask QUIT                                                    
 dock time  user:       33.33  system:        0.25  elapse:       34.79

 ---------------------------------
 Beginning IMPACT task: CREA
 Beginning CREATE subtask BUIL                                                  
 Beginning CREATE subtask BUIL                                                  
%IMPACT-I(foldmain): calling OPLS_2005 atomtyping ...
%IMPACT-I(foldmain): finished parameter assignment
 Beginning CREATE subtask QUIT                                                  

 ---------------------------------
 Beginning IMPACT task: DOCK
 Beginning DOCK subtask LIGA                                                    
 Beginning DOCK subtask SCRE                                                    
 Beginning DOCK subtask PARA                                                    
 Beginning DOCK subtask CONF                                                    
     Energy parameters obtained from atomtyping: 
  
 ** Entering Conformation Generator ** 
  
 Number of rotatable bonds            1
 Core rotatable bonds, max cores            1        1000
 confgen time  user:        0.26  system:        0.02  elapse:        0.33
 Beginning DOCK subtask RUN                                                     
 Beginning DOCK subtask QUIT                                                    
 dock time  user:       33.50  system:        0.25  elapse:       34.96

 ---------------------------------
 Beginning IMPACT task: DOCK
 Beginning DOCK subtask SMOO                                                    
 Beginning DOCK subtask LIGA                                                    
 Beginning DOCK subtask SCRE                                                    
 Beginning DOCK subtask PARA                                                    
 Beginning DOCK subtask MINI                                                    
%IMPACT-I (info): At line  76
 %IMPACT-I: Glide Extra Precision Mode active.
 Beginning DOCK subtask SCOR                                                    
 Beginning DOCK subtask REPO                                                    
 Beginning DOCK subtask RUN                                                     
%IMPACT-I (info): At line  80
 %IMPACT-I: For Glide Extra Precision mode, will use maxref =   800
    2 poses will be postminimized for this ligand
REFINEMENT RESULTS FOR LIGAND        4 (SGS nophenyl)
Best XP pose:     3;  GlideScore =     -2.75 Emodel =    -28.23 E =    -30.21 Eint =     1.62
 xp time  user:       26.41  system:        0.08  elapse:       27.07
 Beginning DOCK subtask QUIT                                                    
 dock time  user:       42.50  system:        0.25  elapse:       43.98

 ---------------------------------
 Beginning IMPACT task: CREA
 Beginning CREATE subtask BUIL                                                  
 Beginning CREATE subtask BUIL                                                  
%IMPACT-I(foldmain): calling OPLS_2005 atomtyping ...
%IMPACT-I(foldmain): finished parameter assignment
 Beginning CREATE subtask QUIT                                                  

 ---------------------------------
 Beginning IMPACT task: DOCK
 Beginning DOCK subtask LIGA                                                    
 Beginning DOCK subtask SCRE                                                    
 Beginning DOCK subtask PARA                                                    
 Beginning DOCK subtask CONF                                                    
     Energy parameters obtained from atomtyping: 
  
 ** Entering Conformation Generator ** 
  
 Number of rotatable bonds            1
 Core rotatable bonds, max cores            1        1000
 confgen time  user:        0.32  system:        0.02  elapse:        0.39
 Beginning DOCK subtask RUN                                                     
 Beginning DOCK subtask QUIT                                                    
 dock time  user:       42.66  system:        0.25  elapse:       44.15

 ---------------------------------
 Beginning IMPACT task: DOCK
 Beginning DOCK subtask SMOO                                                    
 Beginning DOCK subtask LIGA                                                    
 Beginning DOCK subtask SCRE                                                    
 Beginning DOCK subtask PARA                                                    
 Beginning DOCK subtask MINI                                                    
%IMPACT-I (info): At line  76
 %IMPACT-I: Glide Extra Precision Mode active.
 Beginning DOCK subtask SCOR                                                    
 Beginning DOCK subtask REPO                                                    
 Beginning DOCK subtask RUN                                                     
%IMPACT-I (info): At line  80
 %IMPACT-I: For Glide Extra Precision mode, will use maxref =   800
    2 poses will be postminimized for this ligand
REFINEMENT RESULTS FOR LIGAND        5 (SGS nophenyl)
Best XP pose:     2;  GlideScore =     -2.75 Emodel =    -28.06 E =    -30.22 Eint =     1.59
 xp time  user:       32.45  system:        0.08  elapse:       33.13
 Beginning DOCK subtask QUIT                                                    
 dock time  user:       52.18  system:        0.25  elapse:       53.70

 ---------------------------------
 Beginning IMPACT task: CREA
 Beginning CREATE subtask BUIL                                                  
 Beginning CREATE subtask BUIL                                                  
%IMPACT-I(foldmain): calling OPLS_2005 atomtyping ...
%IMPACT-I(foldmain): finished parameter assignment
 Beginning CREATE subtask QUIT                                                  

 ---------------------------------
 Beginning IMPACT task: DOCK
 Beginning DOCK subtask LIGA                                                    
 Beginning DOCK subtask SCRE                                                    
 Beginning DOCK subtask PARA                                                    
 Beginning DOCK subtask CONF                                                    
     Energy parameters obtained from atomtyping: 
  
 ** Entering Conformation Generator ** 
  
 Number of rotatable bonds            1
 Core rotatable bonds, max cores            1        1000
 confgen time  user:        0.38  system:        0.02  elapse:        0.45
 Beginning DOCK subtask RUN                                                     
 Beginning DOCK subtask QUIT                                                    
 dock time  user:       52.35  system:        0.25  elapse:       53.87

 ---------------------------------
 Beginning IMPACT task: DOCK
 Beginning DOCK subtask SMOO                                                    
 Beginning DOCK subtask LIGA                                                    
 Beginning DOCK subtask SCRE                                                    
 Beginning DOCK subtask PARA                                                    
 Beginning DOCK subtask MINI                                                    
%IMPACT-I (info): At line  76
 %IMPACT-I: Glide Extra Precision Mode active.
 Beginning DOCK subtask SCOR                                                    
 Beginning DOCK subtask REPO                                                    
 Beginning DOCK subtask RUN                                                     
%IMPACT-I (info): At line  80
 %IMPACT-I: For Glide Extra Precision mode, will use maxref =   800
    1 poses will be postminimized for this ligand
REFINEMENT RESULTS FOR LIGAND        6 (SGS nophenyl)
Best XP pose:     2;  GlideScore =     -2.75 Emodel =    -28.27 E =    -30.20 Eint =     1.57
 xp time  user:       38.51  system:        0.09  elapse:       39.21
 Beginning DOCK subtask QUIT                                                    
 dock time  user:       61.89  system:        0.26  elapse:       63.43

 ---------------------------------
 Beginning IMPACT task: CREA
 Beginning CREATE subtask BUIL                                                  
 Beginning CREATE subtask BUIL                                                  
%IMPACT-I(foldmain): calling OPLS_2005 atomtyping ...
%IMPACT-I(foldmain): finished parameter assignment
 Beginning CREATE subtask QUIT                                                  

 ---------------------------------
 Beginning IMPACT task: DOCK
 Beginning DOCK subtask LIGA                                                    
 Beginning DOCK subtask SCRE                                                    
 Beginning DOCK subtask PARA                                                    
 Beginning DOCK subtask CONF                                                    
     Energy parameters obtained from atomtyping: 
  
 ** Entering Conformation Generator ** 
  
 Number of rotatable bonds            1
 Core rotatable bonds, max cores            1        1000
 confgen time  user:        0.44  system:        0.02  elapse:        0.51
 Beginning DOCK subtask RUN                                                     
 Beginning DOCK subtask QUIT                                                    
 dock time  user:       62.11  system:        0.26  elapse:       63.65

 ---------------------------------
 Beginning IMPACT task: DOCK
 Beginning DOCK subtask SMOO                                                    
 Beginning DOCK subtask LIGA                                                    
 Beginning DOCK subtask SCRE                                                    
 Beginning DOCK subtask PARA                                                    
 Beginning DOCK subtask MINI                                                    
%IMPACT-I (info): At line  76
 %IMPACT-I: Glide Extra Precision Mode active.
 Beginning DOCK subtask SCOR                                                    
 Beginning DOCK subtask REPO                                                    
 Beginning DOCK subtask RUN                                                     
%IMPACT-I (info): At line  80
 %IMPACT-I: For Glide Extra Precision mode, will use maxref =   800
    2 poses will be postminimized for this ligand
REFINEMENT RESULTS FOR LIGAND        7 (SGS nophenyl)
Best XP pose:    14;  GlideScore =     -4.92 Emodel =    -23.52 E =    -26.15 Eint =     3.38
 xp time  user:       45.17  system:        0.09  elapse:       45.89
 Beginning DOCK subtask QUIT                                                    
 dock time  user:       72.41  system:        0.26  elapse:       73.99

 ---------------------------------
 Beginning IMPACT task: CREA
 Beginning CREATE subtask BUIL                                                  
 Beginning CREATE subtask BUIL                                                  
%IMPACT-I(foldmain): calling OPLS_2005 atomtyping ...
%IMPACT-I(foldmain): finished parameter assignment
 Beginning CREATE subtask QUIT                                                  

 ---------------------------------
 Beginning IMPACT task: DOCK
 Beginning DOCK subtask LIGA                                                    
 Beginning DOCK subtask SCRE                                                    
 Beginning DOCK subtask PARA                                                    
 Beginning DOCK subtask CONF                                                    
     Energy parameters obtained from atomtyping: 
  
 ** Entering Conformation Generator ** 
  
 Number of rotatable bonds            1
 Core rotatable bonds, max cores            1        1000
 confgen time  user:        0.51  system:        0.02  elapse:        0.57
 Beginning DOCK subtask RUN                                                     
 Beginning DOCK subtask QUIT                                                    
 dock time  user:       72.60  system:        0.26  elapse:       74.18

 ---------------------------------
 Beginning IMPACT task: DOCK
 Beginning DOCK subtask SMOO                                                    
 Beginning DOCK subtask LIGA                                                    
 Beginning DOCK subtask SCRE                                                    
 Beginning DOCK subtask PARA                                                    
 Beginning DOCK subtask MINI                                                    
%IMPACT-I (info): At line  76
 %IMPACT-I: Glide Extra Precision Mode active.
 Beginning DOCK subtask SCOR                                                    
 Beginning DOCK subtask REPO                                                    
 Beginning DOCK subtask RUN                                                     
%IMPACT-I (info): At line  80
 %IMPACT-I: For Glide Extra Precision mode, will use maxref =   800
    2 poses will be postminimized for this ligand
REFINEMENT RESULTS FOR LIGAND        8 (SGS nophenyl)
Best XP pose:    10;  GlideScore =     -4.79 Emodel =    -32.90 E =    -32.93 Eint =     2.38
 xp time  user:       50.50  system:        0.10  elapse:       51.24
 Beginning DOCK subtask QUIT                                                    
 dock time  user:       81.62  system:        0.27  elapse:       83.23

 ---------------------------------
 Beginning IMPACT task: CREA
 Beginning CREATE subtask BUIL                                                  
 Beginning CREATE subtask BUIL                                                  
%IMPACT-I(foldmain): calling OPLS_2005 atomtyping ...
%IMPACT-I(foldmain): finished parameter assignment
 Beginning CREATE subtask QUIT                                                  

 ---------------------------------
 Beginning IMPACT task: DOCK
 Beginning DOCK subtask LIGA                                                    
 Beginning DOCK subtask SCRE                                                    
 Beginning DOCK subtask PARA                                                    
 Beginning DOCK subtask CONF                                                    
     Energy parameters obtained from atomtyping: 
  
 ** Entering Conformation Generator ** 
  
 Number of rotatable bonds            1
 Core rotatable bonds, max cores            1        1000
 confgen time  user:        0.56  system:        0.02  elapse:        0.63
 Beginning DOCK subtask RUN                                                     
 Beginning DOCK subtask QUIT                                                    
 dock time  user:       81.80  system:        0.27  elapse:       83.41

 ---------------------------------
 Beginning IMPACT task: DOCK
 Beginning DOCK subtask SMOO                                                    
 Beginning DOCK subtask LIGA                                                    
 Beginning DOCK subtask SCRE                                                    
 Beginning DOCK subtask PARA                                                    
 Beginning DOCK subtask MINI                                                    
%IMPACT-I (info): At line  76
 %IMPACT-I: Glide Extra Precision Mode active.
 Beginning DOCK subtask SCOR                                                    
 Beginning DOCK subtask REPO                                                    
 Beginning DOCK subtask RUN                                                     
%IMPACT-I (info): At line  80
 %IMPACT-I: For Glide Extra Precision mode, will use maxref =   800
    2 poses will be postminimized for this ligand
REFINEMENT RESULTS FOR LIGAND        9 (SGS nophenyl)
Best XP pose:     8;  GlideScore =     -4.79 Emodel =    -33.08 E =    -32.92 Eint =     2.39
 xp time  user:       55.52  system:        0.11  elapse:       56.93
 Beginning DOCK subtask QUIT                                                    
 dock time  user:       90.41  system:        0.28  elapse:       92.70

 ---------------------------------
 Beginning IMPACT task: CREA
 Beginning CREATE subtask BUIL                                                  
 Beginning CREATE subtask BUIL                                                  
%IMPACT-I(foldmain): calling OPLS_2005 atomtyping ...
%IMPACT-I(foldmain): finished parameter assignment
 Beginning CREATE subtask QUIT                                                  

 ---------------------------------
 Beginning IMPACT task: DOCK
 Beginning DOCK subtask LIGA                                                    
 Beginning DOCK subtask SCRE                                                    
 Beginning DOCK subtask PARA                                                    
 Beginning DOCK subtask CONF                                                    
     Energy parameters obtained from atomtyping: 
  
 ** Entering Conformation Generator ** 
  
 Number of rotatable bonds            1
 Core rotatable bonds, max cores            1        1000
 confgen time  user:        0.62  system:        0.02  elapse:        0.69
 Beginning DOCK subtask RUN                                                     
 Beginning DOCK subtask QUIT                                                    
 dock time  user:       90.56  system:        0.28  elapse:       92.86

 ---------------------------------
 Beginning IMPACT task: DOCK
 Beginning DOCK subtask SMOO                                                    
 Beginning DOCK subtask LIGA                                                    
 Beginning DOCK subtask SCRE                                                    
 Beginning DOCK subtask PARA                                                    
 Beginning DOCK subtask MINI                                                    
%IMPACT-I (info): At line  76
 %IMPACT-I: Glide Extra Precision Mode active.
 Beginning DOCK subtask SCOR                                                    
 Beginning DOCK subtask REPO                                                    
 Beginning DOCK subtask RUN                                                     
%IMPACT-I (info): At line  80
 %IMPACT-I: For Glide Extra Precision mode, will use maxref =   800
    2 poses will be postminimized for this ligand
REFINEMENT RESULTS FOR LIGAND       10 (SGS nophenyl)
Best XP pose:    19;  GlideScore =     -4.87 Emodel =     30.09 E =    -38.28 Eint =     0.99
 xp time  user:       65.70  system:        0.12  elapse:       67.14
 Beginning DOCK subtask QUIT                                                    
 dock time  user:      104.20  system:        0.29  elapse:      106.53

 ---------------------------------
 Beginning IMPACT task: CREA
 Beginning CREATE subtask BUIL                                                  
 Beginning CREATE subtask BUIL                                                  
%IMPACT-I(foldmain): calling OPLS_2005 atomtyping ...
%IMPACT-I(foldmain): finished parameter assignment
 Beginning CREATE subtask QUIT                                                  

 ---------------------------------
 Beginning IMPACT task: DOCK
 Beginning DOCK subtask LIGA                                                    
 Beginning DOCK subtask SCRE                                                    
 Beginning DOCK subtask PARA                                                    
 Beginning DOCK subtask CONF                                                    
     Energy parameters obtained from atomtyping: 
  
 ** Entering Conformation Generator ** 
  
 Number of rotatable bonds            1
 Core rotatable bonds, max cores            1        1000
 confgen time  user:        0.67  system:        0.02  elapse:        0.74
 Beginning DOCK subtask RUN                                                     
 Beginning DOCK subtask QUIT                                                    
 dock time  user:      104.39  system:        0.29  elapse:      106.72

 ---------------------------------
 Beginning IMPACT task: DOCK
 Beginning DOCK subtask SMOO                                                    
 Beginning DOCK subtask LIGA                                                    
 Beginning DOCK subtask SCRE                                                    
 Beginning DOCK subtask PARA                                                    
 Beginning DOCK subtask MINI                                                    
%IMPACT-I (info): At line  76
 %IMPACT-I: Glide Extra Precision Mode active.
 Beginning DOCK subtask SCOR                                                    
 Beginning DOCK subtask REPO                                                    
 Beginning DOCK subtask RUN                                                     
%IMPACT-I (info): At line  80
 %IMPACT-I: For Glide Extra Precision mode, will use maxref =   800
    2 poses will be postminimized for this ligand
REFINEMENT RESULTS FOR LIGAND       11 (SGS nophenyl)
Best XP pose:     2;  GlideScore =     -4.91 Emodel =    -19.06 E =    -26.95 Eint =     1.80
 xp time  user:       75.94  system:        0.13  elapse:       77.41
 Beginning DOCK subtask QUIT                                                    
 dock time  user:      118.18  system:        0.30  elapse:      120.54

 ---------------------------------
 Beginning IMPACT task: CREA
 Beginning CREATE subtask BUIL                                                  
 Beginning CREATE subtask BUIL                                                  
%IMPACT-I(foldmain): calling OPLS_2005 atomtyping ...
%IMPACT-I(foldmain): finished parameter assignment
 Beginning CREATE subtask QUIT                                                  

 ---------------------------------
 Beginning IMPACT task: DOCK
 Beginning DOCK subtask LIGA                                                    
 Beginning DOCK subtask SCRE                                                    
 Beginning DOCK subtask PARA                                                    
 Beginning DOCK subtask CONF                                                    
     Energy parameters obtained from atomtyping: 
  
 ** Entering Conformation Generator ** 
  
 Number of rotatable bonds            1
 Core rotatable bonds, max cores            1        1000
 confgen time  user:        0.72  system:        0.02  elapse:        0.79
 Beginning DOCK subtask RUN                                                     
 Beginning DOCK subtask QUIT                                                    
 dock time  user:      118.36  system:        0.30  elapse:      120.72

 ---------------------------------
 Beginning IMPACT task: DOCK
 Beginning DOCK subtask SMOO                                                    
 Beginning DOCK subtask LIGA                                                    
 Beginning DOCK subtask SCRE                                                    
 Beginning DOCK subtask PARA                                                    
 Beginning DOCK subtask MINI                                                    
%IMPACT-I (info): At line  76
 %IMPACT-I: Glide Extra Precision Mode active.
 Beginning DOCK subtask SCOR                                                    
 Beginning DOCK subtask REPO                                                    
 Beginning DOCK subtask RUN                                                     
%IMPACT-I (info): At line  80
 %IMPACT-I: For Glide Extra Precision mode, will use maxref =   800
    2 poses will be postminimized for this ligand
REFINEMENT RESULTS FOR LIGAND       12 (SGS nophenyl)
Best XP pose:     1;  GlideScore =     -4.91 Emodel =    -19.16 E =    -26.79 Eint =     1.77
 xp time  user:       85.55  system:        0.14  elapse:       87.06
 Beginning DOCK subtask QUIT                                                    
 dock time  user:      131.55  system:        0.31  elapse:      133.95

 ---------------------------------
 Beginning IMPACT task: CREA
 Beginning CREATE subtask BUIL                                                  
 Beginning CREATE subtask BUIL                                                  
%IMPACT-I(foldmain): calling OPLS_2005 atomtyping ...
%IMPACT-I(foldmain): finished parameter assignment
 Beginning CREATE subtask QUIT                                                  

 ---------------------------------
 Beginning IMPACT task: DOCK
 Beginning DOCK subtask LIGA                                                    
 Beginning DOCK subtask SCRE                                                    
 Beginning DOCK subtask PARA                                                    
 Beginning DOCK subtask CONF                                                    
     Energy parameters obtained from atomtyping: 
  
 ** Entering Conformation Generator ** 
  
 Number of rotatable bonds            1
 Core rotatable bonds, max cores            1        1000
 confgen time  user:        0.77  system:        0.02  elapse:        0.83
 Beginning DOCK subtask RUN                                                     
 Beginning DOCK subtask QUIT                                                    
 dock time  user:      131.71  system:        0.31  elapse:      134.10

 ---------------------------------
 Beginning IMPACT task: DOCK
 Beginning DOCK subtask SMOO                                                    
 Beginning DOCK subtask LIGA                                                    
 Beginning DOCK subtask SCRE                                                    
 Beginning DOCK subtask PARA                                                    
 Beginning DOCK subtask MINI                                                    
%IMPACT-I (info): At line  76
 %IMPACT-I: Glide Extra Precision Mode active.
 Beginning DOCK subtask SCOR                                                    
 Beginning DOCK subtask REPO                                                    
 Beginning DOCK subtask RUN                                                     
%IMPACT-I (info): At line  80
 %IMPACT-I: For Glide Extra Precision mode, will use maxref =   800
    1 poses will be postminimized for this ligand
REFINEMENT RESULTS FOR LIGAND       13 (SGS nophenyl)
Best XP pose:     3;  GlideScore =     -3.62 Emodel =    -30.44 E =    -19.12 Eint =     0.66
 xp time  user:       90.70  system:        0.15  elapse:       92.23
 Beginning DOCK subtask QUIT                                                    
 dock time  user:      140.45  system:        0.32  elapse:      142.91

 ---------------------------------
 Beginning IMPACT task: CREA
 Beginning CREATE subtask BUIL                                                  
 Beginning CREATE subtask BUIL                                                  
%IMPACT-I(foldmain): calling OPLS_2005 atomtyping ...
%IMPACT-I(foldmain): finished parameter assignment
 Beginning CREATE subtask QUIT                                                  

 ---------------------------------
 Beginning IMPACT task: DOCK
 Beginning DOCK subtask LIGA                                                    
 Beginning DOCK subtask SCRE                                                    
 Beginning DOCK subtask PARA                                                    
 Beginning DOCK subtask CONF                                                    
     Energy parameters obtained from atomtyping: 
  
 ** Entering Conformation Generator ** 
  
 Number of rotatable bonds            1
 Core rotatable bonds, max cores            1        1000
 confgen time  user:        0.81  system:        0.02  elapse:        0.87
 Beginning DOCK subtask RUN                                                     
 Beginning DOCK subtask QUIT                                                    
 dock time  user:      140.62  system:        0.32  elapse:      143.08

 ---------------------------------
 Beginning IMPACT task: DOCK
 Beginning DOCK subtask SMOO                                                    
 Beginning DOCK subtask LIGA                                                    
 Beginning DOCK subtask SCRE                                                    
 Beginning DOCK subtask PARA                                                    
 Beginning DOCK subtask MINI                                                    
%IMPACT-I (info): At line  76
 %IMPACT-I: Glide Extra Precision Mode active.
 Beginning DOCK subtask SCOR                                                    
 Beginning DOCK subtask REPO                                                    
 Beginning DOCK subtask RUN                                                     
%IMPACT-I (info): At line  80
 %IMPACT-I: For Glide Extra Precision mode, will use maxref =   800
    1 poses will be postminimized for this ligand
REFINEMENT RESULTS FOR LIGAND       14 (SGS nophenyl)
Best XP pose:    34;  GlideScore =     -3.64 Emodel =    -22.97 E =    -21.82 Eint =     2.71
 xp time  user:      102.98  system:        0.16  elapse:      104.55
 Beginning DOCK subtask QUIT                                                    
 dock time  user:      156.22  system:        0.33  elapse:      158.73

 ---------------------------------
 Beginning IMPACT task: CREA
 Beginning CREATE subtask BUIL                                                  
 Beginning CREATE subtask BUIL                                                  
%IMPACT-I(foldmain): calling OPLS_2005 atomtyping ...
%IMPACT-I(foldmain): finished parameter assignment
 Beginning CREATE subtask QUIT                                                  

 ---------------------------------
 Beginning IMPACT task: DOCK
 Beginning DOCK subtask LIGA                                                    
 Beginning DOCK subtask SCRE                                                    
 Beginning DOCK subtask PARA                                                    
 Beginning DOCK subtask CONF                                                    
     Energy parameters obtained from atomtyping: 
  
 ** Entering Conformation Generator ** 
  
 Number of rotatable bonds            1
 Core rotatable bonds, max cores            1        1000
 confgen time  user:        0.86  system:        0.02  elapse:        0.91
 Beginning DOCK subtask RUN                                                     
 Beginning DOCK subtask QUIT                                                    
 dock time  user:      156.40  system:        0.33  elapse:      158.91

 ---------------------------------
 Beginning IMPACT task: DOCK
 Beginning DOCK subtask SMOO                                                    
 Beginning DOCK subtask LIGA                                                    
 Beginning DOCK subtask SCRE                                                    
 Beginning DOCK subtask PARA                                                    
 Beginning DOCK subtask MINI                                                    
%IMPACT-I (info): At line  76
 %IMPACT-I: Glide Extra Precision Mode active.
 Beginning DOCK subtask SCOR                                                    
 Beginning DOCK subtask REPO                                                    
 Beginning DOCK subtask RUN                                                     
%IMPACT-I (info): At line  80
 %IMPACT-I: For Glide Extra Precision mode, will use maxref =   800
    1 poses will be postminimized for this ligand
REFINEMENT RESULTS FOR LIGAND       15 (SGS nophenyl)
Best XP pose:     3;  GlideScore =     -3.63 Emodel =    -31.93 E =    -22.06 Eint =     2.84
 xp time  user:      114.38  system:        0.17  elapse:      115.99
 Beginning DOCK subtask QUIT                                                    
 dock time  user:      171.36  system:        0.34  elapse:      173.92

 ---------------------------------
 Beginning IMPACT task: CREA
 Beginning CREATE subtask BUIL                                                  
 Beginning CREATE subtask BUIL                                                  
%IMPACT-I(foldmain): calling OPLS_2005 atomtyping ...
%IMPACT-I(foldmain): finished parameter assignment
 Beginning CREATE subtask QUIT                                                  

 ---------------------------------
 Beginning IMPACT task: DOCK
 Beginning DOCK subtask LIGA                                                    
 Beginning DOCK subtask SCRE                                                    
 Beginning DOCK subtask PARA                                                    
 Beginning DOCK subtask CONF                                                    
     Energy parameters obtained from atomtyping: 
  
 ** Entering Conformation Generator ** 
  
 Number of rotatable bonds            1
 Core rotatable bonds, max cores            1        1000
 confgen time  user:        0.91  system:        0.02  elapse:        0.96
 Beginning DOCK subtask RUN                                                     
 Beginning DOCK subtask QUIT                                                    
 dock time  user:      171.54  system:        0.34  elapse:      174.09

 ---------------------------------
 Beginning IMPACT task: DOCK
 Beginning DOCK subtask SMOO                                                    
 Beginning DOCK subtask LIGA                                                    
 Beginning DOCK subtask SCRE                                                    
 Beginning DOCK subtask PARA                                                    
 Beginning DOCK subtask MINI                                                    
%IMPACT-I (info): At line  76
 %IMPACT-I: Glide Extra Precision Mode active.
 Beginning DOCK subtask SCOR                                                    
 Beginning DOCK subtask REPO                                                    
 Beginning DOCK subtask RUN                                                     
%IMPACT-I (info): At line  80
 %IMPACT-I: For Glide Extra Precision mode, will use maxref =   800
