 Entering IMPACT execution environment 
 Date: Friday, January 16 2015, at 11:34:14 EST
 ---------------------------------------------------------------------------
 Glide version 65013
 mmshare version        28013
 Copyright (c) Schrodinger, LLC.
 All Rights Reserved.

 For hardware platform Linux-x86_64.openmpi
 Compiled on: Fri Nov 7 18:58:43 EST 2014
 Host: Linux gpu-1-8.local 2.6.32-358.18.1.el6.x86_64 #1 SMP Wed Aug 28 17:19:38 UTC 2013 x86_64
 Job Name: Subjob00001--DockLigand0.glidetmp27294
 SCHRODINGER  directory: /cbio/jclab/share/schrodinger/schrodinger2014-4
 IMPACT_EXEC  directory: /cbio/jclab/share/schrodinger/schrodinger2014-4/impact-v65013/bin/Linux-x86_64
 MMSHARE_EXEC directory: /cbio/jclab/share/schrodinger/schrodinger2014-4/mmshare-v28013/bin/Linux-x86_64

 This software contains material that is a copyrighted
 work of, and that is licensed from, Rutgers,
 the State University of New Jersey.

 This software is provided under license and may be 
 used, copied, transmitted, and stored only in accordance
 with the terms and conditions of that license.
 ---------------------------------------------------------------------------

 Job title:        "Subjob00001--DockLigand0"
 Main output file: Subjob00001--DockLigand0.out

                             - Input command file -
 ---------------------------------------------------------------------------
write file -
"Subjob00001--DockLigand0.out" -
      title -
"Subjob00001--DockLigand0" *

PUT 0 INTO 'buildcheck'
PUT 1 INTO 'startlig'
PUT 0 INTO 'endlig'
PUT -1 INTO 'strucseq'

SET FFIELD OPLS_2005

DOCK
  smooth anneal 2
  ligand multiple maxat 300 maxrot 50 -
   ligvdwscale factor 0.800000 ccut 0.150000
  receptor rdiel readzip -
"Subjob00001--CreateGrid-out" -
  constraints  loosedock 2 featurefile -
"Subjob00001--DockLigand0.feat" -
   consname -
"Subjob00001--CreateGrid-out.cons"
  screen  readscreen -
"Subjob00001--CreateGrid-out.save" -
   greedy readgreed -
"Subjob00001--CreateGrid-out_greedy.save" -
   maxkeep 5000 scorecut 100.000000
  parameter setup save   maxconf 1000
  final glidescore
  report setup nreport 0   -
   external file -
"Subjob00001--DockLigand0_raw.maegz" -
   norecep -
   maxperlig 10 rmspose 0.500000 delpose 1.300000 epik
  run
QUIT

PUT 'startlig' INTO 'strucseq'
CREATE
  build primary name lig type auto maxat 300 -
   read maestro file -
"Subjob00001--DockLigand0-in.maegz" -
   gotostruct 'startlig' skip_recep
IF 'buildcheck' LT 0
QUIT
  IF 'buildcheck' EQ -1
    ECHO "END OF LIGAND FILE: Subjob00001--DockLigand0-in.maegz"
  ENDIF
  IF 'buildcheck' EQ -2
     ECHO "ERROR READING LIGAND FILE: Subjob00001--DockLigand0-in.maegz"
  ENDIF
    ECHO "No ligands read; aborting."
    GOTO ABORT
ELSE
  build types name lig
QUIT
ENDIF

PUT 'startlig' INTO 'i'
WHILE ('endlig' LT 1 OR 'i' LE 'endlig')

DOCK
  ligand name lig
  screen
  parameter save
  confgen  torsion amide penal name lig -
   ecut 12.000000
  run
QUIT

DOCK
  smooth anneal 2
  ligand keep
  screen noscore refine maxref 400
  parameter save
  minimize flex itmax 100 dielco 2.000000 -
   postdock 10 ligmin pmitmax 500
  scoring ecvdw 0.000000 hbfilt 0.000000 metalfilt 10.000000 gscorecut 100.000000
  report collect -
   rmspose 0.500000 delpose 1.300000
  run
QUIT
IF ('i' EQ 'endlig')
  ECHO "FINISHED REQUESTED RANGE IN LIGAND FILE: Subjob00001--DockLigand0-in.maegz"
ECHO "Proceeding with final processing of ligands."
  GOTO BREAK
ENDIF

PUT 'i' + 1 INTO 'strucseq'
CREATE
  build primary check name lig type auto maxat 300 -
   read maestro file -
"Subjob00001--DockLigand0-in.maegz" -
   nextstruct

IF 'buildcheck' LT 0
QUIT
  IF 'buildcheck' EQ -1
    ECHO "END OF LIGAND FILE: Subjob00001--DockLigand0-in.maegz"
  ENDIF
  IF 'buildcheck' EQ -2
     ECHO "ERROR READING LIGAND FILE: Subjob00001--DockLigand0-in.maegz"
  ENDIF
ECHO "Proceeding with final processing of ligands."
  GOTO BREAK
ELSE
  build types name lig
QUIT
ENDIF

PUT 'i' + 1 INTO 'i'
ENDWHILE
:BREAK

DOCK
  parameter clean final
  report -
   rmspose 0.500000 delpose 1.300000  write filename -
"Subjob00001--DockLigand0"
  run
QUIT
:ABORT

END
 ---------------------------------------------------------------------------

                             - End of input file -


 ---------------------------------
 Beginning IMPACT task: DOCK
 Beginning DOCK subtask SMOO                                                    
 Beginning DOCK subtask LIGA                                                    
 VdW radii of ligand atoms scaled by   0.800000000000000     
 Charge cutoff for polarity   0.150000000000000     
 Beginning DOCK subtask RECE                                                    
 Beginning DOCK subtask SCRE                                                    
 Beginning DOCK subtask PARA                                                    
 Beginning DOCK subtask FINA                                                    
 Beginning DOCK subtask REPO                                                    
 Beginning DOCK subtask RUN                                                     

GLIDE CONSTRAINTS APPLIED
-------------------------
  1 out of   1 constraints used from file "grid.27313/Subjob00001--CreateGrid-out.cons"
Labels and receptor types of constraints used are:
pos1 (Positional)

All docked poses must satisfy the specified number of
constraints in ALL of the following  1 groups.
Group   1: At least  1 of (pos1)


Rough-score grid dimensions = (   25,    25,    25).
 Set up rough-score grid with dimensions(   25,    25,    25), spacing=    1.0
  125 acceptable sites for ligand center.
 Finished setting up rough-score screening.
 Getting receptor data ...
%IMPACT-I (xdrrd): File grid.27313/Subjob00001--CreateGrid-out.grd opened for reading
 Energy grid dimensions = (   64,    64,    64).
%IMPACT-I (xdrrd): File grid.27313/Subjob00001--CreateGrid-out_coul2.fld opened for reading
%IMPACT-I (xdrrd): File grid.27313/Subjob00001--CreateGrid-out_vdw.fld opened for reading
%IMPACT-I (xdrrd): File grid.27313/Subjob00001--CreateGrid-out.gsc opened for reading
 Finished setting up grids.
 Beginning DOCK subtask QUIT                                                    
 dock time  user:        1.15  system:        0.09  elapse:        1.34

 ---------------------------------
 Beginning IMPACT task: CREA
 Beginning CREATE subtask BUIL                                                  
 Beginning CREATE subtask BUIL                                                  
%IMPACT-I(foldmain): calling OPLS_2005 atomtyping ...
%IMPACT-I(foldmain): finished parameter assignment
 Beginning CREATE subtask QUIT                                                  

 ---------------------------------
 Beginning IMPACT task: DOCK
 Beginning DOCK subtask LIGA                                                    
 Beginning DOCK subtask SCRE                                                    
 Beginning DOCK subtask PARA                                                    
 Beginning DOCK subtask CONF                                                    
     Energy parameters obtained from atomtyping: 
  
 ** Entering Conformation Generator ** 
  
  
  Penalizing non-planar amide torsions 
  
 Number of rotatable bonds            2
 Using templates for ring conformations.
 Core rotatable bonds, max cores            1        1000
 confgen time  user:        0.10  system:        0.03  elapse:        0.18
 Beginning DOCK subtask RUN                                                     
 Beginning DOCK subtask QUIT                                                    
 dock time  user:        1.45  system:        0.13  elapse:        1.83

 ---------------------------------
 Beginning IMPACT task: DOCK
 Beginning DOCK subtask SMOO                                                    
 Beginning DOCK subtask LIGA                                                    
 Beginning DOCK subtask SCRE                                                    
 Beginning DOCK subtask PARA                                                    
 Beginning DOCK subtask MINI                                                    
 Beginning DOCK subtask SCOR                                                    

GlideScore version SP5.0 will be used

  
 Buried polar penalty      0.000
 Coulomb vdW cutoff        0.000
 H bond cutoff             0.000
 Metal-ligand cutoff      10.000
%IMPACT-I (info): At line  78
 %IMPACT-I: Assigning GlideScore SP5.0 parameters
 Beginning DOCK subtask REPO                                                    
 Beginning DOCK subtask RUN                                                     
Postdocking minimization:  10 poses; CvdW cutoffs   100.0 kcal/mol for min,     0.0 kcal/mol for report.
 
Pose  373 Emodel =  -34.31 original =  -25.69 E =  -26.56 GlideScore =   -6.62
Pose 4037 Emodel =  -35.09 original =  -21.23 E =  -28.48 GlideScore =   -5.88
Pose   66 Emodel =  -35.72 original =   -9.87 E =  -28.94 GlideScore =   -5.93
 
Constraint(s) matched for ligand        1, pose     66
Score =     -5.935
Emodel =    -35.725

The output pose satisfies at least the following constraint(s).
pos1 (Type = Positional)
 
Constraint(s) matched for ligand        1, pose   4037
Score =     -5.876
Emodel =    -35.093

The output pose satisfies at least the following constraint(s).
pos1 (Type = Positional)
 
Constraint(s) matched for ligand        1, pose    373
Score =     -6.621
Emodel =    -34.314

The output pose satisfies at least the following constraint(s).
pos1 (Type = Positional)
 
Constraint(s) matched for ligand        1, pose    208
Score =     -5.740
Emodel =    -31.613

The output pose satisfies at least the following constraint(s).
pos1 (Type = Positional)
 
Constraint(s) matched for ligand        1, pose   2381
Score =     -6.401
Emodel =    -29.768

The output pose satisfies at least the following constraint(s).
pos1 (Type = Positional)
 
Constraint(s) matched for ligand        1, pose    101
Score =     -5.843
Emodel =    -29.377

The output pose satisfies at least the following constraint(s).
pos1 (Type = Positional)
 
Constraint(s) matched for ligand        1, pose   4185
Score =     -5.041
Emodel =    -25.529

The output pose satisfies at least the following constraint(s).
pos1 (Type = Positional)
 
Constraint(s) matched for ligand        1, pose   3946
Score =     -5.454
Emodel =    -24.922

The output pose satisfies at least the following constraint(s).
pos1 (Type = Positional)
 
Constraint(s) matched for ligand        1, pose    167
Score =     -2.659
Emodel =    -11.491

The output pose satisfies at least the following constraint(s).
pos1 (Type = Positional)
 
Constraint(s) matched for ligand        1, pose   4843
Score =     -2.407
Emodel =    -11.261

The output pose satisfies at least the following constraint(s).
pos1 (Type = Positional)
 
DOCKING RESULTS FOR LIGAND        1 (SGS nophenyl)
Lowest Efinal =    -28.94 Eint=      0.77 GlideScore =     -5.93, from pose    66, conf     2, lig        1
Best Emodel =    -35.72 E =    -28.94 Eint =     0.77 GlideScore =     -5.93  from pose    66, conf     2, lig        1
 Beginning DOCK subtask QUIT                                                    
 dock time  user:       16.29  system:        0.27  elapse:       16.87

 ---------------------------------
 Beginning IMPACT task: CREA
 Beginning CREATE subtask BUIL                                                  
 Beginning CREATE subtask BUIL                                                  
%IMPACT-I(foldmain): calling OPLS_2005 atomtyping ...
%IMPACT-I(foldmain): finished parameter assignment
 Beginning CREATE subtask QUIT                                                  

 ---------------------------------
 Beginning IMPACT task: DOCK
 Beginning DOCK subtask LIGA                                                    
 Beginning DOCK subtask SCRE                                                    
 Beginning DOCK subtask PARA                                                    
 Beginning DOCK subtask CONF                                                    
     Energy parameters obtained from atomtyping: 
  
 ** Entering Conformation Generator ** 
  
 Number of rotatable bonds            2
 Using templates for ring conformations.
 Core rotatable bonds, max cores            1        1000
 confgen time  user:        0.20  system:        0.04  elapse:        0.28
 Beginning DOCK subtask RUN                                                     
 Beginning DOCK subtask QUIT                                                    
 dock time  user:       16.59  system:        0.28  elapse:       17.17

 ---------------------------------
 Beginning IMPACT task: DOCK
 Beginning DOCK subtask SMOO                                                    
 Beginning DOCK subtask LIGA                                                    
 Beginning DOCK subtask SCRE                                                    
 Beginning DOCK subtask PARA                                                    
 Beginning DOCK subtask MINI                                                    
 Beginning DOCK subtask SCOR                                                    
 Beginning DOCK subtask REPO                                                    
 Beginning DOCK subtask RUN                                                     
 
Pose  225 Emodel =  -34.32 original =  -25.61 E =  -26.57 GlideScore =   -6.62
Pose 2730 Emodel =  -35.90 original =  -21.14 E =  -29.21 GlideScore =   -5.95
 
Constraint(s) matched for ligand        2, pose   2730
Score =     -5.951
Emodel =    -35.900

The output pose satisfies at least the following constraint(s).
pos1 (Type = Positional)
 
Constraint(s) matched for ligand        2, pose    225
Score =     -6.623
Emodel =    -34.324

The output pose satisfies at least the following constraint(s).
pos1 (Type = Positional)
 
Constraint(s) matched for ligand        2, pose   3442
Score =     -5.705
Emodel =    -33.752

The output pose satisfies at least the following constraint(s).
pos1 (Type = Positional)
 
Constraint(s) matched for ligand        2, pose    615
Score =     -5.533
Emodel =    -29.555

The output pose satisfies at least the following constraint(s).
pos1 (Type = Positional)
 
Constraint(s) matched for ligand        2, pose   1519
Score =     -5.236
Emodel =    -26.075

The output pose satisfies at least the following constraint(s).
pos1 (Type = Positional)
 
Constraint(s) matched for ligand        2, pose    718
Score =     -2.487
Emodel =    -11.909

The output pose satisfies at least the following constraint(s).
pos1 (Type = Positional)
 
Constraint(s) matched for ligand        2, pose   1579
Score =     -2.421
Emodel =    -10.914

The output pose satisfies at least the following constraint(s).
pos1 (Type = Positional)
 
Constraint(s) matched for ligand        2, pose   2805
Score =     -1.845
Emodel =     -2.088

The output pose satisfies at least the following constraint(s).
pos1 (Type = Positional)
 
DOCKING RESULTS FOR LIGAND        2 (SGS nophenyl)
Lowest Efinal =    -29.21 Eint=      0.90 GlideScore =     -5.95, from pose  2730, conf     1, lig        2
Best Emodel =    -35.90 E =    -29.21 Eint =     0.90 GlideScore =     -5.95  from pose  2730, conf     1, lig        2
 Beginning DOCK subtask QUIT                                                    
 dock time  user:       31.23  system:        0.41  elapse:       31.99

 ---------------------------------
 Beginning IMPACT task: CREA
 Beginning CREATE subtask BUIL                                                  
 Beginning CREATE subtask BUIL                                                  
%IMPACT-I(foldmain): calling OPLS_2005 atomtyping ...
%IMPACT-I(foldmain): finished parameter assignment
 Beginning CREATE subtask QUIT                                                  

 ---------------------------------
 Beginning IMPACT task: DOCK
 Beginning DOCK subtask LIGA                                                    
 Beginning DOCK subtask SCRE                                                    
 Beginning DOCK subtask PARA                                                    
 Beginning DOCK subtask CONF                                                    
     Energy parameters obtained from atomtyping: 
  
 ** Entering Conformation Generator ** 
  
 Number of rotatable bonds            2
 Using templates for ring conformations.
 Core rotatable bonds, max cores            1        1000
 confgen time  user:        0.29  system:        0.04  elapse:        0.37
 Beginning DOCK subtask RUN                                                     
 Beginning DOCK subtask QUIT                                                    
 dock time  user:       31.51  system:        0.41  elapse:       32.27

 ---------------------------------
 Beginning IMPACT task: DOCK
 Beginning DOCK subtask SMOO                                                    
 Beginning DOCK subtask LIGA                                                    
 Beginning DOCK subtask SCRE                                                    
 Beginning DOCK subtask PARA                                                    
 Beginning DOCK subtask MINI                                                    
 Beginning DOCK subtask SCOR                                                    
 Beginning DOCK subtask REPO                                                    
 Beginning DOCK subtask RUN                                                     
 
Pose  278 Emodel =  -36.29 original =  -25.45 E =  -28.39 GlideScore =   -6.79
Pose 2016 Emodel =  -36.96 original =  -20.89 E =  -30.31 GlideScore =   -5.97
 
Constraint(s) matched for ligand        3, pose   2016
Score =     -5.967
Emodel =    -36.959

The output pose satisfies at least the following constraint(s).
pos1 (Type = Positional)
 
Constraint(s) matched for ligand        3, pose    278
Score =     -6.791
Emodel =    -36.288

The output pose satisfies at least the following constraint(s).
pos1 (Type = Positional)
 
Constraint(s) matched for ligand        3, pose    547
Score =     -5.857
Emodel =    -35.106

The output pose satisfies at least the following constraint(s).
pos1 (Type = Positional)
 
Constraint(s) matched for ligand        3, pose   2974
Score =     -6.407
Emodel =    -29.789

The output pose satisfies at least the following constraint(s).
pos1 (Type = Positional)
 
Constraint(s) matched for ligand        3, pose    126
Score =     -5.841
Emodel =    -29.111

The output pose satisfies at least the following constraint(s).
pos1 (Type = Positional)
 
Constraint(s) matched for ligand        3, pose   4526
Score =     -5.224
Emodel =    -26.562

The output pose satisfies at least the following constraint(s).
pos1 (Type = Positional)
 
Constraint(s) matched for ligand        3, pose    437
Score =     -5.416
Emodel =    -22.681

The output pose satisfies at least the following constraint(s).
pos1 (Type = Positional)
 
Constraint(s) matched for ligand        3, pose   4356
Score =     -2.431
Emodel =    -11.441

The output pose satisfies at least the following constraint(s).
pos1 (Type = Positional)
 
DOCKING RESULTS FOR LIGAND        3 (SGS nophenyl)
Lowest Efinal =    -30.31 Eint=      0.93 GlideScore =     -5.97, from pose  2016, conf     1, lig        3
Best Emodel =    -36.96 E =    -30.31 Eint =     0.93 GlideScore =     -5.97  from pose  2016, conf     1, lig        3
 Beginning DOCK subtask QUIT                                                    
 dock time  user:       46.44  system:        0.56  elapse:       47.42

 ---------------------------------
 Beginning IMPACT task: CREA
 Beginning CREATE subtask BUIL                                                  
 Beginning CREATE subtask BUIL                                                  
%IMPACT-I(foldmain): calling OPLS_2005 atomtyping ...
%IMPACT-I(foldmain): finished parameter assignment
 Beginning CREATE subtask QUIT                                                  

 ---------------------------------
 Beginning IMPACT task: DOCK
 Beginning DOCK subtask LIGA                                                    
 Beginning DOCK subtask SCRE                                                    
 Beginning DOCK subtask PARA                                                    
 Beginning DOCK subtask CONF                                                    
     Energy parameters obtained from atomtyping: 
  
 ** Entering Conformation Generator ** 
  
 Number of rotatable bonds            2
 Using templates for ring conformations.
 Core rotatable bonds, max cores            1        1000
 confgen time  user:        0.37  system:        0.05  elapse:        0.46
 Beginning DOCK subtask RUN                                                     
 Beginning DOCK subtask QUIT                                                    
 dock time  user:       46.70  system:        0.57  elapse:       47.69

 ---------------------------------
 Beginning IMPACT task: DOCK
 Beginning DOCK subtask SMOO                                                    
 Beginning DOCK subtask LIGA                                                    
 Beginning DOCK subtask SCRE                                                    
 Beginning DOCK subtask PARA                                                    
 Beginning DOCK subtask MINI                                                    
 Beginning DOCK subtask SCOR                                                    
 Beginning DOCK subtask REPO                                                    
 Beginning DOCK subtask RUN                                                     
 
Pose 3304 Emodel =  -36.33 original =  -25.50 E =  -28.34 GlideScore =   -6.81
 
Constraint(s) matched for ligand        4, pose   3304
Score =     -6.809
Emodel =    -36.333

The output pose satisfies at least the following constraint(s).
pos1 (Type = Positional)
 
Constraint(s) matched for ligand        4, pose   3356
Score =     -5.884
Emodel =    -35.249

The output pose satisfies at least the following constraint(s).
pos1 (Type = Positional)
 
Constraint(s) matched for ligand        4, pose   2555
Score =     -5.721
Emodel =    -33.134

The output pose satisfies at least the following constraint(s).
pos1 (Type = Positional)
 
Constraint(s) matched for ligand        4, pose   4436
Score =     -6.364
Emodel =    -29.510

The output pose satisfies at least the following constraint(s).
pos1 (Type = Positional)
 
Constraint(s) matched for ligand        4, pose    501
Score =     -5.866
Emodel =    -29.438

The output pose satisfies at least the following constraint(s).
pos1 (Type = Positional)
 
Constraint(s) matched for ligand        4, pose   1468
Score =     -5.191
Emodel =    -26.852

The output pose satisfies at least the following constraint(s).
pos1 (Type = Positional)
 
Constraint(s) matched for ligand        4, pose   3891
Score =     -5.037
Emodel =    -25.392

The output pose satisfies at least the following constraint(s).
pos1 (Type = Positional)
 
Constraint(s) matched for ligand        4, pose   3276
Score =     -2.138
Emodel =     -5.146

The output pose satisfies at least the following constraint(s).
pos1 (Type = Positional)
 
DOCKING RESULTS FOR LIGAND        4 (SGS nophenyl)
Lowest Efinal =    -28.66 Eint=      0.95 GlideScore =     -5.88, from pose  3356, conf     1, lig        4
Best Emodel =    -36.33 E =    -28.34 Eint =     0.36 GlideScore =     -6.81  from pose  3304, conf     3, lig        4
 Beginning DOCK subtask QUIT                                                    
 dock time  user:       61.62  system:        0.71  elapse:       62.79

 ---------------------------------
 Beginning IMPACT task: CREA
 Beginning CREATE subtask BUIL                                                  
 Beginning CREATE subtask BUIL                                                  
%IMPACT-I(foldmain): calling OPLS_2005 atomtyping ...
%IMPACT-I(foldmain): finished parameter assignment
 Beginning CREATE subtask QUIT                                                  

 ---------------------------------
 Beginning IMPACT task: DOCK
 Beginning DOCK subtask LIGA                                                    
 Beginning DOCK subtask SCRE                                                    
 Beginning DOCK subtask PARA                                                    
 Beginning DOCK subtask CONF                                                    
     Energy parameters obtained from atomtyping: 
  
 ** Entering Conformation Generator ** 
  
 Number of rotatable bonds            2
 Using templates for ring conformations.
 Core rotatable bonds, max cores            1        1000
 confgen time  user:        0.46  system:        0.06  elapse:        0.56
 Beginning DOCK subtask RUN                                                     
 Beginning DOCK subtask QUIT                                                    
 dock time  user:       61.92  system:        0.72  elapse:       63.09

 ---------------------------------
 Beginning IMPACT task: DOCK
 Beginning DOCK subtask SMOO                                                    
 Beginning DOCK subtask LIGA                                                    
 Beginning DOCK subtask SCRE                                                    
 Beginning DOCK subtask PARA                                                    
 Beginning DOCK subtask MINI                                                    
 Beginning DOCK subtask SCOR                                                    
 Beginning DOCK subtask REPO                                                    
 Beginning DOCK subtask RUN                                                     
 
Pose 2254 Emodel =  -33.94 original =  -22.84 E =  -28.03 GlideScore =   -6.79
Pose  621 Emodel =  -34.59 original =  -15.73 E =  -29.67 GlideScore =   -5.98
 
Constraint(s) matched for ligand        5, pose    621
Score =     -5.984
Emodel =    -34.590

The output pose satisfies at least the following constraint(s).
pos1 (Type = Positional)
 
Constraint(s) matched for ligand        5, pose   2254
Score =     -6.794
Emodel =    -33.940

The output pose satisfies at least the following constraint(s).
pos1 (Type = Positional)
 
Constraint(s) matched for ligand        5, pose   2808
Score =     -5.901
Emodel =    -33.302

The output pose satisfies at least the following constraint(s).
pos1 (Type = Positional)
 
Constraint(s) matched for ligand        5, pose    393
Score =     -6.270
Emodel =    -27.389

The output pose satisfies at least the following constraint(s).
pos1 (Type = Positional)
 
Constraint(s) matched for ligand        5, pose    762
Score =     -5.412
Emodel =    -27.009

The output pose satisfies at least the following constraint(s).
pos1 (Type = Positional)
 
Constraint(s) matched for ligand        5, pose   2320
Score =     -5.804
Emodel =    -25.707

The output pose satisfies at least the following constraint(s).
pos1 (Type = Positional)
 
Constraint(s) matched for ligand        5, pose   4557
Score =     -5.025
Emodel =    -25.632

The output pose satisfies at least the following constraint(s).
pos1 (Type = Positional)
 
Constraint(s) matched for ligand        5, pose   2628
Score =     -2.375
Emodel =     -6.702

The output pose satisfies at least the following constraint(s).
pos1 (Type = Positional)
 
Constraint(s) matched for ligand        5, pose    515
Score =     -2.111
Emodel =     -4.054

The output pose satisfies at least the following constraint(s).
pos1 (Type = Positional)
 
DOCKING RESULTS FOR LIGAND        5 (SGS nophenyl)
Lowest Efinal =    -29.67 Eint=      1.81 GlideScore =     -5.98, from pose   621, conf     3, lig        5
Best Emodel =    -34.59 E =    -29.67 Eint =     1.81 GlideScore =     -5.98  from pose   621, conf     3, lig        5
 Beginning DOCK subtask QUIT                                                    
 dock time  user:       76.37  system:        0.85  elapse:       77.72

 ---------------------------------
 Beginning IMPACT task: CREA
 Beginning CREATE subtask BUIL                                                  
 Beginning CREATE subtask BUIL                                                  
%IMPACT-I(foldmain): calling OPLS_2005 atomtyping ...
%IMPACT-I(foldmain): finished parameter assignment
 Beginning CREATE subtask QUIT                                                  

 ---------------------------------
 Beginning IMPACT task: DOCK
 Beginning DOCK subtask LIGA                                                    
 Beginning DOCK subtask SCRE                                                    
 Beginning DOCK subtask PARA                                                    
 Beginning DOCK subtask CONF                                                    
     Energy parameters obtained from atomtyping: 
  
 ** Entering Conformation Generator ** 
  
 Number of rotatable bonds            2
 Using templates for ring conformations.
 Core rotatable bonds, max cores            1        1000
 confgen time  user:        0.56  system:        0.07  elapse:        0.66
 Beginning DOCK subtask RUN                                                     
 Beginning DOCK subtask QUIT                                                    
 dock time  user:       76.70  system:        0.86  elapse:       78.05

 ---------------------------------
 Beginning IMPACT task: DOCK
 Beginning DOCK subtask SMOO                                                    
 Beginning DOCK subtask LIGA                                                    
 Beginning DOCK subtask SCRE                                                    
 Beginning DOCK subtask PARA                                                    
 Beginning DOCK subtask MINI                                                    
 Beginning DOCK subtask SCOR                                                    
 Beginning DOCK subtask REPO                                                    
 Beginning DOCK subtask RUN                                                     
 
Pose  872 Emodel =  -34.61 original =  -20.25 E =  -28.51 GlideScore =   -5.91
 
Constraint(s) matched for ligand        6, pose    872
Score =     -5.915
Emodel =    -34.607

The output pose satisfies at least the following constraint(s).
pos1 (Type = Positional)
 
Constraint(s) matched for ligand        6, pose    320
Score =     -6.625
Emodel =    -33.587

The output pose satisfies at least the following constraint(s).
pos1 (Type = Positional)
 
Constraint(s) matched for ligand        6, pose   1096
Score =     -5.578
Emodel =    -28.982

The output pose satisfies at least the following constraint(s).
pos1 (Type = Positional)
 
Constraint(s) matched for ligand        6, pose   4554
Score =     -5.588
Emodel =    -25.568

The output pose satisfies at least the following constraint(s).
pos1 (Type = Positional)
 
Constraint(s) matched for ligand        6, pose   4862
Score =     -2.077
Emodel =     -3.859

The output pose satisfies at least the following constraint(s).
pos1 (Type = Positional)
 
Constraint(s) matched for ligand        6, pose   2393
Score =     -2.056
Emodel =     -3.723

The output pose satisfies at least the following constraint(s).
pos1 (Type = Positional)
 
Constraint(s) matched for ligand        6, pose   3692
Score =     -1.863
Emodel =     -3.048

The output pose satisfies at least the following constraint(s).
pos1 (Type = Positional)
 
DOCKING RESULTS FOR LIGAND        6 (SGS nophenyl)
Lowest Efinal =    -28.51 Eint=      0.73 GlideScore =     -5.91, from pose   872, conf     1, lig        6
Best Emodel =    -34.61 E =    -28.51 Eint =     0.73 GlideScore =     -5.91  from pose   872, conf     1, lig        6
%IMPACT-W (warning): At line  81
 %IMPACT-W: The above ligand had one or more atoms outside the grid box
  during energy evaluation or minimization.
 Beginning DOCK subtask QUIT                                                    
 dock time  user:       91.39  system:        1.00  elapse:       92.92

 ---------------------------------
 Beginning IMPACT task: CREA
 Beginning CREATE subtask BUIL                                                  
 Beginning CREATE subtask BUIL                                                  
%IMPACT-I(foldmain): calling OPLS_2005 atomtyping ...
%IMPACT-I(foldmain): finished parameter assignment
 Beginning CREATE subtask QUIT                                                  

 ---------------------------------
 Beginning IMPACT task: DOCK
 Beginning DOCK subtask LIGA                                                    
 Beginning DOCK subtask SCRE                                                    
 Beginning DOCK subtask PARA                                                    
 Beginning DOCK subtask CONF                                                    
     Energy parameters obtained from atomtyping: 
  
 ** Entering Conformation Generator ** 
  
 Number of rotatable bonds            2
 Using templates for ring conformations.
 Core rotatable bonds, max cores            1        1000
 confgen time  user:        0.65  system:        0.07  elapse:        0.76
 Beginning DOCK subtask RUN                                                     
 Beginning DOCK subtask QUIT                                                    
 dock time  user:       91.65  system:        1.00  elapse:       93.19

 ---------------------------------
 Beginning IMPACT task: DOCK
 Beginning DOCK subtask SMOO                                                    
 Beginning DOCK subtask LIGA                                                    
 Beginning DOCK subtask SCRE                                                    
 Beginning DOCK subtask PARA                                                    
 Beginning DOCK subtask MINI                                                    
 Beginning DOCK subtask SCOR                                                    
 Beginning DOCK subtask REPO                                                    
 Beginning DOCK subtask RUN                                                     
 
Pose 2317 Emodel =  -34.92 original =  -24.71 E =  -28.23 GlideScore =   -6.76
Pose 1248 Emodel =  -37.24 original =  -17.62 E =  -31.65 GlideScore =   -6.08
 
Constraint(s) matched for ligand        7, pose   1248
Score =     -6.077
Emodel =    -37.236

The output pose satisfies at least the following constraint(s).
pos1 (Type = Positional)
 
Constraint(s) matched for ligand        7, pose   2317
Score =     -6.759
Emodel =    -34.920

The output pose satisfies at least the following constraint(s).
pos1 (Type = Positional)
 
Constraint(s) matched for ligand        7, pose    597
Score =     -6.781
Emodel =    -32.835

The output pose satisfies at least the following constraint(s).
pos1 (Type = Positional)
 
Constraint(s) matched for ligand        7, pose    508
Score =     -6.026
Emodel =    -28.619

The output pose satisfies at least the following constraint(s).
pos1 (Type = Positional)
 
Constraint(s) matched for ligand        7, pose   1009
Score =     -5.501
Emodel =    -27.998

The output pose satisfies at least the following constraint(s).
pos1 (Type = Positional)
 
Constraint(s) matched for ligand        7, pose    203
Score =     -5.029
Emodel =    -20.444

The output pose satisfies at least the following constraint(s).
pos1 (Type = Positional)
 
Constraint(s) matched for ligand        7, pose   3553
Score =     -2.423
Emodel =    -11.273

The output pose satisfies at least the following constraint(s).
pos1 (Type = Positional)
 
Constraint(s) matched for ligand        7, pose   4966
Score =     -2.487
Emodel =    -10.045

The output pose satisfies at least the following constraint(s).
pos1 (Type = Positional)
 
Constraint(s) matched for ligand        7, pose   1889
Score =     -2.164
Emodel =     -4.421

The output pose satisfies at least the following constraint(s).
pos1 (Type = Positional)
 
DOCKING RESULTS FOR LIGAND        7 (SGS nophenyl)
Lowest Efinal =    -31.65 Eint=      1.24 GlideScore =     -6.08, from pose  1248, conf     1, lig        7
Best Emodel =    -37.24 E =    -31.65 Eint =     1.24 GlideScore =     -6.08  from pose  1248, conf     1, lig        7
 Beginning DOCK subtask QUIT                                                    
 dock time  user:      106.59  system:        1.14  elapse:      108.34

 ---------------------------------
 Beginning IMPACT task: CREA
 Beginning CREATE subtask BUIL                                                  
 Beginning CREATE subtask BUIL                                                  
%IMPACT-I(foldmain): calling OPLS_2005 atomtyping ...
%IMPACT-I(foldmain): finished parameter assignment
 Beginning CREATE subtask QUIT                                                  

 ---------------------------------
 Beginning IMPACT task: DOCK
 Beginning DOCK subtask LIGA                                                    
 Beginning DOCK subtask SCRE                                                    
 Beginning DOCK subtask PARA                                                    
 Beginning DOCK subtask CONF                                                    
     Energy parameters obtained from atomtyping: 
  
 ** Entering Conformation Generator ** 
  
 Number of rotatable bonds            2
 Using templates for ring conformations.
 Core rotatable bonds, max cores            1        1000
 confgen time  user:        0.74  system:        0.08  elapse:        0.87
 Beginning DOCK subtask RUN                                                     
 Beginning DOCK subtask QUIT                                                    
 dock time  user:      106.85  system:        1.15  elapse:      108.61

 ---------------------------------
 Beginning IMPACT task: DOCK
 Beginning DOCK subtask SMOO                                                    
 Beginning DOCK subtask LIGA                                                    
 Beginning DOCK subtask SCRE                                                    
 Beginning DOCK subtask PARA                                                    
 Beginning DOCK subtask MINI                                                    
 Beginning DOCK subtask SCOR                                                    
 Beginning DOCK subtask REPO                                                    
 Beginning DOCK subtask RUN                                                     
 
Pose 3323 Emodel =  -34.33 original =  -23.81 E =  -28.48 GlideScore =   -5.90
Pose 3815 Emodel =  -37.26 original =  -12.12 E =  -31.47 GlideScore =   -6.13
 
Constraint(s) matched for ligand        8, pose   3815
Score =     -6.134
Emodel =    -37.258

The output pose satisfies at least the following constraint(s).
pos1 (Type = Positional)
 
Constraint(s) matched for ligand        8, pose   3323
Score =     -5.902
Emodel =    -34.333

The output pose satisfies at least the following constraint(s).
pos1 (Type = Positional)
 
Constraint(s) matched for ligand        8, pose    392
Score =     -6.623
Emodel =    -33.157

The output pose satisfies at least the following constraint(s).
pos1 (Type = Positional)
 
Constraint(s) matched for ligand        8, pose    490
Score =     -5.833
Emodel =    -28.421

The output pose satisfies at least the following constraint(s).
pos1 (Type = Positional)
 
Constraint(s) matched for ligand        8, pose   4493
Score =     -5.715
Emodel =    -26.847

The output pose satisfies at least the following constraint(s).
pos1 (Type = Positional)
 
Constraint(s) matched for ligand        8, pose    612
Score =     -6.432
Emodel =    -26.776

The output pose satisfies at least the following constraint(s).
pos1 (Type = Positional)
 
Constraint(s) matched for ligand        8, pose    696
Score =     -5.362
Emodel =    -26.753

The output pose satisfies at least the following constraint(s).
pos1 (Type = Positional)
 
Constraint(s) matched for ligand        8, pose   2385
Score =     -5.238
Emodel =    -25.544

The output pose satisfies at least the following constraint(s).
pos1 (Type = Positional)
 
Constraint(s) matched for ligand        8, pose   2914
Score =     -2.056
Emodel =     -3.547

The output pose satisfies at least the following constraint(s).
pos1 (Type = Positional)
 
DOCKING RESULTS FOR LIGAND        8 (SGS nophenyl)
Lowest Efinal =    -31.47 Eint=      0.99 GlideScore =     -6.13, from pose  3815, conf     2, lig        8
Best Emodel =    -37.26 E =    -31.47 Eint =     0.99 GlideScore =     -6.13  from pose  3815, conf     2, lig        8
 Beginning DOCK subtask QUIT                                                    
 dock time  user:      121.63  system:        1.28  elapse:      123.56

 ---------------------------------
 Beginning IMPACT task: CREA
 Beginning CREATE subtask BUIL                                                  
 Beginning CREATE subtask BUIL                                                  
%IMPACT-I(foldmain): calling OPLS_2005 atomtyping ...
%IMPACT-I(foldmain): finished parameter assignment
 Beginning CREATE subtask QUIT                                                  

 ---------------------------------
 Beginning IMPACT task: DOCK
 Beginning DOCK subtask LIGA                                                    
 Beginning DOCK subtask SCRE                                                    
 Beginning DOCK subtask PARA                                                    
 Beginning DOCK subtask CONF                                                    
     Energy parameters obtained from atomtyping: 
  
 ** Entering Conformation Generator ** 
  
 Number of rotatable bonds            2
 Using templates for ring conformations.
 Total ring / N-inversion conformations     2
 Core rotatable bonds, max cores            1        1000
 confgen time  user:        0.83  system:        0.09  elapse:        0.97
 Beginning DOCK subtask RUN                                                     
 Beginning DOCK subtask QUIT                                                    
 dock time  user:      122.04  system:        1.29  elapse:      123.98

 ---------------------------------
 Beginning IMPACT task: DOCK
 Beginning DOCK subtask SMOO                                                    
 Beginning DOCK subtask LIGA                                                    
 Beginning DOCK subtask SCRE                                                    
 Beginning DOCK subtask PARA                                                    
 Beginning DOCK subtask MINI                                                    
 Beginning DOCK subtask SCOR                                                    
 Beginning DOCK subtask REPO                                                    
 Beginning DOCK subtask RUN                                                     
 
Pose 3245 Emodel =  -32.39 original =  -16.64 E =  -28.60 GlideScore =   -5.64
 
Constraint(s) matched for ligand        9, pose   3245
Score =     -5.643
Emodel =    -32.385

The output pose satisfies at least the following constraint(s).
pos1 (Type = Positional)
 
Constraint(s) matched for ligand        9, pose   4677
Score =     -6.301
Emodel =    -32.354

The output pose satisfies at least the following constraint(s).
pos1 (Type = Positional)
 
Constraint(s) matched for ligand        9, pose    197
Score =     -5.360
Emodel =    -31.988

The output pose satisfies at least the following constraint(s).
pos1 (Type = Positional)
 
Constraint(s) matched for ligand        9, pose    479
Score =     -5.357
Emodel =    -24.721

The output pose satisfies at least the following constraint(s).
pos1 (Type = Positional)
 
Constraint(s) matched for ligand        9, pose    261
Score =     -5.207
Emodel =    -22.266

The output pose satisfies at least the following constraint(s).
pos1 (Type = Positional)
 
Constraint(s) matched for ligand        9, pose   1091
Score =     -4.709
Emodel =    -21.098

The output pose satisfies at least the following constraint(s).
pos1 (Type = Positional)
 
Constraint(s) matched for ligand        9, pose   2201
Score =     -5.026
Emodel =    -20.574

The output pose satisfies at least the following constraint(s).
pos1 (Type = Positional)
 
Constraint(s) matched for ligand        9, pose   1075
Score =     -4.570
Emodel =    -19.143

The output pose satisfies at least the following constraint(s).
pos1 (Type = Positional)
 
Constraint(s) matched for ligand        9, pose   3497
Score =     -5.355
Emodel =    -18.125

The output pose satisfies at least the following constraint(s).
pos1 (Type = Positional)
 
Constraint(s) matched for ligand        9, pose   2548
Score =     -1.940
Emodel =     -2.392

The output pose satisfies at least the following constraint(s).
pos1 (Type = Positional)
 
DOCKING RESULTS FOR LIGAND        9 (SGS nophenyl)
Lowest Efinal =    -28.60 Eint=      0.68 GlideScore =     -5.64, from pose  3245, conf     3, lig        9
Best Emodel =    -32.39 E =    -28.60 Eint =     0.68 GlideScore =     -5.64  from pose  3245, conf     3, lig        9
 Beginning DOCK subtask QUIT                                                    
 dock time  user:      136.24  system:        1.42  elapse:      138.35

 ---------------------------------
 Beginning IMPACT task: CREA
 Beginning CREATE subtask BUIL                                                  
 Beginning CREATE subtask BUIL                                                  
%IMPACT-I(foldmain): calling OPLS_2005 atomtyping ...
%IMPACT-I(foldmain): finished parameter assignment
 Beginning CREATE subtask QUIT                                                  

 ---------------------------------
 Beginning IMPACT task: DOCK
 Beginning DOCK subtask LIGA                                                    
 Beginning DOCK subtask SCRE                                                    
 Beginning DOCK subtask PARA                                                    
 Beginning DOCK subtask CONF                                                    
     Energy parameters obtained from atomtyping: 
  
 ** Entering Conformation Generator ** 
  
 Number of rotatable bonds            2
 Using templates for ring conformations.
 Total ring / N-inversion conformations     2
 Core rotatable bonds, max cores            1        1000
 confgen time  user:        0.92  system:        0.10  elapse:        1.06
 Beginning DOCK subtask RUN                                                     
 Beginning DOCK subtask QUIT                                                    
 dock time  user:      136.67  system:        1.43  elapse:      138.78

 ---------------------------------
 Beginning IMPACT task: DOCK
 Beginning DOCK subtask SMOO                                                    
 Beginning DOCK subtask LIGA                                                    
 Beginning DOCK subtask SCRE                                                    
 Beginning DOCK subtask PARA                                                    
 Beginning DOCK subtask MINI                                                    
 Beginning DOCK subtask SCOR                                                    
 Beginning DOCK subtask REPO                                                    
 Beginning DOCK subtask RUN                                                     
 
Pose 3867 Emodel =  -31.65 original =  -16.60 E =  -27.91 GlideScore =   -5.59
 
Constraint(s) matched for ligand       10, pose   3867
Score =     -5.587
Emodel =    -31.646

The output pose satisfies at least the following constraint(s).
pos1 (Type = Positional)
 
Constraint(s) matched for ligand       10, pose   2785
Score =     -5.194
Emodel =    -30.010

The output pose satisfies at least the following constraint(s).
pos1 (Type = Positional)
 
Constraint(s) matched for ligand       10, pose   1325
Score =     -5.756
Emodel =    -25.148

The output pose satisfies at least the following constraint(s).
pos1 (Type = Positional)
 
Constraint(s) matched for ligand       10, pose   1425
Score =     -5.357
Emodel =    -24.617

The output pose satisfies at least the following constraint(s).
pos1 (Type = Positional)
 
Constraint(s) matched for ligand       10, pose   1082
Score =     -4.976
Emodel =    -20.040

The output pose satisfies at least the following constraint(s).
pos1 (Type = Positional)
 
Constraint(s) matched for ligand       10, pose   1863
Score =     -4.565
Emodel =    -19.118

The output pose satisfies at least the following constraint(s).
pos1 (Type = Positional)
 
Constraint(s) matched for ligand       10, pose   4279
Score =     -4.610
Emodel =    -18.098

The output pose satisfies at least the following constraint(s).
pos1 (Type = Positional)
 
Constraint(s) matched for ligand       10, pose   4018
Score =     -2.094
Emodel =     -9.305

The output pose satisfies at least the following constraint(s).
pos1 (Type = Positional)
 
Constraint(s) matched for ligand       10, pose   4576
Score =     -1.949
Emodel =     -2.392

The output pose satisfies at least the following constraint(s).
pos1 (Type = Positional)
 
Constraint(s) matched for ligand       10, pose   3761
Score =  10000.000
Emodel =   7290.921

The output pose satisfies at least the following constraint(s).
pos1 (Type = Positional)
 
DOCKING RESULTS FOR LIGAND       10 (SGS nophenyl)
Lowest Efinal =    -27.91 Eint=      0.67 GlideScore =     -5.59, from pose  3867, conf     3, lig       10
Best Emodel =    -31.65 E =    -27.91 Eint =     0.67 GlideScore =     -5.59  from pose  3867, conf     3, lig       10
 Beginning DOCK subtask QUIT                                                    
 dock time  user:      150.80  system:        1.55  elapse:      153.07

 ---------------------------------
 Beginning IMPACT task: CREA
 Beginning CREATE subtask BUIL                                                  
 Beginning CREATE subtask BUIL                                                  
%IMPACT-I(foldmain): calling OPLS_2005 atomtyping ...
%IMPACT-I(foldmain): finished parameter assignment
 Beginning CREATE subtask QUIT                                                  

 ---------------------------------
 Beginning IMPACT task: DOCK
 Beginning DOCK subtask LIGA                                                    
 Beginning DOCK subtask SCRE                                                    
 Beginning DOCK subtask PARA                                                    
 Beginning DOCK subtask CONF                                                    
     Energy parameters obtained from atomtyping: 
  
 ** Entering Conformation Generator ** 
  
 Number of rotatable bonds            2
 Using templates for ring conformations.
 Total ring / N-inversion conformations     2
 Core rotatable bonds, max cores            1        1000
 confgen time  user:        1.02  system:        0.11  elapse:        1.17
 Beginning DOCK subtask RUN                                                     
 Beginning DOCK subtask QUIT                                                    
 dock time  user:      151.26  system:        1.56  elapse:      153.53

 ---------------------------------
 Beginning IMPACT task: DOCK
 Beginning DOCK subtask SMOO                                                    
 Beginning DOCK subtask LIGA                                                    
 Beginning DOCK subtask SCRE                                                    
 Beginning DOCK subtask PARA                                                    
 Beginning DOCK subtask MINI                                                    
 Beginning DOCK subtask SCOR                                                    
 Beginning DOCK subtask REPO                                                    
 Beginning DOCK subtask RUN                                                     
 
Pose 3732 Emodel =  -31.28 original =  -16.55 E =  -27.55 GlideScore =   -5.61
 
Constraint(s) matched for ligand       11, pose   3732
Score =     -5.607
Emodel =    -31.284

The output pose satisfies at least the following constraint(s).
pos1 (Type = Positional)
 
Constraint(s) matched for ligand       11, pose   1905
Score =     -5.346
Emodel =    -30.956

The output pose satisfies at least the following constraint(s).
pos1 (Type = Positional)
 
Constraint(s) matched for ligand       11, pose    828
Score =     -5.557
Emodel =    -26.462

The output pose satisfies at least the following constraint(s).
pos1 (Type = Positional)
 
Constraint(s) matched for ligand       11, pose    456
Score =     -5.357
Emodel =    -24.714

The output pose satisfies at least the following constraint(s).
pos1 (Type = Positional)
 
Constraint(s) matched for ligand       11, pose   3608
Score =     -4.709
Emodel =    -21.084

The output pose satisfies at least the following constraint(s).
pos1 (Type = Positional)
 
Constraint(s) matched for ligand       11, pose    315
Score =     -4.976
Emodel =    -19.802

The output pose satisfies at least the following constraint(s).
pos1 (Type = Positional)
 
Constraint(s) matched for ligand       11, pose    640
Score =     -4.539
Emodel =    -18.342

The output pose satisfies at least the following constraint(s).
pos1 (Type = Positional)
 
Constraint(s) matched for ligand       11, pose   1642
Score =     -1.947
Emodel =     -3.222

The output pose satisfies at least the following constraint(s).
pos1 (Type = Positional)
 
Constraint(s) matched for ligand       11, pose   3025
Score =     -1.853
Emodel =     -2.096

The output pose satisfies at least the following constraint(s).
pos1 (Type = Positional)
 
Constraint(s) matched for ligand       11, pose   1464
Score =  10000.000
Emodel =   7270.311

The output pose satisfies at least the following constraint(s).
pos1 (Type = Positional)
 
DOCKING RESULTS FOR LIGAND       11 (SGS nophenyl)
Lowest Efinal =    -27.55 Eint=      0.67 GlideScore =     -5.61, from pose  3732, conf     3, lig       11
Best Emodel =    -31.28 E =    -27.55 Eint =     0.67 GlideScore =     -5.61  from pose  3732, conf     3, lig       11
 Beginning DOCK subtask QUIT                                                    
 dock time  user:      165.53  system:        1.69  elapse:      169.05

 ---------------------------------
 Beginning IMPACT task: CREA
 Beginning CREATE subtask BUIL                                                  
 Beginning CREATE subtask BUIL                                                  
%IMPACT-I(foldmain): calling OPLS_2005 atomtyping ...
%IMPACT-I(foldmain): finished parameter assignment
 Beginning CREATE subtask QUIT                                                  

 ---------------------------------
 Beginning IMPACT task: DOCK
 Beginning DOCK subtask LIGA                                                    
 Beginning DOCK subtask SCRE                                                    
 Beginning DOCK subtask PARA                                                    
 Beginning DOCK subtask CONF                                                    
     Energy parameters obtained from atomtyping: 
  
 ** Entering Conformation Generator ** 
  
 Number of rotatable bonds            2
 Using templates for ring conformations.
 Total ring / N-inversion conformations     2
 Core rotatable bonds, max cores            1        1000
 confgen time  user:        1.11  system:        0.11  elapse:        1.26
 Beginning DOCK subtask RUN                                                     
 Beginning DOCK subtask QUIT                                                    
 dock time  user:      165.96  system:        1.69  elapse:      169.48

 ---------------------------------
 Beginning IMPACT task: DOCK
 Beginning DOCK subtask SMOO                                                    
 Beginning DOCK subtask LIGA                                                    
 Beginning DOCK subtask SCRE                                                    
 Beginning DOCK subtask PARA                                                    
 Beginning DOCK subtask MINI                                                    
 Beginning DOCK subtask SCOR                                                    
 Beginning DOCK subtask REPO                                                    
 Beginning DOCK subtask RUN                                                     
 
Pose 1804 Emodel =  -31.10 original =  -16.53 E =  -27.38 GlideScore =   -5.59
 
Constraint(s) matched for ligand       12, pose   1804
Score =     -5.590
Emodel =    -31.095

The output pose satisfies at least the following constraint(s).
pos1 (Type = Positional)
 
Constraint(s) matched for ligand       12, pose   1403
Score =     -5.341
Emodel =    -30.966

The output pose satisfies at least the following constraint(s).
pos1 (Type = Positional)
 
Constraint(s) matched for ligand       12, pose   1053
Score =     -5.549
Emodel =    -27.010

The output pose satisfies at least the following constraint(s).
pos1 (Type = Positional)
 
Constraint(s) matched for ligand       12, pose   3099
Score =     -5.565
Emodel =    -26.868

The output pose satisfies at least the following constraint(s).
pos1 (Type = Positional)
 
Constraint(s) matched for ligand       12, pose   1372
Score =     -4.773
Emodel =    -23.020

The output pose satisfies at least the following constraint(s).
pos1 (Type = Positional)
 
Constraint(s) matched for ligand       12, pose   1172
Score =     -4.709
Emodel =    -21.024

The output pose satisfies at least the following constraint(s).
pos1 (Type = Positional)
 
Constraint(s) matched for ligand       12, pose   1526
Score =     -5.138
Emodel =    -20.334

The output pose satisfies at least the following constraint(s).
pos1 (Type = Positional)
 
Constraint(s) matched for ligand       12, pose   3951
Score =     -4.541
Emodel =    -18.528

The output pose satisfies at least the following constraint(s).
pos1 (Type = Positional)
 
Constraint(s) matched for ligand       12, pose   2139
Score =     -1.938
Emodel =     -2.357

The output pose satisfies at least the following constraint(s).
pos1 (Type = Positional)
 
DOCKING RESULTS FOR LIGAND       12 (SGS nophenyl)
Lowest Efinal =    -27.51 Eint=      0.84 GlideScore =     -5.34, from pose  1403, conf     1, lig       12
Best Emodel =    -31.10 E =    -27.38 Eint =     0.67 GlideScore =     -5.59  from pose  1804, conf     3, lig       12
 Beginning DOCK subtask QUIT                                                    
 dock time  user:      180.20  system:        1.84  elapse:      183.90

 ---------------------------------
 Beginning IMPACT task: CREA
 Beginning CREATE subtask BUIL                                                  
 Beginning CREATE subtask BUIL                                                  
%IMPACT-I(foldmain): calling OPLS_2005 atomtyping ...
%IMPACT-I(foldmain): finished parameter assignment
 Beginning CREATE subtask QUIT                                                  

 ---------------------------------
 Beginning IMPACT task: DOCK
 Beginning DOCK subtask LIGA                                                    
 Beginning DOCK subtask SCRE                                                    
 Beginning DOCK subtask PARA                                                    
 Beginning DOCK subtask CONF                                                    
     Energy parameters obtained from atomtyping: 
  
 ** Entering Conformation Generator ** 
  
 Number of rotatable bonds            2
 Using templates for ring conformations.
 Total ring / N-inversion conformations     2
 Core rotatable bonds, max cores            1        1000
 confgen time  user:        1.20  system:        0.11  elapse:        1.35
 Beginning DOCK subtask RUN                                                     
 Beginning DOCK subtask QUIT                                                    
 dock time  user:      180.63  system:        1.84  elapse:      184.33

 ---------------------------------
 Beginning IMPACT task: DOCK
 Beginning DOCK subtask SMOO                                                    
 Beginning DOCK subtask LIGA                                                    
 Beginning DOCK subtask SCRE                                                    
 Beginning DOCK subtask PARA                                                    
 Beginning DOCK subtask MINI                                                    
 Beginning DOCK subtask SCOR                                                    
 Beginning DOCK subtask REPO                                                    
 Beginning DOCK subtask RUN                                                     
 
Pose 3293 Emodel =  -30.08 original =  -20.32 E =  -25.55 GlideScore =   -5.46
Pose   85 Emodel =  -31.66 original =    0.88 E =  -27.51 GlideScore =   -5.36
 
Constraint(s) matched for ligand       13, pose     85
Score =     -5.358
Emodel =    -31.661

The output pose satisfies at least the following constraint(s).
pos1 (Type = Positional)
 
Constraint(s) matched for ligand       13, pose   3293
Score =     -5.459
Emodel =    -30.076

The output pose satisfies at least the following constraint(s).
pos1 (Type = Positional)
 
Constraint(s) matched for ligand       13, pose   2442
Score =     -5.551
Emodel =    -27.779

The output pose satisfies at least the following constraint(s).
pos1 (Type = Positional)
 
Constraint(s) matched for ligand       13, pose   3722
Score =     -5.756
Emodel =    -26.072

The output pose satisfies at least the following constraint(s).
pos1 (Type = Positional)
 
Constraint(s) matched for ligand       13, pose    970
Score =     -4.710
Emodel =    -21.986

The output pose satisfies at least the following constraint(s).
pos1 (Type = Positional)
 
Constraint(s) matched for ligand       13, pose   2176
Score =     -4.999
Emodel =    -21.597

The output pose satisfies at least the following constraint(s).
pos1 (Type = Positional)
 
Constraint(s) matched for ligand       13, pose   3532
Score =     -1.939
Emodel =     -2.577

The output pose satisfies at least the following constraint(s).
pos1 (Type = Positional)
 
Constraint(s) matched for ligand       13, pose   1563
Score =     -1.980
Emodel =     -2.528

The output pose satisfies at least the following constraint(s).
pos1 (Type = Positional)
 
Constraint(s) matched for ligand       13, pose   1603
Score =  10000.000
Emodel =   8904.186

The output pose satisfies at least the following constraint(s).
pos1 (Type = Positional)
 
Constraint(s) matched for ligand       13, pose   4898
Score =  10000.000
Emodel =   8904.226

The output pose satisfies at least the following constraint(s).
pos1 (Type = Positional)
 
DOCKING RESULTS FOR LIGAND       13 (SGS nophenyl)
Lowest Efinal =    -27.51 Eint=      1.24 GlideScore =     -5.36, from pose    85, conf     5, lig       13
Best Emodel =    -31.66 E =    -27.51 Eint =     1.24 GlideScore =     -5.36  from pose    85, conf     5, lig       13
 Beginning DOCK subtask QUIT                                                    
 dock time  user:      194.21  system:        1.96  elapse:      198.07

 ---------------------------------
 Beginning IMPACT task: CREA
 Beginning CREATE subtask BUIL                                                  
 Beginning CREATE subtask BUIL                                                  
%IMPACT-I(foldmain): calling OPLS_2005 atomtyping ...
%IMPACT-I(foldmain): finished parameter assignment
 Beginning CREATE subtask QUIT                                                  

 ---------------------------------
 Beginning IMPACT task: DOCK
 Beginning DOCK subtask LIGA                                                    
 Beginning DOCK subtask SCRE                                                    
 Beginning DOCK subtask PARA                                                    
 Beginning DOCK subtask CONF                                                    
     Energy parameters obtained from atomtyping: 
  
 ** Entering Conformation Generator ** 
  
 Number of rotatable bonds            2
 Using templates for ring conformations.
 Total ring / N-inversion conformations     2
 Core rotatable bonds, max cores            1        1000
 confgen time  user:        1.28  system:        0.12  elapse:        1.43
 Beginning DOCK subtask RUN                                                     
 Beginning DOCK subtask QUIT                                                    
 dock time  user:      194.60  system:        1.97  elapse:      198.46

 ---------------------------------
 Beginning IMPACT task: DOCK
 Beginning DOCK subtask SMOO                                                    
 Beginning DOCK subtask LIGA                                                    
 Beginning DOCK subtask SCRE                                                    
 Beginning DOCK subtask PARA                                                    
 Beginning DOCK subtask MINI                                                    
 Beginning DOCK subtask SCOR                                                    
 Beginning DOCK subtask REPO                                                    
 Beginning DOCK subtask RUN                                                     
 
Pose 4543 Emodel =  -16.66 original =    3.68 E =  -17.86 GlideScore =   -4.55
Pose  589 Emodel =  -23.34 original =    9.39 E =  -19.00 GlideScore =   -5.15
Pose 3631 Emodel =  -27.76 original =   23.62 E =  -24.51 GlideScore =   -5.29
 
Constraint(s) matched for ligand       14, pose   3631
Score =     -5.289
Emodel =    -27.757

The output pose satisfies at least the following constraint(s).
pos1 (Type = Positional)
 
Constraint(s) matched for ligand       14, pose    589
Score =     -5.149
Emodel =    -23.340

The output pose satisfies at least the following constraint(s).
pos1 (Type = Positional)
 
Constraint(s) matched for ligand       14, pose   1062
Score =     -5.275
Emodel =    -18.250

The output pose satisfies at least the following constraint(s).
pos1 (Type = Positional)
 
Constraint(s) matched for ligand       14, pose   2743
Score =     -4.380
Emodel =    -17.976

The output pose satisfies at least the following constraint(s).
pos1 (Type = Positional)
 
Constraint(s) matched for ligand       14, pose   1617
Score =     -4.625
Emodel =    -17.844

The output pose satisfies at least the following constraint(s).
pos1 (Type = Positional)
 
Constraint(s) matched for ligand       14, pose   2678
Score =     -5.509
Emodel =    -16.303

The output pose satisfies at least the following constraint(s).
pos1 (Type = Positional)
 
Constraint(s) matched for ligand       14, pose   4759
Score =     -4.634
Emodel =    -15.499

The output pose satisfies at least the following constraint(s).
pos1 (Type = Positional)
 
Constraint(s) matched for ligand       14, pose   1192
Score =     -4.809
Emodel =    -10.112

The output pose satisfies at least the following constraint(s).
pos1 (Type = Positional)
 
Constraint(s) matched for ligand       14, pose   4935
Score =  10000.000
Emodel =   9974.665

The output pose satisfies at least the following constraint(s).
pos1 (Type = Positional)
 
DOCKING RESULTS FOR LIGAND       14 (SGS nophenyl)
Lowest Efinal =    -24.51 Eint=      4.05 GlideScore =     -5.29, from pose  3631, conf     1, lig       14
Best Emodel =    -27.76 E =    -24.51 Eint =     4.05 GlideScore =     -5.29  from pose  3631, conf     1, lig       14
 Beginning DOCK subtask QUIT                                                    
 dock time  user:      207.99  system:        2.09  elapse:      212.01

 ---------------------------------
 Beginning IMPACT task: CREA
 Beginning CREATE subtask BUIL                                                  
 Beginning CREATE subtask BUIL                                                  
%IMPACT-I(foldmain): calling OPLS_2005 atomtyping ...
%IMPACT-I(foldmain): finished parameter assignment
 Beginning CREATE subtask QUIT                                                  

 ---------------------------------
 Beginning IMPACT task: DOCK
 Beginning DOCK subtask LIGA                                                    
 Beginning DOCK subtask SCRE                                                    
 Beginning DOCK subtask PARA                                                    
 Beginning DOCK subtask CONF                                                    
     Energy parameters obtained from atomtyping: 
  
 ** Entering Conformation Generator ** 
  
 Number of rotatable bonds            2
 Using templates for ring conformations.
 Total ring / N-inversion conformations     2
 Core rotatable bonds, max cores            1        1000
 confgen time  user:        1.36  system:        0.13  elapse:        1.52
 Beginning DOCK subtask RUN                                                     
 Beginning DOCK subtask QUIT                                                    
 dock time  user:      208.39  system:        2.10  elapse:      212.42

 ---------------------------------
 Beginning IMPACT task: DOCK
 Beginning DOCK subtask SMOO                                                    
 Beginning DOCK subtask LIGA                                                    
 Beginning DOCK subtask SCRE                                                    
 Beginning DOCK subtask PARA                                                    
 Beginning DOCK subtask MINI                                                    
 Beginning DOCK subtask SCOR                                                    
 Beginning DOCK subtask REPO                                                    
 Beginning DOCK subtask RUN                                                     
 
Pose 4065 Emodel =  -29.98 original =  -16.53 E =  -25.56 GlideScore =   -5.46
Pose  198 Emodel =  -32.62 original =    1.47 E =  -28.37 GlideScore =   -5.59
 
Constraint(s) matched for ligand       15, pose    198
Score =     -5.586
Emodel =    -32.618

The output pose satisfies at least the following constraint(s).
pos1 (Type = Positional)
 
Constraint(s) matched for ligand       15, pose   2983
Score =     -4.973
Emodel =    -28.139

The output pose satisfies at least the following constraint(s).
pos1 (Type = Positional)
 
Constraint(s) matched for ligand       15, pose   4633
Score =     -5.559
Emodel =    -27.225

The output pose satisfies at least the following constraint(s).
pos1 (Type = Positional)
 
Constraint(s) matched for ligand       15, pose   3799
Score =     -5.357
Emodel =    -25.684

The output pose satisfies at least the following constraint(s).
pos1 (Type = Positional)
 
Constraint(s) matched for ligand       15, pose    859
Score =     -4.779
Emodel =    -21.425

The output pose satisfies at least the following constraint(s).
pos1 (Type = Positional)
 
Constraint(s) matched for ligand       15, pose     93
Score =     -4.975
Emodel =    -19.657

The output pose satisfies at least the following constraint(s).
pos1 (Type = Positional)
 
Constraint(s) matched for ligand       15, pose   3871
Score =     -1.815
Emodel =     -3.776

The output pose satisfies at least the following constraint(s).
pos1 (Type = Positional)
 
Constraint(s) matched for ligand       15, pose    299
Score =     -1.931
Emodel =     -1.968

The output pose satisfies at least the following constraint(s).
pos1 (Type = Positional)
 
DOCKING RESULTS FOR LIGAND       15 (SGS nophenyl)
Lowest Efinal =    -28.37 Eint=      1.70 GlideScore =     -5.59, from pose   198, conf     6, lig       15
Best Emodel =    -32.62 E =    -28.37 Eint =     1.70 GlideScore =     -5.59  from pose   198, conf     6, lig       15
 Beginning DOCK subtask QUIT                                                    
 dock time  user:      222.41  system:        2.24  elapse:      226.61

 ---------------------------------
 Beginning IMPACT task: CREA
 Beginning CREATE subtask BUIL                                                  
 Beginning CREATE subtask BUIL                                                  
%IMPACT-I(foldmain): calling OPLS_2005 atomtyping ...
%IMPACT-I(foldmain): finished parameter assignment
 Beginning CREATE subtask QUIT                                                  

 ---------------------------------
 Beginning IMPACT task: DOCK
 Beginning DOCK subtask LIGA                                                    
 Beginning DOCK subtask SCRE                                                    
 Beginning DOCK subtask PARA                                                    
 Beginning DOCK subtask CONF                                                    
     Energy parameters obtained from atomtyping: 
  
 ** Entering Conformation Generator ** 
  
 Number of rotatable bonds            2
 Using templates for ring conformations.
 Total ring / N-inversion conformations     2
 Core rotatable bonds, max cores            1        1000
 confgen time  user:        1.44  system:        0.13  elapse:        1.61
 Beginning DOCK subtask RUN                                                     
 Beginning DOCK subtask QUIT                                                    
 dock time  user:      222.83  system:        2.25  elapse:      227.04

 ---------------------------------
 Beginning IMPACT task: DOCK
 Beginning DOCK subtask SMOO                                                    
 Beginning DOCK subtask LIGA                                                    
 Beginning DOCK subtask SCRE                                                    
 Beginning DOCK subtask PARA                                                    
 Beginning DOCK subtask MINI                                                    
 Beginning DOCK subtask SCOR                                                    
 Beginning DOCK subtask REPO                                                    
 Beginning DOCK subtask RUN                                                     
 
Pose 1776 Emodel =  -29.47 original =  -17.61 E =  -25.56 GlideScore =   -5.46
Pose  350 Emodel =  -31.23 original =   -2.81 E =  -27.49 GlideScore =   -5.34
Pose 4399 Emodel =  -32.39 original =   10.43 E =  -28.37 GlideScore =   -5.58
 
Constraint(s) matched for ligand       16, pose   4399
Score =     -5.581
Emodel =    -32.394

The output pose satisfies at least the following constraint(s).
pos1 (Type = Positional)
 
Constraint(s) matched for ligand       16, pose   2463
Score =     -6.169
Emodel =    -31.624

The output pose satisfies at least the following constraint(s).
pos1 (Type = Positional)
 
Constraint(s) matched for ligand       16, pose    350
Score =     -5.338
Emodel =    -31.235

The output pose satisfies at least the following constraint(s).
pos1 (Type = Positional)
 
Constraint(s) matched for ligand       16, pose   3817
Score =     -5.348
Emodel =    -24.771

The output pose satisfies at least the following constraint(s).
pos1 (Type = Positional)
 
Constraint(s) matched for ligand       16, pose    194
Score =     -5.020
Emodel =    -20.921

The output pose satisfies at least the following constraint(s).
pos1 (Type = Positional)
 
Constraint(s) matched for ligand       16, pose    555
Score =     -5.228
Emodel =    -20.613

The output pose satisfies at least the following constraint(s).
pos1 (Type = Positional)
 
Constraint(s) matched for ligand       16, pose   1160
Score =     -4.543
Emodel =    -20.000

The output pose satisfies at least the following constraint(s).
pos1 (Type = Positional)
 
Constraint(s) matched for ligand       16, pose   4574
Score =     -5.354
Emodel =    -18.103

The output pose satisfies at least the following constraint(s).
pos1 (Type = Positional)
 
Constraint(s) matched for ligand       16, pose   2290
Score =     -4.818
Emodel =     -9.012

The output pose satisfies at least the following constraint(s).
pos1 (Type = Positional)
 
DOCKING RESULTS FOR LIGAND       16 (SGS nophenyl)
Lowest Efinal =    -28.37 Eint=      0.54 GlideScore =     -5.58, from pose  4399, conf     5, lig       16
Best Emodel =    -32.39 E =    -28.37 Eint =     0.54 GlideScore =     -5.58  from pose  4399, conf     5, lig       16
 Beginning DOCK subtask QUIT                                                    
 dock time  user:      236.54  system:        2.37  elapse:      241.98

 ---------------------------------
 Beginning IMPACT task: CREA
 Beginning CREATE subtask BUIL                                                  
 Beginning CREATE subtask QUIT                                                  
 END OF LIGAND FILE: Subjob00001--DockLigand0-in.maegz
 Proceeding with final processing of ligands.

 ---------------------------------
 Beginning IMPACT task: DOCK
 Beginning DOCK subtask PARA                                                    
 Beginning DOCK subtask REPO                                                    
 Beginning DOCK subtask RUN                                                     
 Beginning DOCK subtask QUIT                                                    
 dock time  user:      236.54  system:        2.38  elapse:      242.72

 ---------------------------------
 Beginning IMPACT task: :ABO

 ---------------------------------
 Beginning IMPACT task: END 
%IMPACT-I (memstat): Temporary storage statistics
                     real*8:      10536828
                     integer*4:    6759790
                     char*4:         10467
%IMPACT-I (memstat): Total dynamics storage was    111.38 MB
 Exiting IMPACT execution environment 
 Date: Friday, January 16 2015, at 11:38:18 EST
%IMPACT-I (timit): Total CPU time =     240.29 seconds (   4.0 minutes)
