--------------------------------------------------------------------------------

    Covalent Docking v1.2

    Schrodinger Installation: /cbio/jclab/share/schrodinger/schrodinger2014-4
--------------------------------------------------------------------------------
JobId          : lski1751-0-54b4209e
Name           : covalent_docking_newdefinition_4IJ8
Program        : Covalent Docking v1.2
MMshareExec    : /opt/schrodinger/suites2014-4/mmshare-v28013/bin/Darwin-x86_64
Host           : lski1751.mskcc.org
Dir            : /Users/albaness/Documents/Schrodinger
HostEntry      : batch
Queue          : Torque
JobHost        : gpu-2-16.local
JobDir         : /scratch/albaness/covalent_docking_newdefinition_4IJ8
JobMMshareExec : /cbio/jclab/share/schrodinger/schrodinger2014-4/mmshare-v28013/bin/Linux-x86_64
Commandline    : /opt/schrodinger/suites2014-4/covalent_docking covalent_docking_newdefinition_4IJ8.inp -output_top 1000 -OVERWRITE -PROJ "/Users/albaness/Documents/Schrodinger/setD8 covalent binding.prj" -DISP append -VIEWNAME CovalentDockingPanel -HOST batch -NJOBS 1
StartTime      : 2015-01-12-14:29:46
--------------------------------------------------------------------------------
--------------------------------------------------------------------------------
Creating Workflow...
FATAL AssignAtomProperty: atomic mass specified which is not supported yet 1]-[c]-[c]-[c]-[c]-[c1]
FATAL AssignAtomProperty: atomic mass specified which is not supported yet 1]
Setting up covalent reaction: 4IJ8_clean_processed - SGS
  Connecting 1,"B:311: SG " - 1,"_:900:    "
FATAL AssignAtomProperty: atomic mass specified which is not supported yet 1]-[c]-[c]-[c]-[c]-[c1]
FATAL AssignAtomProperty: atomic mass specified which is not supported yet 1]
Setting up covalent reaction: 4IJ8_clean_processed - SGS
  Connecting 1,"B:311: SG " - 1,"_:900:    "
FATAL AssignAtomProperty: atomic mass specified which is not supported yet 1]-[c]-[c]-[c]-[c]-[c1]
FATAL AssignAtomProperty: atomic mass specified which is not supported yet 1]
Created Workflow in   0.032 Minutes
Running Workflow
FATAL AssignAtomProperty: atomic mass specified which is not supported yet 1]-[c]-[c]-[c]-[c]-[c1]
FATAL AssignAtomProperty: atomic mass specified which is not supported yet 1]
FATAL AssignAtomProperty: atomic mass specified which is not supported yet 1]-[c]-[c]-[c]-[c]-[c1]
FATAL AssignAtomProperty: atomic mass specified which is not supported yet 1]
FATAL AssignAtomProperty: atomic mass specified which is not supported yet 1]-[c]-[c]-[c]-[c]-[c1]
FATAL AssignAtomProperty: atomic mass specified which is not supported yet 1]
FATAL AssignAtomProperty: atomic mass specified which is not supported yet 1]-[c]-[c]-[c]-[c]-[c1]
FATAL AssignAtomProperty: atomic mass specified which is not supported yet 1]
FATAL AssignAtomProperty: atomic mass specified which is not supported yet 1]-[c]-[c]-[c]-[c]-[c1]
FATAL AssignAtomProperty: atomic mass specified which is not supported yet 1]
FATAL AssignAtomProperty: atomic mass specified which is not supported yet 1]-[c]-[c]-[c]-[c]-[c1]
FATAL AssignAtomProperty: atomic mass specified which is not supported yet 1]
FATAL AssignAtomProperty: atomic mass specified which is not supported yet 1]-[c]-[c]-[c]-[c]-[c1]
FATAL AssignAtomProperty: atomic mass specified which is not supported yet 1]
FATAL AssignAtomProperty: atomic mass specified which is not supported yet 1]-[c]-[c]-[c]-[c]-[c1]
FATAL AssignAtomProperty: atomic mass specified which is not supported yet 1]
FATAL AssignAtomProperty: atomic mass specified which is not supported yet 1]-[c]-[c]-[c]-[c]-[c1]
FATAL AssignAtomProperty: atomic mass specified which is not supported yet 1]
FATAL AssignAtomProperty: atomic mass specified which is not supported yet 1]-[c]-[c]-[c]-[c]-[c1]
FATAL AssignAtomProperty: atomic mass specified which is not supported yet 1]
FATAL AssignAtomProperty: atomic mass specified which is not supported yet 1]-[c]-[c]-[c]-[c]-[c1]
FATAL AssignAtomProperty: atomic mass specified which is not supported yet 1]
FATAL AssignAtomProperty: atomic mass specified which is not supported yet 1]-[c]-[c]-[c]-[c]-[c1]
FATAL AssignAtomProperty: atomic mass specified which is not supported yet 1]
FATAL AssignAtomProperty: atomic mass specified which is not supported yet 1]-[c]-[c]-[c]-[c]-[c1]
FATAL AssignAtomProperty: atomic mass specified which is not supported yet 1]
FATAL AssignAtomProperty: atomic mass specified which is not supported yet 1]-[c]-[c]-[c]-[c]-[c1]
FATAL AssignAtomProperty: atomic mass specified which is not supported yet 1]
FATAL AssignAtomProperty: atomic mass specified which is not supported yet 1]-[c]-[c]-[c]-[c]-[c1]
FATAL AssignAtomProperty: atomic mass specified which is not supported yet 1]
FATAL AssignAtomProperty: atomic mass specified which is not supported yet 1]-[c]-[c]-[c]-[c]-[c1]
FATAL AssignAtomProperty: atomic mass specified which is not supported yet 1]
FATAL AssignAtomProperty: atomic mass specified which is not supported yet 1]-[c]-[c]-[c]-[c]-[c1]
FATAL AssignAtomProperty: atomic mass specified which is not supported yet 1]
FATAL AssignAtomProperty: atomic mass specified which is not supported yet 1]-[c]-[c]-[c]-[c]-[c1]
FATAL AssignAtomProperty: atomic mass specified which is not supported yet 1]
FATAL AssignAtomProperty: atomic mass specified which is not supported yet 1]-[c]-[c]-[c]-[c]-[c1]
FATAL AssignAtomProperty: atomic mass specified which is not supported yet 1]
FATAL AssignAtomProperty: atomic mass specified which is not supported yet 1]-[c]-[c]-[c]-[c]-[c1]
FATAL AssignAtomProperty: atomic mass specified which is not supported yet 1]
FATAL AssignAtomProperty: atomic mass specified which is not supported yet 1]-[c]-[c]-[c]-[c]-[c1]
FATAL AssignAtomProperty: atomic mass specified which is not supported yet 1]
FATAL AssignAtomProperty: atomic mass specified which is not supported yet 1]-[c]-[c]-[c]-[c]-[c1]
FATAL AssignAtomProperty: atomic mass specified which is not supported yet 1]
FATAL AssignAtomProperty: atomic mass specified which is not supported yet 1]-[c]-[c]-[c]-[c]-[c1]
FATAL AssignAtomProperty: atomic mass specified which is not supported yet 1]
FATAL AssignAtomProperty: atomic mass specified which is not supported yet 1]-[c]-[c]-[c]-[c]-[c1]
FATAL AssignAtomProperty: atomic mass specified which is not supported yet 1]
FATAL AssignAtomProperty: atomic mass specified which is not supported yet 1]-[c]-[c]-[c]-[c]-[c1]
FATAL AssignAtomProperty: atomic mass specified which is not supported yet 1]
FATAL AssignAtomProperty: atomic mass specified which is not supported yet 1]-[c]-[c]-[c]-[c]-[c1]
FATAL AssignAtomProperty: atomic mass specified which is not supported yet 1]
FATAL AssignAtomProperty: atomic mass specified which is not supported yet 1]-[c]-[c]-[c]-[c]-[c1]
FATAL AssignAtomProperty: atomic mass specified which is not supported yet 1]
FATAL AssignAtomProperty: atomic mass specified which is not supported yet 1]-[c]-[c]-[c]-[c]-[c1]
FATAL AssignAtomProperty: atomic mass specified which is not supported yet 1]
FATAL AssignAtomProperty: atomic mass specified which is not supported yet 1]-[c]-[c]-[c]-[c]-[c1]
FATAL AssignAtomProperty: atomic mass specified which is not supported yet 1]
FATAL AssignAtomProperty: atomic mass specified which is not supported yet 1]-[c]-[c]-[c]-[c]-[c1]
FATAL AssignAtomProperty: atomic mass specified which is not supported yet 1]
FATAL AssignAtomProperty: atomic mass specified which is not supported yet 1]-[c]-[c]-[c]-[c]-[c1]
FATAL AssignAtomProperty: atomic mass specified which is not supported yet 1]
FATAL AssignAtomProperty: atomic mass specified which is not supported yet 1]-[c]-[c]-[c]-[c]-[c1]
FATAL AssignAtomProperty: atomic mass specified which is not supported yet 1]
FATAL AssignAtomProperty: atomic mass specified which is not supported yet 1]-[c]-[c]-[c]-[c]-[c1]
FATAL AssignAtomProperty: atomic mass specified which is not supported yet 1]
FATAL AssignAtomProperty: atomic mass specified which is not supported yet 1]-[c]-[c]-[c]-[c]-[c1]
FATAL AssignAtomProperty: atomic mass specified which is not supported yet 1]
FATAL AssignAtomProperty: atomic mass specified which is not supported yet 1]-[c]-[c]-[c]-[c]-[c1]
FATAL AssignAtomProperty: atomic mass specified which is not supported yet 1]
FATAL AssignAtomProperty: atomic mass specified which is not supported yet 1]-[c]-[c]-[c]-[c]-[c1]
FATAL AssignAtomProperty: atomic mass specified which is not supported yet 1]
FATAL AssignAtomProperty: atomic mass specified which is not supported yet 1]-[c]-[c]-[c]-[c]-[c1]
FATAL AssignAtomProperty: atomic mass specified which is not supported yet 1]
FATAL AssignAtomProperty: atomic mass specified which is not supported yet 1]-[c]-[c]-[c]-[c]-[c1]
FATAL AssignAtomProperty: atomic mass specified which is not supported yet 1]
FATAL AssignAtomProperty: atomic mass specified which is not supported yet 1]-[c]-[c]-[c]-[c]-[c1]
FATAL AssignAtomProperty: atomic mass specified which is not supported yet 1]
FATAL AssignAtomProperty: atomic mass specified which is not supported yet 1]-[c]-[c]-[c]-[c]-[c1]
FATAL AssignAtomProperty: atomic mass specified which is not supported yet 1]
FATAL AssignAtomProperty: atomic mass specified which is not supported yet 1]-[c]-[c]-[c]-[c]-[c1]
FATAL AssignAtomProperty: atomic mass specified which is not supported yet 1]
FATAL AssignAtomProperty: atomic mass specified which is not supported yet 1]-[c]-[c]-[c]-[c]-[c1]
FATAL AssignAtomProperty: atomic mass specified which is not supported yet 1]
FATAL AssignAtomProperty: atomic mass specified which is not supported yet 1]-[c]-[c]-[c]-[c]-[c1]
FATAL AssignAtomProperty: atomic mass specified which is not supported yet 1]
FATAL AssignAtomProperty: atomic mass specified which is not supported yet 1]-[c]-[c]-[c]-[c]-[c1]
FATAL AssignAtomProperty: atomic mass specified which is not supported yet 1]
FATAL AssignAtomProperty: atomic mass specified which is not supported yet 1]-[c]-[c]-[c]-[c]-[c1]
FATAL AssignAtomProperty: atomic mass specified which is not supported yet 1]
FATAL AssignAtomProperty: atomic mass specified which is not supported yet 1]-[c]-[c]-[c]-[c]-[c1]
FATAL AssignAtomProperty: atomic mass specified which is not supported yet 1]
FATAL AssignAtomProperty: atomic mass specified which is not supported yet 1]-[c]-[c]-[c]-[c]-[c1]
FATAL AssignAtomProperty: atomic mass specified which is not supported yet 1]
FATAL AssignAtomProperty: atomic mass specified which is not supported yet 1]-[c]-[c]-[c]-[c]-[c1]
FATAL AssignAtomProperty: atomic mass specified which is not supported yet 1]
FATAL AssignAtomProperty: atomic mass specified which is not supported yet 1]-[c]-[c]-[c]-[c]-[c1]
FATAL AssignAtomProperty: atomic mass specified which is not supported yet 1]
FATAL AssignAtomProperty: atomic mass specified which is not supported yet 1]-[c]-[c]-[c]-[c]-[c1]
FATAL AssignAtomProperty: atomic mass specified which is not supported yet 1]
FATAL AssignAtomProperty: atomic mass specified which is not supported yet 1]-[c]-[c]-[c]-[c]-[c1]
FATAL AssignAtomProperty: atomic mass specified which is not supported yet 1]
FATAL AssignAtomProperty: atomic mass specified which is not supported yet 1]-[c]-[c]-[c]-[c]-[c1]
FATAL AssignAtomProperty: atomic mass specified which is not supported yet 1]
FATAL AssignAtomProperty: atomic mass specified which is not supported yet 1]-[c]-[c]-[c]-[c]-[c1]
FATAL AssignAtomProperty: atomic mass specified which is not supported yet 1]
