--------------------------------------------------------------------------------

    Covalent Docking v1.2

    Schrodinger Installation: /cbio/jclab/share/schrodinger/schrodinger2014-4
--------------------------------------------------------------------------------
JobId          : lski1751-0-54bd27d3
Name           : covalent_newstr_phenyl
Program        : Covalent Docking v1.2
MMshareExec    : /opt/schrodinger/suites2014-4/mmshare-v28013/bin/Darwin-x86_64
Host           : lski1751.mskcc.org
Dir            : /Users/albaness/Documents/Schrodinger
HostEntry      : batch
Queue          : Torque
JobHost        : gpu-1-7.local
JobDir         : /scratch/albaness/covalent_newstr_phenyl
JobMMshareExec : /cbio/jclab/share/schrodinger/schrodinger2014-4/mmshare-v28013/bin/Linux-x86_64
Commandline    : /opt/schrodinger/suites2014-4/covalent_docking covalent_newstr_phenyl.inp -output_top 1000 -OVERWRITE -PROJ /Users/albaness/Documents/Schrodinger/Projects/SETD8_newproject.prj -DISP append -VIEWNAME CovalentDockingPanel -HOST batch -NJOBS 1
StartTime      : 2015-01-19-10:50:53
--------------------------------------------------------------------------------
--------------------------------------------------------------------------------
Creating Workflow...
Setting up covalent reaction: newstructure_procEssed - SGS phenyl
  Connecting 1,"A:311: SG " - 1,"_:900:    "
  Connecting 1,"A:311: SG " - 2,"_:900:    "
Setting up covalent reaction: newstructure_procEssed - SGS phenyl
  Connecting 1,"A:311: SG " - 1,"_:900:    "
  Connecting 1,"A:311: SG " - 2,"_:900:    "
Created Workflow in   0.028 Minutes
Running Workflow
  Final: <SGS phenyl     (    0) CombinedScore>
  Final: <SGS phenyl     (    1) CombinedScore>
  Final: <SGS phenyl     (    0) CombinedScore>
  Final: <SGS phenyl     (    1) CombinedScore>
All stages completed
------------ Top Outputs ---------------
title                         ,cdock_affinity,Prime_Energy
SGS phenyl                    ,        -4.237,   -7193.873
SGS phenyl                    ,        -3.313,   -7143.694
------------ Averaged Properties -------
title         ,average  
cdock_affinity,   -3.775
Prime_Energy  ,-7168.783
Total Time Elapsed (hours:minutes:seconds)    0:55:14
EndTime: 01-19-2015 11:46:08
