--------------------------------------------------------------------------------

    Covalent Docking v1.2

    Schrodinger Installation: /cbio/jclab/share/schrodinger/schrodinger2014-4
--------------------------------------------------------------------------------
JobId          : lski1751-0-54b56f24
Name           : covalent_SGSnophenyl_newstructure
Program        : Covalent Docking v1.2
MMshareExec    : /opt/schrodinger/suites2014-4/mmshare-v28013/bin/Darwin-x86_64
Host           : lski1751.mskcc.org
Dir            : /Users/albaness/Documents/Schrodinger
HostEntry      : batch
Queue          : Torque
JobHost        : gpu-2-4.local
JobDir         : /scratch/albaness/covalent_SGSnophenyl_newstructure
JobMMshareExec : /cbio/jclab/share/schrodinger/schrodinger2014-4/mmshare-v28013/bin/Linux-x86_64
Commandline    : /opt/schrodinger/suites2014-4/covalent_docking covalent_SGSnophenyl_newstructure.inp -output_top 1000 -OVERWRITE -PROJ "/Users/albaness/Documents/Schrodinger/SETD8 Covalent Docking/setD8 covalent binding.prj" -DISP append -VIEWNAME CovalentDockingPanel -HOST batch -NJOBS 1
StartTime      : 2015-01-13-14:17:05
--------------------------------------------------------------------------------
--------------------------------------------------------------------------------
Creating Workflow...
Setting up covalent reaction: xxxx_clean_processed - SGS nophenyl
  Connecting 1,"B:311: SG " - 1,"_:900:    "
Setting up covalent reaction: xxxx_clean_processed - SGS nophenyl
  Connecting 1,"B:311: SG " - 1,"_:900:    "
Created Workflow in   0.036 Minutes
Running Workflow
  Final: <SGS nophenyl   (    0) CombinedScore>
  Final: <SGS nophenyl   (    1) CombinedScore>
  Final: <SGS nophenyl   (    0) CombinedScore>
  Final: <SGS nophenyl   (    1) CombinedScore>
All stages completed
------------ Top Outputs ---------------
title                         ,cdock_affinity,Prime_Energy
SGS nophenyl                  ,        -4.067,   -6834.489
SGS nophenyl                  ,        -2.859,   -6788.064
------------ Averaged Properties -------
title         ,average  
cdock_affinity,   -3.463
Prime_Energy  ,-6811.276
Total Time Elapsed (hours:minutes:seconds)    0:23:33
EndTime: 01-13-2015 14:40:47
