--------------------------------------------------------------------------------

    Covalent Docking v1.2

    Schrodinger Installation: /cbio/jclab/share/schrodinger/schrodinger2014-4
--------------------------------------------------------------------------------
JobId          : lski1751-0-54b944c6
Name           : covalent_newstructure_SGSnophenyl
Program        : Covalent Docking v1.2
MMshareExec    : /opt/schrodinger/suites2014-4/mmshare-v28013/bin/Darwin-x86_64
Host           : lski1751.mskcc.org
Dir            : /Users/albaness/Documents/Schrodinger
HostEntry      : batch
Queue          : Torque
JobHost        : gpu-2-14.local
JobDir         : /scratch/albaness/covalent_newstructure_SGSnophenyl
JobMMshareExec : /cbio/jclab/share/schrodinger/schrodinger2014-4/mmshare-v28013/bin/Linux-x86_64
Commandline    : /opt/schrodinger/suites2014-4/covalent_docking covalent_newstructure_SGSnophenyl.inp -output_top 1000 -OVERWRITE -PROJ /Users/albaness/Documents/Schrodinger/Projects/SETD8_newproject.prj -DISP append -VIEWNAME CovalentDockingPanel -HOST batch -NJOBS 1
StartTime      : 2015-01-16-12:05:15
--------------------------------------------------------------------------------
--------------------------------------------------------------------------------
Creating Workflow...
Setting up covalent reaction: newstructure_procEssed - SGS nophenyl
  Connecting 1,"A:311: SG " - 1,"_:900:    "
Setting up covalent reaction: newstructure_procEssed - SGS nophenyl
  Connecting 1,"A:311: SG " - 1,"_:900:    "
Created Workflow in   0.028 Minutes
Running Workflow
  Final: <SGS nophenyl   (    0) CombinedScore>
  Final: <SGS nophenyl   (    1) CombinedScore>
  Final: <SGS nophenyl   (    0) CombinedScore>
  Final: <SGS nophenyl   (    1) CombinedScore>
All stages completed
------------ Top Outputs ---------------
title                         ,cdock_affinity,Prime_Energy
SGS nophenyl                  ,        -4.614,   -7237.702
SGS nophenyl                  ,        -4.221,   -7200.019
------------ Averaged Properties -------
title         ,average  
cdock_affinity,   -4.418
Prime_Energy  ,-7218.861
Total Time Elapsed (hours:minutes:seconds)    0:23:35
EndTime: 01-16-2015 12:28:53
