--------------------------------------------------------------------------------

    Covalent Docking v1.2

    Schrodinger Installation: /cbio/jclab/share/schrodinger/schrodinger2014-4
--------------------------------------------------------------------------------
JobId          : lski1751-0-54b94485
Name           : covalent_4IJ8_SGSphenyl_michael
Program        : Covalent Docking v1.2
MMshareExec    : /opt/schrodinger/suites2014-4/mmshare-v28013/bin/Darwin-x86_64
Host           : lski1751.mskcc.org
Dir            : /Users/albaness/Documents/Schrodinger
HostEntry      : batch
Queue          : Torque
JobHost        : gpu-1-8.local
JobDir         : /scratch/albaness/covalent_4IJ8_SGSphenyl_michael
JobMMshareExec : /cbio/jclab/share/schrodinger/schrodinger2014-4/mmshare-v28013/bin/Linux-x86_64
Commandline    : /opt/schrodinger/suites2014-4/covalent_docking covalent_4IJ8_SGSphenyl_michael.inp -output_top 1000 -OVERWRITE -PROJ /Users/albaness/Documents/Schrodinger/Projects/SETD8_newproject.prj -DISP append -VIEWNAME CovalentDockingPanel -HOST batch -NJOBS 1
StartTime      : 2015-01-16-12:04:16
--------------------------------------------------------------------------------
--------------------------------------------------------------------------------
Creating Workflow...
Atom 20( :1 :    (UNK )) on Input Ligand 0 does not have the same chain,residue number and name as the other atoms on the ligand (C:1 (DRG )).  Renaming entire ligand to Z:999(UNK)
Setting up covalent reaction: 4IJ8_processed - SGS phenyl
  Connecting 1,"A:311: SG " - 1,"Z:999: CAH"
  Connecting 1,"A:311: SG " - 2,"Z:999: CAI"
Atom 20( :1 :    (UNK )) on Input Ligand 1 does not have the same chain,residue number and name as the other atoms on the ligand (C:1 (DRG )).  Renaming entire ligand to Z:999(UNK)
Setting up covalent reaction: 4IJ8_processed - SGS phenyl
  Connecting 1,"A:311: SG " - 1,"Z:999: CAI"
  Connecting 1,"A:311: SG " - 2,"Z:999: CAH"
Created Workflow in   0.037 Minutes
Running Workflow
