--------------------------------------------------------------------------------

    Covalent Docking v1.2

    Schrodinger Installation: /cbio/jclab/share/schrodinger/schrodinger2014-4
--------------------------------------------------------------------------------
JobId          : lski1751-0-54bd51a3
Name           : covalent_4IJ8_decoyphenyl
Program        : Covalent Docking v1.2
MMshareExec    : /opt/schrodinger/suites2014-4/mmshare-v28013/bin/Darwin-x86_64
Host           : lski1751.mskcc.org
Dir            : /Users/albaness/Documents/Schrodinger
HostEntry      : batch
Queue          : Torque
JobHost        : gpu-2-7.local
JobDir         : /scratch/albaness/covalent_4IJ8_decoyphenyl
JobMMshareExec : /cbio/jclab/share/schrodinger/schrodinger2014-4/mmshare-v28013/bin/Linux-x86_64
Commandline    : /opt/schrodinger/suites2014-4/covalent_docking covalent_4IJ8_decoyphenyl.inp -output_top 1000 -OVERWRITE -PROJ /Users/albaness/Documents/Schrodinger/Projects/SETD8_newproject.prj -DISP append -VIEWNAME CovalentDockingPanel -HOST batch -NJOBS 1
StartTime      : 2015-01-19-13:49:14
--------------------------------------------------------------------------------
--------------------------------------------------------------------------------
Creating Workflow...
Setting up covalent reaction: 4IJ8_processed - decoy_phenyl
  Connecting 1,"A:311: SG " - 1,"_:900:    "
  Connecting 1,"A:311: SG " - 2,"_:900:    "
Created Workflow in   0.033 Minutes
Running Workflow
  Final: <decoy_phenyl   (    0) CombinedScore>
  Final: <decoy_phenyl   (    0) CombinedScore>
All stages completed
------------ Top Outputs ---------------
title                         ,cdock_affinity,Prime_Energy
decoy_phenyl                  ,        -5.255,   -7192.991
------------ Averaged Properties -------
title         ,average  
cdock_affinity,   -5.255
Prime_Energy  ,-7192.991
Total Time Elapsed (hours:minutes:seconds)    0:26:42
EndTime: 01-19-2015 14:16:06
