--------------------------------------------------------------------------------

    Covalent Docking v1.2

    Schrodinger Installation: /cbio/jclab/share/schrodinger/schrodinger2014-4
--------------------------------------------------------------------------------
JobId          : lski1751-0-54b98bf4
Name           : covalent_docking_1
Program        : Covalent Docking v1.2
MMshareExec    : /opt/schrodinger/suites2014-4/mmshare-v28013/bin/Darwin-x86_64
Host           : lski1751.mskcc.org
Dir            : /Users/albaness/Documents/Schrodinger
HostEntry      : batch
Queue          : Torque
JobHost        : gpu-1-16.local
JobDir         : /scratch/albaness/covalent_docking_1
JobMMshareExec : /cbio/jclab/share/schrodinger/schrodinger2014-4/mmshare-v28013/bin/Linux-x86_64
Commandline    : /opt/schrodinger/suites2014-4/covalent_docking covalent_docking_1.inp -output_top 1000 -mode enrichment -OVERWRITE -PROJ /Users/albaness/Documents/Schrodinger/Projects/SETD8_newproject.prj -DISP append -VIEWNAME CovalentDockingPanel -HOST batch -NJOBS 1
StartTime      : 2015-01-16-17:10:22
--------------------------------------------------------------------------------
--------------------------------------------------------------------------------
Creating Workflow...
Setting up covalent reaction: 4IJ8_processed - SGS phenyl
  Connecting 1,"A:311: SG " - 1,"_:900:    "
  Connecting 1,"A:311: SG " - 2,"_:900:    "
Setting up covalent reaction: 4IJ8_processed - SGS phenyl
  Connecting 1,"A:311: SG " - 1,"_:900:    "
  Connecting 1,"A:311: SG " - 2,"_:900:    "
Created Workflow in   0.032 Minutes
Running Workflow
  Final: <SGS phenyl     (    0) CombinedScore>
  Final: <SGS phenyl     (    1) CombinedScore>
  Final: <SGS phenyl     (    0) CombinedScore>
  Final: <SGS phenyl     (    1) CombinedScore>
All stages completed
------------ Top Outputs ---------------
title                         ,cdock_affinity,sample_glide_gscore
SGS phenyl                    ,        -5.826,             -5.946
SGS phenyl                    ,        -5.160,             -5.321
------------ Averaged Properties -------
title              ,average
cdock_affinity     , -5.493
sample_glide_gscore, -5.633
Total Time Elapsed (hours:minutes:seconds)    0:06:59
EndTime: 01-16-2015 17:17:31
