--------------------------------------------------------------------------------

    Covalent Docking v1.2

    Schrodinger Installation: /cbio/jclab/share/schrodinger/schrodinger2014-4
--------------------------------------------------------------------------------
JobId          : lski1751-0-54bd520e
Name           : covalent_newstr_decoymethyl
Program        : Covalent Docking v1.2
MMshareExec    : /opt/schrodinger/suites2014-4/mmshare-v28013/bin/Darwin-x86_64
Host           : lski1751.mskcc.org
Dir            : /Users/albaness/Documents/Schrodinger
HostEntry      : batch
Queue          : Torque
JobHost        : gpu-2-9.local
JobDir         : /scratch/albaness/covalent_newstr_decoymethyl
JobMMshareExec : /cbio/jclab/share/schrodinger/schrodinger2014-4/mmshare-v28013/bin/Linux-x86_64
Commandline    : /opt/schrodinger/suites2014-4/covalent_docking covalent_newstr_decoymethyl.inp -output_top 1000 -OVERWRITE -PROJ /Users/albaness/Documents/Schrodinger/Projects/SETD8_newproject.prj -DISP append -VIEWNAME CovalentDockingPanel -HOST batch -NJOBS 1
StartTime      : 2015-01-19-13:51:19
--------------------------------------------------------------------------------
--------------------------------------------------------------------------------
Creating Workflow...
Setting up covalent reaction: newstructure_procEssed - decoy_methyl
  Connecting 1,"A:311: SG " - 1,"_:900:    "
Created Workflow in   0.025 Minutes
Running Workflow
  Final: <decoy_methyl   (    0) CombinedScore>
  Final: <decoy_methyl   (    0) CombinedScore>
All stages completed
------------ Top Outputs ---------------
title                         ,cdock_affinity,Prime_Energy
decoy_methyl                  ,        -4.997,   -7234.129
------------ Averaged Properties -------
title         ,average  
cdock_affinity,   -4.997
Prime_Energy  ,-7234.129
Total Time Elapsed (hours:minutes:seconds)    0:10:47
EndTime: 01-19-2015 14:02:12
