--------------------------------------------------------------------------------

    Covalent Docking v1.2

    Schrodinger Installation: /cbio/jclab/share/schrodinger/schrodinger2014-4
--------------------------------------------------------------------------------
JobId          : lski1751-0-54bd5289
Name           : covalent_4IJ8_decoymethyl
Program        : Covalent Docking v1.2
MMshareExec    : /opt/schrodinger/suites2014-4/mmshare-v28013/bin/Darwin-x86_64
Host           : lski1751.mskcc.org
Dir            : /Users/albaness/Documents/Schrodinger
HostEntry      : batch
Queue          : Torque
JobHost        : gpu-2-7.local
JobDir         : /scratch/albaness/covalent_4IJ8_decoymethyl
JobMMshareExec : /cbio/jclab/share/schrodinger/schrodinger2014-4/mmshare-v28013/bin/Linux-x86_64
Commandline    : /opt/schrodinger/suites2014-4/covalent_docking covalent_4IJ8_decoymethyl.inp -output_top 1000 -OVERWRITE -PROJ /Users/albaness/Documents/Schrodinger/Projects/SETD8_newproject.prj -DISP append -VIEWNAME CovalentDockingPanel -HOST batch -NJOBS 1
StartTime      : 2015-01-19-13:53:28
--------------------------------------------------------------------------------
--------------------------------------------------------------------------------
Creating Workflow...
Setting up covalent reaction: 4IJ8_processed - decoy_methyl
  Connecting 1,"A:311: SG " - 1,"_:900:    "
Created Workflow in   0.024 Minutes
Running Workflow
  Final: <decoy_methyl   (    0) CombinedScore>
  Final: <decoy_methyl   (    0) CombinedScore>
All stages completed
------------ Top Outputs ---------------
title                         ,cdock_affinity,Prime_Energy
decoy_methyl                  ,        -4.103,   -7247.297
------------ Averaged Properties -------
title         ,average  
cdock_affinity,   -4.103
Prime_Energy  ,-7247.297
Total Time Elapsed (hours:minutes:seconds)    0:12:22
EndTime: 01-19-2015 14:05:58
