--------------------------------------------------------------------------------

    Covalent Docking v1.2

    Schrodinger Installation: /cbio/jclab/share/schrodinger/schrodinger2014-4
--------------------------------------------------------------------------------
JobId          : lski1751-0-54b93cba
Name           : covalent_4IJ8_SGSnophenyl
Program        : Covalent Docking v1.2
MMshareExec    : /opt/schrodinger/suites2014-4/mmshare-v28013/bin/Darwin-x86_64
Host           : lski1751.mskcc.org
Dir            : /Users/albaness/Documents/Schrodinger
HostEntry      : batch
Queue          : Torque
JobHost        : gpu-1-8.local
JobDir         : /scratch/albaness/covalent_4IJ8_SGSnophenyl
JobMMshareExec : /cbio/jclab/share/schrodinger/schrodinger2014-4/mmshare-v28013/bin/Linux-x86_64
Commandline    : /opt/schrodinger/suites2014-4/covalent_docking covalent_4IJ8_SGSnophenyl.inp -output_top 1000 -OVERWRITE -PROJ /Users/albaness/Documents/Schrodinger/Projects/SETD8_newproject.prj -DISP append -VIEWNAME CovalentDockingPanel -HOST batch -NJOBS 1
StartTime      : 2015-01-16-11:31:07
--------------------------------------------------------------------------------
--------------------------------------------------------------------------------
Creating Workflow...
Setting up covalent reaction: 4IJ8_processed - SGS nophenyl
  Connecting 1,"A:311: SG " - 1,"_:900:    "
Setting up covalent reaction: 4IJ8_processed - SGS nophenyl
  Connecting 1,"A:311: SG " - 1,"_:900:    "
Created Workflow in   0.029 Minutes
Running Workflow
  Final: <SGS nophenyl   (    0) CombinedScore>
  Final: <SGS nophenyl   (    1) CombinedScore>
  Final: <SGS nophenyl   (    0) CombinedScore>
  Final: <SGS nophenyl   (    1) CombinedScore>
All stages completed
------------ Top Outputs ---------------
title                         ,cdock_affinity,Prime_Energy
SGS nophenyl                  ,        -4.736,   -7211.412
SGS nophenyl                  ,        -4.414,   -7249.399
------------ Averaged Properties -------
title         ,average  
cdock_affinity,   -4.575
Prime_Energy  ,-7230.406
Total Time Elapsed (hours:minutes:seconds)    0:25:21
EndTime: 01-16-2015 11:56:38
