--------------------------------------------------------------------------------

    Covalent Docking v1.2

    Schrodinger Installation: /cbio/jclab/share/schrodinger/schrodinger2014-4
--------------------------------------------------------------------------------
JobId          : lski1751-0-54bd27a2
Name           : covalent_4IJ8_phenyl
Program        : Covalent Docking v1.2
MMshareExec    : /opt/schrodinger/suites2014-4/mmshare-v28013/bin/Darwin-x86_64
Host           : lski1751.mskcc.org
Dir            : /Users/albaness/Documents/Schrodinger
HostEntry      : batch
Queue          : Torque
JobHost        : gpu-1-7.local
JobDir         : /scratch/albaness/covalent_4IJ8_phenyl
JobMMshareExec : /cbio/jclab/share/schrodinger/schrodinger2014-4/mmshare-v28013/bin/Linux-x86_64
Commandline    : /opt/schrodinger/suites2014-4/covalent_docking covalent_4IJ8_phenyl.inp -output_top 1000 -OVERWRITE -PROJ /Users/albaness/Documents/Schrodinger/Projects/SETD8_newproject.prj -DISP append -VIEWNAME CovalentDockingPanel -HOST batch -NJOBS 1
StartTime      : 2015-01-19-10:50:24
--------------------------------------------------------------------------------
--------------------------------------------------------------------------------
Creating Workflow...
Setting up covalent reaction: 4IJ8_processed - SGS phenyl
  Connecting 1,"A:311: SG " - 1,"_:900:    "
  Connecting 1,"A:311: SG " - 2,"_:900:    "
Setting up covalent reaction: 4IJ8_processed - SGS phenyl
  Connecting 1,"A:311: SG " - 1,"_:900:    "
  Connecting 1,"A:311: SG " - 2,"_:900:    "
Created Workflow in   0.042 Minutes
Running Workflow
  Final: <SGS phenyl     (    0) CombinedScore>
  Final: <SGS phenyl     (    1) CombinedScore>
  Final: <SGS phenyl     (    0) CombinedScore>
  Final: <SGS phenyl     (    1) CombinedScore>
All stages completed
------------ Top Outputs ---------------
title                         ,cdock_affinity,Prime_Energy
SGS phenyl                    ,        -5.299,   -7208.092
SGS phenyl                    ,        -5.031,   -7147.753
------------ Averaged Properties -------
title         ,average  
cdock_affinity,   -5.165
Prime_Energy  ,-7177.922
Total Time Elapsed (hours:minutes:seconds)    0:51:59
EndTime: 01-19-2015 11:42:32
