Starting Time: 01-19-2015 11:07:56
Join Receptor: (chain.name "A" AND res.num 311 AND res.inscode " ")
Join Criterion: {'r_workflow_bond_dist': ('((chain.name "A" AND res.num 311 AND res.inscode " ")) AND atom.ptype  " SG "', 'atom.i_cdock_lig_attach 2', ' < 5.000000')}
Rotamer: state 0 created
Rotamer: state 1 created
Rotamer: state 2 created
Rotamer: state 3 created
Rotamer: state 4 created
Rotamer: state 5 created
Rotamer: state 6 created
Pose 0
  rotamer 0 5.141913 False
  rotamer 1 3.606236 True
  rotamer 2 5.419750 False
  rotamer 3 4.664146 True
  rotamer 4 5.001910 False
  rotamer 5 3.693422 True
  rotamer 6 5.612448 False
RETAINED    3.61
Pose 1
  rotamer 0 4.738092 True
  rotamer 1 3.364029 True
  rotamer 2 5.146858 False
  rotamer 3 4.271465 True
  rotamer 4 4.768756 True
  rotamer 5 3.393128 True
  rotamer 6 5.217789 False
RETAINED    3.36
Pose 2
  rotamer 0 4.744628 True
  rotamer 1 3.356105 True
  rotamer 2 5.085671 False
  rotamer 3 4.290668 True
  rotamer 4 4.705304 True
  rotamer 5 3.407663 True
  rotamer 6 5.203126 False
RETAINED    3.36
Pose 3
  rotamer 0 4.917820 True
  rotamer 1 3.428244 True
  rotamer 2 5.156787 False
  rotamer 3 4.462180 True
  rotamer 4 4.752855 True
  rotamer 5 3.522092 True
  rotamer 6 5.362486 False
RETAINED    3.43
Pose 4
  rotamer 0 4.651180 True
  rotamer 1 3.299690 True
  rotamer 2 4.969653 True
  rotamer 3 4.212221 True
  rotamer 4 4.599108 True
  rotamer 5 3.354047 True
  rotamer 6 5.093179 False
RETAINED    3.30
Pose 5
  rotamer 0 4.915946 True
  rotamer 1 3.427792 True
  rotamer 2 5.156111 False
  rotamer 3 4.460381 True
  rotamer 4 4.752508 True
  rotamer 5 3.521116 True
  rotamer 6 5.360729 False
RETAINED    3.43
Pose 6
  rotamer 0 4.649411 True
  rotamer 1 3.301355 True
  rotamer 2 4.981488 True
  rotamer 3 4.208074 True
  rotamer 4 4.611531 True
  rotamer 5 3.351193 True
  rotamer 6 5.095532 False
RETAINED    3.30
Pose 7
  rotamer 0 5.437061 False
  rotamer 1 4.128489 True
  rotamer 2 6.082740 False
  rotamer 3 4.925027 True
  rotamer 4 5.703642 False
  rotamer 5 4.082932 True
  rotamer 6 5.998272 False
RETAINED    4.08
Pose 8
  rotamer 0 4.902785 True
  rotamer 1 3.437408 True
  rotamer 2 5.183592 False
  rotamer 3 4.443274 True
  rotamer 4 4.784761 True
  rotamer 5 3.515861 True
  rotamer 6 5.357211 False
RETAINED    3.44
Pose 9
  rotamer 0 4.766706 True
  rotamer 1 3.295127 True
  rotamer 2 5.054862 False
  rotamer 3 4.305402 True
  rotamer 4 4.656749 True
  rotamer 5 3.372060 True
  rotamer 6 5.222700 False
RETAINED    3.30
Pose 10
  rotamer 0 4.787823 True
  rotamer 1 3.317203 True
  rotamer 2 5.065162 False
  rotamer 3 4.329056 True
  rotamer 4 4.667017 True
  rotamer 5 3.397346 True
  rotamer 6 5.240196 False
RETAINED    3.32
Pose 11
  rotamer 0 4.819541 True
  rotamer 1 3.291542 True
  rotamer 2 4.990738 True
  rotamer 3 4.371651 True
  rotamer 4 4.580386 True
  rotamer 5 3.410666 True
  rotamer 6 5.246363 False
RETAINED    3.29
Pose 12
  rotamer 0 4.802333 True
  rotamer 1 3.331075 True
  rotamer 2 5.071933 False
  rotamer 3 4.345074 True
  rotamer 4 4.673492 True
  rotamer 5 3.413651 True
  rotamer 6 5.252357 False
RETAINED    3.33
Pose 13
  rotamer 0 5.435418 False
  rotamer 1 3.818036 True
  rotamer 2 5.634470 False
  rotamer 3 4.953539 True
  rotamer 4 5.195108 False
  rotamer 5 3.937699 True
  rotamer 6 5.898764 False
RETAINED    3.82
Pose 14
  rotamer 0 4.802999 True
  rotamer 1 3.332359 True
  rotamer 2 5.073920 False
  rotamer 3 4.345570 True
  rotamer 4 4.675590 True
  rotamer 5 3.414460 True
  rotamer 6 5.253379 False
RETAINED    3.33
Pose 15
  rotamer 0 5.288349 False
  rotamer 1 3.852820 True
  rotamer 2 5.782422 False
  rotamer 3 4.782242 True
  rotamer 4 5.381033 False
  rotamer 5 3.864019 True
  rotamer 6 5.818236 False
RETAINED    3.85
Pose 16
  rotamer 0 5.205452 False
  rotamer 1 3.639461 True
  rotamer 2 5.452849 False
  rotamer 3 4.726955 True
  rotamer 4 5.027707 False
  rotamer 5 3.739216 True
  rotamer 6 5.672154 False
RETAINED    3.64
Pose 17
  rotamer 0 5.946162 False
  rotamer 1 5.182676 False
  rotamer 2 6.501695 False
  rotamer 3 5.601978 False
  rotamer 4 6.251080 False
  rotamer 5 5.120796 False
  rotamer 6 6.355209 False
DISCARDED    5.12
Stage <SGS phenyl     (    0) JoinPoseReceptor1> takes 6 seconds
Join Receptor: (chain.name "A" AND res.num 311 AND res.inscode " ")
Join Criterion: {'r_workflow_bond_dist': ('((chain.name "A" AND res.num 311 AND res.inscode " ")) AND atom.ptype  " SG "', 'atom.i_cdock_lig_attach 2', ' < 5.000000')}
Rotamer: state 0 created
Rotamer: state 1 created
Rotamer: state 2 created
Rotamer: state 3 created
Rotamer: state 4 created
Rotamer: state 5 created
Rotamer: state 6 created
Pose 0
  rotamer 0 4.730440 True
  rotamer 1 3.881149 True
  rotamer 2 4.871366 True
  rotamer 3 4.458181 True
  rotamer 4 4.623947 True
  rotamer 5 3.931925 True
  rotamer 6 5.004345 False
RETAINED    3.88
Pose 1
  rotamer 0 4.752469 True
  rotamer 1 3.905366 True
  rotamer 2 4.892034 True
  rotamer 3 4.481014 True
  rotamer 4 4.645115 True
  rotamer 5 3.956253 True
  rotamer 6 5.025519 False
RETAINED    3.91
Pose 2
  rotamer 0 4.809105 True
  rotamer 1 3.996125 True
  rotamer 2 5.049092 False
  rotamer 3 4.524453 True
  rotamer 4 4.806549 True
  rotamer 5 4.017861 True
  rotamer 6 5.110212 False
RETAINED    4.00
Pose 3
  rotamer 0 4.822881 True
  rotamer 1 3.947548 True
  rotamer 2 4.978289 True
  rotamer 3 4.540227 True
  rotamer 4 4.723173 True
  rotamer 5 3.997302 True
  rotamer 6 5.108449 False
RETAINED    3.95
Pose 4
  rotamer 0 5.418821 False
  rotamer 1 4.568705 True
  rotamer 2 5.965886 False
  rotamer 3 5.052542 False
  rotamer 4 5.697162 False
  rotamer 5 4.513995 True
  rotamer 6 5.843367 False
RETAINED    4.51
Pose 5
  rotamer 0 5.686399 False
  rotamer 1 4.414648 True
  rotamer 2 6.056441 False
  rotamer 3 5.248569 False
  rotamer 4 5.690529 False
  rotamer 5 4.447606 True
  rotamer 6 6.142563 False
RETAINED    4.41
Pose 6
  rotamer 0 4.649391 True
  rotamer 1 3.908364 True
  rotamer 2 4.812428 True
  rotamer 3 4.401573 True
  rotamer 4 4.592404 True
  rotamer 5 3.942507 True
  rotamer 6 4.905354 True
RETAINED    3.91
Try to keep additional poses to reach 10Stage <SGS phenyl     (    1) JoinPoseReceptor1> takes 2 seconds

Ending Time: 01-19-2015 11:08:05
