----- Output (stdout) -----
==============================================================================
  Prime version 3.8 (r013) Refine Structure: Minimization
==============================================================================
        
Using the following input parameters:
   JOB_TYPE	refine
   MINIM_NITER	5
   SELECT	all
   STRUCT_FILE	Subjob00001--MinimizeLigand-in.maegz

Number of CPU cores to use: 1

Using OPLS version 2005 for force-field parameters.

Pre-processing input
  Treating with residue ID check...
    Complete:  0 min  0 sec
  Treating with asl parsing...
    Complete:  0 min  0 sec
  Treating with naming consistency detection...
    Complete:  0 min  0 sec

 Random Number Seed Set to:   1891474681
 
 Contents of the control file:
   
   file outdir "/scratch/albaness/covalent_SGSnophenyl_4IJ8/covalent_SGSnophenyl_4IJ8_workdir/"
   file datadir "/cbio/jclab/share/schrodinger/schrodinger2014-4/psp-v38013/data/pop/"
   file vddir "/cbio/jclab/share/schrodinger/schrodinger2014-4/psp-v38013/data/pop/"
   file tempdir "templates/"
   file protempdir "templates/"
   file usrtempdir "/scratch/albaness/covalent_SGSnophenyl_4IJ8/covalent_SGSnophenyl_4IJ8_workdir/"
   file gluefile "params.glue"
   file logfile stdout
   
   rand seed 0
   
   load simple Subjob00001--MinimizeLigand_0 Structure(36)  het yes ions yes wat yes mse2met no sym no   highest_occ no     opls_version 2005
   
   
   
   energy param solv vsgb2.0
   
   
   
   energy param nbcut2_nn  40.0
   energy param nbcut2_cn  40.0
   energy param nbcut2_cc  40.0
   
   energy param uselipo yes
   
   
   
   
   
   energy total
   minimize residues asl "atom.i_psp_select_atom 1"  verbose yes  iter 5
   
   energy total
   
   
   write mae SWIG_OUTPUT_STRUCTURE
   
--Checked out   8 PSP Plop Tokens--
 Random seed reset to :            0
 
 Parameters chosen for PDB loading:
   All protein chains will be loaded.
   Sequence read from ATOM lines.
   Ions from PDB file INCLUDED.
   PDB file assumed to be experimental data.
   Waters from PDB file INCLUDED.
   HETATMs from PDB file INCLUDED.
   Hydrogens from PDB file INCLUDED.
   NO symmetry will be used.
   Atoms not in PDB file will NOT be optimized.
   Atomtyping Parameters (when reading directly from mae)
      OPLS Version 2005                
      Planarity      1.000
      Using Force Field Charges
 
 STARTING TO WORK ON FILE Subjob00001--MinimizeLigand_0
 Crystal symmetry data not present
 Reading residue sequence from atoms in mae file
 
 Nonbonded initialization ...
 Time for loading nb parameters:   1.310000001103617E-002
 Build extended structure ...
 Generating crosslinks ...
 Initialize 1/4 list ...
 Initialize parent/child list ...
 Initialize covalent pointers ...
 Initialize resinfo list ...
 ATTN: hetero res type UNK 
  not recognized - rotamer conformations will not be sampled.
 Initialize special atoms ...
 Initialize rank list ...
 Initialize sparse atom list ...
 
 Times for various book-keeping steps:
     build   0.007s
     cross   0.000s
     child   0.000s
      iper   0.000s
       rev   0.000s
      info   0.000s
     resat   0.000s
      rank   0.000s
     covpt   0.000s
    sparse   0.000s
 
 Times for steps in loading structure:
           Load sequence    0.00s
    Initialize structure    0.08s
      Assign coordinates    0.00s
     Initialize symmetry    0.00s
 
 Preparing for first energy calculation ...
 
 Time for assigning nb parameters:    0.000s
 
 Number of protein chains       0
   Number of residues           0
       (charged)                0
        (polar)                 0
       (glycine)                0
     (hydrophobic)              0
 
 Number of RNA chains           0
   Number of nucleotides        0
 Number of DNA chains           0
   Number of nucleotides        0
 
 Number of waters               0
 Number of ions                 0
 Number of HET                  1
 
 Number of atoms               40
   [sparse atoms]               4
 
 Number of bonds               42
 Number of angles              76
 Number of torsions           121
 Number of 1/4s               101
 
 Partial charges and molecular weights:
  HET group      _:UNK_900         1.0000     303.4
  Entire system                    1.0000     303.4
 
 Time for secondary structure initialization   0.000s
 
 Results of parameter assignment
    type    tot   time
    BOND     42   0.00
    ANGL     76   0.00
    TORS    121   0.00
 
 Here are the parameters that will be used:
                      Solvent model   SGB
               Variable Dielectric:   ENABLED
                               LYS:    3.85
                               GLU:    2.78
                               ASP:    2.44
                               HIP:    2.86
                               HIS:    1.00
                               ARG:    2.11
                      Penalty terms   EXCLUDED
                Internal dielectric    1.00
                 Solvent dielectric   80.00
                 Ionic strength (M)    0.00
                 Debye length (Ang)     Inf
     Short NB cut (neutral/neutral)   10.00
      Long NB cut (neutral/neutral)   40.00
      Short NB cut (charge/neutral)   10.00
       Long NB cut (charge/neutral)   40.00
       Short NB cut (charge/charge)   15.00
        Long NB cut (charge/charge)   40.00
             Short NB cut (reduced)    6.00
              Long NB cut (reduced)   36.00
          Rotamer Frequency Scoring   OFF
 
 NOW REPORTING THE ENERGY (KCAL/MOL): 
 COVALENT ENERGIES:
                BOND           ANGLE             TOR           TOTAL
     COV        1.799903        2.692440       12.459200       16.951544
     SGB       75.492860       57.163171      -65.592737       67.063294
   TOTAL       77.292763       59.855612      -53.133537       84.014838
    TIME        0.000s          0.000s          0.000s          0.000s   
 
 NONBONDED (INTRAMOLECULAR) ENERGIES:
                  14           SHORT            LONG           TOTAL
      LJ       17.962944       -6.873215        0.000000       11.089728
    LIPO        0.000000       -7.794128        0.000000       -7.794128
      EL       48.941074       -9.421952        0.000000       39.519122
     SGB      -65.592737        5.205824        0.000000      -60.386913
   TOTAL        1.311281      -18.883471        0.000000      -17.572191
    TIME        0.000s          0.000s          0.000s          0.000s   
 
 OTHER:
SGB SELF      -89.000539
NONPOLAR        0.000000
PROT COR        0.000000
   HBOND        0.000000
 PACKING        0.000000
SelfCont        0.000000
 
 SUM:
 SGB TOT      -16.731421
SOLV TOT      -16.731421
LIPO TOT       -7.794128
  TOTALE   43.03484504195    
 [NOTE: TOTAL ENERGY = COV_TOT + NB_TOT + OTHER - SGB_14|SGB_TOR]
 
 NOW REPORTING THE ENERGY (KCAL/MOL): 
 COVALENT ENERGIES:
                BOND           ANGLE             TOR           TOTAL
     COV        1.799903        2.692440       12.459200       16.951544
     SGB       75.492860       57.163171      -65.592737       67.063294
   TOTAL       77.292763       59.855612      -53.133537       84.014838
    TIME        0.000s          0.000s          0.000s          0.000s   
 
 NONBONDED (INTRAMOLECULAR) ENERGIES:
                  14           SHORT            LONG           TOTAL
      LJ       17.962944       -6.873215        0.000000       11.089728
    LIPO        0.000000       -7.794128        0.000000       -7.794128
      EL       48.941074       -9.421952        0.000000       39.519122
     SGB      -65.592737        5.205824        0.000000      -60.386913
   TOTAL        1.311281      -18.883471        0.000000      -17.572191
    TIME        0.000s          0.000s          0.000s          0.000s   
 
 OTHER:
SGB SELF      -89.000539
NONPOLAR        0.000000
PROT COR        0.000000
   HBOND        0.000000
 PACKING        0.000000
SelfCont        0.000000
 
 SUM:
 SGB TOT      -16.731421
SOLV TOT      -16.731421
LIPO TOT       -7.794128
  TOTALE   43.03484504195    
 [NOTE: TOTAL ENERGY = COV_TOT + NB_TOT + OTHER - SGB_14|SGB_TOR]
 
 Preparing for first energy calculation ...
 
 
 NOW REPORTING THE ENERGY (KCAL/MOL): 
 COVALENT ENERGIES:
                BOND           ANGLE             TOR           TOTAL
     COV        1.799903        2.692440       12.459200       16.951544
     SGB       75.492860       57.163171      -65.592737       67.063294
   TOTAL       77.292763       59.855612      -53.133537       84.014838
    TIME        0.000s          0.000s          0.000s          0.000s   
 
 NONBONDED (INTRAMOLECULAR) ENERGIES:
                  14           SHORT            LONG           TOTAL
      LJ       17.962944       -6.873215        0.000000       11.089728
    LIPO        0.000000       -7.794128        0.000000       -7.794128
      EL       48.941074       -9.421952        0.000000       39.519122
     SGB      -65.592737        5.205824        0.000000      -60.386913
   TOTAL        1.311281      -18.883471        0.000000      -17.572191
    TIME        0.000s          0.000s          0.000s          0.000s   
 
 OTHER:
SGB SELF      -89.000539
NONPOLAR        0.000000
PROT COR        0.000000
   HBOND        0.000000
 PACKING        0.000000
SelfCont        0.000000
 
 SUM:
 SGB TOT      -16.731421
SOLV TOT      -16.731421
LIPO TOT       -7.794128
  TOTALE   43.03484504195    
 [NOTE: TOTAL ENERGY = COV_TOT + NB_TOT + OTHER - SGB_14|SGB_TOR]
 
 Options chosen for the minimization:
   Desired final RMS gradient:  1.000000000000000E-002
   Maximum number of iterations to achieve self-consistency:            5
   Energy cutoff for determining self-consistency 0.100kcals/mol
   Maximum number of TN iterations:           65
   Iterations between NBlist/LR updates:            2
   LR forces will be updated less frequently than SR.
   NB list will be updated during minim.
   SGB will be updated during minim.
   Option for SGB update:            1
   Born alpha will NOT be updated during minim
   NB Clashes will be used in the preconditioning
 
 STARTING TO WORK ON MINIMIZATION: 
 Dynamic memory allocation:     0.00s
 number of degrees of freedom:              120
 number of sparse matrix elements:         2211
 memory allocated for hessian ME:         20000
 
  itn.     f            |g|      #cg    mode    |r|       lambda     nfg  time   rmsd
    0      43.03485     0.63899
    1      42.98300     0.06963     1     0     0.73313    1.00000    2   0.50s  0.004
    2      42.94041     0.18656    13     0     0.07591    0.47231    4   0.52s  0.037
    3      42.92862     0.02839     3     0     0.15048    1.00000    5   0.53s  0.046
    4      42.92533     0.03991    13     0     0.00543    1.00000    6   0.53s  0.059
    5      42.92516     0.00143     1     0     0.01565    1.00000    7   0.53s  0.059
final      42.9251560   0.00143    31     0     0.01565    1.00000    7   0.53s
 
   Total time elapsed    0.532s
   Preliminaries         0.405s
   PCG Hd products       0.007s
   Long Range Forces     0.000s
   Preconditioning       0.118s
   Line searches         0.001s
 
 MINIMIZATION COMPLETED 
 
 NOW REPORTING THE ENERGY (KCAL/MOL): 
 COVALENT ENERGIES:
                BOND           ANGLE             TOR           TOTAL
     COV        1.947776        2.659836       12.550823       17.158434
     SGB       75.357662       57.090873      -65.451677       66.996858
   TOTAL       77.305437       59.750709      -52.900854       84.155292
    TIME        0.000s          0.000s          0.000s          0.000s   
 
 NONBONDED (INTRAMOLECULAR) ENERGIES:
                  14           SHORT            LONG           TOTAL
      LJ       17.848043       -6.883290        0.000000       10.964754
    LIPO        0.000000       -7.918180        0.000000       -7.918180
      EL       48.887154       -9.317700        0.000000       39.569454
     SGB      -65.451677        5.043015        0.000000      -60.408661
   TOTAL        1.283521      -19.076154        0.000000      -17.792633
    TIME        0.000s          0.000s          0.000s          0.000s   
 
 OTHER:
SGB SELF      -88.895920
NONPOLAR        0.000000
PROT COR        0.000000
   HBOND        0.000000
 PACKING        0.000000
SelfCont        0.000000
 
 SUM:
 SGB TOT      -16.856047
SOLV TOT      -16.856047
LIPO TOT       -7.918180
  TOTALE   42.91841557557    
 [NOTE: TOTAL ENERGY = COV_TOT + NB_TOT + OTHER - SGB_14|SGB_TOR]
 Completed Iteration            1  of            5
Minimization not yet converged, dE (   0.110kcals/mol)  >   0.100
 
 STARTING TO WORK ON MINIMIZATION: 
 Dynamic memory allocation:     0.00s
 number of degrees of freedom:              120
 number of sparse matrix elements:         2211
 memory allocated for hessian ME:         20000
 
  itn.     f            |g|      #cg    mode    |r|       lambda     nfg  time   rmsd
    0      42.91842     0.01004
    1      42.91837     0.00083     7     0     0.00800    1.00000    2   0.00s  0.002
final      42.9183700   0.00083     7     0     0.00800    1.00000    2   0.00s
 
   Total time elapsed    0.003s
   Preliminaries         0.001s
   PCG Hd products       0.002s
   Long Range Forces     0.000s
   Preconditioning       0.000s
   Line searches         0.000s
 
 MINIMIZATION COMPLETED 
 
 NOW REPORTING THE ENERGY (KCAL/MOL): 
 COVALENT ENERGIES:
                BOND           ANGLE             TOR           TOTAL
     COV        1.946808        2.659946       12.553957       17.160711
     SGB       75.454507       57.122575      -65.504497       67.072585
   TOTAL       77.401315       59.782521      -52.950540       84.233296
    TIME        0.000s          0.000s          0.000s          0.000s   
 
 NONBONDED (INTRAMOLECULAR) ENERGIES:
                  14           SHORT            LONG           TOTAL
      LJ       17.849668       -6.886378        0.000000       10.963290
    LIPO        0.000000       -7.918604        0.000000       -7.918604
      EL       48.887833       -9.317453        0.000000       39.570380
     SGB      -65.504497        5.055028        0.000000      -60.449469
   TOTAL        1.233005      -19.067408        0.000000      -17.834403
    TIME        0.000s          0.000s          0.000s          0.000s   
 
 OTHER:
SGB SELF      -89.019773
NONPOLAR        0.000000
PROT COR        0.000000
   HBOND        0.000000
 PACKING        0.000000
SelfCont        0.000000
 
 SUM:
 SGB TOT      -16.892160
SOLV TOT      -16.892160
LIPO TOT       -7.918604
  TOTALE   42.88361662797    
 [NOTE: TOTAL ENERGY = COV_TOT + NB_TOT + OTHER - SGB_14|SGB_TOR]
 Completed Iteration            2  of            5
Minimization converged, dE (   0.000kcals/mol)  <   0.100
 
 Preparing for first energy calculation ...
 
 
 NOW REPORTING THE ENERGY (KCAL/MOL): 
 COVALENT ENERGIES:
                BOND           ANGLE             TOR           TOTAL
     COV        1.946808        2.659946       12.553957       17.160711
     SGB       75.454507       57.122575      -65.504497       67.072585
   TOTAL       77.401315       59.782521      -52.950540       84.233296
    TIME        0.000s          0.000s          0.000s          0.000s   
 
 NONBONDED (INTRAMOLECULAR) ENERGIES:
                  14           SHORT            LONG           TOTAL
      LJ       17.849668       -6.886378        0.000000       10.963290
    LIPO        0.000000       -7.918604        0.000000       -7.918604
      EL       48.887833       -9.317453        0.000000       39.570380
     SGB      -65.504497        5.055028        0.000000      -60.449469
   TOTAL        1.233005      -19.067408        0.000000      -17.834403
    TIME        0.000s          0.000s          0.000s          0.000s   
 
 OTHER:
SGB SELF      -89.019773
NONPOLAR        0.000000
PROT COR        0.000000
   HBOND        0.000000
 PACKING        0.000000
SelfCont        0.000000
 
 SUM:
 SGB TOT      -16.892160
SOLV TOT      -16.892160
LIPO TOT       -7.918604
  TOTALE   42.88361662797    
 [NOTE: TOTAL ENERGY = COV_TOT + NB_TOT + OTHER - SGB_14|SGB_TOR]
 
 NOW REPORTING THE ENERGY (KCAL/MOL): 
 COVALENT ENERGIES:
                BOND           ANGLE             TOR           TOTAL
     COV        1.946808        2.659946       12.553957       17.160711
     SGB       75.454507       57.122575      -65.504497       67.072585
   TOTAL       77.401315       59.782521      -52.950540       84.233296
    TIME        0.000s          0.000s          0.000s          0.000s   
 
 NONBONDED (INTRAMOLECULAR) ENERGIES:
                  14           SHORT            LONG           TOTAL
      LJ       17.849668       -6.886378        0.000000       10.963290
    LIPO        0.000000       -7.918604        0.000000       -7.918604
      EL       48.887833       -9.317453        0.000000       39.570380
     SGB      -65.504497        5.055028        0.000000      -60.449469
   TOTAL        1.233005      -19.067408        0.000000      -17.834403
    TIME        0.000s          0.000s          0.000s          0.000s   
 
 OTHER:
SGB SELF      -89.019773
NONPOLAR        0.000000
PROT COR        0.000000
   HBOND        0.000000
 PACKING        0.000000
SelfCont        0.000000
 
 SUM:
 SGB TOT      -16.892160
SOLV TOT      -16.892160
LIPO TOT       -7.918604
  TOTALE   42.88361662797    
 [NOTE: TOTAL ENERGY = COV_TOT + NB_TOT + OTHER - SGB_14|SGB_TOR]
 TOTAL TIME ELAPSED: Subjob00001--MinimizeLigand_0           1.565s
 RETURNED LICENSE
Post-processing output...
  Processing output structure #1
Post-processing complete.

==============================================================================
  Prime version 3.8 (r013) Refine Structure: Minimization
==============================================================================
        
Using the following input parameters:
   JOB_TYPE	refine
   MINIM_NITER	5
   SELECT	all
   STRUCT_FILE	Subjob00001--MinimizeLigand-in.maegz
   USE_SMALL_EXE	yes

Number of CPU cores to use: 1

Using OPLS version 2005 for force-field parameters.

Pre-processing input
  Treating with residue ID check...
    Complete:  0 min  0 sec
  Treating with asl parsing...
    Complete:  0 min  0 sec
  Treating with naming consistency detection...
    Complete:  0 min  0 sec

 Random Number Seed Set to:   1891498297
 
 Contents of the control file:
   
   file outdir "/scratch/albaness/covalent_SGSnophenyl_4IJ8/covalent_SGSnophenyl_4IJ8_workdir/"
   file datadir "/cbio/jclab/share/schrodinger/schrodinger2014-4/psp-v38013/data/pop/"
   file vddir "/cbio/jclab/share/schrodinger/schrodinger2014-4/psp-v38013/data/pop/"
   file tempdir "templates/"
   file protempdir "templates/"
   file usrtempdir "/scratch/albaness/covalent_SGSnophenyl_4IJ8/covalent_SGSnophenyl_4IJ8_workdir/"
   file gluefile "params.glue"
   file logfile stdout
   
   rand seed 0
   
   load simple Subjob00001--MinimizeLigand_1 Structure(1588)  het yes ions yes wat yes mse2met no sym no   highest_occ no     opls_version 2005
   
   
   
   energy param solv vsgb2.0
   
   
   
   energy param nbcut2_nn  40.0
   energy param nbcut2_cn  40.0
   energy param nbcut2_cc  40.0
   
   energy param uselipo yes
   
   
   
   
   
   energy total
   minimize residues asl "atom.i_psp_select_atom 1"  verbose yes  iter 5
   
   energy total
   
   
   write mae SWIG_OUTPUT_STRUCTURE
   
--Checked out   8 PSP Plop Tokens--
 Random seed reset to :            0
 
 Parameters chosen for PDB loading:
   All protein chains will be loaded.
   Sequence read from ATOM lines.
   Ions from PDB file INCLUDED.
   PDB file assumed to be experimental data.
   Waters from PDB file INCLUDED.
   HETATMs from PDB file INCLUDED.
   Hydrogens from PDB file INCLUDED.
   NO symmetry will be used.
   Atoms not in PDB file will NOT be optimized.
   Atomtyping Parameters (when reading directly from mae)
      OPLS Version 2005                
      Planarity      1.000
      Using Force Field Charges
 
 STARTING TO WORK ON FILE Subjob00001--MinimizeLigand_1
 Crystal symmetry data not present
 Reading residue sequence from atoms in mae file
 
 Nonbonded initialization ...
 Time for loading nb parameters:   3.999999986262992E-003
 Build extended structure ...
 Generating crosslinks ...
 Initialize 1/4 list ...
 Initialize parent/child list ...
 Initialize covalent pointers ...
 Initialize resinfo list ...
 ATTN: hetero res type UNK 
  not recognized - rotamer conformations will not be sampled.
 Initialize special atoms ...
 Initialize rank list ...
 Initialize sparse atom list ...
 
 Times for various book-keeping steps:
     build   0.001s
     cross   0.000s
     child   0.000s
      iper   0.000s
       rev   0.000s
      info   0.000s
     resat   0.000s
      rank   0.000s
     covpt   0.000s
    sparse   0.000s
 
 Times for steps in loading structure:
           Load sequence    0.00s
    Initialize structure    0.05s
      Assign coordinates    0.00s
     Initialize symmetry    0.00s
 
 Preparing for first energy calculation ...
 
 Time for assigning nb parameters:    0.000s
 
 Number of protein chains       0
   Number of residues           0
       (charged)                0
        (polar)                 0
       (glycine)                0
     (hydrophobic)              0
 
 Number of RNA chains           0
   Number of nucleotides        0
 Number of DNA chains           0
   Number of nucleotides        0
 
 Number of waters               0
 Number of ions                 0
 Number of HET                  1
 
 Number of atoms               39
   [sparse atoms]               4
 
 Number of bonds               41
 Number of angles              73
 Number of torsions           112
 Number of 1/4s                92
 
 Partial charges and molecular weights:
  HET group      _:UNK_900         0.0000     302.4
  Entire system                    0.0000     302.4
 
 Time for secondary structure initialization   0.000s
 
 Results of parameter assignment
    type    tot   time
    BOND     41   0.00
    ANGL     73   0.00
    TORS    112   0.00
 
 Here are the parameters that will be used:
                      Solvent model   SGB
               Variable Dielectric:   ENABLED
                               LYS:    3.85
                               GLU:    2.78
                               ASP:    2.44
                               HIP:    2.86
                               HIS:    1.00
                               ARG:    2.11
                      Penalty terms   EXCLUDED
                Internal dielectric    1.00
                 Solvent dielectric   80.00
                 Ionic strength (M)    0.00
                 Debye length (Ang)     Inf
     Short NB cut (neutral/neutral)   10.00
      Long NB cut (neutral/neutral)   40.00
      Short NB cut (charge/neutral)   10.00
       Long NB cut (charge/neutral)   40.00
       Short NB cut (charge/charge)   15.00
        Long NB cut (charge/charge)   40.00
             Short NB cut (reduced)    6.00
              Long NB cut (reduced)   36.00
          Rotamer Frequency Scoring   OFF
 
 NOW REPORTING THE ENERGY (KCAL/MOL): 
 COVALENT ENERGIES:
                BOND           ANGLE             TOR           TOTAL
     COV        1.880263        2.813701       14.345960       19.039923
     SGB       85.465961       99.176728      -72.547254      112.095434
   TOTAL       87.346224      101.990428      -58.201294      131.135357
    TIME        0.000s          0.000s          0.000s          0.000s   
 
 NONBONDED (INTRAMOLECULAR) ENERGIES:
                  14           SHORT            LONG           TOTAL
      LJ       18.893989       -6.493264        0.000000       12.400725
    LIPO        0.000000       -7.843245        0.000000       -7.843245
      EL       54.330809        1.421636        0.000000       55.752445
     SGB      -72.547254       -4.325765        0.000000      -76.873020
   TOTAL        0.677543      -17.240638        0.000000      -16.563094
    TIME        0.000s          0.000s          0.000s          0.000s   
 
 OTHER:
SGB SELF     -112.844958
NONPOLAR        0.000000
PROT COR        0.000000
   HBOND        0.000000
 PACKING        0.000000
SelfCont        0.000000
 
 SUM:
 SGB TOT       -5.075290
SOLV TOT       -5.075290
LIPO TOT       -7.843245
  TOTALE   74.27455897974    
 [NOTE: TOTAL ENERGY = COV_TOT + NB_TOT + OTHER - SGB_14|SGB_TOR]
 
 NOW REPORTING THE ENERGY (KCAL/MOL): 
 COVALENT ENERGIES:
                BOND           ANGLE             TOR           TOTAL
     COV        1.880263        2.813701       14.345960       19.039923
     SGB       85.465961       99.176728      -72.547254      112.095434
   TOTAL       87.346224      101.990428      -58.201294      131.135357
    TIME        0.000s          0.000s          0.000s          0.000s   
 
 NONBONDED (INTRAMOLECULAR) ENERGIES:
                  14           SHORT            LONG           TOTAL
      LJ       18.893989       -6.493264        0.000000       12.400725
    LIPO        0.000000       -7.843245        0.000000       -7.843245
      EL       54.330809        1.421636        0.000000       55.752445
     SGB      -72.547254       -4.325765        0.000000      -76.873020
   TOTAL        0.677543      -17.240638        0.000000      -16.563094
    TIME        0.000s          0.000s          0.000s          0.000s   
 
 OTHER:
SGB SELF     -112.844958
NONPOLAR        0.000000
PROT COR        0.000000
   HBOND        0.000000
 PACKING        0.000000
SelfCont        0.000000
 
 SUM:
 SGB TOT       -5.075290
SOLV TOT       -5.075290
LIPO TOT       -7.843245
  TOTALE   74.27455897974    
 [NOTE: TOTAL ENERGY = COV_TOT + NB_TOT + OTHER - SGB_14|SGB_TOR]
 
 Preparing for first energy calculation ...
 
 
 NOW REPORTING THE ENERGY (KCAL/MOL): 
 COVALENT ENERGIES:
                BOND           ANGLE             TOR           TOTAL
     COV        1.880263        2.813701       14.345960       19.039923
     SGB       85.465961       99.176728      -72.547254      112.095434
   TOTAL       87.346224      101.990428      -58.201294      131.135357
    TIME        0.000s          0.000s          0.000s          0.000s   
 
 NONBONDED (INTRAMOLECULAR) ENERGIES:
                  14           SHORT            LONG           TOTAL
      LJ       18.893989       -6.493264        0.000000       12.400725
    LIPO        0.000000       -7.843245        0.000000       -7.843245
      EL       54.330809        1.421636        0.000000       55.752445
     SGB      -72.547254       -4.325765        0.000000      -76.873020
   TOTAL        0.677543      -17.240638        0.000000      -16.563094
    TIME        0.000s          0.000s          0.000s          0.000s   
 
 OTHER:
SGB SELF     -112.844958
NONPOLAR        0.000000
PROT COR        0.000000
   HBOND        0.000000
 PACKING        0.000000
SelfCont        0.000000
 
 SUM:
 SGB TOT       -5.075290
SOLV TOT       -5.075290
LIPO TOT       -7.843245
  TOTALE   74.27455897974    
 [NOTE: TOTAL ENERGY = COV_TOT + NB_TOT + OTHER - SGB_14|SGB_TOR]
 
 Options chosen for the minimization:
   Desired final RMS gradient:  1.000000000000000E-002
   Maximum number of iterations to achieve self-consistency:            5
   Energy cutoff for determining self-consistency 0.100kcals/mol
   Maximum number of TN iterations:           65
   Iterations between NBlist/LR updates:            2
   LR forces will be updated less frequently than SR.
   NB list will be updated during minim.
   SGB will be updated during minim.
   Option for SGB update:            1
   Born alpha will NOT be updated during minim
   NB Clashes will be used in the preconditioning
 
 STARTING TO WORK ON MINIMIZATION: 
 Dynamic memory allocation:     0.00s
 number of degrees of freedom:              117
 number of sparse matrix elements:         2088
 memory allocated for hessian ME:         19500
 
  itn.     f            |g|      #cg    mode    |r|       lambda     nfg  time   rmsd
    0      74.27456     0.68849
    1      74.19618     0.08147     1     0     0.85111    1.00000    2   0.00s  0.005
    2      74.16461     0.18093    13     0     0.08385    0.19885    4   0.01s  0.034
    3      74.13763     0.17655     8     0     0.12148    1.00000    5   0.01s  0.064
    4      74.13452     0.00914     1     0     0.09943    1.00000    6   0.01s  0.064
final      74.1345243   0.00914    23     0     0.09943    1.00000    6   0.01s
 
   Total time elapsed    0.011s
   Preliminaries         0.001s
   PCG Hd products       0.005s
   Long Range Forces     0.000s
   Preconditioning       0.003s
   Line searches         0.001s
 
 MINIMIZATION COMPLETED 
 
 NOW REPORTING THE ENERGY (KCAL/MOL): 
 COVALENT ENERGIES:
                BOND           ANGLE             TOR           TOTAL
     COV        2.204954        2.846868       14.392894       19.444716
     SGB       85.745048       98.990540      -72.571771      112.163816
   TOTAL       87.950002      101.837408      -58.178877      131.608533
    TIME        0.000s          0.000s          0.000s          0.000s   
 
 NONBONDED (INTRAMOLECULAR) ENERGIES:
                  14           SHORT            LONG           TOTAL
      LJ       18.596964       -6.451798        0.000000       12.145166
    LIPO        0.000000       -7.955264        0.000000       -7.955264
      EL       54.230328        1.399658        0.000000       55.629986
     SGB      -72.571771       -4.252514        0.000000      -76.824286
   TOTAL        0.255521      -17.259918        0.000000      -17.004398
    TIME        0.000s          0.000s          0.000s          0.000s   
 
 OTHER:
SGB SELF     -113.052469
NONPOLAR        0.000000
PROT COR        0.000000
   HBOND        0.000000
 PACKING        0.000000
SelfCont        0.000000
 
 SUM:
 SGB TOT       -5.141167
SOLV TOT       -5.141167
LIPO TOT       -7.955264
  TOTALE   74.12343707818    
 [NOTE: TOTAL ENERGY = COV_TOT + NB_TOT + OTHER - SGB_14|SGB_TOR]
 Completed Iteration            1  of            5
Minimization not yet converged, dE (   0.140kcals/mol)  >   0.100
 
 STARTING TO WORK ON MINIMIZATION: 
 Dynamic memory allocation:     0.00s
 number of degrees of freedom:              117
 number of sparse matrix elements:         2088
 memory allocated for hessian ME:         19500
 
  itn.     f            |g|      #cg    mode    |r|       lambda     nfg  time   rmsd
    0      74.12344     0.01489
    1      74.11767     0.06720    12     0     0.02024    0.39893    3   0.00s  0.021
    2      74.11697     0.00659     1     0     0.07133    1.00000    4   0.01s  0.022
final      74.1169689   0.00659    13     0     0.07133    1.00000    4   0.01s
 
   Total time elapsed    0.006s
   Preliminaries         0.001s
   PCG Hd products       0.003s
   Long Range Forces     0.000s
   Preconditioning       0.001s
   Line searches         0.001s
 
 MINIMIZATION COMPLETED 
 
 NOW REPORTING THE ENERGY (KCAL/MOL): 
 COVALENT ENERGIES:
                BOND           ANGLE             TOR           TOTAL
     COV        2.210405        2.856181       14.345594       19.412180
     SGB       85.282982       98.724610      -72.326184      111.681408
   TOTAL       87.493387      101.580790      -57.980589      131.093588
    TIME        0.000s          0.000s          0.000s          0.000s   
 
 NONBONDED (INTRAMOLECULAR) ENERGIES:
                  14           SHORT            LONG           TOTAL
      LJ       18.607426       -6.410244        0.000000       12.197182
    LIPO        0.000000       -7.960720        0.000000       -7.960720
      EL       54.230853        1.370505        0.000000       55.601358
     SGB      -72.326184       -4.282178        0.000000      -76.608362
   TOTAL        0.512095      -17.282637        0.000000      -16.770542
    TIME        0.000s          0.000s          0.000s          0.000s   
 
 OTHER:
SGB SELF     -112.455037
NONPOLAR        0.000000
PROT COR        0.000000
   HBOND        0.000000
 PACKING        0.000000
SelfCont        0.000000
 
 SUM:
 SGB TOT       -5.055807
SOLV TOT       -5.055807
LIPO TOT       -7.960720
  TOTALE   74.19419312839    
 [NOTE: TOTAL ENERGY = COV_TOT + NB_TOT + OTHER - SGB_14|SGB_TOR]
 Completed Iteration            2  of            5
Minimization converged, dE (   0.006kcals/mol)  <   0.100
 
 Preparing for first energy calculation ...
 
 
 NOW REPORTING THE ENERGY (KCAL/MOL): 
 COVALENT ENERGIES:
                BOND           ANGLE             TOR           TOTAL
     COV        2.210405        2.856181       14.345594       19.412180
     SGB       85.282982       98.724610      -72.326184      111.681408
   TOTAL       87.493387      101.580790      -57.980589      131.093588
    TIME        0.000s          0.000s          0.000s          0.000s   
 
 NONBONDED (INTRAMOLECULAR) ENERGIES:
                  14           SHORT            LONG           TOTAL
      LJ       18.607426       -6.410244        0.000000       12.197182
    LIPO        0.000000       -7.960720        0.000000       -7.960720
      EL       54.230853        1.370505        0.000000       55.601358
     SGB      -72.326184       -4.282178        0.000000      -76.608362
   TOTAL        0.512095      -17.282637        0.000000      -16.770542
    TIME        0.000s          0.000s          0.000s          0.000s   
 
 OTHER:
SGB SELF     -112.455037
NONPOLAR        0.000000
PROT COR        0.000000
   HBOND        0.000000
 PACKING        0.000000
SelfCont        0.000000
 
 SUM:
 SGB TOT       -5.055807
SOLV TOT       -5.055807
LIPO TOT       -7.960720
  TOTALE   74.19419312839    
 [NOTE: TOTAL ENERGY = COV_TOT + NB_TOT + OTHER - SGB_14|SGB_TOR]
 
 NOW REPORTING THE ENERGY (KCAL/MOL): 
 COVALENT ENERGIES:
                BOND           ANGLE             TOR           TOTAL
     COV        2.210405        2.856181       14.345594       19.412180
     SGB       85.282982       98.724610      -72.326184      111.681408
   TOTAL       87.493387      101.580790      -57.980589      131.093588
    TIME        0.000s          0.000s          0.000s          0.000s   
 
 NONBONDED (INTRAMOLECULAR) ENERGIES:
                  14           SHORT            LONG           TOTAL
      LJ       18.607426       -6.410244        0.000000       12.197182
    LIPO        0.000000       -7.960720        0.000000       -7.960720
      EL       54.230853        1.370505        0.000000       55.601358
     SGB      -72.326184       -4.282178        0.000000      -76.608362
   TOTAL        0.512095      -17.282637        0.000000      -16.770542
    TIME        0.000s          0.000s          0.000s          0.000s   
 
 OTHER:
SGB SELF     -112.455037
NONPOLAR        0.000000
PROT COR        0.000000
   HBOND        0.000000
 PACKING        0.000000
SelfCont        0.000000
 
 SUM:
 SGB TOT       -5.055807
SOLV TOT       -5.055807
LIPO TOT       -7.960720
  TOTALE   74.19419312839    
 [NOTE: TOTAL ENERGY = COV_TOT + NB_TOT + OTHER - SGB_14|SGB_TOR]
 TOTAL TIME ELAPSED: Subjob00001--MinimizeLigand_1           0.377s
 RETURNED LICENSE
Post-processing output...
  Processing output structure #1
Post-processing complete.


