----- Output (stdout) -----
 
 Environmental variable BMIN_NO_JOBCONTROL is set.
 Jobcontrol will not be used.
 BatchMin V10.6    Build  106013  Starting Time 13-Jan-2015 14:18:36
 MacroModel. Copyright Schrodinger, LLC.
 All rights reserved.
 set_stacksize: stacksize limit raised to 4294967295l kb for F90 auto. array allocation.

 Input filename:  Subjob00001--Sample_4_opls_2005_solv-in.maegz
 Output filename: Subjob00001--Sample_4_opls_2005_solv-out.mae
 Seed used: 658461
 Atom-type file: /cbio/jclab/share/schrodinger/schrodinger2014-4/mmshare-v28013/bin/Linux-x86_64/../../data/atom.typ
 Force field: /cbio/jclab/share/schrodinger/schrodinger2014-4/macromodel-v106013/bin/Linux-x86_64/../../data/OPLS_2005.fld
 Read    40 atoms. Structure name, if any, appears on next line: 
 SGS nophenyl
 Monte Carlo Multiple Minimum Search requested
MCNV specified 0 in arg1 or arg2;  default values will be assigned later
 Setting the maximum number of structures  to save (MAXMCM_SAVE) to            1
 Non-conformer Serial Search requested
 Number of steps set to :         100
 Quality of Force Field Parameters in Use:
   Numbers of high, medium and low quality stretch parameters =   42    0    0
   Numbers of high, medium and low quality bend parameters    =   76    0    0
   Numbers of high, medium and low quality torsion parameters =  104    6    0
   Interactions examined:        228 of        228 total, including unused params.
      Stretch total=       42   constrained=        0
         Bend total=       76   constrained=        0        linear=        0
      Torsion total=      121   constrained=        0  out-of-plane=       11
    Nonbonded total=      662      H-bonded=        0      ordinary=      662
  Nonbonded cutoffs: CutVdw=   8.00    ;  CutEs=   20.0    
 Solvent file: /cbio/jclab/share/schrodinger/schrodinger2014-4/macromodel-v106013/bin/Linux-x86_64/../../data/water.slv
    Block specifies desired NFIELD -- accepting block
 Starting truncated Newton minimization.
          Step     1 New global minimum.  E (kJ/mol) =       73.20
          Step     2 New global minimum.  E (kJ/mol) =       73.05
 
Interim report; processing .tmp file:
    7 unique conformations found so far
    7 minimized with good convergence
Found     3 confs within  1.00 kcal/mol ( 4.18 kJ/mol) of glob. min.
Found     4 confs within  5.00 kcal/mol (20.92 kJ/mol) of glob. min.
Found     7 confs within 10.00 kcal/mol (41.84 kJ/mol) of glob. min.
Global minimum E =     73.05 found     1 times.
   10 steps performed so far, out of   100
 E of low-energy structures above global min [kJ/mol],  and no. times found:
    E:  0.00  0.14  0.56 18.39 32.88 33.55 34.02
  No.:     1     2     1     1     3     1     1
 
 
Interim report; processing .tmp file:
    9 unique conformations found so far
    9 minimized with good convergence
Found     3 confs within  1.00 kcal/mol ( 4.18 kJ/mol) of glob. min.
Found     4 confs within  3.00 kcal/mol (12.55 kJ/mol) of glob. min.
Found     5 confs within  5.00 kcal/mol (20.92 kJ/mol) of glob. min.
Found     9 confs within 10.00 kcal/mol (41.84 kJ/mol) of glob. min.
Global minimum E =     73.05 found     1 times.
   20 steps performed so far, out of   100
 E of low-energy structures above global min [kJ/mol],  and no. times found:
    E:  0.00  0.14  0.53  8.52 18.39 32.59 32.88 33.55 34.02
  No.:     1     3     4     1     2     1     4     2     2
 
 
Interim report; processing .tmp file:
   11 unique conformations found so far
   11 minimized with good convergence
Found     3 confs within  1.00 kcal/mol ( 4.18 kJ/mol) of glob. min.
Found     4 confs within  2.00 kcal/mol ( 8.37 kJ/mol) of glob. min.
Found     6 confs within  3.00 kcal/mol (12.55 kJ/mol) of glob. min.
Found     7 confs within  5.00 kcal/mol (20.92 kJ/mol) of glob. min.
Found    11 confs within 10.00 kcal/mol (41.84 kJ/mol) of glob. min.
Global minimum E =     73.05 found     1 times.
   30 steps performed so far, out of   100
 E of low-energy structures above global min [kJ/mol],  and no. times found:
    E:  0.00  0.14  0.53  8.33  8.52 12.46 18.39 32.59 32.88 33.55 34.01
  No.:     1     3     4     3     1     2     3     1     4     3     5
 
          Step    36 New global minimum.  E (kJ/mol) =       73.03
 
Interim report; processing .tmp file:
   13 unique conformations found so far
   13 minimized with good convergence
Found     3 confs within  1.00 kcal/mol ( 4.18 kJ/mol) of glob. min.
Found     4 confs within  2.00 kcal/mol ( 8.37 kJ/mol) of glob. min.
Found     8 confs within  3.00 kcal/mol (12.55 kJ/mol) of glob. min.
Found     9 confs within  5.00 kcal/mol (20.92 kJ/mol) of glob. min.
Found    13 confs within 10.00 kcal/mol (41.84 kJ/mol) of glob. min.
Global minimum E =     73.03 found     2 times.
   40 steps performed so far, out of   100
 E of low-energy structures above global min [kJ/mol],  and no. times found:
    E:  0.00  0.17  0.56  8.36  8.55 12.04 12.13 12.49 18.42 32.61 32.90 33.57
  No.:     2     3     4     3     2     1     1     2     4     2     4     3
 
 
Interim report; processing .tmp file:
   13 unique conformations found so far
   13 minimized with good convergence
Found     3 confs within  1.00 kcal/mol ( 4.18 kJ/mol) of glob. min.
Found     4 confs within  2.00 kcal/mol ( 8.37 kJ/mol) of glob. min.
Found     8 confs within  3.00 kcal/mol (12.55 kJ/mol) of glob. min.
Found     9 confs within  5.00 kcal/mol (20.92 kJ/mol) of glob. min.
Found    13 confs within 10.00 kcal/mol (41.84 kJ/mol) of glob. min.
Global minimum E =     73.03 found     2 times.
   50 steps performed so far, out of   100
 E of low-energy structures above global min [kJ/mol],  and no. times found:
    E:  0.00  0.17  0.56  8.35  8.55 12.04 12.13 12.47 18.42 32.61 32.90 33.57
  No.:     2     4     4     5     2     3     2     4     4     2     4     4
 
 
Interim report; processing .tmp file:
   14 unique conformations found so far
   14 minimized with good convergence
Found     3 confs within  1.00 kcal/mol ( 4.18 kJ/mol) of glob. min.
Found     5 confs within  2.00 kcal/mol ( 8.37 kJ/mol) of glob. min.
Found     9 confs within  3.00 kcal/mol (12.55 kJ/mol) of glob. min.
Found    10 confs within  5.00 kcal/mol (20.92 kJ/mol) of glob. min.
Found    14 confs within 10.00 kcal/mol (41.84 kJ/mol) of glob. min.
Global minimum E =     73.03 found     2 times.
   60 steps performed so far, out of   100
 E of low-energy structures above global min [kJ/mol],  and no. times found:
    E:  0.00  0.17  0.56  7.88  8.35  8.55 12.04 12.13 12.47 18.42 32.61 32.90
  No.:     2     6     4     2     7     2     3     4     4     4     2     4
 
 
Interim report; processing .tmp file:
   14 unique conformations found so far
   14 minimized with good convergence
Found     3 confs within  1.00 kcal/mol ( 4.18 kJ/mol) of glob. min.
Found     5 confs within  2.00 kcal/mol ( 8.37 kJ/mol) of glob. min.
Found     9 confs within  3.00 kcal/mol (12.55 kJ/mol) of glob. min.
Found    10 confs within  5.00 kcal/mol (20.92 kJ/mol) of glob. min.
Found    14 confs within 10.00 kcal/mol (41.84 kJ/mol) of glob. min.
Global minimum E =     73.03 found     2 times.
   70 steps performed so far, out of   100
 E of low-energy structures above global min [kJ/mol],  and no. times found:
    E:  0.00  0.17  0.56  7.88  8.35  8.55 12.04 12.13 12.47 18.42 32.61 32.90
  No.:     2     6     4     2     7     3     3     6     5     6     3     6
 
 
Interim report; processing .tmp file:
   14 unique conformations found so far
   14 minimized with good convergence
Found     3 confs within  1.00 kcal/mol ( 4.18 kJ/mol) of glob. min.
Found     5 confs within  2.00 kcal/mol ( 8.37 kJ/mol) of glob. min.
Found     9 confs within  3.00 kcal/mol (12.55 kJ/mol) of glob. min.
Found    10 confs within  5.00 kcal/mol (20.92 kJ/mol) of glob. min.
Found    14 confs within 10.00 kcal/mol (41.84 kJ/mol) of glob. min.
Global minimum E =     73.03 found     3 times.
   80 steps performed so far, out of   100
 E of low-energy structures above global min [kJ/mol],  and no. times found:
    E:  0.00  0.17  0.56  7.88  8.34  8.55 12.04 12.13 12.47 18.42 32.61 32.90
  No.:     3     8     5     2     8     4     4     7     5     6     3     6
 
 
Interim report; processing .tmp file:
   15 unique conformations found so far
   15 minimized with good convergence
Found     3 confs within  1.00 kcal/mol ( 4.18 kJ/mol) of glob. min.
Found     5 confs within  2.00 kcal/mol ( 8.37 kJ/mol) of glob. min.
Found     9 confs within  3.00 kcal/mol (12.55 kJ/mol) of glob. min.
Found    11 confs within  5.00 kcal/mol (20.92 kJ/mol) of glob. min.
Found    15 confs within 10.00 kcal/mol (41.84 kJ/mol) of glob. min.
Global minimum E =     73.03 found     3 times.
   90 steps performed so far, out of   100
 E of low-energy structures above global min [kJ/mol],  and no. times found:
    E:  0.00  0.17  0.56  7.88  8.34  8.55 12.04 12.13 12.47 18.02 18.42 32.61
  No.:     3     8     5     2     8     4     4     8     6     2     9     3
 
          Step    93 New global minimum.  E (kJ/mol) =       73.02
         100  structures minimised
          15  unique structures stored
          15  structures with good convergence
             Global Minimum   73.023788     kJ/mol
 
 
Final report; processing .tmp file:
   15 unique conformations found so far
   15 minimized with good convergence
Found     3 confs within  1.00 kcal/mol ( 4.18 kJ/mol) of glob. min.
Found     5 confs within  2.00 kcal/mol ( 8.37 kJ/mol) of glob. min.
Found     9 confs within  3.00 kcal/mol (12.55 kJ/mol) of glob. min.
Found    11 confs within  5.00 kcal/mol (20.92 kJ/mol) of glob. min.
Found    15 confs within 10.00 kcal/mol (41.84 kJ/mol) of glob. min.
Global minimum E =     73.02 found     4 times.
  100 steps performed so far, out of   100
 E of low-energy structures above global min [kJ/mol],  and no. times found:
    E:  0.00  0.17  0.56  7.88  8.34  8.55 12.05 12.13 12.48 18.03 18.42 32.62
  No.:     4     9     5     2     8     7     4     9     6     3     9     3
 
Input structure with title on the next line is given SerNo:        1
SGS nophenyl
Auto summary for input structure      1:
 Total number of structures processed =         100
 Conformations with poor convergence marked with a *
 Conformation       1 (    73.02379     kJ/mol) was found     4 times
 Conformation       2 (    73.19505     kJ/mol) was found     9 times
 Conformation       3 (    73.58144     kJ/mol) was found     5 times
 Conformation       4 (    80.90200     kJ/mol) was found     2 times
 Conformation       5 (    81.36555     kJ/mol) was found     8 times
 Conformation       6 (    81.57313     kJ/mol) was found     7 times
 Conformation       7 (    85.06903     kJ/mol) was found     4 times
 Conformation       8 (    85.15451     kJ/mol) was found     9 times
 Conformation       9 (    85.49995     kJ/mol) was found     6 times
 Conformation      10 (    91.04891     kJ/mol) was found     3 times
 Conformation      11 (    91.44270     kJ/mol) was found     9 times
 Conformation      12 (    105.6391     kJ/mol) was found     3 times
 Conformation      13 (    105.9272     kJ/mol) was found     8 times
 Conformation      14 (    106.5960     kJ/mol) was found     5 times
 Conformation      15 (    107.0604     kJ/mol) was found    18 times
 *** Note only            1 (MAXMCM_SAVE) structures 
     written to the output structure file.  As requested.
           *** MC Statistics ***
 Percent of minimized structures within energetic window:   100.0000    
 Average number of duplicates:     6.666667    
 Duplication standard deviation:   3.940027    
         911  structures generated
         759  rejected by ring closure
          53  rejected by van der Waals
          85  duplicate minimised structures
 Number of steps set to :         100
 Read    39 atoms. Structure name, if any, appears on next line: 
 SGS nophenyl
 Quality of Force Field Parameters in Use:
   Numbers of high, medium and low quality stretch parameters =   41    0    0
   Numbers of high, medium and low quality bend parameters    =   73    0    0
   Numbers of high, medium and low quality torsion parameters =   95    6    0
   Interactions examined:        215 of        215 total, including unused params.
      Stretch total=       41   constrained=        0
         Bend total=       73   constrained=        0        linear=        0
      Torsion total=      112   constrained=        0  out-of-plane=       11
    Nonbonded total=      627      H-bonded=        0      ordinary=      627
  Nonbonded cutoffs: CutVdw=   8.00    ;  CutEs=   20.0    
 Starting truncated Newton minimization.
          Step     1 New global minimum.  E (kJ/mol) =      314.41
 
Interim report; processing .tmp file:
    9 unique conformations found so far
    9 minimized with good convergence
Found     1 confs within  1.00 kcal/mol ( 4.18 kJ/mol) of glob. min.
Found     2 confs within  5.00 kcal/mol (20.92 kJ/mol) of glob. min.
Global minimum E =    314.41 found     1 times.
   10 steps performed so far, out of   100
 E of low-energy structures above global min [kJ/mol],  and no. times found:
    E:  0.00 17.22 43.14 43.46 43.91 45.09 45.39 45.64 45.79
  No.:     1     1     1     1     2     1     1     1     1
 
 
Interim report; processing .tmp file:
   12 unique conformations found so far
   12 minimized with good convergence
Found     1 confs within  1.00 kcal/mol ( 4.18 kJ/mol) of glob. min.
Found     2 confs within  5.00 kcal/mol (20.92 kJ/mol) of glob. min.
Global minimum E =    314.41 found     1 times.
   20 steps performed so far, out of   100
 E of low-energy structures above global min [kJ/mol],  and no. times found:
    E:  0.00 17.21 43.14 43.46 43.46 43.64 43.91 45.09 45.39 45.64 45.68 45.78
  No.:     1     4     1     3     1     1     2     1     1     2     1     2
 
 
Interim report; processing .tmp file:
   13 unique conformations found so far
   13 minimized with good convergence
Found     1 confs within  1.00 kcal/mol ( 4.18 kJ/mol) of glob. min.
Found     2 confs within  5.00 kcal/mol (20.92 kJ/mol) of glob. min.
Global minimum E =    314.41 found     2 times.
   30 steps performed so far, out of   100
 E of low-energy structures above global min [kJ/mol],  and no. times found:
    E:  0.00 17.21 43.12 43.25 43.46 43.46 43.64 43.91 45.09 45.39 45.63 45.68
  No.:     2     6     2     2     3     1     1     3     1     1     3     1
 
 Distorted SP3
 
Interim report; processing .tmp file:
   14 unique conformations found so far
   14 minimized with good convergence
Found     1 confs within  1.00 kcal/mol ( 4.18 kJ/mol) of glob. min.
Found     2 confs within  5.00 kcal/mol (20.92 kJ/mol) of glob. min.
Global minimum E =    314.41 found     2 times.
   40 steps performed so far, out of   100
 E of low-energy structures above global min [kJ/mol],  and no. times found:
    E:  0.00 17.21 42.99 43.12 43.24 43.46 43.46 43.63 43.91 45.09 45.39 45.63
  No.:     2     8     1     3     3     4     1     2     3     2     1     3
 
          Step    48 New global minimum.  E (kJ/mol) =      313.73
 
Interim report; processing .tmp file:
   15 unique conformations found so far
   15 minimized with good convergence
Found     2 confs within  1.00 kcal/mol ( 4.18 kJ/mol) of glob. min.
Found     3 confs within  5.00 kcal/mol (20.92 kJ/mol) of glob. min.
Global minimum E =    313.73 found     1 times.
   50 steps performed so far, out of   100
 E of low-energy structures above global min [kJ/mol],  and no. times found:
    E:  0.00  0.68 17.89 43.67 43.78 43.92 44.14 44.14 44.31 44.59 45.77 46.07
  No.:     1     3     8     1     5     4     5     1     2     3     2     1
 
 
Interim report; processing .tmp file:
   16 unique conformations found so far
   16 minimized with good convergence
Found     2 confs within  1.00 kcal/mol ( 4.18 kJ/mol) of glob. min.
Found     4 confs within  5.00 kcal/mol (20.92 kJ/mol) of glob. min.
Global minimum E =    313.73 found     1 times.
   60 steps performed so far, out of   100
 E of low-energy structures above global min [kJ/mol],  and no. times found:
    E:  0.00  0.68 17.35 17.89 43.67 43.78 43.92 44.09 44.14 44.31 44.59 45.77
  No.:     1     4     2    10     1     5     4     3     6     2     3     2
 
 
Interim report; processing .tmp file:
   17 unique conformations found so far
   17 minimized with good convergence
Found     2 confs within  1.00 kcal/mol ( 4.18 kJ/mol) of glob. min.
Found     5 confs within  5.00 kcal/mol (20.92 kJ/mol) of glob. min.
Global minimum E =    313.73 found     1 times.
   70 steps performed so far, out of   100
 E of low-energy structures above global min [kJ/mol],  and no. times found:
    E:  0.00  0.68 17.35 17.48 17.89 43.66 43.78 43.90 44.09 44.14 44.31 44.59
  No.:     1     4     3     1    12     2     6     5     3     7     2     3
 
 
Interim report; processing .tmp file:
   17 unique conformations found so far
   17 minimized with good convergence
Found     2 confs within  1.00 kcal/mol ( 4.18 kJ/mol) of glob. min.
Found     5 confs within  5.00 kcal/mol (20.92 kJ/mol) of glob. min.
Global minimum E =    313.73 found     1 times.
   80 steps performed so far, out of   100
 E of low-energy structures above global min [kJ/mol],  and no. times found:
    E:  0.00  0.61 17.35 17.48 17.89 43.66 43.77 43.90 44.09 44.14 44.31 44.59
  No.:     1     5     3     1    14     2     7     6     4     7     3     4
 
 
Interim report; processing .tmp file:
   18 unique conformations found so far
   18 minimized with good convergence
Found     2 confs within  1.00 kcal/mol ( 4.18 kJ/mol) of glob. min.
Found     5 confs within  5.00 kcal/mol (20.92 kJ/mol) of glob. min.
Global minimum E =    313.73 found     1 times.
   90 steps performed so far, out of   100
 E of low-energy structures above global min [kJ/mol],  and no. times found:
    E:  0.00  0.61 17.35 17.48 17.89 43.66 43.77 43.90 44.09 44.14 44.31 44.59
  No.:     1     5     3     1    14     2    10     7     4     7     3     4
 
         100  structures minimised
          20  unique structures stored
          20  structures with good convergence
             Global Minimum   313.72556     kJ/mol
 
 
Final report; processing .tmp file:
   20 unique conformations found so far
   20 minimized with good convergence
Found     3 confs within  1.00 kcal/mol ( 4.18 kJ/mol) of glob. min.
Found     7 confs within  5.00 kcal/mol (20.92 kJ/mol) of glob. min.
Global minimum E =    313.73 found     1 times.
  100 steps performed so far, out of   100
 E of low-energy structures above global min [kJ/mol],  and no. times found:
    E:  0.00  0.60  0.61 16.96 17.35 17.48 17.89 43.66 43.77 43.90 44.09 44.14
  No.:     1     1     6     2     3     2    14     2    10     8     4     7
 
Input structure with title on the next line is given SerNo:        2
SGS nophenyl
Auto summary for input structure      2:
 Total number of structures processed =         100
 Conformations with poor convergence marked with a *
 Conformation       1 (    313.7256     kJ/mol) was found     1 times
 Conformation       2 (    314.3278     kJ/mol) was found     1 times
 Conformation       3 (    314.3393     kJ/mol) was found     6 times
 Conformation       4 (    330.6817     kJ/mol) was found     2 times
 Conformation       5 (    331.0713     kJ/mol) was found     3 times
 Conformation       6 (    331.2101     kJ/mol) was found     2 times
 Conformation       7 (    331.6170     kJ/mol) was found    14 times
 Conformation       8 (    357.3866     kJ/mol) was found     2 times
 Conformation       9 (    357.4962     kJ/mol) was found    10 times
 Conformation      10 (    357.6277     kJ/mol) was found     8 times
 Conformation      11 (    357.8199     kJ/mol) was found     4 times
 Conformation      12 (    357.8699     kJ/mol) was found     7 times
 Conformation      13 (    358.0379     kJ/mol) was found     3 times
 Conformation      14 (    358.3134     kJ/mol) was found     4 times
 Conformation      15 (    359.4937     kJ/mol) was found     4 times
 Conformation      16 (    359.6572     kJ/mol) was found     5 times
 Conformation      17 (    360.0114     kJ/mol) was found     5 times
 Conformation      18 (    360.0803     kJ/mol) was found     2 times
 Conformation      19 (    360.0911     kJ/mol) was found     3 times
 Conformation      20 (    360.1873     kJ/mol) was found    13 times
 *** Note only            1 (MAXMCM_SAVE) structures 
     written to the output structure file.  As requested.
           *** MC Statistics ***
 Percent of minimized structures within energetic window:   99.00000    
 Average number of duplicates:     4.950000    
 Duplication standard deviation:   3.748333    
        1116  structures generated
         951  rejected by ring closure
          66  rejected by van der Waals
          79  duplicate minimised structures
 
BatchMin: normal termination                           13-Jan-2015 14:18:50
STARTUP COMMAND:
/cbio/jclab/share/schrodinger/schrodinger2014-4/macromodel-v106013/bin/Linux-x86_64/bmin
MMSHARE_EXEC:/cbio/jclab/share/schrodinger/schrodinger2014-4/mmshare-v28013/bin/Linux-x86_64

real	0.0m14.1300000027s
user	0.0m0.0s
sys	0.0m0.0s
RUNNING: python "/cbio/jclab/share/schrodinger/schrodinger2014-4/macromodel-v106013/bin/Linux-x86_64/bmin_startup.py" -NO_REDIRECT Subjob00001--Sample_4_opls_2005_solv
