Starting Time: 01-16-2015 13:31:20
Join Receptor: (chain.name "A" AND res.num 311 AND res.inscode " ")
Join Criterion: {'r_workflow_bond_dist': ('((chain.name "A" AND res.num 311 AND res.inscode " ")) AND atom.ptype  " SG "', 'atom.i_cdock_lig_attach 1', ' < 5.000000')}
Rotamer: state 0 created
Rotamer: state 1 created
Rotamer: state 2 created
Rotamer: state 3 created
Rotamer: state 4 created
Rotamer: state 5 created
Rotamer: state 6 created
Pose 0
  rotamer 0 2.998802 True
  rotamer 1 4.700838 True
  rotamer 2 5.967610 False
  rotamer 3 2.769130 True
  rotamer 4 6.106149 False
  rotamer 5 3.926325 True
  rotamer 6 3.837789 True
RETAINED    2.77
Pose 1
  rotamer 0 2.388818 True
  rotamer 1 3.834546 True
  rotamer 2 5.077619 False
  rotamer 3 2.106427 True
  rotamer 4 5.174298 False
  rotamer 5 3.121898 True
  rotamer 6 3.208735 True
RETAINED    2.11
Pose 2
  rotamer 0 2.387959 True
  rotamer 1 3.816127 True
  rotamer 2 5.069505 False
  rotamer 3 2.099246 True
  rotamer 4 5.162957 False
  rotamer 5 3.103874 True
  rotamer 6 3.210028 True
RETAINED    2.10
Pose 3
  rotamer 0 2.380526 True
  rotamer 1 3.802557 True
  rotamer 2 5.058770 False
  rotamer 3 2.089334 True
  rotamer 4 5.151027 False
  rotamer 5 3.090628 True
  rotamer 6 3.203518 True
RETAINED    2.09
Pose 4
  rotamer 0 2.880913 True
  rotamer 1 4.685526 True
  rotamer 2 5.865883 False
  rotamer 3 2.691587 True
  rotamer 4 6.024407 False
  rotamer 5 3.914918 True
  rotamer 6 3.699611 True
RETAINED    2.69
Pose 5
  rotamer 0 2.905039 True
  rotamer 1 4.717634 True
  rotamer 2 5.891459 False
  rotamer 3 2.720576 True
  rotamer 4 6.052242 False
  rotamer 5 3.947200 True
  rotamer 6 3.719775 True
RETAINED    2.72
Pose 6
  rotamer 0 2.892442 True
  rotamer 1 4.700626 True
  rotamer 2 5.877948 False
  rotamer 3 2.705386 True
  rotamer 4 6.037511 False
  rotamer 5 3.930131 True
  rotamer 6 3.709246 True
RETAINED    2.71
Pose 7
  rotamer 0 2.816800 True
  rotamer 1 4.627565 True
  rotamer 2 5.801136 False
  rotamer 3 2.627568 True
  rotamer 4 5.959775 False
  rotamer 5 3.857860 True
  rotamer 6 3.637656 True
RETAINED    2.63
Pose 8
  rotamer 0 2.783824 True
  rotamer 1 4.597495 True
  rotamer 2 5.768048 False
  rotamer 3 2.594369 True
  rotamer 4 5.926647 False
  rotamer 5 3.828181 True
  rotamer 6 3.606069 True
RETAINED    2.59
Pose 9
  rotamer 0 2.818469 True
  rotamer 1 4.621076 True
  rotamer 2 5.801718 False
  rotamer 3 2.625427 True
  rotamer 4 5.958584 False
  rotamer 5 3.850977 True
  rotamer 6 3.641654 True
RETAINED    2.63
Pose 10
  rotamer 0 5.804648 False
  rotamer 1 6.163350 False
  rotamer 2 8.394794 False
  rotamer 3 5.258297 False
  rotamer 4 8.280680 False
  rotamer 5 5.479933 False
  rotamer 6 6.762373 False
DISCARDED    5.26
Pose 11
  rotamer 0 5.890871 False
  rotamer 1 6.271746 False
  rotamer 2 8.488096 False
  rotamer 3 5.352415 False
  rotamer 4 8.378479 False
  rotamer 5 5.588356 False
  rotamer 6 6.844140 False
DISCARDED    5.35
Pose 12
  rotamer 0 5.852723 False
  rotamer 1 6.272881 False
  rotamer 2 8.469661 False
  rotamer 3 5.321117 False
  rotamer 4 8.367526 False
  rotamer 5 5.583322 False
  rotamer 6 6.804829 False
DISCARDED    5.32
Pose 13
  rotamer 0 6.114934 False
  rotamer 1 6.458676 False
  rotamer 2 8.706272 False
  rotamer 3 5.570593 False
  rotamer 4 8.588535 False
  rotamer 5 5.780992 False
  rotamer 6 7.071694 False
DISCARDED    5.57
Pose 14
  rotamer 0 5.852581 False
  rotamer 1 6.256152 False
  rotamer 2 8.460516 False
  rotamer 3 5.317878 False
  rotamer 4 8.355274 False
  rotamer 5 5.569072 False
  rotamer 6 6.805180 False
DISCARDED    5.32
Pose 15
  rotamer 0 3.334649 True
  rotamer 1 5.082774 False
  rotamer 2 6.315432 False
  rotamer 3 3.139626 True
  rotamer 4 6.470009 False
  rotamer 5 4.308501 True
  rotamer 6 4.141644 True
RETAINED    3.14
Pose 16
  rotamer 0 3.412107 True
  rotamer 1 5.123768 False
  rotamer 2 6.390348 False
  rotamer 3 3.203471 True
  rotamer 4 6.537860 False
  rotamer 5 4.347751 True
  rotamer 6 4.226370 True
RETAINED    3.20
Pose 17
  rotamer 0 3.825220 True
  rotamer 1 4.639293 True
  rotamer 2 6.554453 False
  rotamer 3 3.327180 True
  rotamer 4 6.525988 False
  rotamer 5 3.881146 True
  rotamer 6 4.778719 True
RETAINED    3.33
Pose 18
  rotamer 0 3.848687 True
  rotamer 1 4.662043 True
  rotamer 2 6.578829 False
  rotamer 3 3.351390 True
  rotamer 4 6.550270 False
  rotamer 5 3.904254 True
  rotamer 6 4.801828 True
RETAINED    3.35
Pose 19
  rotamer 0 3.848304 True
  rotamer 1 4.664018 True
  rotamer 2 6.579392 False
  rotamer 3 3.351614 True
  rotamer 4 6.551264 False
  rotamer 5 3.906087 True
  rotamer 6 4.801249 True
RETAINED    3.35
Pose 20
  rotamer 0 4.944458 True
  rotamer 1 5.618737 False
  rotamer 2 7.661994 False
  rotamer 3 4.446405 True
  rotamer 4 7.608322 False
  rotamer 5 4.885691 True
  rotamer 6 5.893138 False
RETAINED    4.45
Pose 21
  rotamer 0 2.597285 True
  rotamer 1 4.235464 True
  rotamer 2 5.333439 False
  rotamer 3 2.412814 True
  rotamer 4 5.474009 False
  rotamer 5 3.527771 True
  rotamer 6 3.357042 True
RETAINED    2.41
Pose 22
  rotamer 0 4.967079 True
  rotamer 1 5.641633 False
  rotamer 2 7.685450 False
  rotamer 3 4.469656 True
  rotamer 4 7.631838 False
  rotamer 5 4.908847 True
  rotamer 6 5.915440 False
RETAINED    4.47
Pose 23
  rotamer 0 5.151268 False
  rotamer 1 5.804562 False
  rotamer 2 7.866765 False
  rotamer 3 4.653032 True
  rotamer 4 7.809075 False
  rotamer 5 5.075924 False
  rotamer 6 6.099334 False
RETAINED    4.65
Pose 24
  rotamer 0 2.559710 True
  rotamer 1 4.213905 True
  rotamer 2 5.290928 False
  rotamer 3 2.383905 True
  rotamer 4 5.434997 False
  rotamer 5 3.509266 True
  rotamer 6 3.313480 True
RETAINED    2.38
Pose 25
  rotamer 0 6.086072 False
  rotamer 1 6.778568 False
  rotamer 2 8.841202 False
  rotamer 3 5.615580 False
  rotamer 4 8.791601 False
  rotamer 5 6.055738 False
  rotamer 6 7.019706 False
DISCARDED    5.62
Pose 26
  rotamer 0 5.672507 False
  rotamer 1 6.313289 False
  rotamer 2 8.397294 False
  rotamer 3 5.182160 False
  rotamer 4 8.337196 False
  rotamer 5 5.591726 False
  rotamer 6 6.615829 False
DISCARDED    5.18
Pose 27
  rotamer 0 5.665842 False
  rotamer 1 6.303417 False
  rotamer 2 8.389137 False
  rotamer 3 5.174605 False
  rotamer 4 8.328405 False
  rotamer 5 5.582112 False
  rotamer 6 6.609538 False
DISCARDED    5.17
Pose 28
  rotamer 0 6.263954 False
  rotamer 1 6.876886 False
  rotamer 2 8.990439 False
  rotamer 3 5.777382 False
  rotamer 4 8.924810 False
  rotamer 5 6.164245 False
  rotamer 6 7.203847 False
DISCARDED    5.78
Pose 29
  rotamer 0 5.741988 False
  rotamer 1 6.393582 False
  rotamer 2 8.472904 False
  rotamer 3 5.255541 False
  rotamer 4 8.414960 False
  rotamer 5 5.671642 False
  rotamer 6 6.683512 False
DISCARDED    5.26
Pose 30
  rotamer 0 3.973682 True
  rotamer 1 5.276943 False
  rotamer 2 6.879606 False
  rotamer 3 3.627916 True
  rotamer 4 6.946362 False
  rotamer 5 4.499973 True
  rotamer 6 4.859926 True
RETAINED    3.63
Pose 31
  rotamer 0 6.459236 False
  rotamer 1 7.047475 False
  rotamer 2 9.178214 False
  rotamer 3 5.970265 False
  rotamer 4 9.107664 False
  rotamer 5 6.339777 False
  rotamer 6 7.399196 False
DISCARDED    5.97
Pose 32
  rotamer 0 6.210897 False
  rotamer 1 6.817695 False
  rotamer 2 8.932914 False
  rotamer 3 5.722299 False
  rotamer 4 8.866119 False
  rotamer 5 6.105484 False
  rotamer 6 7.151515 False
DISCARDED    5.72
Pose 33
  rotamer 0 4.226046 True
  rotamer 1 5.640626 False
  rotamer 2 7.164736 False
  rotamer 3 3.927360 True
  rotamer 4 7.257228 False
  rotamer 5 4.862821 True
  rotamer 6 5.081623 False
RETAINED    3.93
Pose 34
  rotamer 0 4.122925 True
  rotamer 1 5.652003 False
  rotamer 2 7.083686 False
  rotamer 3 3.863132 True
  rotamer 4 7.200002 False
  rotamer 5 4.872844 True
  rotamer 6 4.955914 True
RETAINED    3.86
Pose 35
  rotamer 0 6.186829 False
  rotamer 1 6.841768 False
  rotamer 2 8.926329 False
  rotamer 3 5.709774 False
  rotamer 4 8.869386 False
  rotamer 5 6.124600 False
  rotamer 6 7.122117 False
DISCARDED    5.71
Pose 36
  rotamer 0 5.757041 False
  rotamer 1 6.707208 False
  rotamer 2 8.599042 False
  rotamer 3 5.347752 False
  rotamer 4 8.601896 False
  rotamer 5 5.958688 False
  rotamer 6 6.662433 False
DISCARDED    5.35
Pose 37
  rotamer 0 5.843646 False
  rotamer 1 6.765321 False
  rotamer 2 8.678600 False
  rotamer 3 5.427847 False
  rotamer 4 8.675669 False
  rotamer 5 6.019412 False
  rotamer 6 6.752228 False
DISCARDED    5.43
Pose 38
  rotamer 0 5.771652 False
  rotamer 1 6.721086 False
  rotamer 2 8.613573 False
  rotamer 3 5.362466 False
  rotamer 4 8.616325 False
  rotamer 5 5.972762 False
  rotamer 6 6.676878 False
DISCARDED    5.36
Pose 39
  rotamer 0 4.760627 True
  rotamer 1 6.284530 False
  rotamer 2 7.731294 False
  rotamer 3 4.514230 True
  rotamer 4 7.852783 False
  rotamer 5 5.505729 False
  rotamer 6 5.575613 False
RETAINED    4.51
Pose 40
  rotamer 0 5.482335 False
  rotamer 1 6.231880 False
  rotamer 2 8.244100 False
  rotamer 3 5.015437 False
  rotamer 4 8.205635 False
  rotamer 5 5.498417 False
  rotamer 6 6.416038 False
DISCARDED    5.02
Pose 41
  rotamer 0 5.473932 False
  rotamer 1 6.226050 False
  rotamer 2 8.236409 False
  rotamer 3 5.007535 False
  rotamer 4 8.198454 False
  rotamer 5 5.492295 False
  rotamer 6 6.407428 False
DISCARDED    5.01
Pose 42
  rotamer 0 5.482793 False
  rotamer 1 6.231301 False
  rotamer 2 8.244204 False
  rotamer 3 5.015632 False
  rotamer 4 8.205530 False
  rotamer 5 5.497926 False
  rotamer 6 6.416620 False
DISCARDED    5.02
Pose 43
  rotamer 0 4.591921 True
  rotamer 1 5.934446 False
  rotamer 2 7.520124 False
  rotamer 3 4.278471 True
  rotamer 4 7.600358 False
  rotamer 5 5.159675 False
  rotamer 6 5.451462 False
RETAINED    4.28
Pose 44
  rotamer 0 4.834737 True
  rotamer 1 6.020515 False
  rotamer 2 7.719528 False
  rotamer 3 4.478833 True
  rotamer 4 7.768810 False
  rotamer 5 5.254836 False
  rotamer 6 5.714352 False
RETAINED    4.48
Pose 45
  rotamer 0 4.801007 True
  rotamer 1 5.942339 False
  rotamer 2 7.677727 False
  rotamer 3 4.428599 True
  rotamer 4 7.717025 False
  rotamer 5 5.176863 False
  rotamer 6 5.691666 False
RETAINED    4.43
Stage <SGS phenyl     (    0) JoinPoseReceptor0> takes 10 seconds
Join Receptor: (chain.name "A" AND res.num 311 AND res.inscode " ")
Join Criterion: {'r_workflow_bond_dist': ('((chain.name "A" AND res.num 311 AND res.inscode " ")) AND atom.ptype  " SG "', 'atom.i_cdock_lig_attach 1', ' < 5.000000')}
Rotamer: state 0 created
Rotamer: state 1 created
Rotamer: state 2 created
Rotamer: state 3 created
Rotamer: state 4 created
Rotamer: state 5 created
Rotamer: state 6 created
Pose 0
  rotamer 0 2.784882 True
  rotamer 1 4.266071 True
  rotamer 2 5.534473 False
  rotamer 3 2.523439 True
  rotamer 4 5.640773 False
  rotamer 5 3.540189 True
  rotamer 6 3.595531 True
RETAINED    2.52
Pose 1
  rotamer 0 2.422714 True
  rotamer 1 4.041672 True
  rotamer 2 5.214267 False
  rotamer 3 2.190763 True
  rotamer 4 5.340322 False
  rotamer 5 3.314593 True
  rotamer 6 3.236072 True
RETAINED    2.19
Pose 2
  rotamer 0 2.857680 True
  rotamer 1 4.412080 True
  rotamer 2 5.612763 False
  rotamer 3 2.635788 True
  rotamer 4 5.736891 False
  rotamer 5 3.691347 True
  rotamer 6 3.640190 True
RETAINED    2.64
Pose 3
  rotamer 0 2.504399 True
  rotamer 1 4.023373 True
  rotamer 2 5.247108 False
  rotamer 3 2.246307 True
  rotamer 4 5.357233 False
  rotamer 5 3.301789 True
  rotamer 6 3.319187 True
RETAINED    2.25
Pose 4
  rotamer 0 2.440755 True
  rotamer 1 4.013026 True
  rotamer 2 5.206452 False
  rotamer 3 2.196328 True
  rotamer 4 5.324963 False
  rotamer 5 3.289371 True
  rotamer 6 3.254757 True
RETAINED    2.20
Pose 5
  rotamer 0 2.402177 True
  rotamer 1 4.002893 True
  rotamer 2 5.158122 False
  rotamer 3 2.175327 True
  rotamer 4 5.283366 False
  rotamer 5 3.285356 True
  rotamer 6 3.203355 True
RETAINED    2.18
Pose 6
  rotamer 0 2.389446 True
  rotamer 1 3.931657 True
  rotamer 2 5.140676 False
  rotamer 3 2.130951 True
  rotamer 4 5.252698 False
  rotamer 5 3.209246 True
  rotamer 6 3.210543 True
RETAINED    2.13
Pose 7
  rotamer 0 2.953257 True
  rotamer 1 4.413079 True
  rotamer 2 5.732203 False
  rotamer 3 2.678832 True
  rotamer 4 5.833556 False
  rotamer 5 3.677077 True
  rotamer 6 3.776043 True
RETAINED    2.68
Pose 8
  rotamer 0 2.880130 True
  rotamer 1 4.486984 True
  rotamer 2 5.665475 False
  rotamer 3 2.673411 True
  rotamer 4 5.799120 False
  rotamer 5 3.761283 True
  rotamer 6 3.659006 True
RETAINED    2.67
Pose 9
  rotamer 0 3.079444 True
  rotamer 1 4.703970 True
  rotamer 2 5.847764 False
  rotamer 3 2.898075 True
  rotamer 4 5.991242 False
  rotamer 5 3.984955 True
  rotamer 6 3.829606 True
RETAINED    2.90
Pose 10
  rotamer 0 3.993639 True
  rotamer 1 5.610588 False
  rotamer 2 6.835568 False
  rotamer 3 3.812216 True
  rotamer 4 6.983856 False
  rotamer 5 4.870180 True
  rotamer 6 4.740037 True
RETAINED    3.81
Pose 11
  rotamer 0 3.033573 True
  rotamer 1 4.723767 True
  rotamer 2 5.914805 False
  rotamer 3 2.836753 True
  rotamer 4 6.060748 False
  rotamer 5 3.975380 True
  rotamer 6 3.825367 True
RETAINED    2.84
Pose 12
  rotamer 0 3.085551 True
  rotamer 1 4.652839 True
  rotamer 2 5.945340 False
  rotamer 3 2.838398 True
  rotamer 4 6.065563 False
  rotamer 5 3.901314 True
  rotamer 6 3.906409 True
RETAINED    2.84
Pose 13
  rotamer 0 3.588071 True
  rotamer 1 5.010863 False
  rotamer 2 6.454074 False
  rotamer 3 3.294208 True
  rotamer 4 6.547778 False
  rotamer 5 4.250048 True
  rotamer 6 4.433001 True
RETAINED    3.29
Pose 14
  rotamer 0 3.979201 True
  rotamer 1 4.471871 True
  rotamer 2 6.567878 False
  rotamer 3 3.412473 True
  rotamer 4 6.482462 False
  rotamer 5 3.741708 True
  rotamer 6 4.947549 True
RETAINED    3.41
Pose 15
  rotamer 0 3.269717 True
  rotamer 1 4.642151 True
  rotamer 2 6.143033 False
  rotamer 3 2.931853 True
  rotamer 4 6.219886 False
  rotamer 5 3.871356 True
  rotamer 6 4.153280 True
RETAINED    2.93
Pose 16
  rotamer 0 3.135286 True
  rotamer 1 4.643959 True
  rotamer 2 6.061416 False
  rotamer 3 2.833641 True
  rotamer 4 6.162018 False
  rotamer 5 3.866645 True
  rotamer 6 4.009809 True
RETAINED    2.83
Pose 17
  rotamer 0 3.136899 True
  rotamer 1 4.674532 True
  rotamer 2 5.996229 False
  rotamer 3 2.877959 True
  rotamer 4 6.110468 False
  rotamer 5 3.920988 True
  rotamer 6 3.964686 True
RETAINED    2.88
Pose 18
  rotamer 0 2.654550 True
  rotamer 1 4.628517 True
  rotamer 2 5.503040 False
  rotamer 3 2.605025 True
  rotamer 4 5.713097 False
  rotamer 5 3.914004 True
  rotamer 6 3.343583 True
RETAINED    2.61
Pose 19
  rotamer 0 2.417083 True
  rotamer 1 4.369325 True
  rotamer 2 5.382046 False
  rotamer 3 2.293532 True
  rotamer 4 5.566708 False
  rotamer 5 3.621394 True
  rotamer 6 3.204693 True
RETAINED    2.29
Pose 20
  rotamer 0 2.301855 True
  rotamer 1 4.483264 True
  rotamer 2 5.297154 False
  rotamer 3 2.294049 True
  rotamer 4 5.530545 False
  rotamer 5 3.748932 True
  rotamer 6 3.022080 True
RETAINED    2.29
Pose 21
  rotamer 0 3.591244 True
  rotamer 1 4.723700 True
  rotamer 2 6.405521 False
  rotamer 3 3.185007 True
  rotamer 4 6.437844 False
  rotamer 5 3.957348 True
  rotamer 6 4.503189 True
RETAINED    3.19
Pose 22
  rotamer 0 3.531345 True
  rotamer 1 5.074214 False
  rotamer 2 6.391415 False
  rotamer 3 3.293362 True
  rotamer 4 6.513190 False
  rotamer 5 4.322966 True
  rotamer 6 4.334990 True
RETAINED    3.29
Pose 23
  rotamer 0 3.581395 True
  rotamer 1 5.022992 False
  rotamer 2 6.434934 False
  rotamer 3 3.300822 True
  rotamer 4 6.534202 False
  rotamer 5 4.267299 True
  rotamer 6 4.413751 True
RETAINED    3.30
Pose 24
  rotamer 0 2.405747 True
  rotamer 1 4.362689 True
  rotamer 2 5.372168 False
  rotamer 3 2.283621 True
  rotamer 4 5.557473 False
  rotamer 5 3.614893 True
  rotamer 6 3.193383 True
RETAINED    2.28
Pose 25
  rotamer 0 2.564289 True
  rotamer 1 4.546460 True
  rotamer 2 5.537774 False
  rotamer 3 2.461354 True
  rotamer 4 5.732570 False
  rotamer 5 3.796956 True
  rotamer 6 3.331921 True
RETAINED    2.46
Pose 26
  rotamer 0 2.332765 True
  rotamer 1 4.624328 True
  rotamer 2 5.303774 False
  rotamer 3 2.401823 True
  rotamer 4 5.568816 False
  rotamer 5 3.904988 True
  rotamer 6 2.984972 True
RETAINED    2.33
Pose 27
  rotamer 0 5.682111 False
  rotamer 1 6.769963 False
  rotamer 2 8.566240 False
  rotamer 3 5.310555 False
  rotamer 4 8.597869 False
  rotamer 5 6.011167 False
  rotamer 6 6.567385 False
DISCARDED    5.31
Pose 28
  rotamer 0 5.716597 False
  rotamer 1 6.638052 False
  rotamer 2 8.542836 False
  rotamer 3 5.300405 False
  rotamer 4 8.540069 False
  rotamer 5 5.893054 False
  rotamer 6 6.624179 False
DISCARDED    5.30
Pose 29
  rotamer 0 4.325016 True
  rotamer 1 5.042303 False
  rotamer 2 7.036821 False
  rotamer 3 3.820318 True
  rotamer 4 6.991087 False
  rotamer 5 4.297738 True
  rotamer 6 5.278195 False
RETAINED    3.82
Pose 30
  rotamer 0 4.311474 True
  rotamer 1 4.954419 True
  rotamer 2 6.991017 False
  rotamer 3 3.788222 True
  rotamer 4 6.931547 False
  rotamer 5 4.215486 True
  rotamer 6 5.270559 False
RETAINED    3.79
Pose 31
  rotamer 0 4.317951 True
  rotamer 1 4.962485 True
  rotamer 2 6.998332 False
  rotamer 3 3.795338 True
  rotamer 4 6.939162 False
  rotamer 5 4.223571 True
  rotamer 6 5.276772 False
RETAINED    3.80
Pose 32
  rotamer 0 4.434020 True
  rotamer 1 5.255015 False
  rotamer 2 7.192457 False
  rotamer 3 3.959120 True
  rotamer 4 7.166364 False
  rotamer 5 4.504209 True
  rotamer 6 5.376098 False
RETAINED    3.96
Pose 33
  rotamer 0 4.462713 True
  rotamer 1 5.290509 False
  rotamer 2 7.224472 False
  rotamer 3 3.990610 True
  rotamer 4 7.199766 False
  rotamer 5 4.539693 True
  rotamer 6 5.403420 False
RETAINED    3.99
Pose 34
  rotamer 0 4.348832 True
  rotamer 1 5.036891 False
  rotamer 2 7.049445 False
  rotamer 3 3.837642 True
  rotamer 4 6.998284 False
  rotamer 5 4.294882 True
  rotamer 6 5.304075 False
RETAINED    3.84
Stage <SGS phenyl     (    1) JoinPoseReceptor0> takes 11 seconds

Ending Time: 01-16-2015 13:31:42
