 Entering IMPACT execution environment 
 Date: Thursday, January 08 2015, at 16:08:38 EST
 ---------------------------------------------------------------------------
 Glide version 65013
 mmshare version        28013
 Copyright (c) Schrodinger, LLC.
 All Rights Reserved.

 For hardware platform Darwin-x86_64
 Compiled on: Fri Nov 7 13:42:06 PST 2014
 Host: Darwin lski1751 13.4.0 Darwin Kernel Version 13.4.0: Sun Aug 17 19:50:11 PDT 2014; root:xnu-2422.115.4~1/RELEASE_X86_64 x86_64
 Job Name: Subjob00001--CreateGrid
 JobId:    lski1751-0-54aef1d5
 SCHRODINGER  directory: /opt/schrodinger/suites2014-4
 IMPACT_EXEC  directory: /opt/schrodinger/suites2014-4/impact-v65013/bin/Darwin-x86_64
 MMSHARE_EXEC directory: /opt/schrodinger/suites2014-4/mmshare-v28013/bin/Darwin-x86_64

 This software contains material that is a copyrighted
 work of, and that is licensed from, Rutgers,
 the State University of New Jersey.

 This software is provided under license and may be 
 used, copied, transmitted, and stored only in accordance
 with the terms and conditions of that license.
 ---------------------------------------------------------------------------

 Job title:        "Subjob00001--CreateGrid"
 Main output file: Subjob00001--CreateGrid.out

                             - Input command file -
 ---------------------------------------------------------------------------
write file -
"Subjob00001--CreateGrid.out" -
  title -
"Subjob00001--CreateGrid" -
  *
SET FFIELD OPLS_2005
CREATE
  build primary name recep type auto  read maestro file -
"Subjob00001--CreateGrid-in.maegz"
  build types name recep
QUIT
DOCK
  smooth anneal 2
  receptor rdiel name recep  constraints loosegrid 2 ncons 1  nposit 1   -
  xpos 28.861058 ypos 4.142545 zpos 1.688522 rpos 5.000000 constitle -
"pos1" -
    writezip -
"Subjob00001--CreateGrid-out" -
    writerdiel  protvdwscale factor 1.000000 ccut 0.250000  box center read  -
  xcent 27.668814 ycent 2.335341 zcent -2.005013  boxxrange 17.736215  -
  boxyrange 17.736215 boxzrange 17.736215  actxrange 17.736215 actyrange  -
  17.736215 actzrange 17.736215
  screen  greedy  box center read xcent 27.668814 ycent 2.335341 zcent -2.005013   -
  ligxrange 10.000000 ligyrange 10.000000 ligzrange 10.000000  writescreen -
"Subjob00001--CreateGrid-out.save" -
    writegreed -
"Subjob00001--CreateGrid-out_greedy.save" -
    maxkeep 5000 scorecut 100.000000
  parameter clean
  final glidescore
  run
QUIT
END
 ---------------------------------------------------------------------------

                             - End of input file -


 ---------------------------------
 Beginning IMPACT task: CREA
 Beginning CREATE subtask BUIL                                                  
 Beginning CREATE subtask BUIL                                                  
%IMPACT-I(foldmain): calling OPLS_2005 atomtyping ...
%IMPACT-I(foldmain): parameter assignment not performed
%IMPACT-I (info): At line  10
 %IMPACT-I: Any atom number reported in atomtyping error messages above
  is  Impact's internal index, which may not correspond to the atom 
 index in your file.
%IMPACT-E (die): At line  10
 %IMPACT-E: CREATE: Molecule unsuitable for current force field.  To 
 process this molecule, you must first fix the structure.
%IMPACT-I (memstat): Temporary storage statistics
                     real*8:             0
                     integer*4:          8
                     char*4:             7
%IMPACT-I (memstat): Total dynamics storage was      0.00 MB
%IMPACT-I (timit): Total CPU time =       0.15 seconds (   0.0 minutes)
