----- Output (stdout) -----
 
 Environmental variable BMIN_NO_JOBCONTROL is set.
 Jobcontrol will not be used.
 BatchMin V10.6    Build  106013  Starting Time 12-Jan-2015 14:32:04
 MacroModel. Copyright Schrodinger, LLC.
 All rights reserved.
 set_stacksize: stacksize limit raised to 4294967295l kb for F90 auto. array allocation.

 Input filename:  Subjob00001--Sample_2_mmffs_solv-in.maegz
 Output filename: Subjob00001--Sample_2_mmffs_solv-out.mae
 Seed used: 658461
 Atom-type file: /cbio/jclab/share/schrodinger/schrodinger2014-4/mmshare-v28013/bin/Linux-x86_64/../../data/atom.typ
 Force field: /cbio/jclab/share/schrodinger/schrodinger2014-4/macromodel-v106013/bin/Linux-x86_64/../../data/f10.fld
 BMFF process: "/cbio/jclab/share/schrodinger/schrodinger2014-4/macromodel-v106013/bin/Linux-x86_64/mmff_setup" -mmffs
 MMFF parameters are being taken from directory:
  /cbio/jclab/share/schrodinger/schrodinger2014-4/macromodel-v106013/bin/Linux-x86_64/../../data/f10/

 *** This calculation will use the MMFF94S force field ***
   (promotes planarity at delocalized trigonal nitrogens)
   (preferred for comparison with crystal structures)

 Supplementary parameter file: /cbio/jclab/share/schrodinger/schrodinger2014-4/macromodel-v106013/bin/Linux-x86_64/../../data/f10/MMFFSUP.PAR

   99 ATOM-TYPE DEFINITIONS READ FROM MMFFDEF.PAR
   95 MMFF ATOM-TYPE PROPERTY RECORDS READ FROM MMFFPROP.PAR
  212 SYMBOLIC-NUMERIC ATOM-TYPE DEFINITIONS READ FROM MMFFSYMB.PAR
   58 MMFF DEFAULT-RULE STRECHING CONSTANTS READ FROM MMFFBNDK.PAR
  102 MMFF HYDROGEN SYMBOLIC TYPE DEFINITIONS READ FROM MMFFHDEF.PAR
   45 MMFF AROMATIC SYMBOLIC TYPE DEFINITIONS READ FROM MMFFAROM.PAR
   99 VDW PARAMETERS READ FROM MMFFVDW.PAR
  493 BOND STRETCHING PARAMETERS READ FROM MMFFBOND.PAR
  498 BOND-INCREMENT CHARGES READ FROM MMFFCHG.PAR
   98 PARTIAL-BOND-INCREMENT CHARGES READ FROM MMFFPBCI.PAR
 2342 ANGLE-BENDING PARAMETERS READ FROM MMFFANG.PAR
  282 STRETCH-BEND PARAMETERS READ FROM MMFFSTBN.PAR
   30 DEFAULT STRETCH-BEND PARAMETERS READ FROM MMFFDFSB.PAR
  117 OUT-OF-PLANE PARAMETERS READ FROM MMFFSOOP.PAR
  926 TORSION PARAMETERS READ FROM MMFFSTOR.PAR
 
 Read    46 atoms. Structure name, if any, appears on next line: 
 SGS
 Monte Carlo Multiple Minimum Search requested
MCNV specified 0 in arg1 or arg2;  default values will be assigned later
 Setting the maximum number of structures  to save (MAXMCM_SAVE) to            1
 Non-conformer Serial Search requested
 Number of steps set to :         100

 RING  1 HAS   1 SUBRINGS
 SUBRING  1 has  4 PI electrons

 RING  2 HAS   2 SUBRINGS
 SUBRING  1 has  4 PI electrons
 SUBRING  2 has  6 PI electrons
 SUBRING  2 IS AROMATIC

 RING  3 HAS   1 SUBRINGS
 SUBRING  1 has  6 PI electrons
 SUBRING  1 IS AROMATIC
 Quality of Force Field Parameters in Use:
   Numbers of high, medium and low quality stretch parameters =   48    0    1
   Numbers of high, medium and low quality bend parameters    =   74    0   11
   Numbers of high, medium and low quality torsion parameters =   83    0   41
   Interactions examined:        258 of        258 total, including unused params.
 WARNING - Conformational Energies May Not Be Accurate
 WARNING - Solvation Energies/Charges May Not Be Accurate
      Stretch total=       49   constrained=        0
         Bend total=       85   constrained=        0        linear=        0
      Torsion total=      175   constrained=        0  out-of-plane=       51
    Nonbonded total=      901      H-bonded=        0      ordinary=      901
  Nonbonded cutoffs: CutVdw=   8.00    ;  CutEs=   20.0    
 Solvent file: /cbio/jclab/share/schrodinger/schrodinger2014-4/macromodel-v106013/bin/Linux-x86_64/../../data/water.slv
    Block specifies desired NFIELD -- accepting block
 Starting truncated Newton minimization.
          Step     1 New global minimum.  E (kJ/mol) =      760.86
          Step     2 New global minimum.  E (kJ/mol) =      760.84
 
Interim report; processing .tmp file:
    6 unique conformations found so far
    6 minimized with good convergence
Found     1 confs within  1.00 kcal/mol ( 4.18 kJ/mol) of glob. min.
Found     2 confs within  3.00 kcal/mol (12.55 kJ/mol) of glob. min.
Found     6 confs within 10.00 kcal/mol (41.84 kJ/mol) of glob. min.
Global minimum E =    760.84 found     2 times.
   10 steps performed so far, out of   100
 E of low-energy structures above global min [kJ/mol],  and no. times found:
    E:  0.00 10.39 23.35 23.37 28.45 33.08
  No.:     2     1     2     2     1     2
 
          Step    17 New global minimum.  E (kJ/mol) =      760.83
 
Interim report; processing .tmp file:
    8 unique conformations found so far
    8 minimized with good convergence
Found     1 confs within  1.00 kcal/mol ( 4.18 kJ/mol) of glob. min.
Found     3 confs within  3.00 kcal/mol (12.55 kJ/mol) of glob. min.
Found     8 confs within 10.00 kcal/mol (41.84 kJ/mol) of glob. min.
Global minimum E =    760.83 found     4 times.
   20 steps performed so far, out of   100
 E of low-energy structures above global min [kJ/mol],  and no. times found:
    E:  0.00  9.06 10.40 23.35 23.36 28.46 33.09 33.24
  No.:     4     1     2     3     4     1     4     1
 
 
Interim report; processing .tmp file:
   11 unique conformations found so far
   11 minimized with good convergence
Found     1 confs within  1.00 kcal/mol ( 4.18 kJ/mol) of glob. min.
Found     4 confs within  3.00 kcal/mol (12.55 kJ/mol) of glob. min.
Found    11 confs within 10.00 kcal/mol (41.84 kJ/mol) of glob. min.
Global minimum E =    760.83 found     4 times.
   30 steps performed so far, out of   100
 E of low-energy structures above global min [kJ/mol],  and no. times found:
    E:  0.00  9.06 10.39 12.21 23.35 23.36 28.46 28.81 33.09 33.24 34.55
  No.:     4     1     3     2     4     5     1     2     4     3     1
 
 
Interim report; processing .tmp file:
   13 unique conformations found so far
   13 minimized with good convergence
Found     2 confs within  1.00 kcal/mol ( 4.18 kJ/mol) of glob. min.
Found     5 confs within  3.00 kcal/mol (12.55 kJ/mol) of glob. min.
Found    13 confs within 10.00 kcal/mol (41.84 kJ/mol) of glob. min.
Global minimum E =    760.83 found     6 times.
   40 steps performed so far, out of   100
 E of low-energy structures above global min [kJ/mol],  and no. times found:
    E:  0.00  2.41  9.06 10.39 12.21 23.35 23.36 28.46 28.81 33.09 33.24 34.54
  No.:     6     1     1     3     2     4     7     1     2     5     3     3
 
 
Interim report; processing .tmp file:
   14 unique conformations found so far
   14 minimized with good convergence
Found     2 confs within  1.00 kcal/mol ( 4.18 kJ/mol) of glob. min.
Found     6 confs within  3.00 kcal/mol (12.55 kJ/mol) of glob. min.
Found    14 confs within 10.00 kcal/mol (41.84 kJ/mol) of glob. min.
Global minimum E =    760.83 found     6 times.
   50 steps performed so far, out of   100
 E of low-energy structures above global min [kJ/mol],  and no. times found:
    E:  0.00  2.41  9.06 10.39 11.63 12.21 23.35 23.36 28.46 28.81 33.09 33.24
  No.:     6     2     2     3     1     2     5     9     1     2     6     3
 
 
Interim report; processing .tmp file:
   14 unique conformations found so far
   14 minimized with good convergence
Found     2 confs within  1.00 kcal/mol ( 4.18 kJ/mol) of glob. min.
Found     6 confs within  3.00 kcal/mol (12.55 kJ/mol) of glob. min.
Found    14 confs within 10.00 kcal/mol (41.84 kJ/mol) of glob. min.
Global minimum E =    760.83 found     7 times.
   60 steps performed so far, out of   100
 E of low-energy structures above global min [kJ/mol],  and no. times found:
    E:  0.00  2.41  9.06 10.39 11.63 12.21 23.35 23.36 28.46 28.81 33.09 33.24
  No.:     7     2     2     3     1     2     6    10     3     4     7     3
 
 
Interim report; processing .tmp file:
   14 unique conformations found so far
   14 minimized with good convergence
Found     2 confs within  1.00 kcal/mol ( 4.18 kJ/mol) of glob. min.
Found     6 confs within  3.00 kcal/mol (12.55 kJ/mol) of glob. min.
Found    14 confs within 10.00 kcal/mol (41.84 kJ/mol) of glob. min.
Global minimum E =    760.83 found     7 times.
   70 steps performed so far, out of   100
 E of low-energy structures above global min [kJ/mol],  and no. times found:
    E:  0.00  2.40  9.06 10.39 11.63 12.21 23.35 23.36 28.46 28.81 33.09 33.24
  No.:     7     3     2     3     1     4     7    10     5     5     7     5
 
 
Interim report; processing .tmp file:
   14 unique conformations found so far
   14 minimized with good convergence
Found     2 confs within  1.00 kcal/mol ( 4.18 kJ/mol) of glob. min.
Found     6 confs within  3.00 kcal/mol (12.55 kJ/mol) of glob. min.
Found    14 confs within 10.00 kcal/mol (41.84 kJ/mol) of glob. min.
Global minimum E =    760.83 found     8 times.
   80 steps performed so far, out of   100
 E of low-energy structures above global min [kJ/mol],  and no. times found:
    E:  0.00  2.40  9.06 10.39 11.63 12.21 23.35 23.36 28.46 28.81 33.09 33.24
  No.:     8     4     2     5     1     4     8    11     6     6     7     5
 
 
Interim report; processing .tmp file:
   14 unique conformations found so far
   14 minimized with good convergence
Found     2 confs within  1.00 kcal/mol ( 4.18 kJ/mol) of glob. min.
Found     6 confs within  3.00 kcal/mol (12.55 kJ/mol) of glob. min.
Found    14 confs within 10.00 kcal/mol (41.84 kJ/mol) of glob. min.
Global minimum E =    760.83 found     8 times.
   90 steps performed so far, out of   100
 E of low-energy structures above global min [kJ/mol],  and no. times found:
    E:  0.00  2.40  9.05 10.39 11.63 12.21 23.35 23.36 28.46 28.81 33.09 33.24
  No.:     8     6     3     6     2     5     8    11     6     6     7     6
 
         100  structures minimised
          16  unique structures stored
          16  structures with good convergence
             Global Minimum   760.83173     kJ/mol
 
 
Final report; processing .tmp file:
   16 unique conformations found so far
   16 minimized with good convergence
Found     2 confs within  1.00 kcal/mol ( 4.18 kJ/mol) of glob. min.
Found     7 confs within  3.00 kcal/mol (12.55 kJ/mol) of glob. min.
Found     8 confs within  5.00 kcal/mol (20.92 kJ/mol) of glob. min.
Found    16 confs within 10.00 kcal/mol (41.84 kJ/mol) of glob. min.
Global minimum E =    760.83 found     8 times.
  100 steps performed so far, out of   100
 E of low-energy structures above global min [kJ/mol],  and no. times found:
    E:  0.00  2.40  9.05 10.39 10.67 11.63 12.21 19.30 23.35 23.36 28.46 28.81
  No.:     8     6     3    11     1     2     5     1     8    12     6     6
 
Input structure with title on the next line is given SerNo:        1
SGS
Auto summary for input structure      1:
 Total number of structures processed =         100
 Conformations with poor convergence marked with a *
 Conformation       1 (    760.8317     kJ/mol) was found     8 times
 Conformation       2 (    763.2311     kJ/mol) was found     6 times
 Conformation       3 (    769.8839     kJ/mol) was found     3 times
 Conformation       4 (    771.2200     kJ/mol) was found    11 times
 Conformation       5 (    771.4981     kJ/mol) was found     1 times
 Conformation       6 (    772.4601     kJ/mol) was found     2 times
 Conformation       7 (    773.0440     kJ/mol) was found     5 times
 Conformation       8 (    780.1289     kJ/mol) was found     1 times
 Conformation       9 (    784.1853     kJ/mol) was found     8 times
 Conformation      10 (    784.1873     kJ/mol) was found    12 times
 Conformation      11 (    789.2915     kJ/mol) was found     6 times
 Conformation      12 (    789.6435     kJ/mol) was found     6 times
 Conformation      13 (    793.9223     kJ/mol) was found     7 times
 Conformation      14 (    794.0696     kJ/mol) was found     7 times
 Conformation      15 (    795.3748     kJ/mol) was found     5 times
 Conformation      16 (    796.2508     kJ/mol) was found    12 times
 *** Note only            1 (MAXMCM_SAVE) structures 
     written to the output structure file.  As requested.
           *** MC Statistics ***
 Percent of minimized structures within energetic window:   100.0000    
 Average number of duplicates:     6.250000    
 Duplication standard deviation:   3.492850    
         962  structures generated
         806  rejected by ring closure
          57  rejected by van der Waals
          84  duplicate minimised structures
 Number of steps set to :         100
 Read    47 atoms. Structure name, if any, appears on next line: 
 SGS

 RING  1 HAS   1 SUBRINGS
 SUBRING  1 has  2 PI electrons

 RING  2 HAS   2 SUBRINGS
 SUBRING  1 has  4 PI electrons
 SUBRING  2 has  6 PI electrons
 SUBRING  2 IS AROMATIC

 RING  3 HAS   1 SUBRINGS
 SUBRING  1 has  6 PI electrons
 SUBRING  1 IS AROMATIC
 Quality of Force Field Parameters in Use:
   Numbers of high, medium and low quality stretch parameters =   49    0    1
   Numbers of high, medium and low quality bend parameters    =   77    0   11
   Numbers of high, medium and low quality torsion parameters =   88    0   45
   Interactions examined:        271 of        271 total, including unused params.
 WARNING - Conformational Energies May Not Be Accurate
 WARNING - Solvation Energies/Charges May Not Be Accurate
      Stretch total=       50   constrained=        0
         Bend total=       88   constrained=        0        linear=        0
      Torsion total=      184   constrained=        0  out-of-plane=       51
    Nonbonded total=      943      H-bonded=        0      ordinary=      943
  Nonbonded cutoffs: CutVdw=   8.00    ;  CutEs=   20.0    
 Starting truncated Newton minimization.
          Step     1 New global minimum.  E (kJ/mol) =      649.74
 
Interim report; processing .tmp file:
    8 unique conformations found so far
    7 minimized with good convergence
Found     1 confs within  1.00 kcal/mol ( 4.18 kJ/mol) of glob. min.
Found     4 confs within  2.00 kcal/mol ( 8.37 kJ/mol) of glob. min.
Found     8 confs within 10.00 kcal/mol (41.84 kJ/mol) of glob. min.
Global minimum E =    649.74 found     2 times.
   10 steps performed so far, out of   100
 E of low-energy structures above global min [kJ/mol],  and no. times found:
    E:  0.00  5.32  5.90  6.18 21.89 23.70 24.71 30.41
  No.:     2     1     1     2     1     1     1     1
 
 
Interim report; processing .tmp file:
   10 unique conformations found so far
   10 minimized with good convergence
Found     1 confs within  1.00 kcal/mol ( 4.18 kJ/mol) of glob. min.
Found     4 confs within  2.00 kcal/mol ( 8.37 kJ/mol) of glob. min.
Found     5 confs within  3.00 kcal/mol (12.55 kJ/mol) of glob. min.
Found    10 confs within 10.00 kcal/mol (41.84 kJ/mol) of glob. min.
Global minimum E =    649.74 found     2 times.
   20 steps performed so far, out of   100
 E of low-energy structures above global min [kJ/mol],  and no. times found:
    E:  0.00  5.32  5.89  6.18  8.90 21.89 23.70 24.71 28.36 30.41
  No.:     2     3     3     3     2     1     1     2     1     2
 
          Step    22 New global minimum.  E (kJ/mol) =      648.70
 
Interim report; processing .tmp file:
   12 unique conformations found so far
   12 minimized with good convergence
Found     2 confs within  1.00 kcal/mol ( 4.18 kJ/mol) of glob. min.
Found     5 confs within  2.00 kcal/mol ( 8.37 kJ/mol) of glob. min.
Found     6 confs within  3.00 kcal/mol (12.55 kJ/mol) of glob. min.
Found    12 confs within 10.00 kcal/mol (41.84 kJ/mol) of glob. min.
Global minimum E =    648.70 found     2 times.
   30 steps performed so far, out of   100
 E of low-energy structures above global min [kJ/mol],  and no. times found:
    E:  0.00  1.03  6.35  6.90  7.21  9.94 22.06 22.92 24.74 25.74 29.39 31.44
  No.:     2     2     3     4     3     3     2     3     1     3     1     3
 
 
Interim report; processing .tmp file:
   15 unique conformations found so far
   15 minimized with good convergence
Found     3 confs within  1.00 kcal/mol ( 4.18 kJ/mol) of glob. min.
Found     7 confs within  2.00 kcal/mol ( 8.37 kJ/mol) of glob. min.
Found     8 confs within  3.00 kcal/mol (12.55 kJ/mol) of glob. min.
Found    15 confs within 10.00 kcal/mol (41.84 kJ/mol) of glob. min.
Global minimum E =    648.70 found     2 times.
   40 steps performed so far, out of   100
 E of low-energy structures above global min [kJ/mol],  and no. times found:
    E:  0.00  0.08  1.03  6.35  6.90  7.21  7.60  9.94 22.06 22.92 24.74 25.11
  No.:     2     1     2     4     4     3     2     4     2     3     1     3
 
          Step    45 New global minimum.  E (kJ/mol) =      648.70
 
Interim report; processing .tmp file:
   17 unique conformations found so far
   17 minimized with good convergence
Found     3 confs within  1.00 kcal/mol ( 4.18 kJ/mol) of glob. min.
Found     7 confs within  2.00 kcal/mol ( 8.37 kJ/mol) of glob. min.
Found     8 confs within  3.00 kcal/mol (12.55 kJ/mol) of glob. min.
Found    17 confs within 10.00 kcal/mol (41.84 kJ/mol) of glob. min.
Global minimum E =    648.70 found     3 times.
   50 steps performed so far, out of   100
 E of low-energy structures above global min [kJ/mol],  and no. times found:
    E:  0.00  0.08  1.03  6.35  6.90  7.21  7.60  9.94 22.06 22.92 24.74 25.11
  No.:     3     2     2     4     4     4     2     5     3     3     1     3
 
 
Interim report; processing .tmp file:
   22 unique conformations found so far
   22 minimized with good convergence
Found     3 confs within  1.00 kcal/mol ( 4.18 kJ/mol) of glob. min.
Found     8 confs within  2.00 kcal/mol ( 8.37 kJ/mol) of glob. min.
Found     9 confs within  3.00 kcal/mol (12.55 kJ/mol) of glob. min.
Found    22 confs within 10.00 kcal/mol (41.84 kJ/mol) of glob. min.
Global minimum E =    648.70 found     3 times.
   60 steps performed so far, out of   100
 E of low-energy structures above global min [kJ/mol],  and no. times found:
    E:  0.00  0.08  1.03  6.35  6.90  6.97  7.21  7.60  9.94 20.94 22.06 22.39
  No.:     3     2     2     5     5     1     5     2     5     1     3     1
 
 
Interim report; processing .tmp file:
   23 unique conformations found so far
   23 minimized with good convergence
Found     3 confs within  1.00 kcal/mol ( 4.18 kJ/mol) of glob. min.
Found     8 confs within  2.00 kcal/mol ( 8.37 kJ/mol) of glob. min.
Found     9 confs within  3.00 kcal/mol (12.55 kJ/mol) of glob. min.
Found    23 confs within 10.00 kcal/mol (41.84 kJ/mol) of glob. min.
Global minimum E =    648.70 found     3 times.
   70 steps performed so far, out of   100
 E of low-energy structures above global min [kJ/mol],  and no. times found:
    E:  0.00  0.08  1.03  6.35  6.90  6.97  7.21  7.60  9.94 20.94 22.06 22.39
  No.:     3     2     2     5     5     1     6     2     5     2     4     1
 
 
Interim report; processing .tmp file:
   23 unique conformations found so far
   23 minimized with good convergence
Found     3 confs within  1.00 kcal/mol ( 4.18 kJ/mol) of glob. min.
Found     8 confs within  2.00 kcal/mol ( 8.37 kJ/mol) of glob. min.
Found     9 confs within  3.00 kcal/mol (12.55 kJ/mol) of glob. min.
Found    23 confs within 10.00 kcal/mol (41.84 kJ/mol) of glob. min.
Global minimum E =    648.70 found     4 times.
   80 steps performed so far, out of   100
 E of low-energy structures above global min [kJ/mol],  and no. times found:
    E:  0.00  0.08  1.03  6.35  6.90  6.97  7.21  7.60  9.94 20.94 22.06 22.39
  No.:     4     3     2     5     6     1     6     4     7     2     4     1
 
          Step    84 New global minimum.  E (kJ/mol) =      648.70
 
Interim report; processing .tmp file:
   24 unique conformations found so far
   24 minimized with good convergence
Found     3 confs within  1.00 kcal/mol ( 4.18 kJ/mol) of glob. min.
Found     8 confs within  2.00 kcal/mol ( 8.37 kJ/mol) of glob. min.
Found     9 confs within  3.00 kcal/mol (12.55 kJ/mol) of glob. min.
Found    24 confs within 10.00 kcal/mol (41.84 kJ/mol) of glob. min.
Global minimum E =    648.70 found     5 times.
   90 steps performed so far, out of   100
 E of low-energy structures above global min [kJ/mol],  and no. times found:
    E:  0.00  0.08  1.04  6.36  6.90  6.97  7.21  7.60  9.94 20.94 22.06 22.14
  No.:     5     3     2     5     7     1     6     4     7     2     5     1
 
         100  structures minimised
          25  unique structures stored
          25  structures with good convergence
             Global Minimum   648.69916     kJ/mol
 
 
Final report; processing .tmp file:
   25 unique conformations found so far
   25 minimized with good convergence
Found     3 confs within  1.00 kcal/mol ( 4.18 kJ/mol) of glob. min.
Found     8 confs within  2.00 kcal/mol ( 8.37 kJ/mol) of glob. min.
Found     9 confs within  3.00 kcal/mol (12.55 kJ/mol) of glob. min.
Found    25 confs within 10.00 kcal/mol (41.84 kJ/mol) of glob. min.
Global minimum E =    648.70 found     5 times.
  100 steps performed so far, out of   100
 E of low-energy structures above global min [kJ/mol],  and no. times found:
    E:  0.00  0.08  1.04  6.36  6.90  6.97  7.21  7.60  9.94 20.94 22.06 22.14
  No.:     5     3     3     5     7     1     6     4     7     3     7     1
 
Input structure with title on the next line is given SerNo:        2
SGS
Auto summary for input structure      2:
 Total number of structures processed =         100
 Conformations with poor convergence marked with a *
 Conformation       1 (    648.6992     kJ/mol) was found     5 times
 Conformation       2 (    648.7809     kJ/mol) was found     3 times
 Conformation       3 (    649.7361     kJ/mol) was found     3 times
 Conformation       4 (    655.0550     kJ/mol) was found     5 times
 Conformation       5 (    655.6022     kJ/mol) was found     7 times
 Conformation       6 (    655.6737     kJ/mol) was found     1 times
 Conformation       7 (    655.9121     kJ/mol) was found     6 times
 Conformation       8 (    656.2985     kJ/mol) was found     4 times
 Conformation       9 (    658.6407     kJ/mol) was found     7 times
 Conformation      10 (    669.6401     kJ/mol) was found     3 times
 Conformation      11 (    670.7629     kJ/mol) was found     7 times
 Conformation      12 (    670.8368     kJ/mol) was found     1 times
 Conformation      13 (    671.0893     kJ/mol) was found     2 times
 Conformation      14 (    671.6203     kJ/mol) was found     5 times
 Conformation      15 (    672.1273     kJ/mol) was found     3 times
 Conformation      16 (    673.4406     kJ/mol) was found     3 times
 Conformation      17 (    673.7999     kJ/mol) was found     6 times
 Conformation      18 (    674.4426     kJ/mol) was found     4 times
 Conformation      19 (    677.6221     kJ/mol) was found     2 times
 Conformation      20 (    678.0735     kJ/mol) was found     5 times
 Conformation      21 (    680.1434     kJ/mol) was found     5 times
 Conformation      22 (    680.4295     kJ/mol) was found     3 times
 Conformation      23 (    681.7216     kJ/mol) was found     2 times
 Conformation      24 (    683.6491     kJ/mol) was found     7 times
 Conformation      25 (    685.5721     kJ/mol) was found     1 times
 *** Note only            1 (MAXMCM_SAVE) structures 
     written to the output structure file.  As requested.
           *** MC Statistics ***
 Percent of minimized structures within energetic window:   100.0000    
 Average number of duplicates:     4.000000    
 Duplication standard deviation:   1.979057    
        1249  structures generated
        1066  rejected by ring closure
          84  rejected by van der Waals
          75  duplicate minimised structures
 
BatchMin: normal termination                           12-Jan-2015 14:32:28
STARTUP COMMAND:
/cbio/jclab/share/schrodinger/schrodinger2014-4/macromodel-v106013/bin/Linux-x86_64/bmin
MMSHARE_EXEC:/cbio/jclab/share/schrodinger/schrodinger2014-4/mmshare-v28013/bin/Linux-x86_64

real	0.0m24.25s
user	0.0m0.0s
sys	0.0m0.01s
RUNNING: python "/cbio/jclab/share/schrodinger/schrodinger2014-4/macromodel-v106013/bin/Linux-x86_64/bmin_startup.py" -NO_REDIRECT Subjob00001--Sample_2_mmffs_solv
