Starting Time: 01-12-2015 14:37:24
Duplication criterion: displacement cutoff:     1.3
Kept 1 SGS
Kept 2 SGS
Kept 3 SGS
Removed 4 SGS
Removed 5 SGS
Removed 6 SGS
Removed 7 SGS
Removed 8 SGS
Removed 9 SGS
Kept 10 SGS
Kept 11 SGS
Removed 12 SGS
Kept 13 SGS
Kept 14 SGS
Kept 15 SGS
Removed 16 SGS
Removed 17 SGS
Kept 18 SGS
Kept 19 SGS
Removed 20 SGS
Kept 21 SGS
Kept 22 SGS
Kept 23 SGS
Kept 24 SGS
Kept 25 SGS
Kept 26 SGS
Kept 27 SGS
Kept 28 SGS
Kept 29 SGS
Removed 30 SGS
Kept 31 SGS
Kept 32 SGS
Removed 33 SGS
Kept 34 SGS
Removed 35 SGS
Kept 36 SGS
Removed 37 SGS
Removed 38 SGS
Removed 39 SGS
Kept 40 SGS
Kept 41 SGS
Kept 42 SGS
Kept 43 SGS
Kept 44 SGS
Removed 45 SGS
Removed 46 SGS
Removed 47 SGS
Removed 48 SGS
Kept 49 SGS
Kept 50 SGS
Kept 51 SGS
Kept 52 SGS
Kept 53 SGS
Removed 54 SGS
Kept 55 SGS
Removed 56 SGS
Removed 57 SGS
Removed 58 SGS
Kept 59 SGS
Kept 60 SGS
Kept 61 SGS
Kept 62 SGS
Kept 63 SGS
Removed 64 SGS
Removed 65 SGS
Kept 66 SGS
Removed 67 SGS
Kept 68 SGS
Kept 69 SGS
Removed 70 SGS
Kept 71 SGS
Removed 72 SGS
Kept 73 SGS
Kept 74 SGS
Kept 75 SGS
Removed 76 SGS
Remaining poses: 46
Stage <SGS            (    0) UniquePoses0> takes 0 seconds
Duplication criterion: displacement cutoff:     1.3
Kept 1 SGS
Kept 2 SGS
Kept 3 SGS
Removed 4 SGS
Kept 5 SGS
Removed 6 SGS
Removed 7 SGS
Removed 8 SGS
Kept 9 SGS
Kept 10 SGS
Kept 11 SGS
Kept 12 SGS
Removed 13 SGS
Removed 14 SGS
Removed 15 SGS
Removed 16 SGS
Removed 17 SGS
Removed 18 SGS
Removed 19 SGS
Kept 20 SGS
Removed 21 SGS
Removed 22 SGS
Removed 23 SGS
Kept 24 SGS
Removed 25 SGS
Removed 26 SGS
Kept 27 SGS
Kept 28 SGS
Kept 29 SGS
Kept 30 SGS
Kept 31 SGS
Removed 32 SGS
Kept 33 SGS
Kept 34 SGS
Removed 35 SGS
Kept 36 SGS
Removed 37 SGS
Kept 38 SGS
Kept 39 SGS
Removed 40 SGS
Removed 41 SGS
Kept 42 SGS
Removed 43 SGS
Kept 44 SGS
Removed 45 SGS
Removed 46 SGS
Kept 47 SGS
Kept 48 SGS
Kept 49 SGS
Kept 50 SGS
Kept 51 SGS
Removed 52 SGS
Removed 53 SGS
Removed 54 SGS
Removed 55 SGS
Kept 56 SGS
Removed 57 SGS
Kept 58 SGS
Removed 59 SGS
Removed 60 SGS
Kept 61 SGS
Removed 62 SGS
Removed 63 SGS
Kept 64 SGS
Removed 65 SGS
Removed 66 SGS
Removed 67 SGS
Kept 68 SGS
Remaining poses: 32
Stage <SGS            (    1) UniquePoses0> takes 0 seconds

Ending Time: 01-12-2015 14:37:25
