----- Output (stdout) -----
[gpu-2-16.local]
%IMPACT-I (openwt): Request to open FORMATTED file Subjob00001--DockLigand0.out on unit   2
 Entering IMPACT execution environment 
 Date: Monday, January 12 2015, at 14:33:12 EST
 Glide version 65013
 mmshare version        28013
 Copyright (c) Schrodinger, LLC.
 All Rights Reserved.

 Host: Linux gpu-2-16.local 2.6.32-358.18.1.el6.x86_64 #1 SMP Wed Aug 28 17:19:38 UTC 2013 x86_64
 Job Name: Subjob00001--DockLigand0.glidetmp21291
 SCHRODINGER  directory: /cbio/jclab/share/schrodinger/schrodinger2014-4
 IMPACT_EXEC  directory: /cbio/jclab/share/schrodinger/schrodinger2014-4/impact-v65013/bin/Linux-x86_64
 MMSHARE_EXEC directory: /cbio/jclab/share/schrodinger/schrodinger2014-4/mmshare-v28013/bin/Linux-x86_64
 VdW radii of ligand atoms scaled by   0.800000000000000     
 Charge cutoff for polarity   0.150000000000000     

GLIDE CONSTRAINTS APPLIED
-------------------------
  1 out of   1 constraints used from file "grid.21342/Subjob00001--CreateGrid-out.cons"
Labels and receptor types of constraints used are:
pos1 (Positional)

All docked poses must satisfy the specified number of
constraints in ALL of the following  1 groups.
Group   1: At least  1 of (pos1)


 After readscreen, (nx, ny, nz) = (          24 ,           24 ,           24 ).
  Receptor setup: (nsites, nx, ny, nz, bsize)=(         125 ,           24 , 
          24 ,           24 ,    1.00000000000000      ).
 Screening setup finished.
 DOCKMAIN: getting receptor.
%IMPACT-I (xdrrd): File grid.21342/Subjob00001--CreateGrid-out.grd opened for reading
  DOCKMAIN after grid: (nx, ny, nz) = (          64 ,           64 , 
          64 ).
%IMPACT-I (xdrrd): File grid.21342/Subjob00001--CreateGrid-out_coul2.fld opened for reading
%IMPACT-I (xdrrd): File grid.21342/Subjob00001--CreateGrid-out_vdw.fld opened for reading
%IMPACT-I (xdrrd): File grid.21342/Subjob00001--CreateGrid-out.gsc opened for reading
 DOCKMAIN: Grid setup finished
%IMPACT-I(foldmain): calling OPLS_2005 atomtyping ...
%IMPACT-I(foldmain): finished parameter assignment
  
  Penalizing non-planar amide torsions 
  
 Number of rotatable bonds            3
 Using templates for ring conformations.

GlideScore version SP5.0 will be used

  
 Buried polar penalty      0.000
 Coulomb vdW cutoff        0.000
 H bond cutoff             0.000
 Metal-ligand cutoff      10.000
%IMPACT-I (info): At line  78
 %IMPACT-I: Assigning GlideScore SP5.0 parameters
 Checked constraints after refinement with max HB dsq =    16.0000000000000     
 After refinement, constraint filter reduced number of
 poses from         5000  to         4999 .
 Total constraint copies over all poses =         4999
Postdocking minimization:  10 poses; CvdW cutoffs   100.0 kcal/mol for min,     0.0 kcal/mol for report.
Constraint(s) matched for ligand        1, pose   3965
Score =     -4.998
Emodel =    -51.902

The output pose satisfies at least the following constraint(s).
pos1 (Type = Positional)
 
GlideScore(   -5.00)+Epik State Penalty(    0.54) =    -4.46 kcal/mol
Constraint(s) matched for ligand        1, pose   3502
Score =     -4.645
Emodel =    -46.794

The output pose satisfies at least the following constraint(s).
pos1 (Type = Positional)
 
GlideScore(   -4.65)+Epik State Penalty(    0.54) =    -4.10 kcal/mol
Constraint(s) matched for ligand        1, pose   4002
Score =     -4.715
Emodel =    -42.023

The output pose satisfies at least the following constraint(s).
pos1 (Type = Positional)
 
GlideScore(   -4.72)+Epik State Penalty(    0.54) =    -4.17 kcal/mol
Constraint(s) matched for ligand        1, pose    993
Score =     -3.756
Emodel =    -41.228

The output pose satisfies at least the following constraint(s).
pos1 (Type = Positional)
 
GlideScore(   -3.76)+Epik State Penalty(    0.54) =    -3.21 kcal/mol
Constraint(s) matched for ligand        1, pose   1944
Score =     -4.083
Emodel =    -40.268

The output pose satisfies at least the following constraint(s).
pos1 (Type = Positional)
 
GlideScore(   -4.08)+Epik State Penalty(    0.54) =    -3.54 kcal/mol
Constraint(s) matched for ligand        1, pose   4624
Score =     -3.431
Emodel =    -40.116

The output pose satisfies at least the following constraint(s).
pos1 (Type = Positional)
 
GlideScore(   -3.43)+Epik State Penalty(    0.54) =    -2.89 kcal/mol
Constraint(s) matched for ligand        1, pose   3734
Score =     -3.550
Emodel =    -39.068

The output pose satisfies at least the following constraint(s).
pos1 (Type = Positional)
 
GlideScore(   -3.55)+Epik State Penalty(    0.54) =    -3.01 kcal/mol
Constraint(s) matched for ligand        1, pose   4255
Score =     -3.469
Emodel =    -38.365

The output pose satisfies at least the following constraint(s).
pos1 (Type = Positional)
 
GlideScore(   -3.47)+Epik State Penalty(    0.54) =    -2.93 kcal/mol
Constraint(s) matched for ligand        1, pose   1035
Score =     -3.395
Emodel =    -38.354

The output pose satisfies at least the following constraint(s).
pos1 (Type = Positional)
 
GlideScore(   -3.39)+Epik State Penalty(    0.54) =    -2.85 kcal/mol
Constraint(s) matched for ligand        1, pose   1508
Score =     -3.310
Emodel =    -35.770

The output pose satisfies at least the following constraint(s).
pos1 (Type = Positional)
 
GlideScore(   -3.31)+Epik State Penalty(    0.54) =    -2.77 kcal/mol
DOCKING RESULTS FOR LIGAND        1 (SGS)
   Except for Best Emodel, the poses reported here
   may not satisfy the user-specified constraints.
Best Emodel=   -51.90 E=   -41.32 Eint=     1.40 GlideScore=    -5.00
%IMPACT-I(foldmain): calling OPLS_2005 atomtyping ...
%IMPACT-I(foldmain): finished parameter assignment
 Number of rotatable bonds            3
 Using templates for ring conformations.
 Checked constraints after refinement with max HB dsq =    16.0000000000000     
 After refinement, constraint filter reduced number of
 poses from         5000  to         4996 .
 Total constraint copies over all poses =         4996
Constraint(s) matched for ligand        2, pose   3313
Score =     -4.788
Emodel =    -48.871

The output pose satisfies at least the following constraint(s).
pos1 (Type = Positional)
 
GlideScore(   -4.79)+Epik State Penalty(    0.54) =    -4.24 kcal/mol
Constraint(s) matched for ligand        2, pose   1599
Score =     -3.792
Emodel =    -41.565

The output pose satisfies at least the following constraint(s).
pos1 (Type = Positional)
 
GlideScore(   -3.79)+Epik State Penalty(    0.54) =    -3.25 kcal/mol
Constraint(s) matched for ligand        2, pose    649
Score =     -3.842
Emodel =    -41.233

The output pose satisfies at least the following constraint(s).
pos1 (Type = Positional)
 
GlideScore(   -3.84)+Epik State Penalty(    0.54) =    -3.30 kcal/mol
Constraint(s) matched for ligand        2, pose   3180
Score =     -3.689
Emodel =    -39.762

The output pose satisfies at least the following constraint(s).
pos1 (Type = Positional)
 
GlideScore(   -3.69)+Epik State Penalty(    0.54) =    -3.15 kcal/mol
Constraint(s) matched for ligand        2, pose   1771
Score =     -3.525
Emodel =    -38.487

The output pose satisfies at least the following constraint(s).
pos1 (Type = Positional)
 
GlideScore(   -3.52)+Epik State Penalty(    0.54) =    -2.98 kcal/mol
Constraint(s) matched for ligand        2, pose   4037
Score =     -3.344
Emodel =    -37.448

The output pose satisfies at least the following constraint(s).
pos1 (Type = Positional)
 
GlideScore(   -3.34)+Epik State Penalty(    0.54) =    -2.80 kcal/mol
Constraint(s) matched for ligand        2, pose   3446
Score =     -2.724
Emodel =    -35.236

The output pose satisfies at least the following constraint(s).
pos1 (Type = Positional)
 
GlideScore(   -2.72)+Epik State Penalty(    0.54) =    -2.18 kcal/mol
Constraint(s) matched for ligand        2, pose   4674
Score =     -3.891
Emodel =    -34.285

The output pose satisfies at least the following constraint(s).
pos1 (Type = Positional)
 
GlideScore(   -3.89)+Epik State Penalty(    0.54) =    -3.35 kcal/mol
DOCKING RESULTS FOR LIGAND        2 (SGS)
   Except for Best Emodel, the poses reported here
   may not satisfy the user-specified constraints.
Best Emodel=   -48.87 E=   -38.63 Eint=     1.57 GlideScore=    -4.79
%IMPACT-I(foldmain): calling OPLS_2005 atomtyping ...
%IMPACT-I(foldmain): finished parameter assignment
 Number of rotatable bonds            3
 Using templates for ring conformations.
 Checked constraints after refinement with max HB dsq =    16.0000000000000     
Constraint(s) matched for ligand        3, pose   2886
Score =     -4.943
Emodel =    -51.714

The output pose satisfies at least the following constraint(s).
pos1 (Type = Positional)
 
GlideScore(   -4.94)+Epik State Penalty(    0.54) =    -4.40 kcal/mol
Constraint(s) matched for ligand        3, pose    259
Score =     -4.602
Emodel =    -42.847

The output pose satisfies at least the following constraint(s).
pos1 (Type = Positional)
 
GlideScore(   -4.60)+Epik State Penalty(    0.54) =    -4.06 kcal/mol
Constraint(s) matched for ligand        3, pose   4952
Score =     -4.729
Emodel =    -42.194

The output pose satisfies at least the following constraint(s).
pos1 (Type = Positional)
 
GlideScore(   -4.73)+Epik State Penalty(    0.54) =    -4.19 kcal/mol
Constraint(s) matched for ligand        3, pose   4680
Score =     -3.839
Emodel =    -42.040

The output pose satisfies at least the following constraint(s).
pos1 (Type = Positional)
 
GlideScore(   -3.84)+Epik State Penalty(    0.54) =    -3.30 kcal/mol
Constraint(s) matched for ligand        3, pose   3773
Score =     -3.699
Emodel =    -40.725

The output pose satisfies at least the following constraint(s).
pos1 (Type = Positional)
 
GlideScore(   -3.70)+Epik State Penalty(    0.54) =    -3.16 kcal/mol
Constraint(s) matched for ligand        3, pose   1977
Score =     -4.201
Emodel =    -40.407

The output pose satisfies at least the following constraint(s).
pos1 (Type = Positional)
 
GlideScore(   -4.20)+Epik State Penalty(    0.54) =    -3.66 kcal/mol
Constraint(s) matched for ligand        3, pose   2628
Score =     -3.400
Emodel =    -40.072

The output pose satisfies at least the following constraint(s).
pos1 (Type = Positional)
 
GlideScore(   -3.40)+Epik State Penalty(    0.54) =    -2.86 kcal/mol
Constraint(s) matched for ligand        3, pose   1212
Score =     -3.649
Emodel =    -39.918

The output pose satisfies at least the following constraint(s).
pos1 (Type = Positional)
 
GlideScore(   -3.65)+Epik State Penalty(    0.54) =    -3.11 kcal/mol
Constraint(s) matched for ligand        3, pose    955
Score =     -3.417
Emodel =    -38.150

The output pose satisfies at least the following constraint(s).
pos1 (Type = Positional)
 
GlideScore(   -3.42)+Epik State Penalty(    0.54) =    -2.87 kcal/mol
Constraint(s) matched for ligand        3, pose   1021
Score =     -3.357
Emodel =    -36.104

The output pose satisfies at least the following constraint(s).
pos1 (Type = Positional)
 
GlideScore(   -3.36)+Epik State Penalty(    0.54) =    -2.81 kcal/mol
DOCKING RESULTS FOR LIGAND        3 (SGS)
   Except for Best Emodel, the poses reported here
   may not satisfy the user-specified constraints.
Best Emodel=   -51.71 E=   -41.24 Eint=     1.40 GlideScore=    -4.94
%IMPACT-I(foldmain): calling OPLS_2005 atomtyping ...
%IMPACT-I(foldmain): finished parameter assignment
 Number of rotatable bonds            3
 Using templates for ring conformations.
 Checked constraints after refinement with max HB dsq =    16.0000000000000     
 After refinement, constraint filter reduced number of
 poses from         5000  to         4998 .
 Total constraint copies over all poses =         4998
Constraint(s) matched for ligand        4, pose     11
Score =     -4.948
Emodel =    -51.841

The output pose satisfies at least the following constraint(s).
pos1 (Type = Positional)
 
GlideScore(   -4.95)+Epik State Penalty(    0.54) =    -4.41 kcal/mol
Constraint(s) matched for ligand        4, pose   2608
Score =     -3.835
Emodel =    -42.756

The output pose satisfies at least the following constraint(s).
pos1 (Type = Positional)
 
GlideScore(   -3.83)+Epik State Penalty(    0.54) =    -3.29 kcal/mol
Constraint(s) matched for ligand        4, pose   2543
Score =     -4.267
Emodel =    -42.496

The output pose satisfies at least the following constraint(s).
pos1 (Type = Positional)
 
GlideScore(   -4.27)+Epik State Penalty(    0.54) =    -3.72 kcal/mol
Constraint(s) matched for ligand        4, pose   3607
Score =     -3.759
Emodel =    -41.364

The output pose satisfies at least the following constraint(s).
pos1 (Type = Positional)
 
GlideScore(   -3.76)+Epik State Penalty(    0.54) =    -3.22 kcal/mol
Constraint(s) matched for ligand        4, pose   1969
Score =     -3.652
Emodel =    -40.096

The output pose satisfies at least the following constraint(s).
pos1 (Type = Positional)
 
GlideScore(   -3.65)+Epik State Penalty(    0.54) =    -3.11 kcal/mol
Constraint(s) matched for ligand        4, pose   1157
Score =     -3.422
Emodel =    -38.340

The output pose satisfies at least the following constraint(s).
pos1 (Type = Positional)
 
GlideScore(   -3.42)+Epik State Penalty(    0.54) =    -2.88 kcal/mol
DOCKING RESULTS FOR LIGAND        4 (SGS)
   Except for Best Emodel, the poses reported here
   may not satisfy the user-specified constraints.
Best Emodel=   -51.84 E=   -41.23 Eint=     1.88 GlideScore=    -4.95
%IMPACT-I(foldmain): calling OPLS_2005 atomtyping ...
%IMPACT-I(foldmain): finished parameter assignment
 Number of rotatable bonds            3
 Using templates for ring conformations.
 Checked constraints after refinement with max HB dsq =    16.0000000000000     
 After refinement, constraint filter reduced number of
 poses from         5000  to         4988 .
 Total constraint copies over all poses =         4988
Constraint(s) matched for ligand        5, pose   4680
Score =     -4.793
Emodel =    -47.651

The output pose satisfies at least the following constraint(s).
pos1 (Type = Positional)
 
GlideScore(   -4.79)+Epik State Penalty(    0.54) =    -4.25 kcal/mol
Constraint(s) matched for ligand        5, pose   4391
Score =     -3.882
Emodel =    -40.985

The output pose satisfies at least the following constraint(s).
pos1 (Type = Positional)
 
GlideScore(   -3.88)+Epik State Penalty(    0.54) =    -3.34 kcal/mol
Constraint(s) matched for ligand        5, pose   3713
Score =     -3.801
Emodel =    -40.177

The output pose satisfies at least the following constraint(s).
pos1 (Type = Positional)
 
GlideScore(   -3.80)+Epik State Penalty(    0.54) =    -3.26 kcal/mol
Constraint(s) matched for ligand        5, pose   3010
Score =     -3.841
Emodel =    -40.068

The output pose satisfies at least the following constraint(s).
pos1 (Type = Positional)
 
GlideScore(   -3.84)+Epik State Penalty(    0.54) =    -3.30 kcal/mol
Constraint(s) matched for ligand        5, pose   1465
Score =     -3.698
Emodel =    -38.841

The output pose satisfies at least the following constraint(s).
pos1 (Type = Positional)
 
GlideScore(   -3.70)+Epik State Penalty(    0.54) =    -3.15 kcal/mol
Constraint(s) matched for ligand        5, pose   1778
Score =     -3.457
Emodel =    -37.164

The output pose satisfies at least the following constraint(s).
pos1 (Type = Positional)
 
GlideScore(   -3.46)+Epik State Penalty(    0.54) =    -2.91 kcal/mol
Constraint(s) matched for ligand        5, pose   1945
Score =     -2.880
Emodel =    -35.184

The output pose satisfies at least the following constraint(s).
pos1 (Type = Positional)
 
GlideScore(   -2.88)+Epik State Penalty(    0.54) =    -2.34 kcal/mol
Constraint(s) matched for ligand        5, pose   3348
Score =     -2.696
Emodel =    -34.405

The output pose satisfies at least the following constraint(s).
pos1 (Type = Positional)
 
GlideScore(   -2.70)+Epik State Penalty(    0.54) =    -2.15 kcal/mol
Constraint(s) matched for ligand        5, pose   1216
Score =     -3.959
Emodel =    -33.876

The output pose satisfies at least the following constraint(s).
pos1 (Type = Positional)
 
GlideScore(   -3.96)+Epik State Penalty(    0.54) =    -3.42 kcal/mol
DOCKING RESULTS FOR LIGAND        5 (SGS)
   Except for Best Emodel, the poses reported here
   may not satisfy the user-specified constraints.
Best Emodel=   -47.65 E=   -38.80 Eint=     1.79 GlideScore=    -4.79
%IMPACT-I(foldmain): calling OPLS_2005 atomtyping ...
%IMPACT-I(foldmain): finished parameter assignment
 Number of rotatable bonds            3
 Using templates for ring conformations.
 Checked constraints after refinement with max HB dsq =    16.0000000000000     
 After refinement, constraint filter reduced number of
 poses from         5000  to         4994 .
 Total constraint copies over all poses =         4994
Constraint(s) matched for ligand        6, pose    259
Score =     -4.961
Emodel =    -51.600

The output pose satisfies at least the following constraint(s).
pos1 (Type = Positional)
 
GlideScore(   -4.96)+Epik State Penalty(    0.54) =    -4.42 kcal/mol
Constraint(s) matched for ligand        6, pose   2341
Score =     -4.662
Emodel =    -46.786

The output pose satisfies at least the following constraint(s).
pos1 (Type = Positional)
 
GlideScore(   -4.66)+Epik State Penalty(    0.54) =    -4.12 kcal/mol
Constraint(s) matched for ligand        6, pose   3162
Score =     -3.859
Emodel =    -42.330

The output pose satisfies at least the following constraint(s).
pos1 (Type = Positional)
 
GlideScore(   -3.86)+Epik State Penalty(    0.54) =    -3.32 kcal/mol
Constraint(s) matched for ligand        6, pose   1247
Score =     -3.856
Emodel =    -42.308

The output pose satisfies at least the following constraint(s).
pos1 (Type = Positional)
 
GlideScore(   -3.86)+Epik State Penalty(    0.54) =    -3.31 kcal/mol
Constraint(s) matched for ligand        6, pose   1003
Score =     -3.838
Emodel =    -41.082

The output pose satisfies at least the following constraint(s).
pos1 (Type = Positional)
 
GlideScore(   -3.84)+Epik State Penalty(    0.54) =    -3.29 kcal/mol
Constraint(s) matched for ligand        6, pose   2480
Score =     -3.388
Emodel =    -39.808

The output pose satisfies at least the following constraint(s).
pos1 (Type = Positional)
 
GlideScore(   -3.39)+Epik State Penalty(    0.54) =    -2.84 kcal/mol
Constraint(s) matched for ligand        6, pose   1632
Score =     -3.363
Emodel =    -38.922

The output pose satisfies at least the following constraint(s).
pos1 (Type = Positional)
 
GlideScore(   -3.36)+Epik State Penalty(    0.54) =    -2.82 kcal/mol
Constraint(s) matched for ligand        6, pose    988
Score =     -3.463
Emodel =    -38.012

The output pose satisfies at least the following constraint(s).
pos1 (Type = Positional)
 
GlideScore(   -3.46)+Epik State Penalty(    0.54) =    -2.92 kcal/mol
DOCKING RESULTS FOR LIGAND        6 (SGS)
   Except for Best Emodel, the poses reported here
   may not satisfy the user-specified constraints.
Best Emodel=   -51.60 E=   -41.19 Eint=     1.54 GlideScore=    -4.96
%IMPACT-I(foldmain): calling OPLS_2005 atomtyping ...
%IMPACT-I(foldmain): finished parameter assignment
 Number of rotatable bonds            3
 Using templates for ring conformations.
 Checked constraints after refinement with max HB dsq =    16.0000000000000     
 After refinement, constraint filter reduced number of
 poses from         5000  to         4976 .
 Total constraint copies over all poses =         4976
Constraint(s) matched for ligand        7, pose    374
Score =     -4.980
Emodel =    -51.553

The output pose satisfies at least the following constraint(s).
pos1 (Type = Positional)
 
GlideScore(   -4.98)+Epik State Penalty(    0.54) =    -4.44 kcal/mol
Constraint(s) matched for ligand        7, pose   2223
Score =     -3.875
Emodel =    -42.087

The output pose satisfies at least the following constraint(s).
pos1 (Type = Positional)
 
GlideScore(   -3.87)+Epik State Penalty(    0.54) =    -3.33 kcal/mol
Constraint(s) matched for ligand        7, pose    876
Score =     -3.880
Emodel =    -42.050

The output pose satisfies at least the following constraint(s).
pos1 (Type = Positional)
 
GlideScore(   -3.88)+Epik State Penalty(    0.54) =    -3.34 kcal/mol
Constraint(s) matched for ligand        7, pose   1144
Score =     -3.822
Emodel =    -41.777

The output pose satisfies at least the following constraint(s).
pos1 (Type = Positional)
 
GlideScore(   -3.82)+Epik State Penalty(    0.54) =    -3.28 kcal/mol
Constraint(s) matched for ligand        7, pose   3541
Score =     -3.795
Emodel =    -41.225

The output pose satisfies at least the following constraint(s).
pos1 (Type = Positional)
 
GlideScore(   -3.79)+Epik State Penalty(    0.54) =    -3.25 kcal/mol
Constraint(s) matched for ligand        7, pose   1373
Score =     -4.159
Emodel =    -39.850

The output pose satisfies at least the following constraint(s).
pos1 (Type = Positional)
 
GlideScore(   -4.16)+Epik State Penalty(    0.54) =    -3.62 kcal/mol
Constraint(s) matched for ligand        7, pose   2027
Score =     -3.637
Emodel =    -39.352

The output pose satisfies at least the following constraint(s).
pos1 (Type = Positional)
 
GlideScore(   -3.64)+Epik State Penalty(    0.54) =    -3.09 kcal/mol
DOCKING RESULTS FOR LIGAND        7 (SGS)
   Except for Best Emodel, the poses reported here
   may not satisfy the user-specified constraints.
Best Emodel=   -51.55 E=   -41.31 Eint=     1.71 GlideScore=    -4.98
%IMPACT-I(foldmain): calling OPLS_2005 atomtyping ...
%IMPACT-I(foldmain): finished parameter assignment
 Number of rotatable bonds            3
 Using templates for ring conformations.
 Checked constraints after refinement with max HB dsq =    16.0000000000000     
 After refinement, constraint filter reduced number of
 poses from         5000  to         4959 .
 Total constraint copies over all poses =         4959
Constraint(s) matched for ligand        8, pose    514
Score =     -4.961
Emodel =    -50.684

The output pose satisfies at least the following constraint(s).
pos1 (Type = Positional)
 
GlideScore(   -4.96)+Epik State Penalty(    0.54) =    -4.42 kcal/mol
Constraint(s) matched for ligand        8, pose   4833
Score =     -4.709
Emodel =    -42.120

The output pose satisfies at least the following constraint(s).
pos1 (Type = Positional)
 
GlideScore(   -4.71)+Epik State Penalty(    0.54) =    -4.17 kcal/mol
Constraint(s) matched for ligand        8, pose   4012
Score =     -3.934
Emodel =    -41.540

The output pose satisfies at least the following constraint(s).
pos1 (Type = Positional)
 
GlideScore(   -3.93)+Epik State Penalty(    0.54) =    -3.39 kcal/mol
Constraint(s) matched for ligand        8, pose   2521
Score =     -3.860
Emodel =    -41.296

The output pose satisfies at least the following constraint(s).
pos1 (Type = Positional)
 
GlideScore(   -3.86)+Epik State Penalty(    0.54) =    -3.32 kcal/mol
Constraint(s) matched for ligand        8, pose   3236
Score =     -3.713
Emodel =    -40.965

The output pose satisfies at least the following constraint(s).
pos1 (Type = Positional)
 
GlideScore(   -3.71)+Epik State Penalty(    0.54) =    -3.17 kcal/mol
Constraint(s) matched for ligand        8, pose   1445
Score =     -4.556
Emodel =    -39.898

The output pose satisfies at least the following constraint(s).
pos1 (Type = Positional)
 
GlideScore(   -4.56)+Epik State Penalty(    0.54) =    -4.01 kcal/mol
Constraint(s) matched for ligand        8, pose   1185
Score =     -4.168
Emodel =    -39.381

The output pose satisfies at least the following constraint(s).
pos1 (Type = Positional)
 
GlideScore(   -4.17)+Epik State Penalty(    0.54) =    -3.62 kcal/mol
Constraint(s) matched for ligand        8, pose   1014
Score =     -3.348
Emodel =    -38.624

The output pose satisfies at least the following constraint(s).
pos1 (Type = Positional)
 
GlideScore(   -3.35)+Epik State Penalty(    0.54) =    -2.80 kcal/mol
Constraint(s) matched for ligand        8, pose   3789
Score =     -3.005
Emodel =    -36.755

The output pose satisfies at least the following constraint(s).
pos1 (Type = Positional)
 
GlideScore(   -3.00)+Epik State Penalty(    0.54) =    -2.46 kcal/mol
Constraint(s) matched for ligand        8, pose    718
Score =     -3.357
Emodel =    -35.958

The output pose satisfies at least the following constraint(s).
pos1 (Type = Positional)
 
GlideScore(   -3.36)+Epik State Penalty(    0.54) =    -2.81 kcal/mol
DOCKING RESULTS FOR LIGAND        8 (SGS)
   Except for Best Emodel, the poses reported here
   may not satisfy the user-specified constraints.
Best Emodel=   -50.68 E=   -41.23 Eint=     1.61 GlideScore=    -4.96
%IMPACT-I(foldmain): calling OPLS_2005 atomtyping ...
%IMPACT-I(foldmain): finished parameter assignment
 Number of rotatable bonds            3
 Using templates for ring conformations.
 Checked constraints after refinement with max HB dsq =    16.0000000000000     
 After refinement, constraint filter reduced number of
 poses from         5000  to         4987 .
 Total constraint copies over all poses =         4987
Constraint(s) matched for ligand        9, pose   3184
Score =     -4.959
Emodel =    -51.501

The output pose satisfies at least the following constraint(s).
pos1 (Type = Positional)
 
GlideScore(   -4.96)+Epik State Penalty(    0.54) =    -4.42 kcal/mol
Constraint(s) matched for ligand        9, pose   1469
Score =     -3.954
Emodel =    -42.508

The output pose satisfies at least the following constraint(s).
pos1 (Type = Positional)
 
GlideScore(   -3.95)+Epik State Penalty(    0.54) =    -3.41 kcal/mol
Constraint(s) matched for ligand        9, pose   3609
Score =     -3.910
Emodel =    -41.690

The output pose satisfies at least the following constraint(s).
pos1 (Type = Positional)
 
GlideScore(   -3.91)+Epik State Penalty(    0.54) =    -3.37 kcal/mol
Constraint(s) matched for ligand        9, pose   1207
Score =     -4.567
Emodel =    -41.618

The output pose satisfies at least the following constraint(s).
pos1 (Type = Positional)
 
GlideScore(   -4.57)+Epik State Penalty(    0.54) =    -4.02 kcal/mol
Constraint(s) matched for ligand        9, pose   4203
Score =     -3.811
Emodel =    -41.498

The output pose satisfies at least the following constraint(s).
pos1 (Type = Positional)
 
GlideScore(   -3.81)+Epik State Penalty(    0.54) =    -3.27 kcal/mol
Constraint(s) matched for ligand        9, pose   3898
Score =     -3.421
Emodel =    -40.138

The output pose satisfies at least the following constraint(s).
pos1 (Type = Positional)
 
GlideScore(   -3.42)+Epik State Penalty(    0.54) =    -2.88 kcal/mol
Constraint(s) matched for ligand        9, pose   4865
Score =     -3.507
Emodel =    -38.661

The output pose satisfies at least the following constraint(s).
pos1 (Type = Positional)
 
GlideScore(   -3.51)+Epik State Penalty(    0.54) =    -2.96 kcal/mol
Constraint(s) matched for ligand        9, pose    875
Score =     -3.872
Emodel =    -33.957

The output pose satisfies at least the following constraint(s).
pos1 (Type = Positional)
 
GlideScore(   -3.87)+Epik State Penalty(    0.54) =    -3.33 kcal/mol
DOCKING RESULTS FOR LIGAND        9 (SGS)
   Except for Best Emodel, the poses reported here
   may not satisfy the user-specified constraints.
Best Emodel=   -51.50 E=   -41.17 Eint=     1.85 GlideScore=    -4.96
%IMPACT-I(foldmain): calling OPLS_2005 atomtyping ...
%IMPACT-I(foldmain): finished parameter assignment
 Number of rotatable bonds            3
 Using templates for ring conformations.
 Checked constraints after refinement with max HB dsq =    16.0000000000000     
 After refinement, constraint filter reduced number of
 poses from         5000  to         4998 .
 Total constraint copies over all poses =         4998
Constraint(s) matched for ligand       10, pose   3113
Score =     -5.966
Emodel =    -63.604

The output pose satisfies at least the following constraint(s).
pos1 (Type = Positional)
 
GlideScore(   -5.97)+Epik State Penalty(    0.55) =    -5.42 kcal/mol
Constraint(s) matched for ligand       10, pose   3748
Score =     -5.912
Emodel =    -60.053

The output pose satisfies at least the following constraint(s).
pos1 (Type = Positional)
 
GlideScore(   -5.91)+Epik State Penalty(    0.55) =    -5.36 kcal/mol
Constraint(s) matched for ligand       10, pose   1870
Score =     -5.828
Emodel =    -54.479

The output pose satisfies at least the following constraint(s).
pos1 (Type = Positional)
 
GlideScore(   -5.83)+Epik State Penalty(    0.55) =    -5.28 kcal/mol
Constraint(s) matched for ligand       10, pose   2496
Score =     -4.644
Emodel =    -52.838

The output pose satisfies at least the following constraint(s).
pos1 (Type = Positional)
 
GlideScore(   -4.64)+Epik State Penalty(    0.55) =    -4.10 kcal/mol
Constraint(s) matched for ligand       10, pose   3145
Score =     -5.347
Emodel =    -52.442

The output pose satisfies at least the following constraint(s).
pos1 (Type = Positional)
 
GlideScore(   -5.35)+Epik State Penalty(    0.55) =    -4.80 kcal/mol
Constraint(s) matched for ligand       10, pose   4079
Score =     -5.130
Emodel =    -52.307

The output pose satisfies at least the following constraint(s).
pos1 (Type = Positional)
 
GlideScore(   -5.13)+Epik State Penalty(    0.55) =    -4.58 kcal/mol
Constraint(s) matched for ligand       10, pose    385
Score =     -4.413
Emodel =    -49.586

The output pose satisfies at least the following constraint(s).
pos1 (Type = Positional)
 
GlideScore(   -4.41)+Epik State Penalty(    0.55) =    -3.87 kcal/mol
Constraint(s) matched for ligand       10, pose   4604
Score =     -4.277
Emodel =    -49.070

The output pose satisfies at least the following constraint(s).
pos1 (Type = Positional)
 
GlideScore(   -4.28)+Epik State Penalty(    0.55) =    -3.73 kcal/mol
Constraint(s) matched for ligand       10, pose   2652
Score =     -3.941
Emodel =    -43.858

The output pose satisfies at least the following constraint(s).
pos1 (Type = Positional)
 
GlideScore(   -3.94)+Epik State Penalty(    0.55) =    -3.39 kcal/mol
DOCKING RESULTS FOR LIGAND       10 (SGS)
   Except for Best Emodel, the poses reported here
   may not satisfy the user-specified constraints.
Best Emodel=   -63.60 E=   -46.99 Eint=     1.40 GlideScore=    -5.97
%IMPACT-I(foldmain): calling OPLS_2005 atomtyping ...
%IMPACT-I(foldmain): finished parameter assignment
 Number of rotatable bonds            3
 Using templates for ring conformations.
 Checked constraints after refinement with max HB dsq =    16.0000000000000     
 After refinement, constraint filter reduced number of
 poses from         5000  to         4992 .
 Total constraint copies over all poses =         4992
Constraint(s) matched for ligand       11, pose    122
Score =     -5.732
Emodel =    -59.599

The output pose satisfies at least the following constraint(s).
pos1 (Type = Positional)
 
GlideScore(   -5.73)+Epik State Penalty(    0.55) =    -5.18 kcal/mol
Constraint(s) matched for ligand       11, pose   3680
Score =     -4.658
Emodel =    -48.308

The output pose satisfies at least the following constraint(s).
pos1 (Type = Positional)
 
GlideScore(   -4.66)+Epik State Penalty(    0.55) =    -4.11 kcal/mol
Constraint(s) matched for ligand       11, pose    229
Score =     -4.413
Emodel =    -48.004

The output pose satisfies at least the following constraint(s).
pos1 (Type = Positional)
 
GlideScore(   -4.41)+Epik State Penalty(    0.55) =    -3.87 kcal/mol
Constraint(s) matched for ligand       11, pose   4064
Score =     -4.285
Emodel =    -46.151

The output pose satisfies at least the following constraint(s).
pos1 (Type = Positional)
 
GlideScore(   -4.29)+Epik State Penalty(    0.55) =    -3.74 kcal/mol
Constraint(s) matched for ligand       11, pose   3924
Score =     -5.111
Emodel =    -46.052

The output pose satisfies at least the following constraint(s).
pos1 (Type = Positional)
 
GlideScore(   -5.11)+Epik State Penalty(    0.55) =    -4.56 kcal/mol
Constraint(s) matched for ligand       11, pose   4787
Score =     -4.799
Emodel =    -43.911

The output pose satisfies at least the following constraint(s).
pos1 (Type = Positional)
 
GlideScore(   -4.80)+Epik State Penalty(    0.55) =    -4.25 kcal/mol
Constraint(s) matched for ligand       11, pose   1116
Score =     -4.107
Emodel =    -40.585

The output pose satisfies at least the following constraint(s).
pos1 (Type = Positional)
 
GlideScore(   -4.11)+Epik State Penalty(    0.55) =    -3.56 kcal/mol
DOCKING RESULTS FOR LIGAND       11 (SGS)
   Except for Best Emodel, the poses reported here
   may not satisfy the user-specified constraints.
Best Emodel=   -59.60 E=   -45.00 Eint=     1.48 GlideScore=    -5.73
%IMPACT-I(foldmain): calling OPLS_2005 atomtyping ...
%IMPACT-I(foldmain): finished parameter assignment
 Number of rotatable bonds            3
 Using templates for ring conformations.
 Checked constraints after refinement with max HB dsq =    16.0000000000000     
 After refinement, constraint filter reduced number of
 poses from         5000  to         4996 .
 Total constraint copies over all poses =         4996
Constraint(s) matched for ligand       12, pose     99
Score =     -5.954
Emodel =    -63.318

The output pose satisfies at least the following constraint(s).
pos1 (Type = Positional)
 
GlideScore(   -5.95)+Epik State Penalty(    0.55) =    -5.41 kcal/mol
Constraint(s) matched for ligand       12, pose   3386
Score =     -6.019
Emodel =    -61.885

The output pose satisfies at least the following constraint(s).
pos1 (Type = Positional)
 
GlideScore(   -6.02)+Epik State Penalty(    0.55) =    -5.47 kcal/mol
Constraint(s) matched for ligand       12, pose   1144
Score =     -5.875
Emodel =    -60.244

The output pose satisfies at least the following constraint(s).
pos1 (Type = Positional)
 
GlideScore(   -5.87)+Epik State Penalty(    0.55) =    -5.33 kcal/mol
Constraint(s) matched for ligand       12, pose   3183
Score =     -5.822
Emodel =    -54.531

The output pose satisfies at least the following constraint(s).
pos1 (Type = Positional)
 
GlideScore(   -5.82)+Epik State Penalty(    0.55) =    -5.27 kcal/mol
Constraint(s) matched for ligand       12, pose   3667
Score =     -4.626
Emodel =    -53.604

The output pose satisfies at least the following constraint(s).
pos1 (Type = Positional)
 
GlideScore(   -4.63)+Epik State Penalty(    0.55) =    -4.08 kcal/mol
Constraint(s) matched for ligand       12, pose    419
Score =     -4.415
Emodel =    -49.556

The output pose satisfies at least the following constraint(s).
pos1 (Type = Positional)
 
GlideScore(   -4.42)+Epik State Penalty(    0.55) =    -3.87 kcal/mol
Constraint(s) matched for ligand       12, pose    792
Score =     -4.334
Emodel =    -49.154

The output pose satisfies at least the following constraint(s).
pos1 (Type = Positional)
 
GlideScore(   -4.33)+Epik State Penalty(    0.55) =    -3.79 kcal/mol
Constraint(s) matched for ligand       12, pose    397
Score =     -4.052
Emodel =    -44.418

The output pose satisfies at least the following constraint(s).
pos1 (Type = Positional)
 
GlideScore(   -4.05)+Epik State Penalty(    0.55) =    -3.50 kcal/mol
DOCKING RESULTS FOR LIGAND       12 (SGS)
   Except for Best Emodel, the poses reported here
   may not satisfy the user-specified constraints.
Best Emodel=   -63.32 E=   -46.83 Eint=     1.44 GlideScore=    -5.95
%IMPACT-I(foldmain): calling OPLS_2005 atomtyping ...
%IMPACT-I(foldmain): finished parameter assignment
 Number of rotatable bonds            3
 Using templates for ring conformations.
 Checked constraints after refinement with max HB dsq =    16.0000000000000     
 After refinement, constraint filter reduced number of
 poses from         5000  to         4996 .
 Total constraint copies over all poses =         4996
Constraint(s) matched for ligand       13, pose   2660
Score =     -5.713
Emodel =    -58.898

The output pose satisfies at least the following constraint(s).
pos1 (Type = Positional)
 
GlideScore(   -5.71)+Epik State Penalty(    0.55) =    -5.17 kcal/mol
Constraint(s) matched for ligand       13, pose   1418
Score =     -4.544
Emodel =    -47.768

The output pose satisfies at least the following constraint(s).
pos1 (Type = Positional)
 
GlideScore(   -4.54)+Epik State Penalty(    0.55) =    -4.00 kcal/mol
Constraint(s) matched for ligand       13, pose   4142
Score =     -4.335
Emodel =    -47.501

The output pose satisfies at least the following constraint(s).
pos1 (Type = Positional)
 
GlideScore(   -4.33)+Epik State Penalty(    0.55) =    -3.79 kcal/mol
Constraint(s) matched for ligand       13, pose   2888
Score =     -4.474
Emodel =    -46.827

The output pose satisfies at least the following constraint(s).
pos1 (Type = Positional)
 
GlideScore(   -4.47)+Epik State Penalty(    0.55) =    -3.93 kcal/mol
Constraint(s) matched for ligand       13, pose   2721
Score =     -5.015
Emodel =    -44.627

The output pose satisfies at least the following constraint(s).
pos1 (Type = Positional)
 
GlideScore(   -5.01)+Epik State Penalty(    0.55) =    -4.47 kcal/mol
Constraint(s) matched for ligand       13, pose   1844
Score =     -4.855
Emodel =    -43.833

The output pose satisfies at least the following constraint(s).
pos1 (Type = Positional)
 
GlideScore(   -4.86)+Epik State Penalty(    0.55) =    -4.31 kcal/mol
Constraint(s) matched for ligand       13, pose    908
Score =     -3.864
Emodel =    -42.340

The output pose satisfies at least the following constraint(s).
pos1 (Type = Positional)
 
GlideScore(   -3.86)+Epik State Penalty(    0.55) =    -3.32 kcal/mol
Constraint(s) matched for ligand       13, pose    522
Score =     -4.470
Emodel =    -39.953

The output pose satisfies at least the following constraint(s).
pos1 (Type = Positional)
 
GlideScore(   -4.47)+Epik State Penalty(    0.55) =    -3.92 kcal/mol
Constraint(s) matched for ligand       13, pose    477
Score =     -4.181
Emodel =    -39.508

The output pose satisfies at least the following constraint(s).
pos1 (Type = Positional)
 
GlideScore(   -4.18)+Epik State Penalty(    0.55) =    -3.63 kcal/mol
Constraint(s) matched for ligand       13, pose   1726
Score =     -4.017
Emodel =    -38.228

The output pose satisfies at least the following constraint(s).
pos1 (Type = Positional)
 
GlideScore(   -4.02)+Epik State Penalty(    0.55) =    -3.47 kcal/mol
DOCKING RESULTS FOR LIGAND       13 (SGS)
   Except for Best Emodel, the poses reported here
   may not satisfy the user-specified constraints.
Best Emodel=   -58.90 E=   -44.58 Eint=     1.63 GlideScore=    -5.71
%IMPACT-I(foldmain): calling OPLS_2005 atomtyping ...
%IMPACT-I(foldmain): finished parameter assignment
 Number of rotatable bonds            3
 Using templates for ring conformations.
 Checked constraints after refinement with max HB dsq =    16.0000000000000     
 After refinement, constraint filter reduced number of
 poses from         5000  to         4976 .
 Total constraint copies over all poses =         4976
Constraint(s) matched for ligand       14, pose    109
Score =     -6.244
Emodel =    -60.338

The output pose satisfies at least the following constraint(s).
pos1 (Type = Positional)
 
GlideScore(   -6.24)+Epik State Penalty(    0.55) =    -5.70 kcal/mol
Constraint(s) matched for ligand       14, pose   2925
Score =     -5.281
Emodel =    -50.189

The output pose satisfies at least the following constraint(s).
pos1 (Type = Positional)
 
GlideScore(   -5.28)+Epik State Penalty(    0.55) =    -4.73 kcal/mol
Constraint(s) matched for ligand       14, pose   1203
Score =     -5.622
Emodel =    -49.435

The output pose satisfies at least the following constraint(s).
pos1 (Type = Positional)
 
GlideScore(   -5.62)+Epik State Penalty(    0.55) =    -5.07 kcal/mol
Constraint(s) matched for ligand       14, pose   3679
Score =     -4.642
Emodel =    -48.850

The output pose satisfies at least the following constraint(s).
pos1 (Type = Positional)
 
GlideScore(   -4.64)+Epik State Penalty(    0.55) =    -4.09 kcal/mol
Constraint(s) matched for ligand       14, pose    577
Score =     -4.353
Emodel =    -48.177

The output pose satisfies at least the following constraint(s).
pos1 (Type = Positional)
 
GlideScore(   -4.35)+Epik State Penalty(    0.55) =    -3.81 kcal/mol
Constraint(s) matched for ligand       14, pose   1877
Score =     -4.471
Emodel =    -48.161

The output pose satisfies at least the following constraint(s).
pos1 (Type = Positional)
 
GlideScore(   -4.47)+Epik State Penalty(    0.55) =    -3.92 kcal/mol
Constraint(s) matched for ligand       14, pose   1170
Score =     -4.657
Emodel =    -46.871

The output pose satisfies at least the following constraint(s).
pos1 (Type = Positional)
 
GlideScore(   -4.66)+Epik State Penalty(    0.55) =    -4.11 kcal/mol
Constraint(s) matched for ligand       14, pose   2093
Score =     -4.258
Emodel =    -44.107

The output pose satisfies at least the following constraint(s).
pos1 (Type = Positional)
 
GlideScore(   -4.26)+Epik State Penalty(    0.55) =    -3.71 kcal/mol
DOCKING RESULTS FOR LIGAND       14 (SGS)
   Except for Best Emodel, the poses reported here
   may not satisfy the user-specified constraints.
Best Emodel=   -60.34 E=   -48.16 Eint=    10.61 GlideScore=    -6.24
%IMPACT-I(foldmain): calling OPLS_2005 atomtyping ...
%IMPACT-I(foldmain): finished parameter assignment
 Number of rotatable bonds            3
 Using templates for ring conformations.
 Checked constraints after refinement with max HB dsq =    16.0000000000000     
 After refinement, constraint filter reduced number of
 poses from         5000  to         4985 .
 Total constraint copies over all poses =         4985
Constraint(s) matched for ligand       15, pose   4356
Score =     -5.933
Emodel =    -62.596

The output pose satisfies at least the following constraint(s).
pos1 (Type = Positional)
 
GlideScore(   -5.93)+Epik State Penalty(    0.55) =    -5.38 kcal/mol
Constraint(s) matched for ligand       15, pose   3640
Score =     -5.136
Emodel =    -56.057

The output pose satisfies at least the following constraint(s).
pos1 (Type = Positional)
 
GlideScore(   -5.14)+Epik State Penalty(    0.55) =    -4.59 kcal/mol
Constraint(s) matched for ligand       15, pose    438
Score =     -5.786
Emodel =    -51.568

The output pose satisfies at least the following constraint(s).
pos1 (Type = Positional)
 
GlideScore(   -5.79)+Epik State Penalty(    0.55) =    -5.24 kcal/mol
Constraint(s) matched for ligand       15, pose   3498
Score =     -5.259
Emodel =    -50.458

The output pose satisfies at least the following constraint(s).
pos1 (Type = Positional)
 
GlideScore(   -5.26)+Epik State Penalty(    0.55) =    -4.71 kcal/mol
Constraint(s) matched for ligand       15, pose   4119
Score =     -4.470
Emodel =    -50.309

The output pose satisfies at least the following constraint(s).
pos1 (Type = Positional)
 
GlideScore(   -4.47)+Epik State Penalty(    0.55) =    -3.92 kcal/mol
Constraint(s) matched for ligand       15, pose    581
Score =     -4.648
Emodel =    -49.799

The output pose satisfies at least the following constraint(s).
pos1 (Type = Positional)
 
GlideScore(   -4.65)+Epik State Penalty(    0.55) =    -4.10 kcal/mol
Constraint(s) matched for ligand       15, pose   4504
Score =     -4.447
Emodel =    -47.832

The output pose satisfies at least the following constraint(s).
pos1 (Type = Positional)
 
GlideScore(   -4.45)+Epik State Penalty(    0.55) =    -3.90 kcal/mol
Constraint(s) matched for ligand       15, pose   4242
Score =     -4.315
Emodel =    -47.483

The output pose satisfies at least the following constraint(s).
pos1 (Type = Positional)
 
GlideScore(   -4.31)+Epik State Penalty(    0.55) =    -3.77 kcal/mol
DOCKING RESULTS FOR LIGAND       15 (SGS)
   Except for Best Emodel, the poses reported here
   may not satisfy the user-specified constraints.
Best Emodel=   -62.60 E=   -46.85 Eint=     2.41 GlideScore=    -5.93
%IMPACT-I(foldmain): calling OPLS_2005 atomtyping ...
%IMPACT-I(foldmain): finished parameter assignment
 Number of rotatable bonds            3
 Using templates for ring conformations.
 Checked constraints after refinement with max HB dsq =    16.0000000000000     
 After refinement, constraint filter reduced number of
 poses from         5000  to         4960 .
 Total constraint copies over all poses =         4960
Constraint(s) matched for ligand       16, pose   1090
Score =     -5.970
Emodel =    -62.911

The output pose satisfies at least the following constraint(s).
pos1 (Type = Positional)
 
GlideScore(   -5.97)+Epik State Penalty(    0.55) =    -5.42 kcal/mol
Constraint(s) matched for ligand       16, pose   3388
Score =     -5.886
Emodel =    -51.467

The output pose satisfies at least the following constraint(s).
pos1 (Type = Positional)
 
GlideScore(   -5.89)+Epik State Penalty(    0.55) =    -5.34 kcal/mol
Constraint(s) matched for ligand       16, pose   4012
Score =     -4.674
Emodel =    -50.795

The output pose satisfies at least the following constraint(s).
pos1 (Type = Positional)
 
GlideScore(   -4.67)+Epik State Penalty(    0.55) =    -4.13 kcal/mol
Constraint(s) matched for ligand       16, pose   1466
Score =     -5.231
Emodel =    -49.833

The output pose satisfies at least the following constraint(s).
pos1 (Type = Positional)
 
GlideScore(   -5.23)+Epik State Penalty(    0.55) =    -4.68 kcal/mol
Constraint(s) matched for ligand       16, pose   3558
Score =     -4.967
Emodel =    -48.232

The output pose satisfies at least the following constraint(s).
pos1 (Type = Positional)
 
GlideScore(   -4.97)+Epik State Penalty(    0.55) =    -4.42 kcal/mol
Constraint(s) matched for ligand       16, pose   1635
Score =     -4.885
Emodel =    -47.982

The output pose satisfies at least the following constraint(s).
pos1 (Type = Positional)
 
GlideScore(   -4.89)+Epik State Penalty(    0.55) =    -4.34 kcal/mol
Constraint(s) matched for ligand       16, pose   3498
Score =     -4.440
Emodel =    -47.369

The output pose satisfies at least the following constraint(s).
pos1 (Type = Positional)
 
GlideScore(   -4.44)+Epik State Penalty(    0.55) =    -3.89 kcal/mol
Constraint(s) matched for ligand       16, pose   4839
Score =     -4.545
Emodel =    -44.294

The output pose satisfies at least the following constraint(s).
pos1 (Type = Positional)
 
GlideScore(   -4.54)+Epik State Penalty(    0.55) =    -4.00 kcal/mol
Constraint(s) matched for ligand       16, pose    414
Score =     -4.009
Emodel =    -42.924

The output pose satisfies at least the following constraint(s).
pos1 (Type = Positional)
 
GlideScore(   -4.01)+Epik State Penalty(    0.55) =    -3.46 kcal/mol
DOCKING RESULTS FOR LIGAND       16 (SGS)
   Except for Best Emodel, the poses reported here
   may not satisfy the user-specified constraints.
Best Emodel=   -62.91 E=   -46.95 Eint=     1.94 GlideScore=    -5.97
%IMPACT-I(foldmain): calling OPLS_2005 atomtyping ...
%IMPACT-I(foldmain): finished parameter assignment
 Number of rotatable bonds            3
 Using templates for ring conformations.
 Checked constraints after refinement with max HB dsq =    16.0000000000000     
 After refinement, constraint filter reduced number of
 poses from         5000  to         4996 .
 Total constraint copies over all poses =         4996
Constraint(s) matched for ligand       17, pose    827
Score =     -5.974
Emodel =    -63.348

The output pose satisfies at least the following constraint(s).
pos1 (Type = Positional)
 
GlideScore(   -5.97)+Epik State Penalty(    0.55) =    -5.43 kcal/mol
Constraint(s) matched for ligand       17, pose   4795
Score =     -6.016
Emodel =    -62.168

The output pose satisfies at least the following constraint(s).
pos1 (Type = Positional)
 
GlideScore(   -6.02)+Epik State Penalty(    0.55) =    -5.47 kcal/mol
Constraint(s) matched for ligand       17, pose   1997
Score =     -4.614
Emodel =    -53.661

The output pose satisfies at least the following constraint(s).
pos1 (Type = Positional)
 
GlideScore(   -4.61)+Epik State Penalty(    0.55) =    -4.07 kcal/mol
Constraint(s) matched for ligand       17, pose    328
Score =     -5.631
Emodel =    -52.355

The output pose satisfies at least the following constraint(s).
pos1 (Type = Positional)
 
GlideScore(   -5.63)+Epik State Penalty(    0.55) =    -5.08 kcal/mol
Constraint(s) matched for ligand       17, pose   1332
Score =     -4.683
Emodel =    -51.713

The output pose satisfies at least the following constraint(s).
pos1 (Type = Positional)
 
GlideScore(   -4.68)+Epik State Penalty(    0.55) =    -4.14 kcal/mol
Constraint(s) matched for ligand       17, pose   1439
Score =     -4.409
Emodel =    -49.565

The output pose satisfies at least the following constraint(s).
pos1 (Type = Positional)
 
GlideScore(   -4.41)+Epik State Penalty(    0.55) =    -3.86 kcal/mol
Constraint(s) matched for ligand       17, pose   3090
Score =     -4.314
Emodel =    -49.250

The output pose satisfies at least the following constraint(s).
pos1 (Type = Positional)
 
GlideScore(   -4.31)+Epik State Penalty(    0.55) =    -3.77 kcal/mol
Constraint(s) matched for ligand       17, pose     58
Score =     -4.856
Emodel =    -46.820

The output pose satisfies at least the following constraint(s).
pos1 (Type = Positional)
 
GlideScore(   -4.86)+Epik State Penalty(    0.55) =    -4.31 kcal/mol
Constraint(s) matched for ligand       17, pose    884
Score =     -5.112
Emodel =    -46.324

The output pose satisfies at least the following constraint(s).
pos1 (Type = Positional)
 
GlideScore(   -5.11)+Epik State Penalty(    0.55) =    -4.56 kcal/mol
DOCKING RESULTS FOR LIGAND       17 (SGS)
   Except for Best Emodel, the poses reported here
   may not satisfy the user-specified constraints.
Best Emodel=   -63.35 E=   -46.93 Eint=     1.99 GlideScore=    -5.97
REPORT OF BEST 144 POSES

The sorted ligand structures were written to the file
Subjob00001--DockLigand0_lib.maegz

Final rankings based on original docking score
0 poses were rejected by the energy filters,
    Coul+vdw Energy <=     0.0    Hbond Interaction <=     0.0    Metal Interaction <=    10.0    GlideScore <=   100.0
(If any of the above properties is not defined for a given pose,
the corresponding filter is not applied to that pose.)

 Exiting IMPACT execution environment 
 Date: Monday, January 12 2015, at 14:37:19 EST
%IMPACT-I (timit): Total CPU time =     243.92 seconds (   4.1 minutes)
Total elapsed time = 250 seconds (4 minutes, 10 seconds)
----- Errors (stderr) -----

Glide is executing the glide_sort command.
Command-line equivalent is:
 "/cbio/jclab/share/schrodinger/schrodinger2014-4/utilities/glide_sort" -n 0 -o "Subjob00001--DockLigand0_lib.maegz"   -norecep -hbond_cut 0.00 -cvdw_cut 0.00 -metal_cut 10.00 -gscore_cut 100.00 "Subjob00001--DockLigand0_raw.maegz"

glide_sort command succeeded.  Pose file Subjob00001--DockLigand0_lib.maegz was written.
