----- Output (stdout) -----
 
 Environmental variable BMIN_NO_JOBCONTROL is set.
 Jobcontrol will not be used.
 BatchMin V10.6    Build  106013  Starting Time 19-Jan-2015 13:54:13
 MacroModel. Copyright Schrodinger, LLC.
 All rights reserved.
 set_stacksize: stacksize limit raised to 4294967295l kb for F90 auto. array allocation.

 Input filename:  Subjob00001--Sample_4_opls_2005_solv-in.maegz
 Output filename: Subjob00001--Sample_4_opls_2005_solv-out.mae
 Seed used: 658461
 Atom-type file: /cbio/jclab/share/schrodinger/schrodinger2014-4/mmshare-v28013/bin/Linux-x86_64/../../data/atom.typ
 Force field: /cbio/jclab/share/schrodinger/schrodinger2014-4/macromodel-v106013/bin/Linux-x86_64/../../data/OPLS_2005.fld
 Read    44 atoms. Structure name, if any, appears on next line: 
 decoy_phenyl
 Monte Carlo Multiple Minimum Search requested
MCNV specified 0 in arg1 or arg2;  default values will be assigned later
 Setting the maximum number of structures  to save (MAXMCM_SAVE) to            1
 Non-conformer Serial Search requested
 Number of steps set to :         100
 Quality of Force Field Parameters in Use:
   Numbers of high, medium and low quality stretch parameters =   47    0    0
   Numbers of high, medium and low quality bend parameters    =   82    0    0
   Numbers of high, medium and low quality torsion parameters =  116    8    0
   Interactions examined:        253 of        253 total, including unused params.
      Stretch total=       47   constrained=        0
         Bend total=       82   constrained=        0        linear=        0
      Torsion total=      141   constrained=        0  out-of-plane=       17
    Nonbonded total=      817      H-bonded=        0      ordinary=      817
  Nonbonded cutoffs: CutVdw=   8.00    ;  CutEs=   20.0    
 Solvent file: /cbio/jclab/share/schrodinger/schrodinger2014-4/macromodel-v106013/bin/Linux-x86_64/../../data/water.slv
    Block specifies desired NFIELD -- accepting block
 Starting truncated Newton minimization.
          Step     1 New global minimum.  E (kJ/mol) =      174.59
          Step     2 New global minimum.  E (kJ/mol) =      174.58
 
Interim report; processing .tmp file:
    6 unique conformations found so far
    6 minimized with good convergence
Found     1 confs within  1.00 kcal/mol ( 4.18 kJ/mol) of glob. min.
Found     2 confs within  2.00 kcal/mol ( 8.37 kJ/mol) of glob. min.
Found     6 confs within 10.00 kcal/mol (41.84 kJ/mol) of glob. min.
Global minimum E =    174.58 found     3 times.
   10 steps performed so far, out of   100
 E of low-energy structures above global min [kJ/mol],  and no. times found:
    E:  0.00  5.63 34.66 34.82 36.17 36.81
  No.:     3     1     3     1     1     1
 
 
Interim report; processing .tmp file:
    9 unique conformations found so far
    9 minimized with good convergence
Found     2 confs within  1.00 kcal/mol ( 4.18 kJ/mol) of glob. min.
Found     3 confs within  2.00 kcal/mol ( 8.37 kJ/mol) of glob. min.
Found     9 confs within 10.00 kcal/mol (41.84 kJ/mol) of glob. min.
Global minimum E =    174.58 found     3 times.
   20 steps performed so far, out of   100
 E of low-energy structures above global min [kJ/mol],  and no. times found:
    E:  0.00  1.87  5.62 34.56 34.66 34.80 35.14 36.17 36.81
  No.:     3     1     2     3     3     2     1     2     3
 
 
Interim report; processing .tmp file:
   12 unique conformations found so far
   12 minimized with good convergence
Found     3 confs within  1.00 kcal/mol ( 4.18 kJ/mol) of glob. min.
Found     4 confs within  2.00 kcal/mol ( 8.37 kJ/mol) of glob. min.
Found    12 confs within 10.00 kcal/mol (41.84 kJ/mol) of glob. min.
Global minimum E =    174.58 found     3 times.
   30 steps performed so far, out of   100
 E of low-energy structures above global min [kJ/mol],  and no. times found:
    E:  0.00  0.61  1.87  5.62 34.56 34.66 34.75 34.80 35.14 36.17 36.81 41.10
  No.:     3     2     3     2     3     3     3     3     1     2     4     1
 
          Step    35 New global minimum.  E (kJ/mol) =      174.57
 
Interim report; processing .tmp file:
   12 unique conformations found so far
   12 minimized with good convergence
Found     3 confs within  1.00 kcal/mol ( 4.18 kJ/mol) of glob. min.
Found     4 confs within  2.00 kcal/mol ( 8.37 kJ/mol) of glob. min.
Found    12 confs within 10.00 kcal/mol (41.84 kJ/mol) of glob. min.
Global minimum E =    174.57 found     7 times.
   40 steps performed so far, out of   100
 E of low-energy structures above global min [kJ/mol],  and no. times found:
    E:  0.00  0.63  1.88  5.64 34.57 34.67 34.76 34.82 35.14 36.17 36.82 41.11
  No.:     7     2     3     2     3     4     3     3     4     3     4     2
 
 
Interim report; processing .tmp file:
   14 unique conformations found so far
   14 minimized with good convergence
Found     3 confs within  1.00 kcal/mol ( 4.18 kJ/mol) of glob. min.
Found     4 confs within  2.00 kcal/mol ( 8.37 kJ/mol) of glob. min.
Found    14 confs within 10.00 kcal/mol (41.84 kJ/mol) of glob. min.
Global minimum E =    174.57 found    10 times.
   50 steps performed so far, out of   100
 E of low-energy structures above global min [kJ/mol],  and no. times found:
    E:  0.00  0.63  1.88  5.64 34.57 34.67 34.76 34.82 34.99 35.10 35.14 36.15
  No.:    10     3     3     3     3     4     3     3     1     1     4     4
 
 
Interim report; processing .tmp file:
   15 unique conformations found so far
   15 minimized with good convergence
Found     3 confs within  1.00 kcal/mol ( 4.18 kJ/mol) of glob. min.
Found     4 confs within  2.00 kcal/mol ( 8.37 kJ/mol) of glob. min.
Found    15 confs within 10.00 kcal/mol (41.84 kJ/mol) of glob. min.
Global minimum E =    174.57 found    10 times.
   60 steps performed so far, out of   100
 E of low-energy structures above global min [kJ/mol],  and no. times found:
    E:  0.00  0.63  1.87  5.64 34.57 34.67 34.76 34.82 34.98 35.10 35.12 36.10
  No.:    10     4     4     3     3     7     3     3     2     1     5     1
 
 
Interim report; processing .tmp file:
   15 unique conformations found so far
   15 minimized with good convergence
Found     3 confs within  1.00 kcal/mol ( 4.18 kJ/mol) of glob. min.
Found     4 confs within  2.00 kcal/mol ( 8.37 kJ/mol) of glob. min.
Found    15 confs within 10.00 kcal/mol (41.84 kJ/mol) of glob. min.
Global minimum E =    174.57 found    12 times.
   70 steps performed so far, out of   100
 E of low-energy structures above global min [kJ/mol],  and no. times found:
    E:  0.00  0.63  1.87  5.64 34.56 34.67 34.76 34.82 34.98 35.10 35.12 36.10
  No.:    12     5     6     3     4     7     4     4     2     1     5     1
 
 
Interim report; processing .tmp file:
   16 unique conformations found so far
   16 minimized with good convergence
Found     3 confs within  1.00 kcal/mol ( 4.18 kJ/mol) of glob. min.
Found     4 confs within  2.00 kcal/mol ( 8.37 kJ/mol) of glob. min.
Found    16 confs within 10.00 kcal/mol (41.84 kJ/mol) of glob. min.
Global minimum E =    174.57 found    12 times.
   80 steps performed so far, out of   100
 E of low-energy structures above global min [kJ/mol],  and no. times found:
    E:  0.00  0.63  1.87  5.64 33.05 34.56 34.67 34.76 34.82 34.98 35.10 35.12
  No.:    12     5     6     5     1     6     7     5     4     2     1     5
 
 
Interim report; processing .tmp file:
   16 unique conformations found so far
   16 minimized with good convergence
Found     3 confs within  1.00 kcal/mol ( 4.18 kJ/mol) of glob. min.
Found     4 confs within  2.00 kcal/mol ( 8.37 kJ/mol) of glob. min.
Found    16 confs within 10.00 kcal/mol (41.84 kJ/mol) of glob. min.
Global minimum E =    174.57 found    14 times.
   90 steps performed so far, out of   100
 E of low-energy structures above global min [kJ/mol],  and no. times found:
    E:  0.00  0.63  1.87  5.64 32.99 34.56 34.67 34.76 34.82 34.98 35.10 35.12
  No.:    14     5     6     6     3     6     9     5     4     2     2     6
 
         100  structures minimised
          16  unique structures stored
          16  structures with good convergence
             Global Minimum   174.56680     kJ/mol
 
 
Final report; processing .tmp file:
   16 unique conformations found so far
   16 minimized with good convergence
Found     3 confs within  1.00 kcal/mol ( 4.18 kJ/mol) of glob. min.
Found     4 confs within  2.00 kcal/mol ( 8.37 kJ/mol) of glob. min.
Found    16 confs within 10.00 kcal/mol (41.84 kJ/mol) of glob. min.
Global minimum E =    174.57 found    14 times.
  100 steps performed so far, out of   100
 E of low-energy structures above global min [kJ/mol],  and no. times found:
    E:  0.00  0.63  1.87  5.64 32.99 34.56 34.67 34.76 34.82 34.98 35.09 35.12
  No.:    14     6     6     7     3     7     9     5     4     3     3     8
 
Input structure with title on the next line is given SerNo:        1
decoy_phenyl
Auto summary for input structure      1:
 Total number of structures processed =         100
 Conformations with poor convergence marked with a *
 Conformation       1 (    174.5668     kJ/mol) was found    14 times
 Conformation       2 (    175.1936     kJ/mol) was found     6 times
 Conformation       3 (    176.4416     kJ/mol) was found     6 times
 Conformation       4 (    180.2034     kJ/mol) was found     7 times
 Conformation       5 (    207.5560     kJ/mol) was found     3 times
 Conformation       6 (    209.1294     kJ/mol) was found     7 times
 Conformation       7 (    209.2371     kJ/mol) was found     9 times
 Conformation       8 (    209.3316     kJ/mol) was found     5 times
 Conformation       9 (    209.3822     kJ/mol) was found     4 times
 Conformation      10 (    209.5498     kJ/mol) was found     3 times
 Conformation      11 (    209.6553     kJ/mol) was found     3 times
 Conformation      12 (    209.6842     kJ/mol) was found     8 times
 Conformation      13 (    210.6705     kJ/mol) was found     1 times
 Conformation      14 (    210.7127     kJ/mol) was found     6 times
 Conformation      15 (    211.3897     kJ/mol) was found     7 times
 Conformation      16 (    215.5771     kJ/mol) was found    11 times
 *** Note only            1 (MAXMCM_SAVE) structures 
     written to the output structure file.  As requested.
           *** MC Statistics ***
 Percent of minimized structures within energetic window:   100.0000    
 Average number of duplicates:     6.250000    
 Duplication standard deviation:   3.276177    
        1349  structures generated
        1166  rejected by ring closure
          84  rejected by van der Waals
          84  duplicate minimised structures
 
BatchMin: normal termination                           19-Jan-2015 13:54:27
STARTUP COMMAND:
/cbio/jclab/share/schrodinger/schrodinger2014-4/macromodel-v106013/bin/Linux-x86_64/bmin
MMSHARE_EXEC:/cbio/jclab/share/schrodinger/schrodinger2014-4/mmshare-v28013/bin/Linux-x86_64

real	0.0m14.0999999978s
user	0.0m0.0s
sys	0.0m0.0s
RUNNING: python "/cbio/jclab/share/schrodinger/schrodinger2014-4/macromodel-v106013/bin/Linux-x86_64/bmin_startup.py" -NO_REDIRECT Subjob00001--Sample_4_opls_2005_solv
