----- Output (stdout) -----
 
 Environmental variable BMIN_NO_JOBCONTROL is set.
 Jobcontrol will not be used.
 BatchMin V10.6    Build  106013  Starting Time 19-Jan-2015 13:53:20
 MacroModel. Copyright Schrodinger, LLC.
 All rights reserved.
 set_stacksize: stacksize limit raised to 4294967295l kb for F90 auto. array allocation.
 ConfGen V3.0     Build   30013

 Input filename:  Subjob00001--Sample_1_confgen-in.maegz
 Output filename: Subjob00001--Sample_1_confgen-out.mae
 Atom-type file: /cbio/jclab/share/schrodinger/schrodinger2014-4/mmshare-v28013/bin/Linux-x86_64/../../data/atom.typ
 Force field: /cbio/jclab/share/schrodinger/schrodinger2014-4/macromodel-v106013/bin/Linux-x86_64/../../data/OPLS_2005.fld
 Read    44 atoms. Structure name, if any, appears on next line: 
 decoy_phenyl
 CGEN: Using ring conformation library.
 Skipping Minimization of generated structures.
 CGEN: Number of ring Conformations set to:           16
 CGEN: Number of conformations per ring set to:            8
 CGEN: Maximum Internal Energy set to:    100.000000000000     
 CGEN: Atom distance gradient scaling factor set to:   1.00000000000000     
 CGEN: Minimum Atom radius set to:   1.00000000000000     
  CGEN: flat torsional potential symmetry set to            6
 CGEN: using OPLS2005 for the internal mmconf parameters
 CGEN: flat potential threshold set to      12.00
 CGEN: Using flat potential maximum original energy of:      -1.00
  The flat torsional potential maximum original energy is negative.
   No filtering by original torsional potential energy will be done
 CGEN: flat potential torsional force constant set to    1000.00
 CGEN: flat torsional potential half width set to      10.00
 CGEN: fractional formal charge charge-charge sigma set to:       5.00
 CGEN: fractional formal charge charge-charge prefactor set to:       2.50
 CGEN: fractional formal charge charge-charge cutoff set to:       0.75
 CGEN: Not favoring intra-molecular hydrogen bonds. 
 CGEN: fractional formal charge charge-hydrogen bond sigma set to:       5.00
 CGEN: fractional formal charge charge-hydrogen bond prefactor set to:       1.00
 CGEN: fractional formal charge charge-hydrogen bond cutoff set to:       0.25
 CGEN: Using aromatic..cat-H cutoff of:       1.00
 CGEN: vdW elimination sigma set to:       2.50
 CGEN: vdw elimination prefactor set to:       0.10
 CGEN: vdw elimination cutoff set to:       1.00
 Non-conformer Serial Search requested
 Quality of Force Field Parameters in Use:
   Numbers of high, medium and low quality stretch parameters =   47    0    0
   Numbers of high, medium and low quality bend parameters    =   82    0    0
   Numbers of high, medium and low quality torsion parameters =  116    8    0
   Interactions examined:        253 of        253 total, including unused params.
      Stretch total=       47   constrained=        0
         Bend total=       82   constrained=        0        linear=        0
      Torsion total=      141   constrained=        0  out-of-plane=       17
    Nonbonded total=      817      H-bonded=        0      ordinary=      817
  Nonbonded cutoffs: CutVdw=   7.00    ;  CutEs=   12.0    
 Starting truncated Newton minimization.
 Seed Structure for ConfGen: E =   237.20 (  0.013)
** Entering Conformation Generator **

               Number of rotatable bonds       3
                    Total ring and/or
               N inversion conformations       2
           Core rotatable bonds, maxkeep       3    1000
                Maximum excitation level      11
                           Energy cutoff      23.901
                Total core conformations      84
           Total conformations minimized      77

 
 Quality of Force Field Parameters in Use:
   Numbers of high, medium and low quality stretch parameters =   47    0    0
   Numbers of high, medium and low quality bend parameters    =   82    0    0
   Numbers of high, medium and low quality torsion parameters =  116    8    0
   Interactions examined:        253 of        253 total, including unused params.
      Stretch total=       47   constrained=        0
         Bend total=       82   constrained=        0        linear=        0
      Torsion total=      141   constrained=        0  out-of-plane=       17
    Nonbonded total=      817      H-bonded=        0      ordinary=      817
  Nonbonded cutoffs: CutVdw=   7.00    ;  CutEs=   12.0    
                   Total Energy =      263.6388 kJ/mol
                        Stretch =       16.9548 kJ/mol
                           Bend =       41.4690 kJ/mol
                        Torsion =      126.5869 kJ/mol
               Improper Torsion =        0.1775 kJ/mol
                            VDW =       69.9503 kJ/mol
                  Electrostatic =        8.5003 kJ/mol
        Explicit Hydrogen Bonds =        0.0000 kJ/mol
                    Cross Terms =        0.0000 kJ/mol
  
 T.E. for cross-checking:       263.6388 kJ/mol
          Step     1 New global minimum.  E (kJ/mol) =      263.64
 Conf     1 E =   263.64 ( 99.999) replaces structure     1
                   Total Energy =      297.9261 kJ/mol
                        Stretch =       16.9548 kJ/mol
                           Bend =       41.4690 kJ/mol
                        Torsion =      135.4046 kJ/mol
               Improper Torsion =        0.1775 kJ/mol
                            VDW =       94.8222 kJ/mol
                  Electrostatic =        9.0980 kJ/mol
        Explicit Hydrogen Bonds =        0.0000 kJ/mol
                    Cross Terms =        0.0000 kJ/mol
  
 T.E. for cross-checking:       297.9261 kJ/mol
 Conf     2 E =   297.93 ( 99.999) rejected by structure     1
                   Total Energy =      296.6713 kJ/mol
                        Stretch =       16.9547 kJ/mol
                           Bend =       41.4690 kJ/mol
                        Torsion =      150.5624 kJ/mol
               Improper Torsion =        0.1775 kJ/mol
                            VDW =       78.3961 kJ/mol
                  Electrostatic =        9.1116 kJ/mol
        Explicit Hydrogen Bonds =        0.0000 kJ/mol
                    Cross Terms =        0.0000 kJ/mol
  
 T.E. for cross-checking:       296.6713 kJ/mol
 Conf     3 E =   296.67 ( 99.999) is unique and stored as structure     2
                   Total Energy =      287.1210 kJ/mol
                        Stretch =       16.9547 kJ/mol
                           Bend =       41.4690 kJ/mol
                        Torsion =      155.3612 kJ/mol
               Improper Torsion =        0.1775 kJ/mol
                            VDW =       64.3074 kJ/mol
                  Electrostatic =        8.8511 kJ/mol
        Explicit Hydrogen Bonds =        0.0000 kJ/mol
                    Cross Terms =        0.0000 kJ/mol
  
 T.E. for cross-checking:       287.1210 kJ/mol
 Conf     4 E =   287.12 ( 99.999) rejected by structure     1
                   Total Energy =      298.2552 kJ/mol
                        Stretch =       16.9547 kJ/mol
                           Bend =       41.4690 kJ/mol
                        Torsion =      147.2751 kJ/mol
               Improper Torsion =        0.1775 kJ/mol
                            VDW =       83.0268 kJ/mol
                  Electrostatic =        9.3520 kJ/mol
        Explicit Hydrogen Bonds =        0.0000 kJ/mol
                    Cross Terms =        0.0000 kJ/mol
  
 T.E. for cross-checking:       298.2552 kJ/mol
 Conf     5 E =   298.26 ( 99.999) is unique and stored as structure     3
                   Total Energy =      632.8811 kJ/mol
                        Stretch =       16.9547 kJ/mol
                           Bend =       41.4690 kJ/mol
                        Torsion =      126.5869 kJ/mol
               Improper Torsion =        0.1775 kJ/mol
                            VDW =      438.3616 kJ/mol
                  Electrostatic =        9.3313 kJ/mol
        Explicit Hydrogen Bonds =        0.0000 kJ/mol
                    Cross Terms =        0.0000 kJ/mol
  
 T.E. for cross-checking:       632.8811 kJ/mol
 Conf     6 E =   632.88 ( 99.999) rejected by energy
                   Total Energy =      611.6303 kJ/mol
                        Stretch =       16.9548 kJ/mol
                           Bend =       41.4690 kJ/mol
                        Torsion =      126.5869 kJ/mol
               Improper Torsion =        0.1775 kJ/mol
                            VDW =      417.0388 kJ/mol
                  Electrostatic =        9.4033 kJ/mol
        Explicit Hydrogen Bonds =        0.0000 kJ/mol
                    Cross Terms =        0.0000 kJ/mol
  
 T.E. for cross-checking:       611.6303 kJ/mol
 Conf     7 E =   611.63 ( 99.999) rejected by energy
                   Total Energy =      263.6460 kJ/mol
                        Stretch =       16.9547 kJ/mol
                           Bend =       41.4690 kJ/mol
                        Torsion =      126.5869 kJ/mol
               Improper Torsion =        0.1775 kJ/mol
                            VDW =       69.9568 kJ/mol
                  Electrostatic =        8.5010 kJ/mol
        Explicit Hydrogen Bonds =        0.0000 kJ/mol
                    Cross Terms =        0.0000 kJ/mol
  
 T.E. for cross-checking:       263.6460 kJ/mol
 Conf     8 E =   263.65 ( 99.999) rejected by structure     1
                   Total Energy =      614.6151 kJ/mol
                        Stretch =       16.9547 kJ/mol
                           Bend =       41.4690 kJ/mol
                        Torsion =      126.5869 kJ/mol
               Improper Torsion =        0.1775 kJ/mol
                            VDW =      420.0232 kJ/mol
                  Electrostatic =        9.4036 kJ/mol
        Explicit Hydrogen Bonds =        0.0000 kJ/mol
                    Cross Terms =        0.0000 kJ/mol
  
 T.E. for cross-checking:       614.6151 kJ/mol
 Conf     9 E =   614.62 ( 99.999) rejected by energy
                   Total Energy =      302.1390 kJ/mol
                        Stretch =       16.9547 kJ/mol
                           Bend =       41.4690 kJ/mol
                        Torsion =      136.7230 kJ/mol
               Improper Torsion =        0.1775 kJ/mol
                            VDW =       97.5396 kJ/mol
                  Electrostatic =        9.2752 kJ/mol
        Explicit Hydrogen Bonds =        0.0000 kJ/mol
                    Cross Terms =        0.0000 kJ/mol
  
 T.E. for cross-checking:       302.1390 kJ/mol
 Conf    10 E =   302.14 ( 99.999) is unique and stored as structure     4
 
Interim report; processing .tmp file:
    4 unique conformations found so far
    0 minimized with good convergence
Found     1 confs within  1.00 kcal/mol ( 4.18 kJ/mol) of glob. min.
Found     4 confs within 10.00 kcal/mol (41.84 kJ/mol) of glob. min.
Global minimum E =    263.64 found     4 times.
   10 steps performed so far, out of    50
 E of low-energy structures above global min [kJ/mol],  and no. times found:
    E:  0.00 33.03 34.62 38.50
  No.:     4     1     1     1
 
                   Total Energy =      302.1390 kJ/mol
                        Stretch =       16.9547 kJ/mol
                           Bend =       41.4690 kJ/mol
                        Torsion =      136.7230 kJ/mol
               Improper Torsion =        0.1775 kJ/mol
                            VDW =       97.5396 kJ/mol
                  Electrostatic =        9.2752 kJ/mol
        Explicit Hydrogen Bonds =        0.0000 kJ/mol
                    Cross Terms =        0.0000 kJ/mol
  
 T.E. for cross-checking:       302.1390 kJ/mol
 Conf    11 E =   302.14 ( 99.999) rejected by structure     4
                   Total Energy =      617.7036 kJ/mol
                        Stretch =       16.9548 kJ/mol
                           Bend =       41.4690 kJ/mol
                        Torsion =      135.4046 kJ/mol
               Improper Torsion =        0.1775 kJ/mol
                            VDW =      414.1918 kJ/mol
                  Electrostatic =        9.5059 kJ/mol
        Explicit Hydrogen Bonds =        0.0000 kJ/mol
                    Cross Terms =        0.0000 kJ/mol
  
 T.E. for cross-checking:       617.7036 kJ/mol
 Conf    12 E =   617.70 ( 99.999) rejected by energy
                   Total Energy =      297.6955 kJ/mol
                        Stretch =       16.9547 kJ/mol
                           Bend =       41.4690 kJ/mol
                        Torsion =      135.4046 kJ/mol
               Improper Torsion =        0.1775 kJ/mol
                            VDW =       94.5917 kJ/mol
                  Electrostatic =        9.0979 kJ/mol
        Explicit Hydrogen Bonds =        0.0000 kJ/mol
                    Cross Terms =        0.0000 kJ/mol
  
 T.E. for cross-checking:       297.6955 kJ/mol
 Conf    13 E =   297.70 ( 99.999) rejected by structure     1
                   Total Energy =      642.1304 kJ/mol
                        Stretch =       16.9548 kJ/mol
                           Bend =       41.4690 kJ/mol
                        Torsion =      135.4046 kJ/mol
               Improper Torsion =        0.1775 kJ/mol
                            VDW =      438.6897 kJ/mol
                  Electrostatic =        9.4347 kJ/mol
        Explicit Hydrogen Bonds =        0.0000 kJ/mol
                    Cross Terms =        0.0000 kJ/mol
  
 T.E. for cross-checking:       642.1304 kJ/mol
 Conf    14 E =   642.13 ( 99.999) rejected by energy
                   Total Energy =      620.6890 kJ/mol
                        Stretch =       16.9547 kJ/mol
                           Bend =       41.4690 kJ/mol
                        Torsion =      135.4046 kJ/mol
               Improper Torsion =        0.1775 kJ/mol
                            VDW =      417.1769 kJ/mol
                  Electrostatic =        9.5062 kJ/mol
        Explicit Hydrogen Bonds =        0.0000 kJ/mol
                    Cross Terms =        0.0000 kJ/mol
  
 T.E. for cross-checking:       620.6890 kJ/mol
 Conf    15 E =   620.69 ( 99.999) rejected by energy
                   Total Energy =      340.2366 kJ/mol
                        Stretch =       16.9548 kJ/mol
                           Bend =       41.4690 kJ/mol
                        Torsion =       49.3197 kJ/mol
               Improper Torsion =        0.1775 kJ/mol
                            VDW =      225.0954 kJ/mol
                  Electrostatic =        7.2203 kJ/mol
        Explicit Hydrogen Bonds =        0.0000 kJ/mol
                    Cross Terms =        0.0000 kJ/mol
  
 T.E. for cross-checking:       340.2366 kJ/mol
 Conf    16 E =   340.24 ( 99.999) is unique and stored as structure     5
                   Total Energy =      652.7629 kJ/mol
                        Stretch =       16.9547 kJ/mol
                           Bend =       41.4690 kJ/mol
                        Torsion =      150.5624 kJ/mol
               Improper Torsion =        0.1775 kJ/mol
                            VDW =      434.0341 kJ/mol
                  Electrostatic =        9.5652 kJ/mol
        Explicit Hydrogen Bonds =        0.0000 kJ/mol
                    Cross Terms =        0.0000 kJ/mol
  
 T.E. for cross-checking:       652.7629 kJ/mol
 Conf    17 E =   652.76 ( 99.999) rejected by energy
                   Total Energy =      631.5189 kJ/mol
                        Stretch =       16.9547 kJ/mol
                           Bend =       41.4690 kJ/mol
                        Torsion =      150.5624 kJ/mol
               Improper Torsion =        0.1775 kJ/mol
                            VDW =      412.7189 kJ/mol
                  Electrostatic =        9.6363 kJ/mol
        Explicit Hydrogen Bonds =        0.0000 kJ/mol
                    Cross Terms =        0.0000 kJ/mol
  
 T.E. for cross-checking:       631.5189 kJ/mol
 Conf    18 E =   631.52 ( 99.999) rejected by energy
                   Total Energy =      296.5743 kJ/mol
                        Stretch =       16.9547 kJ/mol
                           Bend =       41.4690 kJ/mol
                        Torsion =      150.5624 kJ/mol
               Improper Torsion =        0.1775 kJ/mol
                            VDW =       78.2990 kJ/mol
                  Electrostatic =        9.1117 kJ/mol
        Explicit Hydrogen Bonds =        0.0000 kJ/mol
                    Cross Terms =        0.0000 kJ/mol
  
 T.E. for cross-checking:       296.5743 kJ/mol
 Conf    19 E =   296.57 ( 99.999) replaces structure     2
                   Total Energy =      655.9405 kJ/mol
                        Stretch =       16.9547 kJ/mol
                           Bend =       41.4690 kJ/mol
                        Torsion =      150.5624 kJ/mol
               Improper Torsion =        0.1775 kJ/mol
                            VDW =      437.2116 kJ/mol
                  Electrostatic =        9.5652 kJ/mol
        Explicit Hydrogen Bonds =        0.0000 kJ/mol
                    Cross Terms =        0.0000 kJ/mol
  
 T.E. for cross-checking:       655.9405 kJ/mol
 Conf    20 E =   655.94 ( 99.999) rejected by energy
 
Interim report; processing .tmp file:
    5 unique conformations found so far
    0 minimized with good convergence
Found     1 confs within  1.00 kcal/mol ( 4.18 kJ/mol) of glob. min.
Found     4 confs within 10.00 kcal/mol (41.84 kJ/mol) of glob. min.
Global minimum E =    263.64 found     5 times.
   20 steps performed so far, out of    50
 E of low-energy structures above global min [kJ/mol],  and no. times found:
    E:  0.00 32.94 34.62 38.50 76.60
  No.:     5     2     1     2     1
 
                   Total Energy =      340.2366 kJ/mol
                        Stretch =       16.9547 kJ/mol
                           Bend =       41.4690 kJ/mol
                        Torsion =       49.3197 kJ/mol
               Improper Torsion =        0.1775 kJ/mol
                            VDW =      225.0954 kJ/mol
                  Electrostatic =        7.2203 kJ/mol
        Explicit Hydrogen Bonds =        0.0000 kJ/mol
                    Cross Terms =        0.0000 kJ/mol
  
 T.E. for cross-checking:       340.2366 kJ/mol
 Conf    21 E =   340.24 ( 99.999) rejected by structure     5
                   Total Energy =      274.4323 kJ/mol
                        Stretch =       16.9548 kJ/mol
                           Bend =       41.4690 kJ/mol
                        Torsion =      105.0430 kJ/mol
               Improper Torsion =        0.1775 kJ/mol
                            VDW =      102.7447 kJ/mol
                  Electrostatic =        8.0433 kJ/mol
        Explicit Hydrogen Bonds =        0.0000 kJ/mol
                    Cross Terms =        0.0000 kJ/mol
  
 T.E. for cross-checking:       274.4323 kJ/mol
 Conf    22 E =   274.43 ( 99.999) replaces structure     3
 Conf    22 E =   274.43 ( 99.999) replaces structure     5
 Structure      5 is rejected by structure      3
                   Total Energy =      656.1788 kJ/mol
                        Stretch =       16.9547 kJ/mol
                           Bend =       41.4690 kJ/mol
                        Torsion =      155.3612 kJ/mol
               Improper Torsion =        0.1775 kJ/mol
                            VDW =      432.6028 kJ/mol
                  Electrostatic =        9.6136 kJ/mol
        Explicit Hydrogen Bonds =        0.0000 kJ/mol
                    Cross Terms =        0.0000 kJ/mol
  
 T.E. for cross-checking:       656.1788 kJ/mol
 Conf    23 E =   656.18 ( 99.999) rejected by energy
                   Total Energy =      634.9341 kJ/mol
                        Stretch =       16.9547 kJ/mol
                           Bend =       41.4690 kJ/mol
                        Torsion =      155.3612 kJ/mol
               Improper Torsion =        0.1775 kJ/mol
                            VDW =      411.2863 kJ/mol
                  Electrostatic =        9.6854 kJ/mol
        Explicit Hydrogen Bonds =        0.0000 kJ/mol
                    Cross Terms =        0.0000 kJ/mol
  
 T.E. for cross-checking:       634.9341 kJ/mol
 Conf    24 E =   634.93 ( 99.999) rejected by energy
                   Total Energy =      287.1267 kJ/mol
                        Stretch =       16.9547 kJ/mol
                           Bend =       41.4690 kJ/mol
                        Torsion =      155.3612 kJ/mol
               Improper Torsion =        0.1775 kJ/mol
                            VDW =       64.3124 kJ/mol
                  Electrostatic =        8.8518 kJ/mol
        Explicit Hydrogen Bonds =        0.0000 kJ/mol
                    Cross Terms =        0.0000 kJ/mol
  
 T.E. for cross-checking:       287.1267 kJ/mol
 Conf    25 E =   287.13 ( 99.999) rejected by structure     1
                   Total Energy =      659.3562 kJ/mol
                        Stretch =       16.9547 kJ/mol
                           Bend =       41.4690 kJ/mol
                        Torsion =      155.3612 kJ/mol
               Improper Torsion =        0.1775 kJ/mol
                            VDW =      435.7800 kJ/mol
                  Electrostatic =        9.6137 kJ/mol
        Explicit Hydrogen Bonds =        0.0000 kJ/mol
                    Cross Terms =        0.0000 kJ/mol
  
 T.E. for cross-checking:       659.3562 kJ/mol
 Conf    26 E =   659.36 ( 99.999) rejected by energy
                   Total Energy =      637.9202 kJ/mol
                        Stretch =       16.9547 kJ/mol
                           Bend =       41.4690 kJ/mol
                        Torsion =      155.3612 kJ/mol
               Improper Torsion =        0.1775 kJ/mol
                            VDW =      414.2720 kJ/mol
                  Electrostatic =        9.6858 kJ/mol
        Explicit Hydrogen Bonds =        0.0000 kJ/mol
                    Cross Terms =        0.0000 kJ/mol
  
 T.E. for cross-checking:       637.9202 kJ/mol
 Conf    27 E =   637.92 ( 99.999) rejected by energy
                   Total Energy =      378.8065 kJ/mol
                        Stretch =       16.9547 kJ/mol
                           Bend =       41.4690 kJ/mol
                        Torsion =      165.9142 kJ/mol
               Improper Torsion =        0.1775 kJ/mol
                            VDW =      144.2476 kJ/mol
                  Electrostatic =       10.0434 kJ/mol
        Explicit Hydrogen Bonds =        0.0000 kJ/mol
                    Cross Terms =        0.0000 kJ/mol
  
 T.E. for cross-checking:       378.8065 kJ/mol
 Conf    28 E =   378.81 ( 99.999) rejected by energy
                   Total Energy =      271.9664 kJ/mol
                        Stretch =       16.9547 kJ/mol
                           Bend =       41.4690 kJ/mol
                        Torsion =      119.2850 kJ/mol
               Improper Torsion =        0.1775 kJ/mol
                            VDW =       85.8815 kJ/mol
                  Electrostatic =        8.1986 kJ/mol
        Explicit Hydrogen Bonds =        0.0000 kJ/mol
                    Cross Terms =        0.0000 kJ/mol
  
 T.E. for cross-checking:       271.9664 kJ/mol
 Conf    29 E =   271.97 ( 99.999) replaces structure     3
                   Total Energy =      298.3387 kJ/mol
                        Stretch =       16.9547 kJ/mol
                           Bend =       41.4690 kJ/mol
                        Torsion =      147.3033 kJ/mol
               Improper Torsion =        0.1775 kJ/mol
                            VDW =       83.0828 kJ/mol
                  Electrostatic =        9.3514 kJ/mol
        Explicit Hydrogen Bonds =        0.0000 kJ/mol
                    Cross Terms =        0.0000 kJ/mol
  
 T.E. for cross-checking:       298.3387 kJ/mol
 Conf    30 E =   298.34 ( 99.999) rejected by structure     3
 
Interim report; processing .tmp file:
    4 unique conformations found so far
    0 minimized with good convergence
Found     1 confs within  1.00 kcal/mol ( 4.18 kJ/mol) of glob. min.
Found     2 confs within  2.00 kcal/mol ( 8.37 kJ/mol) of glob. min.
Found     4 confs within 10.00 kcal/mol (41.84 kJ/mol) of glob. min.
Global minimum E =    263.64 found     6 times.
   30 steps performed so far, out of    50
 E of low-energy structures above global min [kJ/mol],  and no. times found:
    E:  0.00  8.33 32.94 38.50
  No.:     6     4     2     2
 
                   Total Energy =      302.1390 kJ/mol
                        Stretch =       16.9547 kJ/mol
                           Bend =       41.4690 kJ/mol
                        Torsion =      136.7230 kJ/mol
               Improper Torsion =        0.1775 kJ/mol
                            VDW =       97.5396 kJ/mol
                  Electrostatic =        9.2752 kJ/mol
        Explicit Hydrogen Bonds =        0.0000 kJ/mol
                    Cross Terms =        0.0000 kJ/mol
  
 T.E. for cross-checking:       302.1390 kJ/mol
 Conf    31 E =   302.14 ( 99.999) rejected by structure     4
                   Total Energy =      456.6060 kJ/mol
                        Stretch =       16.9547 kJ/mol
                           Bend =       41.4690 kJ/mol
                        Torsion =      136.7230 kJ/mol
               Improper Torsion =        0.1775 kJ/mol
                            VDW =      252.4150 kJ/mol
                  Electrostatic =        8.8668 kJ/mol
        Explicit Hydrogen Bonds =        0.0000 kJ/mol
                    Cross Terms =        0.0000 kJ/mol
  
 T.E. for cross-checking:       456.6060 kJ/mol
 Conf    32 E =   456.61 ( 99.999) rejected by energy
                   Total Energy =      339.9999 kJ/mol
                        Stretch =       16.9547 kJ/mol
                           Bend =       41.4690 kJ/mol
                        Torsion =       49.3527 kJ/mol
               Improper Torsion =        0.1775 kJ/mol
                            VDW =      224.8254 kJ/mol
                  Electrostatic =        7.2205 kJ/mol
        Explicit Hydrogen Bonds =        0.0000 kJ/mol
                    Cross Terms =        0.0000 kJ/mol
  
 T.E. for cross-checking:       339.9999 kJ/mol
 Conf    33 E =   340.00 ( 99.999) is unique and stored as structure     5
                   Total Energy =      278.1374 kJ/mol
                        Stretch =       16.9547 kJ/mol
                           Bend =       41.4690 kJ/mol
                        Torsion =      114.9651 kJ/mol
               Improper Torsion =        0.1775 kJ/mol
                            VDW =       96.0640 kJ/mol
                  Electrostatic =        8.5071 kJ/mol
        Explicit Hydrogen Bonds =        0.0000 kJ/mol
                    Cross Terms =        0.0000 kJ/mol
  
 T.E. for cross-checking:       278.1374 kJ/mol
 Conf    34 E =   278.14 ( 99.999) replaces structure     4
 Conf    34 E =   278.14 ( 99.999) replaces structure     5
 Structure      5 is rejected by structure      4
                   Total Energy =      278.1267 kJ/mol
                        Stretch =       16.9547 kJ/mol
                           Bend =       41.4690 kJ/mol
                        Torsion =      116.3093 kJ/mol
               Improper Torsion =        0.1775 kJ/mol
                            VDW =       94.7092 kJ/mol
                  Electrostatic =        8.5070 kJ/mol
        Explicit Hydrogen Bonds =        0.0000 kJ/mol
                    Cross Terms =        0.0000 kJ/mol
  
 T.E. for cross-checking:       278.1267 kJ/mol
 Conf    35 E =   278.13 ( 99.999) replaces structure     4
                   Total Energy =      278.1316 kJ/mol
                        Stretch =       16.9548 kJ/mol
                           Bend =       41.4690 kJ/mol
                        Torsion =      115.0878 kJ/mol
               Improper Torsion =        0.1775 kJ/mol
                            VDW =       95.9350 kJ/mol
                  Electrostatic =        8.5075 kJ/mol
        Explicit Hydrogen Bonds =        0.0000 kJ/mol
                    Cross Terms =        0.0000 kJ/mol
  
 T.E. for cross-checking:       278.1316 kJ/mol
 Conf    36 E =   278.13 ( 99.999) rejected by structure     4
                   Total Energy =      289.2515 kJ/mol
                        Stretch =       16.9547 kJ/mol
                           Bend =       41.4691 kJ/mol
                        Torsion =      136.9728 kJ/mol
               Improper Torsion =        0.1775 kJ/mol
                            VDW =       84.6400 kJ/mol
                  Electrostatic =        9.0374 kJ/mol
        Explicit Hydrogen Bonds =        0.0000 kJ/mol
                    Cross Terms =        0.0000 kJ/mol
  
 T.E. for cross-checking:       289.2515 kJ/mol
 Conf    37 E =   289.25 ( 99.999) rejected by structure     1
                   Total Energy =      296.7540 kJ/mol
                        Stretch =       16.9547 kJ/mol
                           Bend =       41.4691 kJ/mol
                        Torsion =      144.4947 kJ/mol
               Improper Torsion =        0.1775 kJ/mol
                            VDW =       84.3568 kJ/mol
                  Electrostatic =        9.3012 kJ/mol
        Explicit Hydrogen Bonds =        0.0000 kJ/mol
                    Cross Terms =        0.0000 kJ/mol
  
 T.E. for cross-checking:       296.7540 kJ/mol
 Conf    38 E =   296.75 ( 99.999) rejected by structure     2
                   Total Energy =      614.6028 kJ/mol
                        Stretch =       16.9547 kJ/mol
                           Bend =       41.4691 kJ/mol
                        Torsion =      130.0131 kJ/mol
               Improper Torsion =        0.1775 kJ/mol
                            VDW =      416.5460 kJ/mol
                  Electrostatic =        9.4425 kJ/mol
        Explicit Hydrogen Bonds =        0.0000 kJ/mol
                    Cross Terms =        0.0000 kJ/mol
  
 T.E. for cross-checking:       614.6028 kJ/mol
 Conf    39 E =   614.60 ( 99.999) rejected by energy
                   Total Energy =      266.6230 kJ/mol
                        Stretch =       16.9547 kJ/mol
                           Bend =       41.4691 kJ/mol
                        Torsion =      130.0131 kJ/mol
               Improper Torsion =        0.1775 kJ/mol
                            VDW =       69.4714 kJ/mol
                  Electrostatic =        8.5372 kJ/mol
        Explicit Hydrogen Bonds =        0.0000 kJ/mol
                    Cross Terms =        0.0000 kJ/mol
  
 T.E. for cross-checking:       266.6230 kJ/mol
 Conf    40 E =   266.62 ( 99.999) rejected by structure     1
 
Interim report; processing .tmp file:
    4 unique conformations found so far
    0 minimized with good convergence
Found     1 confs within  1.00 kcal/mol ( 4.18 kJ/mol) of glob. min.
Found     2 confs within  2.00 kcal/mol ( 8.37 kJ/mol) of glob. min.
Found     3 confs within  5.00 kcal/mol (20.92 kJ/mol) of glob. min.
Found     4 confs within 10.00 kcal/mol (41.84 kJ/mol) of glob. min.
Global minimum E =    263.64 found     8 times.
   40 steps performed so far, out of    50
 E of low-energy structures above global min [kJ/mol],  and no. times found:
    E:  0.00  8.33 14.49 32.94
  No.:     8     5     6     2
 
                   Total Energy =      296.5744 kJ/mol
                        Stretch =       16.9547 kJ/mol
                           Bend =       41.4690 kJ/mol
                        Torsion =      150.5624 kJ/mol
               Improper Torsion =        0.1775 kJ/mol
                            VDW =       78.2990 kJ/mol
                  Electrostatic =        9.1117 kJ/mol
        Explicit Hydrogen Bonds =        0.0000 kJ/mol
                    Cross Terms =        0.0000 kJ/mol
  
 T.E. for cross-checking:       296.5744 kJ/mol
 Conf    41 E =   296.57 ( 99.999) rejected by structure     4
                   Total Energy =      650.3915 kJ/mol
                        Stretch =       16.9547 kJ/mol
                           Bend =       41.4691 kJ/mol
                        Torsion =      142.6569 kJ/mol
               Improper Torsion =        0.1775 kJ/mol
                            VDW =      439.6534 kJ/mol
                  Electrostatic =        9.4800 kJ/mol
        Explicit Hydrogen Bonds =        0.0000 kJ/mol
                    Cross Terms =        0.0000 kJ/mol
  
 T.E. for cross-checking:       650.3915 kJ/mol
 Conf    42 E =   650.39 ( 99.999) rejected by energy
                   Total Energy =      628.9556 kJ/mol
                        Stretch =       16.9547 kJ/mol
                           Bend =       41.4691 kJ/mol
                        Torsion =      142.6569 kJ/mol
               Improper Torsion =        0.1775 kJ/mol
                            VDW =      418.1454 kJ/mol
                  Electrostatic =        9.5520 kJ/mol
        Explicit Hydrogen Bonds =        0.0000 kJ/mol
                    Cross Terms =        0.0000 kJ/mol
  
 T.E. for cross-checking:       628.9556 kJ/mol
 Conf    43 E =   628.96 ( 99.999) rejected by energy
                   Total Energy =      298.5632 kJ/mol
                        Stretch =       16.9547 kJ/mol
                           Bend =       41.4691 kJ/mol
                        Torsion =      138.2911 kJ/mol
               Improper Torsion =        0.1775 kJ/mol
                            VDW =       92.4342 kJ/mol
                  Electrostatic =        9.2366 kJ/mol
        Explicit Hydrogen Bonds =        0.0000 kJ/mol
                    Cross Terms =        0.0000 kJ/mol
  
 T.E. for cross-checking:       298.5632 kJ/mol
 Conf    44 E =   298.56 ( 99.999) rejected by structure     3
                   Total Energy =      289.1123 kJ/mol
                        Stretch =       16.9547 kJ/mol
                           Bend =       41.4691 kJ/mol
                        Torsion =      136.9728 kJ/mol
               Improper Torsion =        0.1775 kJ/mol
                            VDW =       84.5008 kJ/mol
                  Electrostatic =        9.0374 kJ/mol
        Explicit Hydrogen Bonds =        0.0000 kJ/mol
                    Cross Terms =        0.0000 kJ/mol
  
 T.E. for cross-checking:       289.1123 kJ/mol
 Conf    45 E =   289.11 ( 99.999) rejected by structure     1
                   Total Energy =      393.2774 kJ/mol
                        Stretch =       16.9547 kJ/mol
                           Bend =       41.4691 kJ/mol
                        Torsion =      165.5793 kJ/mol
               Improper Torsion =        0.1775 kJ/mol
                            VDW =      159.0134 kJ/mol
                  Electrostatic =       10.0834 kJ/mol
        Explicit Hydrogen Bonds =        0.0000 kJ/mol
                    Cross Terms =        0.0000 kJ/mol
  
 T.E. for cross-checking:       393.2774 kJ/mol
 Conf    46 E =   393.28 ( 99.999) rejected by energy
                   Total Energy =      296.8304 kJ/mol
                        Stretch =       16.9547 kJ/mol
                           Bend =       41.4691 kJ/mol
                        Torsion =      144.5135 kJ/mol
               Improper Torsion =        0.1775 kJ/mol
                            VDW =       84.4152 kJ/mol
                  Electrostatic =        9.3005 kJ/mol
        Explicit Hydrogen Bonds =        0.0000 kJ/mol
                    Cross Terms =        0.0000 kJ/mol
  
 T.E. for cross-checking:       296.8304 kJ/mol
 Conf    47 E =   296.83 ( 99.999) rejected by structure     2
                   Total Energy =      396.8411 kJ/mol
                        Stretch =       16.9547 kJ/mol
                           Bend =       41.4691 kJ/mol
                        Torsion =      165.7816 kJ/mol
               Improper Torsion =        0.1775 kJ/mol
                            VDW =      162.4641 kJ/mol
                  Electrostatic =        9.9941 kJ/mol
        Explicit Hydrogen Bonds =        0.0000 kJ/mol
                    Cross Terms =        0.0000 kJ/mol
  
 T.E. for cross-checking:       396.8411 kJ/mol
 Conf    48 E =   396.84 ( 99.999) rejected by energy
                   Total Energy =      626.8054 kJ/mol
                        Stretch =       16.9547 kJ/mol
                           Bend =       41.4691 kJ/mol
                        Torsion =       24.2133 kJ/mol
               Improper Torsion =        0.1775 kJ/mol
                            VDW =      536.9260 kJ/mol
                  Electrostatic =        7.0647 kJ/mol
        Explicit Hydrogen Bonds =        0.0000 kJ/mol
                    Cross Terms =        0.0000 kJ/mol
  
 T.E. for cross-checking:       626.8054 kJ/mol
 Conf    49 E =   626.81 ( 99.999) rejected by energy
                   Total Energy =      298.6047 kJ/mol
                        Stretch =       16.9547 kJ/mol
                           Bend =       41.4691 kJ/mol
                        Torsion =      138.2911 kJ/mol
               Improper Torsion =        0.1775 kJ/mol
                            VDW =       92.4758 kJ/mol
                  Electrostatic =        9.2366 kJ/mol
        Explicit Hydrogen Bonds =        0.0000 kJ/mol
                    Cross Terms =        0.0000 kJ/mol
  
 T.E. for cross-checking:       298.6047 kJ/mol
 Conf    50 E =   298.60 ( 99.999) rejected by structure     3
 
Final report; processing .tmp file:
    4 unique conformations found so far
    0 minimized with good convergence
Found     1 confs within  1.00 kcal/mol ( 4.18 kJ/mol) of glob. min.
Found     2 confs within  2.00 kcal/mol ( 8.37 kJ/mol) of glob. min.
Found     3 confs within  5.00 kcal/mol (20.92 kJ/mol) of glob. min.
Found     4 confs within 10.00 kcal/mol (41.84 kJ/mol) of glob. min.
Global minimum E =    263.64 found     9 times.
   50 steps performed so far, out of    50
 E of low-energy structures above global min [kJ/mol],  and no. times found:
    E:  0.00  8.33 14.49 32.94
  No.:     9     6     8     3
 
Input structure with title on the next line is given SerNo:        1
decoy_phenyl
Auto summary for input structure      1:
CGEN summary for input structure      1:
 Total number of structures processed =          51
 Conformations with poor convergence marked with a *
*Conformation       1 (    263.6388     kJ/mol) was found     9 times
*Conformation       2 (    271.9664     kJ/mol) was found     6 times
*Conformation       3 (    278.1267     kJ/mol) was found     8 times
*Conformation       4 (    296.5743     kJ/mol) was found     3 times
           *** MC Statistics ***
 Percent of minimized structures within energetic window:   50.98039    
 Average number of duplicates:     6.500000    
 Duplication standard deviation:   2.645751    
          50  structures generated
           0  rejected by ring closure
           0  rejected by van der Waals
          26  duplicate minimised structures
 
BatchMin: normal termination                           19-Jan-2015 13:53:22
STARTUP COMMAND:
/cbio/jclab/share/schrodinger/schrodinger2014-4/macromodel-v106013/bin/Linux-x86_64/bmin
MMSHARE_EXEC:/cbio/jclab/share/schrodinger/schrodinger2014-4/mmshare-v28013/bin/Linux-x86_64

real	0.0m2.3200000003s
user	0.0m0.0s
sys	0.0m0.0s
RUNNING: python "/cbio/jclab/share/schrodinger/schrodinger2014-4/macromodel-v106013/bin/Linux-x86_64/bmin_startup.py" -NO_REDIRECT Subjob00001--Sample_1_confgen
