Starting Time: 01-19-2015 14:10:22
Join Receptor: (chain.name "A" AND res.num 311 AND res.inscode " ")
Join Criterion: {'r_workflow_bond_dist': ('((chain.name "A" AND res.num 311 AND res.inscode " ")) AND atom.ptype  " SG "', 'atom.i_cdock_lig_attach 2', ' < 5.000000')}
Rotamer: state 0 created
Rotamer: state 1 created
Rotamer: state 2 created
Rotamer: state 3 created
Rotamer: state 4 created
Rotamer: state 5 created
Rotamer: state 6 created
Pose 0
  rotamer 0 2.672102 True
  rotamer 1 4.145193 True
  rotamer 2 5.453931 False
  rotamer 3 2.384070 True
  rotamer 4 5.552874 False
  rotamer 5 3.407148 True
  rotamer 6 3.512013 True
RETAINED    2.38
Pose 1
  rotamer 0 2.734216 True
  rotamer 1 4.180542 True
  rotamer 2 5.510559 False
  rotamer 3 2.439249 True
  rotamer 4 5.605154 False
  rotamer 5 3.442119 True
  rotamer 6 3.575695 True
RETAINED    2.44
Pose 2
  rotamer 0 2.449680 True
  rotamer 1 3.982225 True
  rotamer 2 5.234323 False
  rotamer 3 2.174766 True
  rotamer 4 5.341927 False
  rotamer 5 3.248015 True
  rotamer 6 3.288298 True
RETAINED    2.17
Pose 3
  rotamer 0 2.963107 True
  rotamer 1 4.439359 True
  rotamer 2 5.706462 False
  rotamer 3 2.712589 True
  rotamer 4 5.815490 False
  rotamer 5 3.716176 True
  rotamer 6 3.759947 True
RETAINED    2.71
Pose 4
  rotamer 0 2.465434 True
  rotamer 1 4.001923 True
  rotamer 2 5.249893 False
  rotamer 3 2.194138 True
  rotamer 4 5.358757 False
  rotamer 5 3.268313 True
  rotamer 6 3.301157 True
RETAINED    2.19
Pose 5
  rotamer 0 2.695257 True
  rotamer 1 4.327146 True
  rotamer 2 5.526433 False
  rotamer 3 2.471052 True
  rotamer 4 5.657225 False
  rotamer 5 3.589056 True
  rotamer 6 3.504272 True
RETAINED    2.47
Pose 6
  rotamer 0 2.506589 True
  rotamer 1 4.352728 True
  rotamer 2 5.488107 False
  rotamer 3 2.319479 True
  rotamer 4 5.648037 False
  rotamer 5 3.588501 True
  rotamer 6 3.338083 True
RETAINED    2.32
Pose 7
  rotamer 0 2.724965 True
  rotamer 1 4.199556 True
  rotamer 2 5.474051 False
  rotamer 3 2.456325 True
  rotamer 4 5.577756 False
  rotamer 5 3.472783 True
  rotamer 6 3.541999 True
RETAINED    2.46
Pose 8
  rotamer 0 2.677633 True
  rotamer 1 4.188522 True
  rotamer 2 5.420433 False
  rotamer 3 2.427604 True
  rotamer 4 5.532240 False
  rotamer 5 3.467006 True
  rotamer 6 3.481753 True
RETAINED    2.43
Pose 9
  rotamer 0 4.078791 True
  rotamer 1 4.598542 True
  rotamer 2 6.682393 False
  rotamer 3 3.522815 True
  rotamer 4 6.601736 False
  rotamer 5 3.869161 True
  rotamer 6 5.043451 False
RETAINED    3.52
Pose 10
  rotamer 0 6.952020 False
  rotamer 1 7.483064 False
  rotamer 2 9.655553 False
  rotamer 3 6.456898 False
  rotamer 4 9.573211 False
  rotamer 5 6.786631 False
  rotamer 6 7.893169 False
DISCARDED    6.46
Pose 11
  rotamer 0 6.881578 False
  rotamer 1 7.452275 False
  rotamer 2 9.600120 False
  rotamer 3 6.394735 False
  rotamer 4 9.525969 False
  rotamer 5 6.750566 False
  rotamer 6 7.819262 False
DISCARDED    6.39
Pose 12
  rotamer 0 6.483371 False
  rotamer 1 7.652518 False
  rotamer 2 9.402731 False
  rotamer 3 6.148390 False
  rotamer 4 9.455270 False
  rotamer 5 6.892138 False
  rotamer 6 7.341904 False
DISCARDED    6.15
Pose 13
  rotamer 0 3.864385 True
  rotamer 1 4.617689 True
  rotamer 2 6.561408 False
  rotamer 3 3.355650 True
  rotamer 4 6.522668 False
  rotamer 5 3.866874 True
  rotamer 6 4.817724 True
RETAINED    3.36
Pose 14
  rotamer 0 6.582537 False
  rotamer 1 7.718008 False
  rotamer 2 9.494221 False
  rotamer 3 6.238878 False
  rotamer 4 9.539654 False
  rotamer 5 6.960301 False
  rotamer 6 7.445945 False
DISCARDED    6.24
Pose 15
  rotamer 0 2.461896 True
  rotamer 1 4.441273 True
  rotamer 2 5.444851 False
  rotamer 3 2.348055 True
  rotamer 4 5.635123 False
  rotamer 5 3.689882 True
  rotamer 6 3.245322 True
RETAINED    2.35
Pose 16
  rotamer 0 6.936677 False
  rotamer 1 7.495685 False
  rotamer 2 9.651178 False
  rotamer 3 6.447898 False
  rotamer 4 9.574620 False
  rotamer 5 6.795870 False
  rotamer 6 7.875018 False
DISCARDED    6.45
Pose 17
  rotamer 0 5.616192 False
  rotamer 1 6.575091 False
  rotamer 2 8.458017 False
  rotamer 3 5.206781 False
  rotamer 4 8.462310 False
  rotamer 5 5.824987 False
  rotamer 6 6.522325 False
DISCARDED    5.21
Pose 18
  rotamer 0 2.319999 True
  rotamer 1 4.346005 True
  rotamer 2 5.312241 False
  rotamer 3 2.221711 True
  rotamer 4 5.508635 False
  rotamer 5 3.598124 True
  rotamer 6 3.103229 True
RETAINED    2.22
Pose 19
  rotamer 0 2.318872 True
  rotamer 1 4.338583 True
  rotamer 2 5.311024 False
  rotamer 3 2.216809 True
  rotamer 4 5.505881 False
  rotamer 5 3.590137 True
  rotamer 6 3.104777 True
RETAINED    2.22
Pose 20
  rotamer 0 2.343678 True
  rotamer 1 4.367778 True
  rotamer 2 5.339550 False
  rotamer 3 2.243777 True
  rotamer 4 5.535736 False
  rotamer 5 3.618260 True
  rotamer 6 3.127648 True
RETAINED    2.24
Pose 21
  rotamer 0 2.385904 True
  rotamer 1 4.476992 True
  rotamer 2 5.367892 False
  rotamer 3 2.333935 True
  rotamer 4 5.583237 False
  rotamer 5 3.737075 True
  rotamer 6 3.129124 True
RETAINED    2.33
Pose 22
  rotamer 0 3.208606 True
  rotamer 1 4.848047 True
  rotamer 2 6.164726 False
  rotamer 3 2.963811 True
  rotamer 4 6.293880 False
  rotamer 5 4.072870 True
  rotamer 6 4.049007 True
RETAINED    2.96
Pose 23
  rotamer 0 3.253112 True
  rotamer 1 4.733298 True
  rotamer 2 6.135717 False
  rotamer 3 2.962682 True
  rotamer 4 6.236125 False
  rotamer 5 3.968537 True
  rotamer 6 4.106284 True
RETAINED    2.96
Pose 24
  rotamer 0 6.943858 False
  rotamer 1 7.464023 False
  rotamer 2 9.644281 False
  rotamer 3 6.445674 False
  rotamer 4 9.559587 False
  rotamer 5 6.768379 False
  rotamer 6 7.886822 False
DISCARDED    6.45
Pose 25
  rotamer 0 3.076442 True
  rotamer 1 4.788857 True
  rotamer 2 6.043467 False
  rotamer 3 2.857064 True
  rotamer 4 6.186171 False
  rotamer 5 4.015894 True
  rotamer 6 3.905275 True
RETAINED    2.86
Pose 26
  rotamer 0 6.014414 False
  rotamer 1 7.078364 False
  rotamer 2 8.896627 False
  rotamer 3 5.641764 False
  rotamer 4 8.924437 False
  rotamer 5 6.323170 False
  rotamer 6 6.898156 False
DISCARDED    5.64
Pose 27
  rotamer 0 6.518179 False
  rotamer 1 7.940585 False
  rotamer 2 9.491573 False
  rotamer 3 6.264371 False
  rotamer 4 9.602389 False
  rotamer 5 7.167191 False
  rotamer 6 7.321054 False
DISCARDED    6.26
Pose 28
  rotamer 0 5.565448 False
  rotamer 1 5.739943 False
  rotamer 2 8.064068 False
  rotamer 3 4.976620 True
  rotamer 4 7.915578 False
  rotamer 5 5.075802 False
  rotamer 6 6.535637 False
RETAINED    4.98
Pose 29
  rotamer 0 6.426788 False
  rotamer 1 7.506395 False
  rotamer 2 9.320832 False
  rotamer 3 6.064641 False
  rotamer 4 9.353392 False
  rotamer 5 6.751930 False
  rotamer 6 7.302344 False
DISCARDED    6.06
Pose 30
  rotamer 0 6.110389 False
  rotamer 1 7.619140 False
  rotamer 2 9.092091 False
  rotamer 3 5.881535 False
  rotamer 4 9.220948 False
  rotamer 5 6.842577 False
  rotamer 6 6.897881 False
DISCARDED    5.88
Pose 31
  rotamer 0 3.340042 True
  rotamer 1 4.816400 True
  rotamer 2 6.247921 False
  rotamer 3 3.042145 True
  rotamer 4 6.346235 False
  rotamer 5 4.044096 True
  rotamer 6 4.202928 True
RETAINED    3.04
Pose 32
  rotamer 0 6.387914 False
  rotamer 1 7.444227 False
  rotamer 2 9.274459 False
  rotamer 3 6.018552 False
  rotamer 4 9.301820 False
  rotamer 5 6.691321 False
  rotamer 6 7.267916 False
DISCARDED    6.02
Pose 33
  rotamer 0 5.738654 False
  rotamer 1 6.984572 False
  rotamer 2 8.666981 False
  rotamer 3 5.416018 False
  rotamer 4 8.733138 False
  rotamer 5 6.216834 False
  rotamer 6 6.594293 False
DISCARDED    5.42
Pose 34
  rotamer 0 2.941404 True
  rotamer 1 4.757523 True
  rotamer 2 5.928635 False
  rotamer 3 2.760296 True
  rotamer 4 6.090951 False
  rotamer 5 3.987036 True
  rotamer 6 3.752630 True
RETAINED    2.76
Pose 35
  rotamer 0 5.959442 False
  rotamer 1 7.245328 False
  rotamer 2 8.898521 False
  rotamer 3 5.653608 False
  rotamer 4 8.974920 False
  rotamer 5 6.476908 False
  rotamer 6 6.802146 False
DISCARDED    5.65
Pose 36
  rotamer 0 5.744677 False
  rotamer 1 7.244636 False
  rotamer 2 8.723905 False
  rotamer 3 5.506912 False
  rotamer 4 8.847882 False
  rotamer 5 6.467235 False
  rotamer 6 6.542667 False
DISCARDED    5.51
Pose 37
  rotamer 0 5.671877 False
  rotamer 1 7.190158 False
  rotamer 2 8.653409 False
  rotamer 3 5.439427 False
  rotamer 4 8.781118 False
  rotamer 5 6.412146 False
  rotamer 6 6.466796 False
DISCARDED    5.44
Pose 38
  rotamer 0 5.759344 False
  rotamer 1 7.261532 False
  rotamer 2 8.739219 False
  rotamer 3 5.522533 False
  rotamer 4 8.863809 False
  rotamer 5 6.484050 False
  rotamer 6 6.556540 False
DISCARDED    5.52
Pose 39
  rotamer 0 5.766912 False
  rotamer 1 7.272805 False
  rotamer 2 8.747392 False
  rotamer 3 5.531531 False
  rotamer 4 8.872910 False
  rotamer 5 6.495246 False
  rotamer 6 6.562988 False
DISCARDED    5.53
Pose 40
  rotamer 0 5.825531 False
  rotamer 1 7.064595 False
  rotamer 2 8.753330 False
  rotamer 3 5.502227 False
  rotamer 4 8.818434 False
  rotamer 5 6.297582 False
  rotamer 6 6.680913 False
DISCARDED    5.50
Pose 41
  rotamer 0 6.057003 False
  rotamer 1 7.182593 False
  rotamer 2 8.958517 False
  rotamer 3 5.702811 False
  rotamer 4 8.999757 False
  rotamer 5 6.423213 False
  rotamer 6 6.929879 False
DISCARDED    5.70
Pose 42
  rotamer 0 5.825214 False
  rotamer 1 7.118373 False
  rotamer 2 8.765811 False
  rotamer 3 5.519072 False
  rotamer 4 8.842953 False
  rotamer 5 6.348688 False
  rotamer 6 6.669581 False
DISCARDED    5.52
Pose 43
  rotamer 0 5.869111 False
  rotamer 1 7.063760 False
  rotamer 2 8.784896 False
  rotamer 3 5.533200 False
  rotamer 4 8.840559 False
  rotamer 5 6.299749 False
  rotamer 6 6.731668 False
DISCARDED    5.53
Pose 44
  rotamer 0 5.968738 False
  rotamer 1 7.247524 False
  rotamer 2 8.906037 False
  rotamer 3 5.660872 False
  rotamer 4 8.980919 False
  rotamer 5 6.479564 False
  rotamer 6 6.812628 False
DISCARDED    5.66
Pose 45
  rotamer 0 2.757746 True
  rotamer 1 4.762732 True
  rotamer 2 5.759979 False
  rotamer 3 2.663053 True
  rotamer 4 5.961840 False
  rotamer 5 4.004370 True
  rotamer 6 3.517749 True
RETAINED    2.66
Pose 46
  rotamer 0 5.681157 False
  rotamer 1 7.352088 False
  rotamer 2 8.678874 False
  rotamer 3 5.505611 False
  rotamer 4 8.843432 False
  rotamer 5 6.572198 False
  rotamer 6 6.432495 False
DISCARDED    5.51
Pose 47
  rotamer 0 5.851448 False
  rotamer 1 7.113516 False
  rotamer 2 8.785199 False
  rotamer 3 5.535807 False
  rotamer 4 8.855541 False
  rotamer 5 6.345422 False
  rotamer 6 6.701766 False
DISCARDED    5.54
Pose 48
  rotamer 0 5.880959 False
  rotamer 1 7.493486 False
  rotamer 2 8.874359 False
  rotamer 3 5.686240 False
  rotamer 4 9.026371 False
  rotamer 5 6.714303 False
  rotamer 6 6.644984 False
DISCARDED    5.69
Pose 49
  rotamer 0 5.698959 False
  rotamer 1 7.503605 False
  rotamer 2 8.698057 False
  rotamer 3 5.577908 False
  rotamer 4 8.896800 False
  rotamer 5 6.725234 False
  rotamer 6 6.404478 False
DISCARDED    5.58
Stage <decoy_phenyl   (    0) JoinPoseReceptor1> takes 9 seconds

Ending Time: 01-19-2015 14:10:31
