Starting Time: 01-19-2015 13:58:31
Join Receptor: (chain.name "A" AND res.num 311 AND res.inscode " ")
Join Criterion: {'r_workflow_bond_dist': ('((chain.name "A" AND res.num 311 AND res.inscode " ")) AND atom.ptype  " SG "', 'atom.i_cdock_lig_attach 1', ' < 5.000000')}
Rotamer: state 0 created
Rotamer: state 1 created
Rotamer: state 2 created
Rotamer: state 3 created
Rotamer: state 4 created
Rotamer: state 5 created
Rotamer: state 6 created
Pose 0
  rotamer 0 3.139908 True
  rotamer 1 4.835733 True
  rotamer 2 6.113704 False
  rotamer 3 2.912519 True
  rotamer 4 6.252979 False
  rotamer 5 4.059421 True
  rotamer 6 3.974308 True
RETAINED    2.91
Pose 1
  rotamer 0 3.194182 True
  rotamer 1 4.877600 True
  rotamer 2 6.166650 False
  rotamer 3 2.963860 True
  rotamer 4 6.304154 False
  rotamer 5 4.100827 True
  rotamer 6 4.028784 True
RETAINED    2.96
Pose 2
  rotamer 0 2.940160 True
  rotamer 1 4.679999 True
  rotamer 2 5.917149 False
  rotamer 3 2.723361 True
  rotamer 4 6.062500 False
  rotamer 5 3.906166 True
  rotamer 6 3.774104 True
RETAINED    2.72
Pose 3
  rotamer 0 3.029913 True
  rotamer 1 4.809092 True
  rotamer 2 6.014980 False
  rotamer 3 2.834870 True
  rotamer 4 6.170600 False
  rotamer 5 4.036049 True
  rotamer 6 3.847493 True
RETAINED    2.83
Pose 4
  rotamer 0 3.128411 True
  rotamer 1 4.863547 True
  rotamer 2 6.103878 False
  rotamer 3 2.919689 True
  rotamer 4 6.252054 False
  rotamer 5 4.089865 True
  rotamer 6 3.950185 True
RETAINED    2.92
Pose 5
  rotamer 0 2.983497 True
  rotamer 1 4.734751 True
  rotamer 2 5.963171 False
  rotamer 3 2.773870 True
  rotamer 4 6.111814 False
  rotamer 5 3.961074 True
  rotamer 6 3.811635 True
RETAINED    2.77
Pose 6
  rotamer 0 3.262698 True
  rotamer 1 5.022365 False
  rotamer 2 6.249219 False
  rotamer 3 3.067993 True
  rotamer 4 6.404598 False
  rotamer 5 4.247200 True
  rotamer 6 4.073033 True
RETAINED    3.07
Pose 7
  rotamer 0 2.459606 True
  rotamer 1 3.977641 True
  rotamer 2 5.159095 False
  rotamer 3 2.217751 True
  rotamer 4 5.272652 False
  rotamer 5 3.269822 True
  rotamer 6 3.253663 True
RETAINED    2.22
Pose 8
  rotamer 0 4.215435 True
  rotamer 1 5.151289 False
  rotamer 2 7.006643 False
  rotamer 3 3.765763 True
  rotamer 4 7.002226 False
  rotamer 5 4.391737 True
  rotamer 6 5.147785 False
RETAINED    3.77
Pose 9
  rotamer 0 3.170280 True
  rotamer 1 4.947570 True
  rotamer 2 6.150744 False
  rotamer 3 2.982822 True
  rotamer 4 6.309231 False
  rotamer 5 4.175616 True
  rotamer 6 3.976589 True
RETAINED    2.98
Pose 10
  rotamer 0 3.109010 True
  rotamer 1 4.908172 True
  rotamer 2 6.090159 False
  rotamer 3 2.929635 True
  rotamer 4 6.252589 False
  rotamer 5 4.137773 True
  rotamer 6 3.911573 True
RETAINED    2.93
Pose 11
  rotamer 0 4.353297 True
  rotamer 1 5.443480 False
  rotamer 2 7.202973 False
  rotamer 3 3.952805 True
  rotamer 4 7.229416 False
  rotamer 5 4.677149 True
  rotamer 6 5.262462 False
RETAINED    3.95
Pose 12
  rotamer 0 6.486029 False
  rotamer 1 7.531722 False
  rotamer 2 9.369921 False
  rotamer 3 6.115323 False
  rotamer 4 9.395369 False
  rotamer 5 6.780377 False
  rotamer 6 7.366052 False
DISCARDED    6.12
Pose 13
  rotamer 0 4.362978 True
  rotamer 1 5.579794 False
  rotamer 2 7.250351 False
  rotamer 3 4.002706 True
  rotamer 4 7.302701 False
  rotamer 5 4.808747 True
  rotamer 6 5.251014 False
RETAINED    4.00
Pose 14
  rotamer 0 6.589585 False
  rotamer 1 7.678206 False
  rotamer 2 9.487787 False
  rotamer 3 6.232508 False
  rotamer 4 9.522939 False
  rotamer 5 6.924038 False
  rotamer 6 7.461040 False
DISCARDED    6.23
Pose 15
  rotamer 0 3.521377 True
  rotamer 1 5.451307 False
  rotamer 2 6.511540 False
  rotamer 3 3.418220 True
  rotamer 4 6.712849 False
  rotamer 5 4.685220 True
  rotamer 6 4.255141 True
RETAINED    3.42
Pose 16
  rotamer 0 6.595907 False
  rotamer 1 7.682653 False
  rotamer 2 9.493861 False
  rotamer 3 6.238312 False
  rotamer 4 9.528603 False
  rotamer 5 6.928595 False
  rotamer 6 7.467698 False
DISCARDED    6.24
Pose 17
  rotamer 0 2.886370 True
  rotamer 1 4.126177 True
  rotamer 2 5.614703 False
  rotamer 3 2.519089 True
  rotamer 4 5.670205 False
  rotamer 5 3.384494 True
  rotamer 6 3.760257 True
RETAINED    2.52
Pose 18
  rotamer 0 2.894871 True
  rotamer 1 4.130799 True
  rotamer 2 5.623221 False
  rotamer 3 2.526320 True
  rotamer 4 5.677987 False
  rotamer 5 3.388865 True
  rotamer 6 3.769457 True
RETAINED    2.53
Pose 19
  rotamer 0 5.179068 False
  rotamer 1 6.409592 False
  rotamer 2 8.089248 False
  rotamer 3 4.842753 True
  rotamer 4 8.149440 False
  rotamer 5 5.641697 False
  rotamer 6 6.046184 False
RETAINED    4.84
Pose 20
  rotamer 0 3.440391 True
  rotamer 1 5.421482 False
  rotamer 2 6.432712 False
  rotamer 3 3.359282 True
  rotamer 4 6.644918 False
  rotamer 5 4.658193 True
  rotamer 6 4.160032 True
RETAINED    3.36
Pose 21
  rotamer 0 4.535734 True
  rotamer 1 6.073941 False
  rotamer 2 7.477576 False
  rotamer 3 4.299414 True
  rotamer 4 7.603007 False
  rotamer 5 5.302944 False
  rotamer 6 5.339391 False
RETAINED    4.30
Pose 22
  rotamer 0 4.325331 True
  rotamer 1 5.560894 False
  rotamer 2 7.220540 False
  rotamer 3 3.968749 True
  rotamer 4 7.276173 False
  rotamer 5 4.787919 True
  rotamer 6 5.212833 False
RETAINED    3.97
Pose 23
  rotamer 0 5.884552 False
  rotamer 1 6.427635 False
  rotamer 2 8.562894 False
  rotamer 3 5.378724 False
  rotamer 4 8.484281 False
  rotamer 5 5.722096 False
  rotamer 6 6.829725 False
DISCARDED    5.38
Pose 24
  rotamer 0 4.305242 True
  rotamer 1 5.721490 False
  rotamer 2 7.247903 False
  rotamer 3 4.008664 True
  rotamer 4 7.341288 False
  rotamer 5 4.943263 True
  rotamer 6 5.159020 False
RETAINED    4.01
Pose 25
  rotamer 0 5.367833 False
  rotamer 1 6.645096 False
  rotamer 2 8.297102 False
  rotamer 3 5.048836 False
  rotamer 4 8.368171 False
  rotamer 5 5.874714 False
  rotamer 6 6.223905 False
DISCARDED    5.05
Pose 26
  rotamer 0 5.362933 False
  rotamer 1 6.641597 False
  rotamer 2 8.292452 False
  rotamer 3 5.044297 False
  rotamer 4 8.363800 False
  rotamer 5 5.871138 False
  rotamer 6 6.218819 False
DISCARDED    5.04
Pose 27
  rotamer 0 2.512699 True
  rotamer 1 4.556786 True
  rotamer 2 5.498198 False
  rotamer 3 2.437187 True
  rotamer 4 5.705212 False
  rotamer 5 3.809722 True
  rotamer 6 3.266582 True
RETAINED    2.44
Pose 28
  rotamer 0 5.355064 False
  rotamer 1 6.628962 False
  rotamer 2 8.283546 False
  rotamer 3 5.034663 False
  rotamer 4 8.353779 False
  rotamer 5 5.858609 False
  rotamer 6 6.212187 False
DISCARDED    5.03
Pose 29
  rotamer 0 5.344829 False
  rotamer 1 6.102845 False
  rotamer 2 8.107394 False
  rotamer 3 4.876855 True
  rotamer 4 8.070375 False
  rotamer 5 5.366931 False
  rotamer 6 6.279897 False
RETAINED    4.88
Pose 30
  rotamer 0 6.318353 False
  rotamer 1 6.930101 False
  rotamer 2 9.044225 False
  rotamer 3 5.832740 False
  rotamer 4 8.978454 False
  rotamer 5 6.218466 False
  rotamer 6 7.257292 False
DISCARDED    5.83
Pose 31
  rotamer 0 6.042092 False
  rotamer 1 6.600856 False
  rotamer 2 8.739769 False
  rotamer 3 5.539732 False
  rotamer 4 8.663458 False
  rotamer 5 5.892488 False
  rotamer 6 6.988511 False
DISCARDED    5.54
Pose 32
  rotamer 0 4.657731 True
  rotamer 1 6.136625 False
  rotamer 2 7.585511 False
  rotamer 3 4.404210 True
  rotamer 4 7.699276 False
  rotamer 5 5.368037 False
  rotamer 6 5.469845 False
RETAINED    4.40
Pose 33
  rotamer 0 5.218759 False
  rotamer 1 5.996025 False
  rotamer 2 7.980315 False
  rotamer 3 4.754626 True
  rotamer 4 7.947376 False
  rotamer 5 5.258747 False
  rotamer 6 6.151071 False
RETAINED    4.75
Pose 34
  rotamer 0 4.934601 True
  rotamer 1 5.878025 False
  rotamer 2 7.752633 False
  rotamer 3 4.507036 True
  rotamer 4 7.751921 False
  rotamer 5 5.124415 False
  rotamer 6 5.852912 False
RETAINED    4.51
Pose 35
  rotamer 0 5.972581 False
  rotamer 1 6.845781 False
  rotamer 2 8.792268 False
  rotamer 3 5.546343 False
  rotamer 4 8.779639 False
  rotamer 5 6.105157 False
  rotamer 6 6.885561 False
DISCARDED    5.55
Pose 36
  rotamer 0 4.963936 True
  rotamer 1 5.939166 False
  rotamer 2 7.793449 False
  rotamer 3 4.546072 True
  rotamer 4 7.799267 False
  rotamer 5 5.183774 False
  rotamer 6 5.877323 False
RETAINED    4.55
Pose 37
  rotamer 0 4.977498 True
  rotamer 1 5.956654 False
  rotamer 2 7.808618 False
  rotamer 3 4.561092 True
  rotamer 4 7.815284 False
  rotamer 5 5.201140 False
  rotamer 6 5.890062 False
RETAINED    4.56
Pose 38
  rotamer 0 4.464880 True
  rotamer 1 5.910189 False
  rotamer 2 7.410297 False
  rotamer 3 4.185199 True
  rotamer 4 7.512107 False
  rotamer 5 5.133795 False
  rotamer 6 5.304137 False
RETAINED    4.19
Pose 39
  rotamer 0 5.240659 False
  rotamer 1 6.025585 False
  rotamer 2 8.005644 False
  rotamer 3 4.779006 True
  rotamer 4 7.974262 False
  rotamer 5 5.287909 False
  rotamer 6 6.171774 False
RETAINED    4.78
Pose 40
  rotamer 0 4.458505 True
  rotamer 1 5.900102 False
  rotamer 2 7.403275 False
  rotamer 3 4.177252 True
  rotamer 4 7.504189 False
  rotamer 5 5.123684 False
  rotamer 6 5.298910 False
RETAINED    4.18
Pose 41
  rotamer 0 4.507638 True
  rotamer 1 5.929301 False
  rotamer 2 7.448665 False
  rotamer 3 4.220693 True
  rotamer 4 7.545698 False
  rotamer 5 5.153476 False
  rotamer 6 5.350873 False
RETAINED    4.22
Pose 42
  rotamer 0 4.564928 True
  rotamer 1 5.980601 False
  rotamer 2 7.506000 False
  rotamer 3 4.277186 True
  rotamer 4 7.602192 False
  rotamer 5 5.204944 False
  rotamer 6 5.408021 False
RETAINED    4.28
Pose 43
  rotamer 0 5.804980 False
  rotamer 1 6.411726 False
  rotamer 2 8.515854 False
  rotamer 3 5.310047 False
  rotamer 4 8.449261 False
  rotamer 5 5.696057 False
  rotamer 6 6.748692 False
DISCARDED    5.31
Pose 44
  rotamer 0 5.324371 False
  rotamer 1 6.153459 False
  rotamer 2 8.108519 False
  rotamer 3 4.875857 True
  rotamer 4 8.086060 False
  rotamer 5 5.412789 False
  rotamer 6 6.249390 False
RETAINED    4.88
Pose 45
  rotamer 0 3.774329 True
  rotamer 1 5.818266 False
  rotamer 2 6.760767 False
  rotamer 3 3.733079 True
  rotamer 4 6.995785 False
  rotamer 5 5.057153 False
  rotamer 6 4.449666 True
RETAINED    3.73
Pose 46
  rotamer 0 4.357426 True
  rotamer 1 6.011623 False
  rotamer 2 7.344859 False
  rotamer 3 4.150843 True
  rotamer 4 7.491718 False
  rotamer 5 5.231602 False
  rotamer 6 5.151457 False
RETAINED    4.15
Pose 47
  rotamer 0 5.278112 False
  rotamer 1 6.094940 False
  rotamer 2 8.056302 False
  rotamer 3 4.825474 True
  rotamer 4 8.031321 False
  rotamer 5 5.354913 False
  rotamer 6 6.205140 False
RETAINED    4.83
Pose 48
  rotamer 0 6.450830 False
  rotamer 1 7.339170 False
  rotamer 2 9.285624 False
  rotamer 3 6.035776 False
  rotamer 4 9.277032 False
  rotamer 5 6.600151 False
  rotamer 6 7.356328 False
DISCARDED    6.04
Pose 49
  rotamer 0 6.516289 False
  rotamer 1 7.287553 False
  rotamer 2 9.306911 False
  rotamer 3 6.072952 False
  rotamer 4 9.274127 False
  rotamer 5 6.561108 False
  rotamer 6 7.434897 False
DISCARDED    6.07
Pose 50
  rotamer 0 4.581476 True
  rotamer 1 6.176558 False
  rotamer 2 7.560838 False
  rotamer 3 4.357901 True
  rotamer 4 7.696829 False
  rotamer 5 5.397140 False
  rotamer 6 5.383161 False
RETAINED    4.36
Stage <decoy_phenyl   (    0) JoinPoseReceptor0> takes 13 seconds

Ending Time: 01-19-2015 13:58:44
