Starting Time: 01-19-2015 13:58:27
Duplication criterion: displacement cutoff:     1.3
Kept 1 decoy_phenyl
Kept 2 decoy_phenyl
Removed 3 decoy_phenyl
Kept 4 decoy_phenyl
Kept 5 decoy_phenyl
Kept 6 decoy_phenyl
Kept 7 decoy_phenyl
Kept 8 decoy_phenyl
Removed 9 decoy_phenyl
Kept 10 decoy_phenyl
Removed 11 decoy_phenyl
Removed 12 decoy_phenyl
Kept 13 decoy_phenyl
Kept 14 decoy_phenyl
Kept 15 decoy_phenyl
Kept 16 decoy_phenyl
Removed 17 decoy_phenyl
Kept 18 decoy_phenyl
Kept 19 decoy_phenyl
Kept 20 decoy_phenyl
Removed 21 decoy_phenyl
Kept 22 decoy_phenyl
Kept 23 decoy_phenyl
Removed 24 decoy_phenyl
Kept 25 decoy_phenyl
Kept 26 decoy_phenyl
Kept 27 decoy_phenyl
Removed 28 decoy_phenyl
Kept 29 decoy_phenyl
Kept 30 decoy_phenyl
Kept 31 decoy_phenyl
Kept 32 decoy_phenyl
Kept 33 decoy_phenyl
Kept 34 decoy_phenyl
Removed 35 decoy_phenyl
Removed 36 decoy_phenyl
Kept 37 decoy_phenyl
Kept 38 decoy_phenyl
Removed 39 decoy_phenyl
Kept 40 decoy_phenyl
Removed 41 decoy_phenyl
Kept 42 decoy_phenyl
Kept 43 decoy_phenyl
Removed 44 decoy_phenyl
Kept 45 decoy_phenyl
Kept 46 decoy_phenyl
Kept 47 decoy_phenyl
Removed 48 decoy_phenyl
Kept 49 decoy_phenyl
Removed 50 decoy_phenyl
Kept 51 decoy_phenyl
Kept 52 decoy_phenyl
Kept 53 decoy_phenyl
Kept 54 decoy_phenyl
Removed 55 decoy_phenyl
Kept 56 decoy_phenyl
Kept 57 decoy_phenyl
Removed 58 decoy_phenyl
Removed 59 decoy_phenyl
Kept 60 decoy_phenyl
Removed 61 decoy_phenyl
Kept 62 decoy_phenyl
Kept 63 decoy_phenyl
Removed 64 decoy_phenyl
Kept 65 decoy_phenyl
Kept 66 decoy_phenyl
Removed 67 decoy_phenyl
Removed 68 decoy_phenyl
Removed 69 decoy_phenyl
Removed 70 decoy_phenyl
Kept 71 decoy_phenyl
Kept 72 decoy_phenyl
Removed 73 decoy_phenyl
Kept 74 decoy_phenyl
Kept 75 decoy_phenyl
Kept 76 decoy_phenyl
Remaining poses: 51
Stage <decoy_phenyl   (    0) UniquePoses0> takes 0 seconds

Ending Time: 01-19-2015 13:58:28
