----- Output (stdout) -----
 
 Environmental variable BMIN_NO_JOBCONTROL is set.
 Jobcontrol will not be used.
 BatchMin V10.6    Build  106013  Starting Time 19-Jan-2015 13:53:40
 MacroModel. Copyright Schrodinger, LLC.
 All rights reserved.
 set_stacksize: stacksize limit raised to 4294967295l kb for F90 auto. array allocation.

 Input filename:  Subjob00001--Sample_3_mmffs_vac-in.maegz
 Output filename: Subjob00001--Sample_3_mmffs_vac-out.mae
 Seed used: 658461
 Atom-type file: /cbio/jclab/share/schrodinger/schrodinger2014-4/mmshare-v28013/bin/Linux-x86_64/../../data/atom.typ
 Force field: /cbio/jclab/share/schrodinger/schrodinger2014-4/macromodel-v106013/bin/Linux-x86_64/../../data/f10.fld
 BMFF process: "/cbio/jclab/share/schrodinger/schrodinger2014-4/macromodel-v106013/bin/Linux-x86_64/mmff_setup" -mmffs
 MMFF parameters are being taken from directory:
  /cbio/jclab/share/schrodinger/schrodinger2014-4/macromodel-v106013/bin/Linux-x86_64/../../data/f10/

 *** This calculation will use the MMFF94S force field ***
   (promotes planarity at delocalized trigonal nitrogens)
   (preferred for comparison with crystal structures)

 Supplementary parameter file: /cbio/jclab/share/schrodinger/schrodinger2014-4/macromodel-v106013/bin/Linux-x86_64/../../data/f10/MMFFSUP.PAR

   99 ATOM-TYPE DEFINITIONS READ FROM MMFFDEF.PAR
   95 MMFF ATOM-TYPE PROPERTY RECORDS READ FROM MMFFPROP.PAR
  212 SYMBOLIC-NUMERIC ATOM-TYPE DEFINITIONS READ FROM MMFFSYMB.PAR
   58 MMFF DEFAULT-RULE STRECHING CONSTANTS READ FROM MMFFBNDK.PAR
  102 MMFF HYDROGEN SYMBOLIC TYPE DEFINITIONS READ FROM MMFFHDEF.PAR
   45 MMFF AROMATIC SYMBOLIC TYPE DEFINITIONS READ FROM MMFFAROM.PAR
   99 VDW PARAMETERS READ FROM MMFFVDW.PAR
  493 BOND STRETCHING PARAMETERS READ FROM MMFFBOND.PAR
  498 BOND-INCREMENT CHARGES READ FROM MMFFCHG.PAR
   98 PARTIAL-BOND-INCREMENT CHARGES READ FROM MMFFPBCI.PAR
 2342 ANGLE-BENDING PARAMETERS READ FROM MMFFANG.PAR
  282 STRETCH-BEND PARAMETERS READ FROM MMFFSTBN.PAR
   30 DEFAULT STRETCH-BEND PARAMETERS READ FROM MMFFDFSB.PAR
  117 OUT-OF-PLANE PARAMETERS READ FROM MMFFSOOP.PAR
  926 TORSION PARAMETERS READ FROM MMFFSTOR.PAR
 
 Read    44 atoms. Structure name, if any, appears on next line: 
 decoy_phenyl
 Monte Carlo Multiple Minimum Search requested
MCNV specified 0 in arg1 or arg2;  default values will be assigned later
 Setting the maximum number of structures  to save (MAXMCM_SAVE) to            1
 Non-conformer Serial Search requested
 Number of steps set to :         100

 RING  1 HAS   1 SUBRINGS
 SUBRING  1 has  2 PI electrons

 RING  2 HAS   2 SUBRINGS
 SUBRING  1 has  4 PI electrons
 SUBRING  2 has  6 PI electrons
 SUBRING  2 IS AROMATIC

 RING  3 HAS   1 SUBRINGS
 SUBRING  1 has  6 PI electrons
 SUBRING  1 IS AROMATIC
 Quality of Force Field Parameters in Use:
   Numbers of high, medium and low quality stretch parameters =   46    0    1
   Numbers of high, medium and low quality bend parameters    =   71    0   11
   Numbers of high, medium and low quality torsion parameters =   83    0   41
   Interactions examined:        253 of        253 total, including unused params.
 WARNING - Conformational Energies May Not Be Accurate
      Stretch total=       47   constrained=        0
         Bend total=       82   constrained=        0        linear=        0
      Torsion total=      175   constrained=        0  out-of-plane=       51
    Nonbonded total=      777      H-bonded=        0      ordinary=      777
  Nonbonded cutoffs: CutVdw=   8.00    ;  CutEs=   20.0    
 Starting truncated Newton minimization.
          Step     1 New global minimum.  E (kJ/mol) =      487.19
 
Interim report; processing .tmp file:
    5 unique conformations found so far
    5 minimized with good convergence
Found     1 confs within  1.00 kcal/mol ( 4.18 kJ/mol) of glob. min.
Found     2 confs within  2.00 kcal/mol ( 8.37 kJ/mol) of glob. min.
Found     4 confs within  5.00 kcal/mol (20.92 kJ/mol) of glob. min.
Found     5 confs within 10.00 kcal/mol (41.84 kJ/mol) of glob. min.
Global minimum E =    487.19 found     2 times.
   10 steps performed so far, out of   100
 E of low-energy structures above global min [kJ/mol],  and no. times found:
    E:  0.00  5.12 17.11 17.27 24.85
  No.:     2     2     2     2     2
 
 
Interim report; processing .tmp file:
    5 unique conformations found so far
    5 minimized with good convergence
Found     1 confs within  1.00 kcal/mol ( 4.18 kJ/mol) of glob. min.
Found     2 confs within  2.00 kcal/mol ( 8.37 kJ/mol) of glob. min.
Found     4 confs within  5.00 kcal/mol (20.92 kJ/mol) of glob. min.
Found     5 confs within 10.00 kcal/mol (41.84 kJ/mol) of glob. min.
Global minimum E =    487.19 found     5 times.
   20 steps performed so far, out of   100
 E of low-energy structures above global min [kJ/mol],  and no. times found:
    E:  0.00  5.12 17.11 17.27 24.85
  No.:     5     3     4     3     5
 
 
Interim report; processing .tmp file:
    7 unique conformations found so far
    7 minimized with good convergence
Found     1 confs within  1.00 kcal/mol ( 4.18 kJ/mol) of glob. min.
Found     2 confs within  2.00 kcal/mol ( 8.37 kJ/mol) of glob. min.
Found     4 confs within  5.00 kcal/mol (20.92 kJ/mol) of glob. min.
Found     7 confs within 10.00 kcal/mol (41.84 kJ/mol) of glob. min.
Global minimum E =    487.19 found     8 times.
   30 steps performed so far, out of   100
 E of low-energy structures above global min [kJ/mol],  and no. times found:
    E:  0.00  5.12 17.11 17.27 24.85 29.48 30.34
  No.:     8     3     6     3     7     2     1
 
 
Interim report; processing .tmp file:
    7 unique conformations found so far
    7 minimized with good convergence
Found     1 confs within  1.00 kcal/mol ( 4.18 kJ/mol) of glob. min.
Found     2 confs within  2.00 kcal/mol ( 8.37 kJ/mol) of glob. min.
Found     4 confs within  5.00 kcal/mol (20.92 kJ/mol) of glob. min.
Found     7 confs within 10.00 kcal/mol (41.84 kJ/mol) of glob. min.
Global minimum E =    487.19 found    12 times.
   40 steps performed so far, out of   100
 E of low-energy structures above global min [kJ/mol],  and no. times found:
    E:  0.00  5.12 17.11 17.27 24.85 29.48 30.34
  No.:    12     3     8     3     8     3     3
 
 
Interim report; processing .tmp file:
    7 unique conformations found so far
    7 minimized with good convergence
Found     1 confs within  1.00 kcal/mol ( 4.18 kJ/mol) of glob. min.
Found     2 confs within  2.00 kcal/mol ( 8.37 kJ/mol) of glob. min.
Found     4 confs within  5.00 kcal/mol (20.92 kJ/mol) of glob. min.
Found     7 confs within 10.00 kcal/mol (41.84 kJ/mol) of glob. min.
Global minimum E =    487.19 found    15 times.
   50 steps performed so far, out of   100
 E of low-energy structures above global min [kJ/mol],  and no. times found:
    E:  0.00  5.12 17.11 17.27 24.85 29.48 30.34
  No.:    15     3    11     4    10     3     4
 
 
Interim report; processing .tmp file:
    8 unique conformations found so far
    8 minimized with good convergence
Found     1 confs within  1.00 kcal/mol ( 4.18 kJ/mol) of glob. min.
Found     2 confs within  2.00 kcal/mol ( 8.37 kJ/mol) of glob. min.
Found     4 confs within  5.00 kcal/mol (20.92 kJ/mol) of glob. min.
Found     8 confs within 10.00 kcal/mol (41.84 kJ/mol) of glob. min.
Global minimum E =    487.19 found    16 times.
   60 steps performed so far, out of   100
 E of low-energy structures above global min [kJ/mol],  and no. times found:
    E:  0.00  5.12 17.11 17.27 24.85 29.48 30.34 32.04
  No.:    16     4    14     4    12     3     5     2
 
 
Interim report; processing .tmp file:
    8 unique conformations found so far
    8 minimized with good convergence
Found     1 confs within  1.00 kcal/mol ( 4.18 kJ/mol) of glob. min.
Found     2 confs within  2.00 kcal/mol ( 8.37 kJ/mol) of glob. min.
Found     4 confs within  5.00 kcal/mol (20.92 kJ/mol) of glob. min.
Found     8 confs within 10.00 kcal/mol (41.84 kJ/mol) of glob. min.
Global minimum E =    487.19 found    20 times.
   70 steps performed so far, out of   100
 E of low-energy structures above global min [kJ/mol],  and no. times found:
    E:  0.00  5.12 17.11 17.27 24.85 29.48 30.34 32.04
  No.:    20     5    16     4    13     3     6     3
 
 
Interim report; processing .tmp file:
    8 unique conformations found so far
    8 minimized with good convergence
Found     1 confs within  1.00 kcal/mol ( 4.18 kJ/mol) of glob. min.
Found     2 confs within  2.00 kcal/mol ( 8.37 kJ/mol) of glob. min.
Found     4 confs within  5.00 kcal/mol (20.92 kJ/mol) of glob. min.
Found     8 confs within 10.00 kcal/mol (41.84 kJ/mol) of glob. min.
Global minimum E =    487.19 found    20 times.
   80 steps performed so far, out of   100
 E of low-energy structures above global min [kJ/mol],  and no. times found:
    E:  0.00  5.12 17.11 17.27 24.85 29.48 30.34 32.04
  No.:    20     7    16     4    17     6     6     4
 
 
Interim report; processing .tmp file:
    8 unique conformations found so far
    8 minimized with good convergence
Found     1 confs within  1.00 kcal/mol ( 4.18 kJ/mol) of glob. min.
Found     2 confs within  2.00 kcal/mol ( 8.37 kJ/mol) of glob. min.
Found     4 confs within  5.00 kcal/mol (20.92 kJ/mol) of glob. min.
Found     8 confs within 10.00 kcal/mol (41.84 kJ/mol) of glob. min.
Global minimum E =    487.19 found    22 times.
   90 steps performed so far, out of   100
 E of low-energy structures above global min [kJ/mol],  and no. times found:
    E:  0.00  5.12 17.11 17.27 24.85 29.48 30.34 32.04
  No.:    22     8    18     5    19     6     7     5
 
         100  structures minimised
           8  unique structures stored
           8  structures with good convergence
             Global Minimum   487.19073     kJ/mol
 
 
Final report; processing .tmp file:
    8 unique conformations found so far
    8 minimized with good convergence
Found     1 confs within  1.00 kcal/mol ( 4.18 kJ/mol) of glob. min.
Found     2 confs within  2.00 kcal/mol ( 8.37 kJ/mol) of glob. min.
Found     4 confs within  5.00 kcal/mol (20.92 kJ/mol) of glob. min.
Found     8 confs within 10.00 kcal/mol (41.84 kJ/mol) of glob. min.
Global minimum E =    487.19 found    23 times.
  100 steps performed so far, out of   100
 E of low-energy structures above global min [kJ/mol],  and no. times found:
    E:  0.00  5.12 17.11 17.27 24.85 29.48 30.34 32.04
  No.:    23    11    19     6    19     7     8     7
 
Input structure with title on the next line is given SerNo:        1
decoy_phenyl
Auto summary for input structure      1:
 Total number of structures processed =         100
 Conformations with poor convergence marked with a *
 Conformation       1 (    487.1907     kJ/mol) was found    23 times
 Conformation       2 (    492.3077     kJ/mol) was found    11 times
 Conformation       3 (    504.2987     kJ/mol) was found    19 times
 Conformation       4 (    504.4622     kJ/mol) was found     6 times
 Conformation       5 (    512.0456     kJ/mol) was found    19 times
 Conformation       6 (    516.6716     kJ/mol) was found     7 times
 Conformation       7 (    517.5356     kJ/mol) was found     8 times
 Conformation       8 (    519.2329     kJ/mol) was found     7 times
 *** Note only            1 (MAXMCM_SAVE) structures 
     written to the output structure file.  As requested.
           *** MC Statistics ***
 Percent of minimized structures within energetic window:   100.0000    
 Average number of duplicates:     12.50000    
 Duplication standard deviation:   6.761234    
        1245  structures generated
        1083  rejected by ring closure
          63  rejected by van der Waals
          92  duplicate minimised structures
 
BatchMin: normal termination                           19-Jan-2015 13:53:49
STARTUP COMMAND:
/cbio/jclab/share/schrodinger/schrodinger2014-4/macromodel-v106013/bin/Linux-x86_64/bmin
MMSHARE_EXEC:/cbio/jclab/share/schrodinger/schrodinger2014-4/mmshare-v28013/bin/Linux-x86_64

real	0.0m9.71000000089s
user	0.0m0.0s
sys	0.0m0.0s
RUNNING: python "/cbio/jclab/share/schrodinger/schrodinger2014-4/macromodel-v106013/bin/Linux-x86_64/bmin_startup.py" -NO_REDIRECT Subjob00001--Sample_3_mmffs_vac
