 Entering IMPACT execution environment 
 Date: Monday, January 19 2015, at 13:52:05 EST
 ---------------------------------------------------------------------------
 Glide version 65013
 mmshare version        28013
 Copyright (c) Schrodinger, LLC.
 All Rights Reserved.

 For hardware platform Linux-x86_64.openmpi
 Compiled on: Fri Nov 7 18:58:43 EST 2014
 Host: Linux gpu-3-8.local 2.6.32-358.18.1.el6.x86_64 #1 SMP Wed Aug 28 17:19:38 UTC 2013 x86_64
 Job Name: Subjob00001--CreateGrid
 JobId:    gpu-3-8-0-54bd5254
 SCHRODINGER  directory: /cbio/jclab/share/schrodinger/schrodinger2014-4
 IMPACT_EXEC  directory: /cbio/jclab/share/schrodinger/schrodinger2014-4/impact-v65013/bin/Linux-x86_64
 MMSHARE_EXEC directory: /cbio/jclab/share/schrodinger/schrodinger2014-4/mmshare-v28013/bin/Linux-x86_64

 This software contains material that is a copyrighted
 work of, and that is licensed from, Rutgers,
 the State University of New Jersey.

 This software is provided under license and may be 
 used, copied, transmitted, and stored only in accordance
 with the terms and conditions of that license.
 ---------------------------------------------------------------------------

 Job title:        "Subjob00001--CreateGrid"
 Main output file: Subjob00001--CreateGrid.out

                             - Input command file -
 ---------------------------------------------------------------------------
write file -
"Subjob00001--CreateGrid.out" -
  title -
"Subjob00001--CreateGrid" -
  *
SET FFIELD OPLS_2005
CREATE
  build primary name recep type auto  read maestro file -
"Subjob00001--CreateGrid-in.maegz"
  build types name recep
QUIT
DOCK
  smooth anneal 2
  receptor rdiel name recep  constraints loosegrid 2 ncons 1  nposit 1   -
  xpos 28.930784 ypos 4.110439 zpos 1.612451 rpos 8.000000 constitle -
"pos1" -
    writezip -
"Subjob00001--CreateGrid-out" -
    writerdiel  protvdwscale factor 1.000000 ccut 0.250000  box center read  -
  xcent 30.967508 ycent 7.069185 zcent -1.846437  boxxrange 23.412664  -
  boxyrange 23.412664 boxzrange 23.412664  actxrange 23.412664 actyrange  -
  23.412664 actzrange 23.412664
  screen  greedy  box center read xcent 30.967508 ycent 7.069185 zcent -1.846437   -
  ligxrange 10.000000 ligyrange 10.000000 ligzrange 10.000000  writescreen -
"Subjob00001--CreateGrid-out.save" -
    writegreed -
"Subjob00001--CreateGrid-out_greedy.save" -
    maxkeep 5000 scorecut 100.000000
  parameter clean
  final glidescore
  run
QUIT
END
 ---------------------------------------------------------------------------

                             - End of input file -


 ---------------------------------
 Beginning IMPACT task: CREA
 Beginning CREATE subtask BUIL                                                  
 Beginning CREATE subtask BUIL                                                  
%IMPACT-I(foldmain): calling OPLS_2005 atomtyping ...
%IMPACT-I(foldmain): finished parameter assignment
 Beginning CREATE subtask QUIT                                                  

 ---------------------------------
 Beginning IMPACT task: DOCK
 Beginning DOCK subtask SMOO                                                    
 Beginning DOCK subtask RECE                                                    
 VdW radii of protein atoms scaled by    1.00000000000000     
 Charge cutoff for polarity  0.250000000000000     
%IMPACT-I (info): At line  22
 %IMPACT-I: Glide will write receptor constraints info to file: "
 Subjob00001--CreateGrid-out.cons"
 Beginning DOCK subtask SCRE                                                    
 Beginning DOCK subtask PARA                                                    
 Beginning DOCK subtask FINA                                                    
 Beginning DOCK subtask RUN                                                     
%IMPACT-I (openwt): Request to open FORMATTED file Subjob00001--CreateGrid-out.csc on unit  40
%IMPACT-I (xdrwt): File Subjob00001--CreateGrid-out.gsc opened for writing
 calcdsc time  user:        0.18  system:        0.00  elapse:        0.19
 calcgreed time  user:        0.01  system:        0.00  elapse:        0.01
 calcdscb time  user:        0.22  system:        0.00  elapse:        0.22
 CALCSITES calling blduserlig for CM range.
 calcsites time  user:        0.29  system:        0.00  elapse:        0.29
%IMPACT-I (openwt): Request to open FORMATTED file Subjob00001--CreateGrid-out.site on unit  45
 sitemap time  user:        0.73  system:        0.01  elapse:        0.81
 calcrecep time  user:        1.43  system:        0.01  elapse:        1.52
 Set up rough-score grid with dimensions(   24,    24,    24), spacing=    1.0
  125 acceptable sites for ligand center.
%IMPACT-I (openwt): Request to open FORMATTED file Subjob00001--CreateGrid-out.save on unit  44
%IMPACT-I (openwt): Request to open FORMATTED file Subjob00001--CreateGrid-out_greedy.save on unit  46
%IMPACT-I (openwt): Request to open FORMATTED file Subjob00001--CreateGrid-out.cons on unit  49
 Finished setting up rough-score screening.
 Getting receptor data ...
%IMPACT-I (xdrwt): File Subjob00001--CreateGrid-out.grd opened for writing
 Energy grid dimensions = (   64,    64,    64).
 makepot time  user:       32.71  system:        0.01  elapse:       33.92
%IMPACT-I (openwt): Request to open FORMATTED file Subjob00001--CreateGrid-out.vdwc on unit  88
%IMPACT-I (xdrwt): File Subjob00001--CreateGrid-out_coul2.fld opened for writing
%IMPACT-I (xdrwt): File Subjob00001--CreateGrid-out_vdw.fld opened for writing
 Beginning DOCK subtask QUIT                                                    
 dock time  user:       48.44  system:        0.89  elapse:       50.82

 ---------------------------------
 Beginning IMPACT task: END 
%IMPACT-I (memstat): Temporary storage statistics
                     real*8:       6006800
                     integer*4:    5750877
                     char*4:          3132
%IMPACT-I (memstat): Total dynamics storage was     71.07 MB
 Exiting IMPACT execution environment 
 Date: Monday, January 19 2015, at 13:53:00 EST
%IMPACT-I (timit): Total CPU time =      57.38 seconds (   1.0 minutes)
