Starting Time: 01-19-2015 13:54:18
Duplication criterion: displacement cutoff:     1.3
Kept 1 decoy_phenyl
Kept 2 decoy_phenyl
Kept 3 decoy_phenyl
Kept 4 decoy_phenyl
Kept 5 decoy_phenyl
Kept 6 decoy_phenyl
Kept 7 decoy_phenyl
Removed 8 decoy_phenyl
Removed 9 decoy_phenyl
Removed 10 decoy_phenyl
Removed 11 decoy_phenyl
Removed 12 decoy_phenyl
Removed 13 decoy_phenyl
Removed 14 decoy_phenyl
Kept 15 decoy_phenyl
Removed 16 decoy_phenyl
Removed 17 decoy_phenyl
Kept 18 decoy_phenyl
Kept 19 decoy_phenyl
Kept 20 decoy_phenyl
Kept 21 decoy_phenyl
Kept 22 decoy_phenyl
Kept 23 decoy_phenyl
Kept 24 decoy_phenyl
Removed 25 decoy_phenyl
Kept 26 decoy_phenyl
Removed 27 decoy_phenyl
Removed 28 decoy_phenyl
Kept 29 decoy_phenyl
Kept 30 decoy_phenyl
Kept 31 decoy_phenyl
Removed 32 decoy_phenyl
Kept 33 decoy_phenyl
Kept 34 decoy_phenyl
Kept 35 decoy_phenyl
Kept 36 decoy_phenyl
Removed 37 decoy_phenyl
Kept 38 decoy_phenyl
Kept 39 decoy_phenyl
Removed 40 decoy_phenyl
Kept 41 decoy_phenyl
Kept 42 decoy_phenyl
Removed 43 decoy_phenyl
Kept 44 decoy_phenyl
Kept 45 decoy_phenyl
Removed 46 decoy_phenyl
Kept 47 decoy_phenyl
Removed 48 decoy_phenyl
Kept 49 decoy_phenyl
Kept 50 decoy_phenyl
Kept 51 decoy_phenyl
Kept 52 decoy_phenyl
Kept 53 decoy_phenyl
Removed 54 decoy_phenyl
Kept 55 decoy_phenyl
Kept 56 decoy_phenyl
Removed 57 decoy_phenyl
Removed 58 decoy_phenyl
Kept 59 decoy_phenyl
Kept 60 decoy_phenyl
Removed 61 decoy_phenyl
Kept 62 decoy_phenyl
Kept 63 decoy_phenyl
Removed 64 decoy_phenyl
Kept 65 decoy_phenyl
Kept 66 decoy_phenyl
Remaining poses: 43
Stage <decoy_phenyl   (    0) UniquePoses0> takes 0 seconds

Ending Time: 01-19-2015 13:54:19
