 Entering IMPACT execution environment 
 Date: Monday, January 19 2015, at 13:52:04 EST
 ---------------------------------------------------------------------------
 Glide version 65013
 mmshare version        28013
 Copyright (c) Schrodinger, LLC.
 All Rights Reserved.

 For hardware platform Linux-x86_64.openmpi
 Compiled on: Fri Nov 7 18:58:43 EST 2014
 Host: Linux gpu-2-7.local 2.6.32-358.18.1.el6.x86_64 #1 SMP Wed Aug 28 17:19:38 UTC 2013 x86_64
 Job Name: Subjob00001--DockLigand0.glidetmp3616
 SCHRODINGER  directory: /cbio/jclab/share/schrodinger/schrodinger2014-4
 IMPACT_EXEC  directory: /cbio/jclab/share/schrodinger/schrodinger2014-4/impact-v65013/bin/Linux-x86_64
 MMSHARE_EXEC directory: /cbio/jclab/share/schrodinger/schrodinger2014-4/mmshare-v28013/bin/Linux-x86_64

 This software contains material that is a copyrighted
 work of, and that is licensed from, Rutgers,
 the State University of New Jersey.

 This software is provided under license and may be 
 used, copied, transmitted, and stored only in accordance
 with the terms and conditions of that license.
 ---------------------------------------------------------------------------

 Job title:        "Subjob00001--DockLigand0"
 Main output file: Subjob00001--DockLigand0.out

                             - Input command file -
 ---------------------------------------------------------------------------
write file -
"Subjob00001--DockLigand0.out" -
      title -
"Subjob00001--DockLigand0" *

PUT 0 INTO 'buildcheck'
PUT 1 INTO 'startlig'
PUT 0 INTO 'endlig'
PUT -1 INTO 'strucseq'

SET FFIELD OPLS_2005

DOCK
  smooth anneal 2
  ligand multiple maxat 300 maxrot 50 -
   ligvdwscale factor 0.800000 ccut 0.150000
  receptor rdiel readzip -
"Subjob00001--CreateGrid-out" -
  constraints  loosedock 2 featurefile -
"Subjob00001--DockLigand0.feat" -
   consname -
"Subjob00001--CreateGrid-out.cons"
  screen  readscreen -
"Subjob00001--CreateGrid-out.save" -
   greedy readgreed -
"Subjob00001--CreateGrid-out_greedy.save" -
   maxkeep 5000 scorecut 100.000000
  parameter setup save   maxconf 1000
  final glidescore
  report setup nreport 0   -
   external file -
"Subjob00001--DockLigand0_raw.maegz" -
   norecep -
   maxperlig 10 rmspose 0.500000 delpose 1.300000 epik
  run
QUIT

PUT 'startlig' INTO 'strucseq'
CREATE
  build primary name lig type auto maxat 300 -
   read maestro file -
"Subjob00001--DockLigand0-in.maegz" -
   gotostruct 'startlig' skip_recep
IF 'buildcheck' LT 0
QUIT
  IF 'buildcheck' EQ -1
    ECHO "END OF LIGAND FILE: Subjob00001--DockLigand0-in.maegz"
  ENDIF
  IF 'buildcheck' EQ -2
     ECHO "ERROR READING LIGAND FILE: Subjob00001--DockLigand0-in.maegz"
  ENDIF
    ECHO "No ligands read; aborting."
    GOTO ABORT
ELSE
  build types name lig
QUIT
ENDIF

PUT 'startlig' INTO 'i'
WHILE ('endlig' LT 1 OR 'i' LE 'endlig')

DOCK
  ligand name lig
  screen
  parameter save
  confgen  torsion amide penal name lig -
   ecut 12.000000
  run
QUIT

DOCK
  smooth anneal 2
  ligand keep
  screen noscore refine maxref 400
  parameter save
  minimize flex itmax 100 dielco 2.000000 -
   postdock 10 ligmin pmitmax 500
  scoring ecvdw 0.000000 hbfilt 0.000000 metalfilt 10.000000 gscorecut 100.000000
  report collect -
   rmspose 0.500000 delpose 1.300000
  run
QUIT
IF ('i' EQ 'endlig')
  ECHO "FINISHED REQUESTED RANGE IN LIGAND FILE: Subjob00001--DockLigand0-in.maegz"
ECHO "Proceeding with final processing of ligands."
  GOTO BREAK
ENDIF

PUT 'i' + 1 INTO 'strucseq'
CREATE
  build primary check name lig type auto maxat 300 -
   read maestro file -
"Subjob00001--DockLigand0-in.maegz" -
   nextstruct

IF 'buildcheck' LT 0
QUIT
  IF 'buildcheck' EQ -1
    ECHO "END OF LIGAND FILE: Subjob00001--DockLigand0-in.maegz"
  ENDIF
  IF 'buildcheck' EQ -2
     ECHO "ERROR READING LIGAND FILE: Subjob00001--DockLigand0-in.maegz"
  ENDIF
ECHO "Proceeding with final processing of ligands."
  GOTO BREAK
ELSE
  build types name lig
QUIT
ENDIF

PUT 'i' + 1 INTO 'i'
ENDWHILE
:BREAK

DOCK
  parameter clean final
  report -
   rmspose 0.500000 delpose 1.300000  write filename -
"Subjob00001--DockLigand0"
  run
QUIT
:ABORT

END
 ---------------------------------------------------------------------------

                             - End of input file -


 ---------------------------------
 Beginning IMPACT task: DOCK
 Beginning DOCK subtask SMOO                                                    
 Beginning DOCK subtask LIGA                                                    
 VdW radii of ligand atoms scaled by   0.800000000000000     
 Charge cutoff for polarity   0.150000000000000     
 Beginning DOCK subtask RECE                                                    
 Beginning DOCK subtask SCRE                                                    
 Beginning DOCK subtask PARA                                                    
 Beginning DOCK subtask FINA                                                    
 Beginning DOCK subtask REPO                                                    
 Beginning DOCK subtask RUN                                                     

GLIDE CONSTRAINTS APPLIED
-------------------------
  1 out of   1 constraints used from file "grid.3637/Subjob00001--CreateGrid-out.cons"
Labels and receptor types of constraints used are:
pos1 (Positional)

All docked poses must satisfy the specified number of
constraints in ALL of the following  1 groups.
Group   1: At least  1 of (pos1)


Rough-score grid dimensions = (   25,    25,    25).
 Set up rough-score grid with dimensions(   25,    25,    25), spacing=    1.0
  125 acceptable sites for ligand center.
 Finished setting up rough-score screening.
 Getting receptor data ...
%IMPACT-I (xdrrd): File grid.3637/Subjob00001--CreateGrid-out.grd opened for reading
 Energy grid dimensions = (   64,    64,    64).
%IMPACT-I (xdrrd): File grid.3637/Subjob00001--CreateGrid-out_coul2.fld opened for reading
%IMPACT-I (xdrrd): File grid.3637/Subjob00001--CreateGrid-out_vdw.fld opened for reading
%IMPACT-I (xdrrd): File grid.3637/Subjob00001--CreateGrid-out.gsc opened for reading
 Finished setting up grids.
 Beginning DOCK subtask QUIT                                                    
 dock time  user:        1.20  system:        0.11  elapse:        1.49

 ---------------------------------
 Beginning IMPACT task: CREA
 Beginning CREATE subtask BUIL                                                  
 Beginning CREATE subtask BUIL                                                  
%IMPACT-I(foldmain): calling OPLS_2005 atomtyping ...
%IMPACT-I(foldmain): finished parameter assignment
 Beginning CREATE subtask QUIT                                                  

 ---------------------------------
 Beginning IMPACT task: DOCK
 Beginning DOCK subtask LIGA                                                    
 Beginning DOCK subtask SCRE                                                    
 Beginning DOCK subtask PARA                                                    
 Beginning DOCK subtask CONF                                                    
     Energy parameters obtained from atomtyping: 
  
 ** Entering Conformation Generator ** 
  
  
  Penalizing non-planar amide torsions 
  
 Number of rotatable bonds            3
 Using templates for ring conformations.
 Total ring / N-inversion conformations     2
 Core rotatable bonds, max cores            3        1000
 confgen time  user:        0.11  system:        0.02  elapse:        0.32
 Beginning DOCK subtask RUN                                                     
 Beginning DOCK subtask QUIT                                                    
 dock time  user:        2.63  system:        0.14  elapse:        3.22

 ---------------------------------
 Beginning IMPACT task: DOCK
 Beginning DOCK subtask SMOO                                                    
 Beginning DOCK subtask LIGA                                                    
 Beginning DOCK subtask SCRE                                                    
 Beginning DOCK subtask PARA                                                    
 Beginning DOCK subtask MINI                                                    
 Beginning DOCK subtask SCOR                                                    

GlideScore version SP5.0 will be used

  
 Buried polar penalty      0.000
 Coulomb vdW cutoff        0.000
 H bond cutoff             0.000
 Metal-ligand cutoff      10.000
%IMPACT-I (info): At line  78
 %IMPACT-I: Assigning GlideScore SP5.0 parameters
 Beginning DOCK subtask REPO                                                    
 Beginning DOCK subtask RUN                                                     
Postdocking minimization:  10 poses; CvdW cutoffs   100.0 kcal/mol for min,     0.0 kcal/mol for report.
 
Pose  797 Emodel =  -36.80 original =  -22.56 E =  -33.63 GlideScore =   -5.45
 
Constraint(s) matched for ligand        1, pose    797
Score =     -5.453
Emodel =    -36.797

The output pose satisfies at least the following constraint(s).
pos1 (Type = Positional)
 
Constraint(s) matched for ligand        1, pose   1940
Score =     -5.475
Emodel =    -32.414

The output pose satisfies at least the following constraint(s).
pos1 (Type = Positional)
 
Constraint(s) matched for ligand        1, pose   1512
Score =     -1.747
Emodel =    -12.896

The output pose satisfies at least the following constraint(s).
pos1 (Type = Positional)
 
Constraint(s) matched for ligand        1, pose   2936
Score =     -1.558
Emodel =    -12.038

The output pose satisfies at least the following constraint(s).
pos1 (Type = Positional)
 
Constraint(s) matched for ligand        1, pose   1964
Score =     -1.558
Emodel =    -11.662

The output pose satisfies at least the following constraint(s).
pos1 (Type = Positional)
 
Constraint(s) matched for ligand        1, pose   2586
Score =     -1.765
Emodel =    -10.835

The output pose satisfies at least the following constraint(s).
pos1 (Type = Positional)
 
Constraint(s) matched for ligand        1, pose   2584
Score =     -1.450
Emodel =     -7.769

The output pose satisfies at least the following constraint(s).
pos1 (Type = Positional)
 
DOCKING RESULTS FOR LIGAND        1 (decoy_phenyl)
Lowest Efinal =    -33.63 Eint=      4.86 GlideScore =     -5.45, from pose   797, conf    13, lig        1
Best Emodel =    -36.80 E =    -33.63 Eint =     4.86 GlideScore =     -5.45  from pose   797, conf    13, lig        1
 Beginning DOCK subtask QUIT                                                    
 dock time  user:       15.89  system:        0.32  elapse:       16.69

 ---------------------------------
 Beginning IMPACT task: CREA
 Beginning CREATE subtask BUIL                                                  
 Beginning CREATE subtask BUIL                                                  
%IMPACT-I(foldmain): calling OPLS_2005 atomtyping ...
%IMPACT-I(foldmain): finished parameter assignment
 Beginning CREATE subtask QUIT                                                  

 ---------------------------------
 Beginning IMPACT task: DOCK
 Beginning DOCK subtask LIGA                                                    
 Beginning DOCK subtask SCRE                                                    
 Beginning DOCK subtask PARA                                                    
 Beginning DOCK subtask CONF                                                    
     Energy parameters obtained from atomtyping: 
  
 ** Entering Conformation Generator ** 
  
 Number of rotatable bonds            3
 Using templates for ring conformations.
 Total ring / N-inversion conformations     2
 Core rotatable bonds, max cores            3        1000
 confgen time  user:        0.19  system:        0.03  elapse:        0.41
 Beginning DOCK subtask RUN                                                     
 Beginning DOCK subtask QUIT                                                    
 dock time  user:       17.11  system:        0.33  elapse:       17.92

 ---------------------------------
 Beginning IMPACT task: DOCK
 Beginning DOCK subtask SMOO                                                    
 Beginning DOCK subtask LIGA                                                    
 Beginning DOCK subtask SCRE                                                    
 Beginning DOCK subtask PARA                                                    
 Beginning DOCK subtask MINI                                                    
 Beginning DOCK subtask SCOR                                                    
 Beginning DOCK subtask REPO                                                    
 Beginning DOCK subtask RUN                                                     
 
Pose 4077 Emodel =  -36.47 original =  -24.04 E =  -33.26 GlideScore =   -5.46
 
Constraint(s) matched for ligand        2, pose   4077
Score =     -5.459
Emodel =    -36.468

The output pose satisfies at least the following constraint(s).
pos1 (Type = Positional)
 
Constraint(s) matched for ligand        2, pose   1183
Score =     -5.327
Emodel =    -29.663

The output pose satisfies at least the following constraint(s).
pos1 (Type = Positional)
 
Constraint(s) matched for ligand        2, pose   4504
Score =     -1.549
Emodel =    -12.029

The output pose satisfies at least the following constraint(s).
pos1 (Type = Positional)
 
Constraint(s) matched for ligand        2, pose   4982
Score =     -1.803
Emodel =    -11.962

The output pose satisfies at least the following constraint(s).
pos1 (Type = Positional)
 
Constraint(s) matched for ligand        2, pose   2943
Score =     -1.462
Emodel =    -10.027

The output pose satisfies at least the following constraint(s).
pos1 (Type = Positional)
 
Constraint(s) matched for ligand        2, pose   4723
Score =     -1.516
Emodel =    -10.010

The output pose satisfies at least the following constraint(s).
pos1 (Type = Positional)
 
Constraint(s) matched for ligand        2, pose   1642
Score =     -1.426
Emodel =     -8.369

The output pose satisfies at least the following constraint(s).
pos1 (Type = Positional)
 
Constraint(s) matched for ligand        2, pose   1568
Score =     -1.310
Emodel =     -7.175

The output pose satisfies at least the following constraint(s).
pos1 (Type = Positional)
 
DOCKING RESULTS FOR LIGAND        2 (decoy_phenyl)
Lowest Efinal =    -33.26 Eint=      5.54 GlideScore =     -5.46, from pose  4077, conf     7, lig        2
Best Emodel =    -36.47 E =    -33.26 Eint =     5.54 GlideScore =     -5.46  from pose  4077, conf     7, lig        2
 Beginning DOCK subtask QUIT                                                    
 dock time  user:       32.95  system:        0.49  elapse:       34.03

 ---------------------------------
 Beginning IMPACT task: CREA
 Beginning CREATE subtask BUIL                                                  
 Beginning CREATE subtask BUIL                                                  
%IMPACT-I(foldmain): calling OPLS_2005 atomtyping ...
%IMPACT-I(foldmain): finished parameter assignment
 Beginning CREATE subtask QUIT                                                  

 ---------------------------------
 Beginning IMPACT task: DOCK
 Beginning DOCK subtask LIGA                                                    
 Beginning DOCK subtask SCRE                                                    
 Beginning DOCK subtask PARA                                                    
 Beginning DOCK subtask CONF                                                    
     Energy parameters obtained from atomtyping: 
  
 ** Entering Conformation Generator ** 
  
 Number of rotatable bonds            3
 Using templates for ring conformations.
 Total ring / N-inversion conformations     2
 Core rotatable bonds, max cores            3        1000
 confgen time  user:        0.27  system:        0.03  elapse:        0.50
 Beginning DOCK subtask RUN                                                     
 Beginning DOCK subtask QUIT                                                    
 dock time  user:       34.11  system:        0.49  elapse:       35.20

 ---------------------------------
 Beginning IMPACT task: DOCK
 Beginning DOCK subtask SMOO                                                    
 Beginning DOCK subtask LIGA                                                    
 Beginning DOCK subtask SCRE                                                    
 Beginning DOCK subtask PARA                                                    
 Beginning DOCK subtask MINI                                                    
 Beginning DOCK subtask SCOR                                                    
 Beginning DOCK subtask REPO                                                    
 Beginning DOCK subtask RUN                                                     
 
Pose 3622 Emodel =  -37.13 original =  -26.15 E =  -33.22 GlideScore =   -5.41
 
Constraint(s) matched for ligand        3, pose   3622
Score =     -5.412
Emodel =    -37.133

The output pose satisfies at least the following constraint(s).
pos1 (Type = Positional)
 
Constraint(s) matched for ligand        3, pose    898
Score =     -5.707
Emodel =    -33.934

The output pose satisfies at least the following constraint(s).
pos1 (Type = Positional)
 
Constraint(s) matched for ligand        3, pose   3226
Score =     -5.306
Emodel =    -30.633

The output pose satisfies at least the following constraint(s).
pos1 (Type = Positional)
 
Constraint(s) matched for ligand        3, pose   1857
Score =     -1.620
Emodel =    -11.760

The output pose satisfies at least the following constraint(s).
pos1 (Type = Positional)
 
Constraint(s) matched for ligand        3, pose   4559
Score =     -1.548
Emodel =    -11.741

The output pose satisfies at least the following constraint(s).
pos1 (Type = Positional)
 
Constraint(s) matched for ligand        3, pose   2966
Score =     -1.726
Emodel =    -10.818

The output pose satisfies at least the following constraint(s).
pos1 (Type = Positional)
 
Constraint(s) matched for ligand        3, pose   1355
Score =     -1.456
Emodel =    -10.338

The output pose satisfies at least the following constraint(s).
pos1 (Type = Positional)
 
Constraint(s) matched for ligand        3, pose   2387
Score =     -1.268
Emodel =     -7.923

The output pose satisfies at least the following constraint(s).
pos1 (Type = Positional)
 
Constraint(s) matched for ligand        3, pose    941
Score =     -1.051
Emodel =     -3.025

The output pose satisfies at least the following constraint(s).
pos1 (Type = Positional)
 
DOCKING RESULTS FOR LIGAND        3 (decoy_phenyl)
Lowest Efinal =    -33.22 Eint=      4.31 GlideScore =     -5.41, from pose  3622, conf     5, lig        3
Best Emodel =    -37.13 E =    -33.22 Eint =     4.31 GlideScore =     -5.41  from pose  3622, conf     5, lig        3
 Beginning DOCK subtask QUIT                                                    
 dock time  user:       48.95  system:        0.62  elapse:       50.20

 ---------------------------------
 Beginning IMPACT task: CREA
 Beginning CREATE subtask BUIL                                                  
 Beginning CREATE subtask BUIL                                                  
%IMPACT-I(foldmain): calling OPLS_2005 atomtyping ...
%IMPACT-I(foldmain): finished parameter assignment
 Beginning CREATE subtask QUIT                                                  

 ---------------------------------
 Beginning IMPACT task: DOCK
 Beginning DOCK subtask LIGA                                                    
 Beginning DOCK subtask SCRE                                                    
 Beginning DOCK subtask PARA                                                    
 Beginning DOCK subtask CONF                                                    
     Energy parameters obtained from atomtyping: 
  
 ** Entering Conformation Generator ** 
  
 Number of rotatable bonds            3
 Using templates for ring conformations.
 Total ring / N-inversion conformations     2
 Core rotatable bonds, max cores            3        1000
 confgen time  user:        0.32  system:        0.03  elapse:        0.56
 Beginning DOCK subtask RUN                                                     
 Beginning DOCK subtask QUIT                                                    
 dock time  user:       49.85  system:        0.62  elapse:       51.10

 ---------------------------------
 Beginning IMPACT task: DOCK
 Beginning DOCK subtask SMOO                                                    
 Beginning DOCK subtask LIGA                                                    
 Beginning DOCK subtask SCRE                                                    
 Beginning DOCK subtask PARA                                                    
 Beginning DOCK subtask MINI                                                    
 Beginning DOCK subtask SCOR                                                    
 Beginning DOCK subtask REPO                                                    
 Beginning DOCK subtask RUN                                                     
 
Pose 4110 Emodel =  -38.32 original =  -22.60 E =  -35.14 GlideScore =   -5.58
 
Constraint(s) matched for ligand        4, pose   4110
Score =     -5.581
Emodel =    -38.315

The output pose satisfies at least the following constraint(s).
pos1 (Type = Positional)
 
Constraint(s) matched for ligand        4, pose   2786
Score =     -5.251
Emodel =    -29.056

The output pose satisfies at least the following constraint(s).
pos1 (Type = Positional)
 
Constraint(s) matched for ligand        4, pose   1314
Score =     -1.729
Emodel =    -12.736

The output pose satisfies at least the following constraint(s).
pos1 (Type = Positional)
 
Constraint(s) matched for ligand        4, pose   1315
Score =     -1.558
Emodel =    -11.718

The output pose satisfies at least the following constraint(s).
pos1 (Type = Positional)
 
Constraint(s) matched for ligand        4, pose   3167
Score =     -1.664
Emodel =     -9.446

The output pose satisfies at least the following constraint(s).
pos1 (Type = Positional)
 
Constraint(s) matched for ligand        4, pose   3386
Score =     -1.404
Emodel =     -9.207

The output pose satisfies at least the following constraint(s).
pos1 (Type = Positional)
 
Constraint(s) matched for ligand        4, pose   4590
Score =     -1.581
Emodel =     -9.160

The output pose satisfies at least the following constraint(s).
pos1 (Type = Positional)
 
Constraint(s) matched for ligand        4, pose   3774
Score =     -1.483
Emodel =     -3.908

The output pose satisfies at least the following constraint(s).
pos1 (Type = Positional)
 
DOCKING RESULTS FOR LIGAND        4 (decoy_phenyl)
Lowest Efinal =    -35.14 Eint=      5.14 GlideScore =     -5.58, from pose  4110, conf     1, lig        4
Best Emodel =    -38.32 E =    -35.14 Eint =     5.14 GlideScore =     -5.58  from pose  4110, conf     1, lig        4
 Beginning DOCK subtask QUIT                                                    
 dock time  user:       64.21  system:        0.78  elapse:       65.66

 ---------------------------------
 Beginning IMPACT task: CREA
 Beginning CREATE subtask BUIL                                                  
 Beginning CREATE subtask BUIL                                                  
%IMPACT-I(foldmain): calling OPLS_2005 atomtyping ...
%IMPACT-I(foldmain): finished parameter assignment
 Beginning CREATE subtask QUIT                                                  

 ---------------------------------
 Beginning IMPACT task: DOCK
 Beginning DOCK subtask LIGA                                                    
 Beginning DOCK subtask SCRE                                                    
 Beginning DOCK subtask PARA                                                    
 Beginning DOCK subtask CONF                                                    
     Energy parameters obtained from atomtyping: 
  
 ** Entering Conformation Generator ** 
  
 Number of rotatable bonds            3
 Using templates for ring conformations.
 Total ring / N-inversion conformations     2
 Core rotatable bonds, max cores            3        1000
 confgen time  user:        0.40  system:        0.03  elapse:        0.64
 Beginning DOCK subtask RUN                                                     
 Beginning DOCK subtask QUIT                                                    
 dock time  user:       65.42  system:        0.79  elapse:       66.88

 ---------------------------------
 Beginning IMPACT task: DOCK
 Beginning DOCK subtask SMOO                                                    
 Beginning DOCK subtask LIGA                                                    
 Beginning DOCK subtask SCRE                                                    
 Beginning DOCK subtask PARA                                                    
 Beginning DOCK subtask MINI                                                    
 Beginning DOCK subtask SCOR                                                    
 Beginning DOCK subtask REPO                                                    
 Beginning DOCK subtask RUN                                                     
 
Pose 1976 Emodel =  -37.56 original =  -26.14 E =  -33.35 GlideScore =   -5.42
 
Constraint(s) matched for ligand        5, pose   1976
Score =     -5.424
Emodel =    -37.556

The output pose satisfies at least the following constraint(s).
pos1 (Type = Positional)
 
Constraint(s) matched for ligand        5, pose   4285
Score =     -5.306
Emodel =    -30.099

The output pose satisfies at least the following constraint(s).
pos1 (Type = Positional)
 
Constraint(s) matched for ligand        5, pose   2041
Score =     -1.391
Emodel =    -10.842

The output pose satisfies at least the following constraint(s).
pos1 (Type = Positional)
 
Constraint(s) matched for ligand        5, pose   4983
Score =     -1.532
Emodel =    -10.659

The output pose satisfies at least the following constraint(s).
pos1 (Type = Positional)
 
Constraint(s) matched for ligand        5, pose    822
Score =     -1.395
Emodel =     -9.671

The output pose satisfies at least the following constraint(s).
pos1 (Type = Positional)
 
Constraint(s) matched for ligand        5, pose   3786
Score =     -1.444
Emodel =     -7.883

The output pose satisfies at least the following constraint(s).
pos1 (Type = Positional)
 
Constraint(s) matched for ligand        5, pose   2696
Score =     -1.381
Emodel =     -4.931

The output pose satisfies at least the following constraint(s).
pos1 (Type = Positional)
 
Constraint(s) matched for ligand        5, pose   1646
Score =     -1.520
Emodel =     -3.966

The output pose satisfies at least the following constraint(s).
pos1 (Type = Positional)
 
DOCKING RESULTS FOR LIGAND        5 (decoy_phenyl)
Lowest Efinal =    -33.35 Eint=      3.64 GlideScore =     -5.42, from pose  1976, conf    10, lig        5
Best Emodel =    -37.56 E =    -33.35 Eint =     3.64 GlideScore =     -5.42  from pose  1976, conf    10, lig        5
 Beginning DOCK subtask QUIT                                                    
 dock time  user:       80.63  system:        0.93  elapse:       82.27

 ---------------------------------
 Beginning IMPACT task: CREA
 Beginning CREATE subtask BUIL                                                  
 Beginning CREATE subtask BUIL                                                  
%IMPACT-I(foldmain): calling OPLS_2005 atomtyping ...
%IMPACT-I(foldmain): finished parameter assignment
 Beginning CREATE subtask QUIT                                                  

 ---------------------------------
 Beginning IMPACT task: DOCK
 Beginning DOCK subtask LIGA                                                    
 Beginning DOCK subtask SCRE                                                    
 Beginning DOCK subtask PARA                                                    
 Beginning DOCK subtask CONF                                                    
     Energy parameters obtained from atomtyping: 
  
 ** Entering Conformation Generator ** 
  
 Number of rotatable bonds            3
 Using templates for ring conformations.
 Total ring / N-inversion conformations     2
 Core rotatable bonds, max cores            3        1000
 confgen time  user:        0.48  system:        0.04  elapse:        0.73
 Beginning DOCK subtask RUN                                                     
 Beginning DOCK subtask QUIT                                                    
 dock time  user:       81.75  system:        0.94  elapse:       83.40

 ---------------------------------
 Beginning IMPACT task: DOCK
 Beginning DOCK subtask SMOO                                                    
 Beginning DOCK subtask LIGA                                                    
 Beginning DOCK subtask SCRE                                                    
 Beginning DOCK subtask PARA                                                    
 Beginning DOCK subtask MINI                                                    
 Beginning DOCK subtask SCOR                                                    
 Beginning DOCK subtask REPO                                                    
 Beginning DOCK subtask RUN                                                     
 
Pose 3460 Emodel =  -34.94 original =  -19.16 E =  -33.37 GlideScore =   -5.46
 
Constraint(s) matched for ligand        6, pose   3460
Score =     -5.462
Emodel =    -34.940

The output pose satisfies at least the following constraint(s).
pos1 (Type = Positional)
 
Constraint(s) matched for ligand        6, pose   3945
Score =     -5.255
Emodel =    -28.246

The output pose satisfies at least the following constraint(s).
pos1 (Type = Positional)
 
Constraint(s) matched for ligand        6, pose   1637
Score =     -4.534
Emodel =    -23.006

The output pose satisfies at least the following constraint(s).
pos1 (Type = Positional)
 
Constraint(s) matched for ligand        6, pose   2006
Score =     -1.695
Emodel =     -9.746

The output pose satisfies at least the following constraint(s).
pos1 (Type = Positional)
 
Constraint(s) matched for ligand        6, pose   3378
Score =     -1.592
Emodel =     -9.529

The output pose satisfies at least the following constraint(s).
pos1 (Type = Positional)
 
Constraint(s) matched for ligand        6, pose   4164
Score =     -1.550
Emodel =     -4.572

The output pose satisfies at least the following constraint(s).
pos1 (Type = Positional)
 
Constraint(s) matched for ligand        6, pose   3577
Score =     -1.392
Emodel =     -3.725

The output pose satisfies at least the following constraint(s).
pos1 (Type = Positional)
 
Constraint(s) matched for ligand        6, pose   3457
Score =     -1.405
Emodel =     -3.169

The output pose satisfies at least the following constraint(s).
pos1 (Type = Positional)
 
DOCKING RESULTS FOR LIGAND        6 (decoy_phenyl)
Lowest Efinal =    -33.37 Eint=      6.76 GlideScore =     -5.46, from pose  3460, conf    16, lig        6
Best Emodel =    -34.94 E =    -33.37 Eint =     6.76 GlideScore =     -5.46  from pose  3460, conf    16, lig        6
 Beginning DOCK subtask QUIT                                                    
 dock time  user:       94.87  system:        1.07  elapse:       96.68

 ---------------------------------
 Beginning IMPACT task: CREA
 Beginning CREATE subtask BUIL                                                  
 Beginning CREATE subtask BUIL                                                  
%IMPACT-I(foldmain): calling OPLS_2005 atomtyping ...
%IMPACT-I(foldmain): finished parameter assignment
 Beginning CREATE subtask QUIT                                                  

 ---------------------------------
 Beginning IMPACT task: DOCK
 Beginning DOCK subtask LIGA                                                    
 Beginning DOCK subtask SCRE                                                    
 Beginning DOCK subtask PARA                                                    
 Beginning DOCK subtask CONF                                                    
     Energy parameters obtained from atomtyping: 
  
 ** Entering Conformation Generator ** 
  
 Number of rotatable bonds            3
 Using templates for ring conformations.
 Total ring / N-inversion conformations     2
 Core rotatable bonds, max cores            3        1000
 confgen time  user:        0.56  system:        0.04  elapse:        0.81
 Beginning DOCK subtask RUN                                                     
 Beginning DOCK subtask QUIT                                                    
 dock time  user:       96.03  system:        1.07  elapse:       97.84

 ---------------------------------
 Beginning IMPACT task: DOCK
 Beginning DOCK subtask SMOO                                                    
 Beginning DOCK subtask LIGA                                                    
 Beginning DOCK subtask SCRE                                                    
 Beginning DOCK subtask PARA                                                    
 Beginning DOCK subtask MINI                                                    
 Beginning DOCK subtask SCOR                                                    
 Beginning DOCK subtask REPO                                                    
 Beginning DOCK subtask RUN                                                     
 
Pose 2023 Emodel =  -37.62 original =  -17.18 E =  -35.27 GlideScore =   -5.61
 
Constraint(s) matched for ligand        7, pose   2023
Score =     -5.611
Emodel =    -37.619

The output pose satisfies at least the following constraint(s).
pos1 (Type = Positional)
 
Constraint(s) matched for ligand        7, pose   3727
Score =     -5.260
Emodel =    -28.708

The output pose satisfies at least the following constraint(s).
pos1 (Type = Positional)
 
Constraint(s) matched for ligand        7, pose    992
Score =     -1.744
Emodel =    -12.747

The output pose satisfies at least the following constraint(s).
pos1 (Type = Positional)
 
Constraint(s) matched for ligand        7, pose   2056
Score =     -1.758
Emodel =    -12.545

The output pose satisfies at least the following constraint(s).
pos1 (Type = Positional)
 
Constraint(s) matched for ligand        7, pose    644
Score =     -1.332
Emodel =     -9.732

The output pose satisfies at least the following constraint(s).
pos1 (Type = Positional)
 
Constraint(s) matched for ligand        7, pose   2767
Score =     -1.676
Emodel =     -9.326

The output pose satisfies at least the following constraint(s).
pos1 (Type = Positional)
 
Constraint(s) matched for ligand        7, pose   2619
Score =     -1.283
Emodel =     -5.340

The output pose satisfies at least the following constraint(s).
pos1 (Type = Positional)
 
Constraint(s) matched for ligand        7, pose   2816
Score =     -1.390
Emodel =     -2.546

The output pose satisfies at least the following constraint(s).
pos1 (Type = Positional)
 
Constraint(s) matched for ligand        7, pose   3076
Score =     -0.818
Emodel =     -0.402

The output pose satisfies at least the following constraint(s).
pos1 (Type = Positional)
 
DOCKING RESULTS FOR LIGAND        7 (decoy_phenyl)
Lowest Efinal =    -35.27 Eint=      6.46 GlideScore =     -5.61, from pose  2023, conf     2, lig        7
Best Emodel =    -37.62 E =    -35.27 Eint =     6.46 GlideScore =     -5.61  from pose  2023, conf     2, lig        7
 Beginning DOCK subtask QUIT                                                    
 dock time  user:      111.41  system:        1.21  elapse:      113.41

 ---------------------------------
 Beginning IMPACT task: CREA
 Beginning CREATE subtask BUIL                                                  
 Beginning CREATE subtask BUIL                                                  
%IMPACT-I(foldmain): calling OPLS_2005 atomtyping ...
%IMPACT-I(foldmain): finished parameter assignment
 Beginning CREATE subtask QUIT                                                  

 ---------------------------------
 Beginning IMPACT task: DOCK
 Beginning DOCK subtask LIGA                                                    
 Beginning DOCK subtask SCRE                                                    
 Beginning DOCK subtask PARA                                                    
 Beginning DOCK subtask CONF                                                    
     Energy parameters obtained from atomtyping: 
  
 ** Entering Conformation Generator ** 
  
 Number of rotatable bonds            3
 Using templates for ring conformations.
 Total ring / N-inversion conformations     2
 Core rotatable bonds, max cores            3        1000
 confgen time  user:        0.64  system:        0.05  elapse:        0.89
 Beginning DOCK subtask RUN                                                     
 Beginning DOCK subtask QUIT                                                    
 dock time  user:      112.63  system:        1.22  elapse:      114.64

 ---------------------------------
 Beginning IMPACT task: DOCK
 Beginning DOCK subtask SMOO                                                    
 Beginning DOCK subtask LIGA                                                    
 Beginning DOCK subtask SCRE                                                    
 Beginning DOCK subtask PARA                                                    
 Beginning DOCK subtask MINI                                                    
 Beginning DOCK subtask SCOR                                                    
 Beginning DOCK subtask REPO                                                    
 Beginning DOCK subtask RUN                                                     
 
Pose 3729 Emodel =  -38.60 original =  -23.61 E =  -35.05 GlideScore =   -5.60
 
Constraint(s) matched for ligand        8, pose   3729
Score =     -5.598
Emodel =    -38.600

The output pose satisfies at least the following constraint(s).
pos1 (Type = Positional)
 
Constraint(s) matched for ligand        8, pose    785
Score =     -5.749
Emodel =    -34.792

The output pose satisfies at least the following constraint(s).
pos1 (Type = Positional)
 
Constraint(s) matched for ligand        8, pose    635
Score =     -5.251
Emodel =    -29.111

The output pose satisfies at least the following constraint(s).
pos1 (Type = Positional)
 
Constraint(s) matched for ligand        8, pose   2745
Score =     -1.449
Emodel =    -12.736

The output pose satisfies at least the following constraint(s).
pos1 (Type = Positional)
 
Constraint(s) matched for ligand        8, pose    364
Score =     -1.736
Emodel =    -12.584

The output pose satisfies at least the following constraint(s).
pos1 (Type = Positional)
 
Constraint(s) matched for ligand        8, pose     95
Score =     -1.399
Emodel =    -10.569

The output pose satisfies at least the following constraint(s).
pos1 (Type = Positional)
 
Constraint(s) matched for ligand        8, pose   1296
Score =     -1.375
Emodel =     -9.839

The output pose satisfies at least the following constraint(s).
pos1 (Type = Positional)
 
Constraint(s) matched for ligand        8, pose   4686
Score =     -1.471
Emodel =     -9.656

The output pose satisfies at least the following constraint(s).
pos1 (Type = Positional)
 
Constraint(s) matched for ligand        8, pose   4895
Score =     -1.593
Emodel =     -8.207

The output pose satisfies at least the following constraint(s).
pos1 (Type = Positional)
 
DOCKING RESULTS FOR LIGAND        8 (decoy_phenyl)
Lowest Efinal =    -35.05 Eint=      4.59 GlideScore =     -5.60, from pose  3729, conf    19, lig        8
Best Emodel =    -38.60 E =    -35.05 Eint =     4.59 GlideScore =     -5.60  from pose  3729, conf    19, lig        8
 Beginning DOCK subtask QUIT                                                    
 dock time  user:      127.48  system:        1.36  elapse:      129.66

 ---------------------------------
 Beginning IMPACT task: CREA
 Beginning CREATE subtask BUIL                                                  
 Beginning CREATE subtask QUIT                                                  
 END OF LIGAND FILE: Subjob00001--DockLigand0-in.maegz
 Proceeding with final processing of ligands.

 ---------------------------------
 Beginning IMPACT task: DOCK
 Beginning DOCK subtask PARA                                                    
 Beginning DOCK subtask REPO                                                    
 Beginning DOCK subtask RUN                                                     
 Beginning DOCK subtask QUIT                                                    
 dock time  user:      127.48  system:        1.36  elapse:      130.00

 ---------------------------------
 Beginning IMPACT task: :ABO

 ---------------------------------
 Beginning IMPACT task: END 
%IMPACT-I (memstat): Temporary storage statistics
                     real*8:      10557888
                     integer*4:    6746703
                     char*4:         10467
%IMPACT-I (memstat): Total dynamics storage was    111.49 MB
 Exiting IMPACT execution environment 
 Date: Monday, January 19 2015, at 13:54:15 EST
%IMPACT-I (timit): Total CPU time =     129.70 seconds (   2.2 minutes)
