Starting Time: 01-19-2015 13:54:21
Join Receptor: (chain.name "A" AND res.num 311 AND res.inscode " ")
Join Criterion: {'r_workflow_bond_dist': ('((chain.name "A" AND res.num 311 AND res.inscode " ")) AND atom.ptype  " SG "', 'atom.i_cdock_lig_attach 1', ' < 5.000000')}
Rotamer: state 0 created
Rotamer: state 1 created
Rotamer: state 2 created
Rotamer: state 3 created
Rotamer: state 4 created
Rotamer: state 5 created
Rotamer: state 6 created
Pose 0
  rotamer 0 4.696051 True
  rotamer 1 4.042091 True
  rotamer 2 4.997752 True
  rotamer 3 4.441271 True
  rotamer 4 4.793625 True
  rotamer 5 4.032935 True
  rotamer 6 4.981183 True
RETAINED    4.03
Pose 1
  rotamer 0 4.705810 True
  rotamer 1 4.045851 True
  rotamer 2 5.001470 False
  rotamer 3 4.450712 True
  rotamer 4 4.796047 True
  rotamer 5 4.038793 True
  rotamer 6 4.990234 True
RETAINED    4.04
Pose 2
  rotamer 0 4.818579 True
  rotamer 1 4.030583 True
  rotamer 2 5.070933 False
  rotamer 3 4.537895 True
  rotamer 4 4.834166 True
  rotamer 5 4.046727 True
  rotamer 6 5.118331 False
RETAINED    4.03
Pose 3
  rotamer 0 4.824575 True
  rotamer 1 4.036260 True
  rotamer 2 5.077659 False
  rotamer 3 4.543628 True
  rotamer 4 4.840747 True
  rotamer 5 4.052254 True
  rotamer 6 5.124694 False
RETAINED    4.04
Pose 4
  rotamer 0 4.832360 True
  rotamer 1 4.043822 True
  rotamer 2 5.081966 False
  rotamer 3 4.552112 True
  rotamer 4 4.845105 True
  rotamer 5 4.060741 True
  rotamer 6 5.131324 False
RETAINED    4.04
Pose 5
  rotamer 0 4.783328 True
  rotamer 1 3.997898 True
  rotamer 2 5.011648 False
  rotamer 3 4.508775 True
  rotamer 4 4.776742 True
  rotamer 5 4.019935 True
  rotamer 6 5.073691 False
RETAINED    4.00
Pose 6
  rotamer 0 4.730420 True
  rotamer 1 3.933374 True
  rotamer 2 4.920217 True
  rotamer 3 4.461397 True
  rotamer 4 4.684226 True
  rotamer 5 3.966370 True
  rotamer 6 5.009490 False
RETAINED    3.93
Pose 7
  rotamer 0 4.686521 True
  rotamer 1 3.893834 True
  rotamer 2 4.856899 True
  rotamer 3 4.423063 True
  rotamer 4 4.623047 True
  rotamer 5 3.931323 True
  rotamer 6 4.957440 True
RETAINED    3.89
Pose 8
  rotamer 0 4.680973 True
  rotamer 1 3.885653 True
  rotamer 2 4.845590 True
  rotamer 3 4.418088 True
  rotamer 4 4.611326 True
  rotamer 5 3.924870 True
  rotamer 6 4.950435 True
RETAINED    3.89
Pose 9
  rotamer 0 4.842797 True
  rotamer 1 3.970647 True
  rotamer 2 4.899924 True
  rotamer 3 4.582195 True
  rotamer 4 4.649274 True
  rotamer 5 4.044864 True
  rotamer 6 5.093301 False
RETAINED    3.97
Stage <decoy_phenyl   (    0) JoinPoseReceptor0> takes 2 seconds

Ending Time: 01-19-2015 13:54:23
