 Entering IMPACT execution environment 
 Date: Monday, January 19 2015, at 13:55:57 EST
 ---------------------------------------------------------------------------
 Glide version 65013
 mmshare version        28013
 Copyright (c) Schrodinger, LLC.
 All Rights Reserved.

 For hardware platform Linux-x86_64.openmpi
 Compiled on: Fri Nov 7 18:58:43 EST 2014
 Host: Linux gpu-2-7.local 2.6.32-358.18.1.el6.x86_64 #1 SMP Wed Aug 28 17:19:38 UTC 2013 x86_64
 Job Name: Subjob00001--DockLigand1.glidetmp7472
 SCHRODINGER  directory: /cbio/jclab/share/schrodinger/schrodinger2014-4
 IMPACT_EXEC  directory: /cbio/jclab/share/schrodinger/schrodinger2014-4/impact-v65013/bin/Linux-x86_64
 MMSHARE_EXEC directory: /cbio/jclab/share/schrodinger/schrodinger2014-4/mmshare-v28013/bin/Linux-x86_64

 This software contains material that is a copyrighted
 work of, and that is licensed from, Rutgers,
 the State University of New Jersey.

 This software is provided under license and may be 
 used, copied, transmitted, and stored only in accordance
 with the terms and conditions of that license.
 ---------------------------------------------------------------------------

 Job title:        "Subjob00001--DockLigand1"
 Main output file: Subjob00001--DockLigand1.out

                             - Input command file -
 ---------------------------------------------------------------------------
write file -
"Subjob00001--DockLigand1.out" -
      title -
"Subjob00001--DockLigand1" *

PUT 0 INTO 'buildcheck'
PUT 1 INTO 'startlig'
PUT 0 INTO 'endlig'
PUT -1 INTO 'strucseq'

SET FFIELD OPLS_2005

DOCK
  smooth anneal 2
  ligand multiple maxat 300 maxrot 50 -
   ligvdwscale factor 0.800000 ccut 0.150000
  receptor rdiel readzip -
"Subjob00001--CreateGrid-out" -
  constraints  loosedock 2 featurefile -
"Subjob00001--DockLigand1.feat" -
   consname -
"Subjob00001--CreateGrid-out.cons"
  screen  readscreen -
"Subjob00001--CreateGrid-out.save" -
   greedy readgreed -
"Subjob00001--CreateGrid-out_greedy.save" -
   maxkeep 5000 scorecut 100.000000
  parameter setup save   maxconf 1000
  final glidescore
  report setup nreport 0   -
   external file -
"Subjob00001--DockLigand1_raw.maegz" -
   norecep -
   maxperlig 10 rmspose 0.500000 delpose 1.300000 epik
  run
QUIT

PUT 'startlig' INTO 'strucseq'
CREATE
  build primary name lig type auto maxat 300 -
   read maestro file -
"Subjob00001--DockLigand1-in.maegz" -
   gotostruct 'startlig' skip_recep
IF 'buildcheck' LT 0
QUIT
  IF 'buildcheck' EQ -1
    ECHO "END OF LIGAND FILE: Subjob00001--DockLigand1-in.maegz"
  ENDIF
  IF 'buildcheck' EQ -2
     ECHO "ERROR READING LIGAND FILE: Subjob00001--DockLigand1-in.maegz"
  ENDIF
    ECHO "No ligands read; aborting."
    GOTO ABORT
ELSE
  build types name lig
QUIT
ENDIF

PUT 'startlig' INTO 'i'
WHILE ('endlig' LT 1 OR 'i' LE 'endlig')

DOCK
  ligand name lig
  screen
  parameter save
  confgen  torsion amide penal name lig -
   ecut 12.000000
  run
QUIT

DOCK
  smooth anneal 2
  ligand keep
  screen noscore refine maxref 400
  parameter save
  minimize flex itmax 100 dielco 2.000000 -
   postdock 10 ligmin pmitmax 500
  scoring ecvdw 0.000000 hbfilt 0.000000 metalfilt 10.000000 gscorecut 100.000000
  report collect -
   rmspose 0.500000 delpose 1.300000
  run
QUIT
IF ('i' EQ 'endlig')
  ECHO "FINISHED REQUESTED RANGE IN LIGAND FILE: Subjob00001--DockLigand1-in.maegz"
ECHO "Proceeding with final processing of ligands."
  GOTO BREAK
ENDIF

PUT 'i' + 1 INTO 'strucseq'
CREATE
  build primary check name lig type auto maxat 300 -
   read maestro file -
"Subjob00001--DockLigand1-in.maegz" -
   nextstruct

IF 'buildcheck' LT 0
QUIT
  IF 'buildcheck' EQ -1
    ECHO "END OF LIGAND FILE: Subjob00001--DockLigand1-in.maegz"
  ENDIF
  IF 'buildcheck' EQ -2
     ECHO "ERROR READING LIGAND FILE: Subjob00001--DockLigand1-in.maegz"
  ENDIF
ECHO "Proceeding with final processing of ligands."
  GOTO BREAK
ELSE
  build types name lig
QUIT
ENDIF

PUT 'i' + 1 INTO 'i'
ENDWHILE
:BREAK

DOCK
  parameter clean final
  report -
   rmspose 0.500000 delpose 1.300000  write filename -
"Subjob00001--DockLigand1"
  run
QUIT
:ABORT

END
 ---------------------------------------------------------------------------

                             - End of input file -


 ---------------------------------
 Beginning IMPACT task: DOCK
 Beginning DOCK subtask SMOO                                                    
 Beginning DOCK subtask LIGA                                                    
 VdW radii of ligand atoms scaled by   0.800000000000000     
 Charge cutoff for polarity   0.150000000000000     
 Beginning DOCK subtask RECE                                                    
 Beginning DOCK subtask SCRE                                                    
 Beginning DOCK subtask PARA                                                    
 Beginning DOCK subtask FINA                                                    
 Beginning DOCK subtask REPO                                                    
 Beginning DOCK subtask RUN                                                     

GLIDE CONSTRAINTS APPLIED
-------------------------
  1 out of   1 constraints used from file "grid.7494/Subjob00001--CreateGrid-out.cons"
Labels and receptor types of constraints used are:
pos1 (Positional)

All docked poses must satisfy the specified number of
constraints in ALL of the following  1 groups.
Group   1: At least  1 of (pos1)


Rough-score grid dimensions = (   25,    25,    25).
 Set up rough-score grid with dimensions(   25,    25,    25), spacing=    1.0
  125 acceptable sites for ligand center.
 Finished setting up rough-score screening.
 Getting receptor data ...
%IMPACT-I (xdrrd): File grid.7494/Subjob00001--CreateGrid-out.grd opened for reading
 Energy grid dimensions = (   64,    64,    64).
%IMPACT-I (xdrrd): File grid.7494/Subjob00001--CreateGrid-out_coul2.fld opened for reading
%IMPACT-I (xdrrd): File grid.7494/Subjob00001--CreateGrid-out_vdw.fld opened for reading
%IMPACT-I (xdrrd): File grid.7494/Subjob00001--CreateGrid-out.gsc opened for reading
 Finished setting up grids.
 Beginning DOCK subtask QUIT                                                    
 dock time  user:        1.17  system:        0.08  elapse:        1.26

 ---------------------------------
 Beginning IMPACT task: CREA
 Beginning CREATE subtask BUIL                                                  
 Beginning CREATE subtask BUIL                                                  
%IMPACT-I(foldmain): calling OPLS_2005 atomtyping ...
%IMPACT-I(foldmain): finished parameter assignment
 Beginning CREATE subtask QUIT                                                  

 ---------------------------------
 Beginning IMPACT task: DOCK
 Beginning DOCK subtask LIGA                                                    
 Beginning DOCK subtask SCRE                                                    
 Beginning DOCK subtask PARA                                                    
 Beginning DOCK subtask CONF                                                    
     Energy parameters obtained from atomtyping: 
  
 ** Entering Conformation Generator ** 
  
  
  Penalizing non-planar amide torsions 
  
 Number of rotatable bonds            3
 Using templates for ring conformations.
 Total ring / N-inversion conformations     2
 Core rotatable bonds, max cores            3        1000
 confgen time  user:        0.11  system:        0.02  elapse:        0.13
 Beginning DOCK subtask RUN                                                     
 Beginning DOCK subtask QUIT                                                    
 dock time  user:        2.60  system:        0.12  elapse:        2.74

 ---------------------------------
 Beginning IMPACT task: DOCK
 Beginning DOCK subtask SMOO                                                    
 Beginning DOCK subtask LIGA                                                    
 Beginning DOCK subtask SCRE                                                    
 Beginning DOCK subtask PARA                                                    
 Beginning DOCK subtask MINI                                                    
 Beginning DOCK subtask SCOR                                                    

GlideScore version SP5.0 will be used

  
 Buried polar penalty      0.000
 Coulomb vdW cutoff        0.000
 H bond cutoff             0.000
 Metal-ligand cutoff      10.000
%IMPACT-I (info): At line  78
 %IMPACT-I: Assigning GlideScore SP5.0 parameters
 Beginning DOCK subtask REPO                                                    
 Beginning DOCK subtask RUN                                                     
Postdocking minimization:  10 poses; CvdW cutoffs   100.0 kcal/mol for min,     0.0 kcal/mol for report.
 
Pose  797 Emodel =  -36.83 original =  -22.61 E =  -33.63 GlideScore =   -5.45
 
Constraint(s) matched for ligand        1, pose    797
Score =     -5.453
Emodel =    -36.827

The output pose satisfies at least the following constraint(s).
pos1 (Type = Positional)
 
Constraint(s) matched for ligand        1, pose   1940
Score =     -5.475
Emodel =    -32.445

The output pose satisfies at least the following constraint(s).
pos1 (Type = Positional)
 
Constraint(s) matched for ligand        1, pose   1405
Score =     -2.559
Emodel =    -19.436

The output pose satisfies at least the following constraint(s).
pos1 (Type = Positional)
 
Constraint(s) matched for ligand        1, pose   2586
Score =     -1.763
Emodel =    -10.725

The output pose satisfies at least the following constraint(s).
pos1 (Type = Positional)
 
Constraint(s) matched for ligand        1, pose   4451
Score =     -1.590
Emodel =    -10.296

The output pose satisfies at least the following constraint(s).
pos1 (Type = Positional)
 
Constraint(s) matched for ligand        1, pose   4393
Score =     -1.254
Emodel =     -7.185

The output pose satisfies at least the following constraint(s).
pos1 (Type = Positional)
 
Constraint(s) matched for ligand        1, pose   3412
Score =     -1.493
Emodel =     -3.945

The output pose satisfies at least the following constraint(s).
pos1 (Type = Positional)
 
DOCKING RESULTS FOR LIGAND        1 (decoy_phenyl)
Lowest Efinal =    -33.63 Eint=      4.86 GlideScore =     -5.45, from pose   797, conf    13, lig        1
Best Emodel =    -36.83 E =    -33.63 Eint =     4.86 GlideScore =     -5.45  from pose   797, conf    13, lig        1
 Beginning DOCK subtask QUIT                                                    
 dock time  user:       18.04  system:        0.29  elapse:       19.63

 ---------------------------------
 Beginning IMPACT task: CREA
 Beginning CREATE subtask BUIL                                                  
 Beginning CREATE subtask BUIL                                                  
%IMPACT-I(foldmain): calling OPLS_2005 atomtyping ...
%IMPACT-I(foldmain): finished parameter assignment
 Beginning CREATE subtask QUIT                                                  

 ---------------------------------
 Beginning IMPACT task: DOCK
 Beginning DOCK subtask LIGA                                                    
 Beginning DOCK subtask SCRE                                                    
 Beginning DOCK subtask PARA                                                    
 Beginning DOCK subtask CONF                                                    
     Energy parameters obtained from atomtyping: 
  
 ** Entering Conformation Generator ** 
  
 Number of rotatable bonds            3
 Using templates for ring conformations.
 Total ring / N-inversion conformations     2
 Core rotatable bonds, max cores            3        1000
 confgen time  user:        0.19  system:        0.03  elapse:        0.22
 Beginning DOCK subtask RUN                                                     
 Beginning DOCK subtask QUIT                                                    
 dock time  user:       19.23  system:        0.30  elapse:       20.83

 ---------------------------------
 Beginning IMPACT task: DOCK
 Beginning DOCK subtask SMOO                                                    
 Beginning DOCK subtask LIGA                                                    
 Beginning DOCK subtask SCRE                                                    
 Beginning DOCK subtask PARA                                                    
 Beginning DOCK subtask MINI                                                    
 Beginning DOCK subtask SCOR                                                    
 Beginning DOCK subtask REPO                                                    
 Beginning DOCK subtask RUN                                                     
 
Pose 4077 Emodel =  -36.69 original =  -24.39 E =  -33.26 GlideScore =   -5.46
 
Constraint(s) matched for ligand        2, pose   4077
Score =     -5.459
Emodel =    -36.687

The output pose satisfies at least the following constraint(s).
pos1 (Type = Positional)
 
Constraint(s) matched for ligand        2, pose   1183
Score =     -5.327
Emodel =    -29.877

The output pose satisfies at least the following constraint(s).
pos1 (Type = Positional)
 
Constraint(s) matched for ligand        2, pose   2745
Score =     -2.538
Emodel =    -21.178

The output pose satisfies at least the following constraint(s).
pos1 (Type = Positional)
 
Constraint(s) matched for ligand        2, pose   3659
Score =     -2.540
Emodel =    -20.726

The output pose satisfies at least the following constraint(s).
pos1 (Type = Positional)
 
Constraint(s) matched for ligand        2, pose   2549
Score =     -2.228
Emodel =    -17.959

The output pose satisfies at least the following constraint(s).
pos1 (Type = Positional)
 
Constraint(s) matched for ligand        2, pose   4723
Score =     -1.516
Emodel =    -10.071

The output pose satisfies at least the following constraint(s).
pos1 (Type = Positional)
 
Constraint(s) matched for ligand        2, pose   2737
Score =     -1.433
Emodel =     -4.467

The output pose satisfies at least the following constraint(s).
pos1 (Type = Positional)
 
Constraint(s) matched for ligand        2, pose   1902
Score =     -1.404
Emodel =     -3.989

The output pose satisfies at least the following constraint(s).
pos1 (Type = Positional)
 
DOCKING RESULTS FOR LIGAND        2 (decoy_phenyl)
Lowest Efinal =    -33.26 Eint=      5.54 GlideScore =     -5.46, from pose  4077, conf     7, lig        2
Best Emodel =    -36.69 E =    -33.26 Eint =     5.54 GlideScore =     -5.46  from pose  4077, conf     7, lig        2
 Beginning DOCK subtask QUIT                                                    
 dock time  user:       33.10  system:        0.41  elapse:       34.85

 ---------------------------------
 Beginning IMPACT task: CREA
 Beginning CREATE subtask BUIL                                                  
 Beginning CREATE subtask BUIL                                                  
%IMPACT-I(foldmain): calling OPLS_2005 atomtyping ...
%IMPACT-I(foldmain): finished parameter assignment
 Beginning CREATE subtask QUIT                                                  

 ---------------------------------
 Beginning IMPACT task: DOCK
 Beginning DOCK subtask LIGA                                                    
 Beginning DOCK subtask SCRE                                                    
 Beginning DOCK subtask PARA                                                    
 Beginning DOCK subtask CONF                                                    
     Energy parameters obtained from atomtyping: 
  
 ** Entering Conformation Generator ** 
  
 Number of rotatable bonds            3
 Using templates for ring conformations.
 Total ring / N-inversion conformations     2
 Core rotatable bonds, max cores            3        1000
 confgen time  user:        0.24  system:        0.04  elapse:        0.28
 Beginning DOCK subtask RUN                                                     
 Beginning DOCK subtask QUIT                                                    
 dock time  user:       34.22  system:        0.42  elapse:       35.97

 ---------------------------------
 Beginning IMPACT task: DOCK
 Beginning DOCK subtask SMOO                                                    
 Beginning DOCK subtask LIGA                                                    
 Beginning DOCK subtask SCRE                                                    
 Beginning DOCK subtask PARA                                                    
 Beginning DOCK subtask MINI                                                    
 Beginning DOCK subtask SCOR                                                    
 Beginning DOCK subtask REPO                                                    
 Beginning DOCK subtask RUN                                                     
 
Pose 3622 Emodel =  -37.13 original =  -26.15 E =  -33.22 GlideScore =   -5.41
 
Constraint(s) matched for ligand        3, pose   3622
Score =     -5.412
Emodel =    -37.133

The output pose satisfies at least the following constraint(s).
pos1 (Type = Positional)
 
Constraint(s) matched for ligand        3, pose    898
Score =     -5.707
Emodel =    -33.934

The output pose satisfies at least the following constraint(s).
pos1 (Type = Positional)
 
Constraint(s) matched for ligand        3, pose   3226
Score =     -5.306
Emodel =    -30.633

The output pose satisfies at least the following constraint(s).
pos1 (Type = Positional)
 
Constraint(s) matched for ligand        3, pose   1492
Score =     -2.523
Emodel =    -20.293

The output pose satisfies at least the following constraint(s).
pos1 (Type = Positional)
 
Constraint(s) matched for ligand        3, pose   4461
Score =     -2.338
Emodel =    -19.412

The output pose satisfies at least the following constraint(s).
pos1 (Type = Positional)
 
Constraint(s) matched for ligand        3, pose   2299
Score =     -1.811
Emodel =    -13.041

The output pose satisfies at least the following constraint(s).
pos1 (Type = Positional)
 
Constraint(s) matched for ligand        3, pose    247
Score =     -1.962
Emodel =     -9.685

The output pose satisfies at least the following constraint(s).
pos1 (Type = Positional)
 
Constraint(s) matched for ligand        3, pose   3424
Score =     -1.420
Emodel =     -9.119

The output pose satisfies at least the following constraint(s).
pos1 (Type = Positional)
 
Constraint(s) matched for ligand        3, pose   3643
Score =     -1.545
Emodel =     -7.827

The output pose satisfies at least the following constraint(s).
pos1 (Type = Positional)
 
DOCKING RESULTS FOR LIGAND        3 (decoy_phenyl)
Lowest Efinal =    -33.22 Eint=      4.31 GlideScore =     -5.41, from pose  3622, conf     5, lig        3
Best Emodel =    -37.13 E =    -33.22 Eint =     4.31 GlideScore =     -5.41  from pose  3622, conf     5, lig        3
 Beginning DOCK subtask QUIT                                                    
 dock time  user:       49.23  system:        0.57  elapse:       51.16

 ---------------------------------
 Beginning IMPACT task: CREA
 Beginning CREATE subtask BUIL                                                  
 Beginning CREATE subtask BUIL                                                  
%IMPACT-I(foldmain): calling OPLS_2005 atomtyping ...
%IMPACT-I(foldmain): finished parameter assignment
 Beginning CREATE subtask QUIT                                                  

 ---------------------------------
 Beginning IMPACT task: DOCK
 Beginning DOCK subtask LIGA                                                    
 Beginning DOCK subtask SCRE                                                    
 Beginning DOCK subtask PARA                                                    
 Beginning DOCK subtask CONF                                                    
     Energy parameters obtained from atomtyping: 
  
 ** Entering Conformation Generator ** 
  
 Number of rotatable bonds            3
 Using templates for ring conformations.
 Total ring / N-inversion conformations     2
 Core rotatable bonds, max cores            3        1000
 confgen time  user:        0.33  system:        0.05  elapse:        0.36
 Beginning DOCK subtask RUN                                                     
 Beginning DOCK subtask QUIT                                                    
 dock time  user:       50.70  system:        0.58  elapse:       52.64

 ---------------------------------
 Beginning IMPACT task: DOCK
 Beginning DOCK subtask SMOO                                                    
 Beginning DOCK subtask LIGA                                                    
 Beginning DOCK subtask SCRE                                                    
 Beginning DOCK subtask PARA                                                    
 Beginning DOCK subtask MINI                                                    
 Beginning DOCK subtask SCOR                                                    
 Beginning DOCK subtask REPO                                                    
 Beginning DOCK subtask RUN                                                     
 
Pose 4568 Emodel =  -38.29 original =  -22.56 E =  -35.14 GlideScore =   -5.58
 
Constraint(s) matched for ligand        4, pose   4568
Score =     -5.581
Emodel =    -38.293

The output pose satisfies at least the following constraint(s).
pos1 (Type = Positional)
 
Constraint(s) matched for ligand        4, pose   2786
Score =     -5.251
Emodel =    -29.036

The output pose satisfies at least the following constraint(s).
pos1 (Type = Positional)
 
Constraint(s) matched for ligand        4, pose   1741
Score =     -2.464
Emodel =    -19.462

The output pose satisfies at least the following constraint(s).
pos1 (Type = Positional)
 
Constraint(s) matched for ligand        4, pose   2025
Score =     -2.408
Emodel =    -17.217

The output pose satisfies at least the following constraint(s).
pos1 (Type = Positional)
 
Constraint(s) matched for ligand        4, pose     83
Score =     -2.254
Emodel =    -17.150

The output pose satisfies at least the following constraint(s).
pos1 (Type = Positional)
 
Constraint(s) matched for ligand        4, pose   4579
Score =     -2.214
Emodel =    -16.872

The output pose satisfies at least the following constraint(s).
pos1 (Type = Positional)
 
Constraint(s) matched for ligand        4, pose   3340
Score =     -2.360
Emodel =    -16.781

The output pose satisfies at least the following constraint(s).
pos1 (Type = Positional)
 
Constraint(s) matched for ligand        4, pose   1844
Score =     -2.161
Emodel =    -15.231

The output pose satisfies at least the following constraint(s).
pos1 (Type = Positional)
 
Constraint(s) matched for ligand        4, pose   1566
Score =     -1.803
Emodel =    -11.337

The output pose satisfies at least the following constraint(s).
pos1 (Type = Positional)
 
Constraint(s) matched for ligand        4, pose   1588
Score =     -1.377
Emodel =     -5.940

The output pose satisfies at least the following constraint(s).
pos1 (Type = Positional)
 
DOCKING RESULTS FOR LIGAND        4 (decoy_phenyl)
Lowest Efinal =    -35.14 Eint=      5.14 GlideScore =     -5.58, from pose  4568, conf     1, lig        4
Best Emodel =    -38.29 E =    -35.14 Eint =     5.14 GlideScore =     -5.58  from pose  4568, conf     1, lig        4
 Beginning DOCK subtask QUIT                                                    
 dock time  user:       65.77  system:        0.73  elapse:       67.89

 ---------------------------------
 Beginning IMPACT task: CREA
 Beginning CREATE subtask BUIL                                                  
 Beginning CREATE subtask BUIL                                                  
%IMPACT-I(foldmain): calling OPLS_2005 atomtyping ...
%IMPACT-I(foldmain): finished parameter assignment
 Beginning CREATE subtask QUIT                                                  

 ---------------------------------
 Beginning IMPACT task: DOCK
 Beginning DOCK subtask LIGA                                                    
 Beginning DOCK subtask SCRE                                                    
 Beginning DOCK subtask PARA                                                    
 Beginning DOCK subtask CONF                                                    
     Energy parameters obtained from atomtyping: 
  
 ** Entering Conformation Generator ** 
  
 Number of rotatable bonds            3
 Using templates for ring conformations.
 Total ring / N-inversion conformations     2
 Core rotatable bonds, max cores            3        1000
 confgen time  user:        0.41  system:        0.05  elapse:        0.45
 Beginning DOCK subtask RUN                                                     
 Beginning DOCK subtask QUIT                                                    
 dock time  user:       67.05  system:        0.73  elapse:       69.18

 ---------------------------------
 Beginning IMPACT task: DOCK
 Beginning DOCK subtask SMOO                                                    
 Beginning DOCK subtask LIGA                                                    
 Beginning DOCK subtask SCRE                                                    
 Beginning DOCK subtask PARA                                                    
 Beginning DOCK subtask MINI                                                    
 Beginning DOCK subtask SCOR                                                    
 Beginning DOCK subtask REPO                                                    
 Beginning DOCK subtask RUN                                                     
 
Pose 1976 Emodel =  -37.70 original =  -26.37 E =  -33.35 GlideScore =   -5.42
 
Constraint(s) matched for ligand        5, pose   1976
Score =     -5.424
Emodel =    -37.698

The output pose satisfies at least the following constraint(s).
pos1 (Type = Positional)
 
Constraint(s) matched for ligand        5, pose   4285
Score =     -5.306
Emodel =    -30.238

The output pose satisfies at least the following constraint(s).
pos1 (Type = Positional)
 
Constraint(s) matched for ligand        5, pose   2358
Score =     -2.543
Emodel =    -21.109

The output pose satisfies at least the following constraint(s).
pos1 (Type = Positional)
 
Constraint(s) matched for ligand        5, pose   3728
Score =     -1.531
Emodel =    -10.459

The output pose satisfies at least the following constraint(s).
pos1 (Type = Positional)
 
Constraint(s) matched for ligand        5, pose   2818
Score =     -1.675
Emodel =     -5.174

The output pose satisfies at least the following constraint(s).
pos1 (Type = Positional)
 
Constraint(s) matched for ligand        5, pose   3708
Score =     -1.556
Emodel =     -4.199

The output pose satisfies at least the following constraint(s).
pos1 (Type = Positional)
 
Constraint(s) matched for ligand        5, pose   1265
Score =     -1.539
Emodel =     -3.886

The output pose satisfies at least the following constraint(s).
pos1 (Type = Positional)
 
DOCKING RESULTS FOR LIGAND        5 (decoy_phenyl)
Lowest Efinal =    -33.35 Eint=      3.64 GlideScore =     -5.42, from pose  1976, conf    10, lig        5
Best Emodel =    -37.70 E =    -33.35 Eint =     3.64 GlideScore =     -5.42  from pose  1976, conf    10, lig        5
 Beginning DOCK subtask QUIT                                                    
 dock time  user:       79.97  system:        0.88  elapse:       82.27

 ---------------------------------
 Beginning IMPACT task: CREA
 Beginning CREATE subtask BUIL                                                  
 Beginning CREATE subtask BUIL                                                  
%IMPACT-I(foldmain): calling OPLS_2005 atomtyping ...
%IMPACT-I(foldmain): finished parameter assignment
 Beginning CREATE subtask QUIT                                                  

 ---------------------------------
 Beginning IMPACT task: DOCK
 Beginning DOCK subtask LIGA                                                    
 Beginning DOCK subtask SCRE                                                    
 Beginning DOCK subtask PARA                                                    
 Beginning DOCK subtask CONF                                                    
     Energy parameters obtained from atomtyping: 
  
 ** Entering Conformation Generator ** 
  
 Number of rotatable bonds            3
 Using templates for ring conformations.
 Total ring / N-inversion conformations     2
 Core rotatable bonds, max cores            3        1000
 confgen time  user:        0.49  system:        0.05  elapse:        0.54
 Beginning DOCK subtask RUN                                                     
 Beginning DOCK subtask QUIT                                                    
 dock time  user:       81.08  system:        0.88  elapse:       83.40

 ---------------------------------
 Beginning IMPACT task: DOCK
 Beginning DOCK subtask SMOO                                                    
 Beginning DOCK subtask LIGA                                                    
 Beginning DOCK subtask SCRE                                                    
 Beginning DOCK subtask PARA                                                    
 Beginning DOCK subtask MINI                                                    
 Beginning DOCK subtask SCOR                                                    
 Beginning DOCK subtask REPO                                                    
 Beginning DOCK subtask RUN                                                     
 
Pose 3460 Emodel =  -34.94 original =  -19.16 E =  -33.37 GlideScore =   -5.46
 
Constraint(s) matched for ligand        6, pose   3460
Score =     -5.462
Emodel =    -34.940

The output pose satisfies at least the following constraint(s).
pos1 (Type = Positional)
 
Constraint(s) matched for ligand        6, pose   3945
Score =     -5.255
Emodel =    -28.246

The output pose satisfies at least the following constraint(s).
pos1 (Type = Positional)
 
Constraint(s) matched for ligand        6, pose   1637
Score =     -4.534
Emodel =    -23.006

The output pose satisfies at least the following constraint(s).
pos1 (Type = Positional)
 
Constraint(s) matched for ligand        6, pose   4107
Score =     -1.674
Emodel =     -8.291

The output pose satisfies at least the following constraint(s).
pos1 (Type = Positional)
 
Constraint(s) matched for ligand        6, pose   3638
Score =     -1.292
Emodel =     -4.469

The output pose satisfies at least the following constraint(s).
pos1 (Type = Positional)
 
Constraint(s) matched for ligand        6, pose   3457
Score =     -1.406
Emodel =     -3.189

The output pose satisfies at least the following constraint(s).
pos1 (Type = Positional)
 
Constraint(s) matched for ligand        6, pose   1550
Score =  10000.000
Emodel =   9069.421

The output pose satisfies at least the following constraint(s).
pos1 (Type = Positional)
 
Constraint(s) matched for ligand        6, pose   3313
Score =  10000.000
Emodel =   9071.193

The output pose satisfies at least the following constraint(s).
pos1 (Type = Positional)
 
DOCKING RESULTS FOR LIGAND        6 (decoy_phenyl)
Lowest Efinal =    -33.37 Eint=      6.76 GlideScore =     -5.46, from pose  3460, conf    16, lig        6
Best Emodel =    -34.94 E =    -33.37 Eint =     6.76 GlideScore =     -5.46  from pose  3460, conf    16, lig        6
 Beginning DOCK subtask QUIT                                                    
 dock time  user:       96.08  system:        1.03  elapse:       98.57

 ---------------------------------
 Beginning IMPACT task: CREA
 Beginning CREATE subtask BUIL                                                  
 Beginning CREATE subtask BUIL                                                  
%IMPACT-I(foldmain): calling OPLS_2005 atomtyping ...
%IMPACT-I(foldmain): finished parameter assignment
 Beginning CREATE subtask QUIT                                                  

 ---------------------------------
 Beginning IMPACT task: DOCK
 Beginning DOCK subtask LIGA                                                    
 Beginning DOCK subtask SCRE                                                    
 Beginning DOCK subtask PARA                                                    
 Beginning DOCK subtask CONF                                                    
     Energy parameters obtained from atomtyping: 
  
 ** Entering Conformation Generator ** 
  
 Number of rotatable bonds            3
 Using templates for ring conformations.
 Total ring / N-inversion conformations     2
 Core rotatable bonds, max cores            3        1000
 confgen time  user:        0.56  system:        0.06  elapse:        0.63
 Beginning DOCK subtask RUN                                                     
 Beginning DOCK subtask QUIT                                                    
 dock time  user:       97.14  system:        1.04  elapse:       99.65

 ---------------------------------
 Beginning IMPACT task: DOCK
 Beginning DOCK subtask SMOO                                                    
 Beginning DOCK subtask LIGA                                                    
 Beginning DOCK subtask SCRE                                                    
 Beginning DOCK subtask PARA                                                    
 Beginning DOCK subtask MINI                                                    
 Beginning DOCK subtask SCOR                                                    
 Beginning DOCK subtask REPO                                                    
 Beginning DOCK subtask RUN                                                     
 
Pose 3140 Emodel =  -15.98 original =  -17.91 E =  -15.54 GlideScore =   -2.28
Pose 2023 Emodel =  -37.57 original =  -17.10 E =  -35.27 GlideScore =   -5.61
 
Constraint(s) matched for ligand        7, pose   2023
Score =     -5.611
Emodel =    -37.566

The output pose satisfies at least the following constraint(s).
pos1 (Type = Positional)
 
Constraint(s) matched for ligand        7, pose   3727
Score =     -5.260
Emodel =    -28.659

The output pose satisfies at least the following constraint(s).
pos1 (Type = Positional)
 
Constraint(s) matched for ligand        7, pose   1469
Score =     -4.538
Emodel =    -19.195

The output pose satisfies at least the following constraint(s).
pos1 (Type = Positional)
 
Constraint(s) matched for ligand        7, pose   3140
Score =     -2.276
Emodel =    -15.977

The output pose satisfies at least the following constraint(s).
pos1 (Type = Positional)
 
Constraint(s) matched for ligand        7, pose   1531
Score =     -2.182
Emodel =    -15.722

The output pose satisfies at least the following constraint(s).
pos1 (Type = Positional)
 
Constraint(s) matched for ligand        7, pose   1382
Score =     -1.836
Emodel =    -12.596

The output pose satisfies at least the following constraint(s).
pos1 (Type = Positional)
 
Constraint(s) matched for ligand        7, pose   1553
Score =     -1.405
Emodel =     -3.264

The output pose satisfies at least the following constraint(s).
pos1 (Type = Positional)
 
Constraint(s) matched for ligand        7, pose   2767
Score =     -1.136
Emodel =     -1.913

The output pose satisfies at least the following constraint(s).
pos1 (Type = Positional)
 
Constraint(s) matched for ligand        7, pose   4508
Score =  10000.000
Emodel =   9848.107

The output pose satisfies at least the following constraint(s).
pos1 (Type = Positional)
 
Constraint(s) matched for ligand        7, pose   2937
Score =  10000.000
Emodel =   9849.103

The output pose satisfies at least the following constraint(s).
pos1 (Type = Positional)
 
DOCKING RESULTS FOR LIGAND        7 (decoy_phenyl)
Lowest Efinal =    -35.27 Eint=      6.46 GlideScore =     -5.61, from pose  2023, conf     2, lig        7
Best Emodel =    -37.57 E =    -35.27 Eint =     6.46 GlideScore =     -5.61  from pose  2023, conf     2, lig        7
 Beginning DOCK subtask QUIT                                                    
 dock time  user:      112.26  system:        1.17  elapse:      114.92

 ---------------------------------
 Beginning IMPACT task: CREA
 Beginning CREATE subtask BUIL                                                  
 Beginning CREATE subtask BUIL                                                  
%IMPACT-I(foldmain): calling OPLS_2005 atomtyping ...
%IMPACT-I(foldmain): finished parameter assignment
 Beginning CREATE subtask QUIT                                                  

 ---------------------------------
 Beginning IMPACT task: DOCK
 Beginning DOCK subtask LIGA                                                    
 Beginning DOCK subtask SCRE                                                    
 Beginning DOCK subtask PARA                                                    
 Beginning DOCK subtask CONF                                                    
     Energy parameters obtained from atomtyping: 
  
 ** Entering Conformation Generator ** 
  
 Number of rotatable bonds            3
 Using templates for ring conformations.
 Total ring / N-inversion conformations     2
 Core rotatable bonds, max cores            3        1000
 confgen time  user:        0.64  system:        0.07  elapse:        0.71
 Beginning DOCK subtask RUN                                                     
 Beginning DOCK subtask QUIT                                                    
 dock time  user:      113.51  system:        1.18  elapse:      116.19

 ---------------------------------
 Beginning IMPACT task: DOCK
 Beginning DOCK subtask SMOO                                                    
 Beginning DOCK subtask LIGA                                                    
 Beginning DOCK subtask SCRE                                                    
 Beginning DOCK subtask PARA                                                    
 Beginning DOCK subtask MINI                                                    
 Beginning DOCK subtask SCOR                                                    
 Beginning DOCK subtask REPO                                                    
 Beginning DOCK subtask RUN                                                     
 
Pose 2469 Emodel =  -38.71 original =  -23.78 E =  -35.05 GlideScore =   -5.60
 
Constraint(s) matched for ligand        8, pose   2469
Score =     -5.598
Emodel =    -38.708

The output pose satisfies at least the following constraint(s).
pos1 (Type = Positional)
 
Constraint(s) matched for ligand        8, pose    785
Score =     -5.749
Emodel =    -34.903

The output pose satisfies at least the following constraint(s).
pos1 (Type = Positional)
 
Constraint(s) matched for ligand        8, pose    635
Score =     -5.251
Emodel =    -29.212

The output pose satisfies at least the following constraint(s).
pos1 (Type = Positional)
 
Constraint(s) matched for ligand        8, pose   1545
Score =     -2.530
Emodel =    -19.725

The output pose satisfies at least the following constraint(s).
pos1 (Type = Positional)
 
Constraint(s) matched for ligand        8, pose   2125
Score =     -2.483
Emodel =    -19.601

The output pose satisfies at least the following constraint(s).
pos1 (Type = Positional)
 
Constraint(s) matched for ligand        8, pose   4600
Score =     -2.222
Emodel =    -17.237

The output pose satisfies at least the following constraint(s).
pos1 (Type = Positional)
 
Constraint(s) matched for ligand        8, pose   1836
Score =     -1.667
Emodel =     -7.778

The output pose satisfies at least the following constraint(s).
pos1 (Type = Positional)
 
Constraint(s) matched for ligand        8, pose   2379
Score =     -1.499
Emodel =     -3.082

The output pose satisfies at least the following constraint(s).
pos1 (Type = Positional)
 
DOCKING RESULTS FOR LIGAND        8 (decoy_phenyl)
Lowest Efinal =    -35.05 Eint=      4.59 GlideScore =     -5.60, from pose  2469, conf    19, lig        8
Best Emodel =    -38.71 E =    -35.05 Eint =     4.59 GlideScore =     -5.60  from pose  2469, conf    19, lig        8
 Beginning DOCK subtask QUIT                                                    
 dock time  user:      126.35  system:        1.32  elapse:      129.19

 ---------------------------------
 Beginning IMPACT task: CREA
 Beginning CREATE subtask BUIL                                                  
 Beginning CREATE subtask QUIT                                                  
 END OF LIGAND FILE: Subjob00001--DockLigand1-in.maegz
 Proceeding with final processing of ligands.

 ---------------------------------
 Beginning IMPACT task: DOCK
 Beginning DOCK subtask PARA                                                    
 Beginning DOCK subtask REPO                                                    
 Beginning DOCK subtask RUN                                                     
 Beginning DOCK subtask QUIT                                                    
 dock time  user:      126.35  system:        1.32  elapse:      129.52

 ---------------------------------
 Beginning IMPACT task: :ABO

 ---------------------------------
 Beginning IMPACT task: END 
%IMPACT-I (memstat): Temporary storage statistics
                     real*8:      10557888
                     integer*4:    6746871
                     char*4:         10467
%IMPACT-I (memstat): Total dynamics storage was    111.49 MB
 Exiting IMPACT execution environment 
 Date: Monday, January 19 2015, at 13:58:07 EST
%IMPACT-I (timit): Total CPU time =     128.53 seconds (   2.1 minutes)
