----- Output (stdout) -----
 
 Environmental variable BMIN_NO_JOBCONTROL is set.
 Jobcontrol will not be used.
 BatchMin V10.6    Build  106013  Starting Time 19-Jan-2015 13:50:59
 MacroModel. Copyright Schrodinger, LLC.
 All rights reserved.
 set_stacksize: stacksize limit raised to 4294967295l kb for F90 auto. array allocation.

 Input filename:  Subjob00001--Sample_5_opls_2005_vac-in.maegz
 Output filename: Subjob00001--Sample_5_opls_2005_vac-out.mae
 Seed used: 658461
 Atom-type file: /cbio/jclab/share/schrodinger/schrodinger2014-4/mmshare-v28013/bin/Linux-x86_64/../../data/atom.typ
 Force field: /cbio/jclab/share/schrodinger/schrodinger2014-4/macromodel-v106013/bin/Linux-x86_64/../../data/OPLS_2005.fld
 Read    44 atoms. Structure name, if any, appears on next line: 
 decoy_phenyl
 Monte Carlo Multiple Minimum Search requested
MCNV specified 0 in arg1 or arg2;  default values will be assigned later
 Setting the maximum number of structures  to save (MAXMCM_SAVE) to            1
 Non-conformer Serial Search requested
 Number of steps set to :         100
 Quality of Force Field Parameters in Use:
   Numbers of high, medium and low quality stretch parameters =   47    0    0
   Numbers of high, medium and low quality bend parameters    =   82    0    0
   Numbers of high, medium and low quality torsion parameters =  116    8    0
   Interactions examined:        253 of        253 total, including unused params.
      Stretch total=       47   constrained=        0
         Bend total=       82   constrained=        0        linear=        0
      Torsion total=      141   constrained=        0  out-of-plane=       17
    Nonbonded total=      817      H-bonded=        0      ordinary=      817
  Nonbonded cutoffs: CutVdw=   8.00    ;  CutEs=   20.0    
 Starting truncated Newton minimization.
          Step     1 New global minimum.  E (kJ/mol) =      207.83
          Step     3 New global minimum.  E (kJ/mol) =      207.40
 
Interim report; processing .tmp file:
    6 unique conformations found so far
    6 minimized with good convergence
Found     2 confs within  1.00 kcal/mol ( 4.18 kJ/mol) of glob. min.
Found     6 confs within 10.00 kcal/mol (41.84 kJ/mol) of glob. min.
Global minimum E =    207.40 found     3 times.
   10 steps performed so far, out of   100
 E of low-energy structures above global min [kJ/mol],  and no. times found:
    E:  0.00  0.43 32.83 34.27 34.54 35.13
  No.:     3     2     1     1     2     1
 
          Step    13 New global minimum.  E (kJ/mol) =      207.40
 
Interim report; processing .tmp file:
    9 unique conformations found so far
    9 minimized with good convergence
Found     2 confs within  1.00 kcal/mol ( 4.18 kJ/mol) of glob. min.
Found     9 confs within 10.00 kcal/mol (41.84 kJ/mol) of glob. min.
Global minimum E =    207.40 found     5 times.
   20 steps performed so far, out of   100
 E of low-energy structures above global min [kJ/mol],  and no. times found:
    E:  0.00  0.43 32.83 34.16 34.19 34.27 34.54 34.87 35.13
  No.:     5     2     2     2     1     1     4     1     2
 
          Step    22 New global minimum.  E (kJ/mol) =      207.40
 
Interim report; processing .tmp file:
   11 unique conformations found so far
   11 minimized with good convergence
Found     2 confs within  1.00 kcal/mol ( 4.18 kJ/mol) of glob. min.
Found     3 confs within  2.00 kcal/mol ( 8.37 kJ/mol) of glob. min.
Found    11 confs within 10.00 kcal/mol (41.84 kJ/mol) of glob. min.
Global minimum E =    207.40 found     7 times.
   30 steps performed so far, out of   100
 E of low-energy structures above global min [kJ/mol],  and no. times found:
    E:  0.00  0.43  5.27 32.83 34.16 34.19 34.27 34.55 34.87 35.13 35.30
  No.:     7     3     1     3     2     2     1     5     1     4     1
 
 
Interim report; processing .tmp file:
   11 unique conformations found so far
   11 minimized with good convergence
Found     2 confs within  1.00 kcal/mol ( 4.18 kJ/mol) of glob. min.
Found     3 confs within  2.00 kcal/mol ( 8.37 kJ/mol) of glob. min.
Found    11 confs within 10.00 kcal/mol (41.84 kJ/mol) of glob. min.
Global minimum E =    207.40 found     9 times.
   40 steps performed so far, out of   100
 E of low-energy structures above global min [kJ/mol],  and no. times found:
    E:  0.00  0.43  5.27 32.83 34.16 34.19 34.27 34.55 34.87 35.13 35.30
  No.:     9     4     2     4     2     2     2     6     3     4     2
 
          Step    48 New global minimum.  E (kJ/mol) =      207.40
 
Interim report; processing .tmp file:
   11 unique conformations found so far
   11 minimized with good convergence
Found     2 confs within  1.00 kcal/mol ( 4.18 kJ/mol) of glob. min.
Found     3 confs within  2.00 kcal/mol ( 8.37 kJ/mol) of glob. min.
Found    11 confs within 10.00 kcal/mol (41.84 kJ/mol) of glob. min.
Global minimum E =    207.40 found    13 times.
   50 steps performed so far, out of   100
 E of low-energy structures above global min [kJ/mol],  and no. times found:
    E:  0.00  0.43  5.27 32.83 34.16 34.19 34.27 34.55 34.87 35.13 35.30
  No.:    13     5     2     6     2     2     3     7     3     4     3
 
 
Interim report; processing .tmp file:
   11 unique conformations found so far
   11 minimized with good convergence
Found     2 confs within  1.00 kcal/mol ( 4.18 kJ/mol) of glob. min.
Found     3 confs within  2.00 kcal/mol ( 8.37 kJ/mol) of glob. min.
Found    11 confs within 10.00 kcal/mol (41.84 kJ/mol) of glob. min.
Global minimum E =    207.40 found    14 times.
   60 steps performed so far, out of   100
 E of low-energy structures above global min [kJ/mol],  and no. times found:
    E:  0.00  0.43  5.27 32.83 34.16 34.19 34.27 34.55 34.87 35.13 35.30
  No.:    14     6     2     7     2     2     5     8     6     4     4
 
 
Interim report; processing .tmp file:
   11 unique conformations found so far
   11 minimized with good convergence
Found     2 confs within  1.00 kcal/mol ( 4.18 kJ/mol) of glob. min.
Found     3 confs within  2.00 kcal/mol ( 8.37 kJ/mol) of glob. min.
Found    11 confs within 10.00 kcal/mol (41.84 kJ/mol) of glob. min.
Global minimum E =    207.40 found    16 times.
   70 steps performed so far, out of   100
 E of low-energy structures above global min [kJ/mol],  and no. times found:
    E:  0.00  0.43  5.27 32.83 34.16 34.19 34.27 34.55 34.87 35.13 35.30
  No.:    16     6     3     7     3     3     5     9     6     6     6
 
 
Interim report; processing .tmp file:
   11 unique conformations found so far
   11 minimized with good convergence
Found     2 confs within  1.00 kcal/mol ( 4.18 kJ/mol) of glob. min.
Found     3 confs within  2.00 kcal/mol ( 8.37 kJ/mol) of glob. min.
Found    11 confs within 10.00 kcal/mol (41.84 kJ/mol) of glob. min.
Global minimum E =    207.40 found    16 times.
   80 steps performed so far, out of   100
 E of low-energy structures above global min [kJ/mol],  and no. times found:
    E:  0.00  0.43  5.27 32.83 34.16 34.19 34.27 34.55 34.87 35.13 35.30
  No.:    16     7     3     9     3     3     6    11     8     6     8
 
 
Interim report; processing .tmp file:
   11 unique conformations found so far
   11 minimized with good convergence
Found     2 confs within  1.00 kcal/mol ( 4.18 kJ/mol) of glob. min.
Found     3 confs within  2.00 kcal/mol ( 8.37 kJ/mol) of glob. min.
Found    11 confs within 10.00 kcal/mol (41.84 kJ/mol) of glob. min.
Global minimum E =    207.40 found    19 times.
   90 steps performed so far, out of   100
 E of low-energy structures above global min [kJ/mol],  and no. times found:
    E:  0.00  0.43  5.27 32.83 34.16 34.19 34.27 34.55 34.87 35.13 35.30
  No.:    19     7     3    11     5     3     6    11     8     8     9
 
         100  structures minimised
          11  unique structures stored
          11  structures with good convergence
             Global Minimum   207.39995     kJ/mol
 
 
Final report; processing .tmp file:
   11 unique conformations found so far
   11 minimized with good convergence
Found     2 confs within  1.00 kcal/mol ( 4.18 kJ/mol) of glob. min.
Found     3 confs within  2.00 kcal/mol ( 8.37 kJ/mol) of glob. min.
Found    11 confs within 10.00 kcal/mol (41.84 kJ/mol) of glob. min.
Global minimum E =    207.40 found    21 times.
  100 steps performed so far, out of   100
 E of low-energy structures above global min [kJ/mol],  and no. times found:
    E:  0.00  0.43  5.27 32.83 34.16 34.19 34.27 34.55 34.87 35.13 35.30
  No.:    21    10     3    11     5     4     7    11     9     9    10
 
Input structure with title on the next line is given SerNo:        1
decoy_phenyl
Auto summary for input structure      1:
 Total number of structures processed =         100
 Conformations with poor convergence marked with a *
 Conformation       1 (    207.3999     kJ/mol) was found    21 times
 Conformation       2 (    207.8270     kJ/mol) was found    10 times
 Conformation       3 (    212.6705     kJ/mol) was found     3 times
 Conformation       4 (    240.2316     kJ/mol) was found    11 times
 Conformation       5 (    241.5554     kJ/mol) was found     5 times
 Conformation       6 (    241.5892     kJ/mol) was found     4 times
 Conformation       7 (    241.6731     kJ/mol) was found     7 times
 Conformation       8 (    241.9450     kJ/mol) was found    11 times
 Conformation       9 (    242.2699     kJ/mol) was found     9 times
 Conformation      10 (    242.5338     kJ/mol) was found     9 times
 Conformation      11 (    242.6981     kJ/mol) was found    10 times
 *** Note only            1 (MAXMCM_SAVE) structures 
     written to the output structure file.  As requested.
           *** MC Statistics ***
 Percent of minimized structures within energetic window:   100.0000    
 Average number of duplicates:     9.090909    
 Duplication standard deviation:   4.846742    
        1505  structures generated
        1327  rejected by ring closure
          79  rejected by van der Waals
          89  duplicate minimised structures
 
BatchMin: normal termination                           19-Jan-2015 13:51:09
STARTUP COMMAND:
/cbio/jclab/share/schrodinger/schrodinger2014-4/macromodel-v106013/bin/Linux-x86_64/bmin
MMSHARE_EXEC:/cbio/jclab/share/schrodinger/schrodinger2014-4/mmshare-v28013/bin/Linux-x86_64

real	0.0m10.0500000007s
user	0.0m0.0s
sys	0.0m0.0s
RUNNING: python "/cbio/jclab/share/schrodinger/schrodinger2014-4/macromodel-v106013/bin/Linux-x86_64/bmin_startup.py" -NO_REDIRECT Subjob00001--Sample_5_opls_2005_vac
