Starting Time: 01-16-2015 14:02:41
Join Receptor: (chain.name "A" AND res.num 311 AND res.inscode " ")
Join Criterion: {'r_workflow_bond_dist': ('((chain.name "A" AND res.num 311 AND res.inscode " ")) AND atom.ptype  " SG "', 'atom.i_cdock_lig_attach 1', ' < 5.000000')}
Rotamer: state 0 created
Rotamer: state 1 created
Rotamer: state 2 created
Rotamer: state 3 created
Rotamer: state 4 created
Rotamer: state 5 created
Rotamer: state 6 created
Pose 0
  rotamer 0 4.753689 True
  rotamer 1 4.032239 True
  rotamer 2 5.115230 False
  rotamer 3 4.466596 True
  rotamer 4 4.890835 True
  rotamer 5 4.013769 True
  rotamer 6 5.076959 False
RETAINED    4.01
Pose 1
  rotamer 0 4.923050 True
  rotamer 1 4.082017 True
  rotamer 2 5.127838 False
  rotamer 3 4.638370 True
  rotamer 4 4.878991 True
  rotamer 5 4.115652 True
  rotamer 6 5.218755 False
RETAINED    4.08
Pose 2
  rotamer 0 4.699494 True
  rotamer 1 4.044421 True
  rotamer 2 5.011099 False
  rotamer 3 4.442169 True
  rotamer 4 4.806190 True
  rotamer 5 4.032844 True
  rotamer 6 4.988507 True
RETAINED    4.03
Pose 3
  rotamer 0 4.920630 True
  rotamer 1 4.081532 True
  rotamer 2 5.127019 False
  rotamer 3 4.636123 True
  rotamer 4 4.878613 True
  rotamer 5 4.114563 True
  rotamer 6 5.216441 False
RETAINED    4.08
Pose 4
  rotamer 0 4.861224 True
  rotamer 1 4.056838 True
  rotamer 2 5.123020 False
  rotamer 3 4.573893 True
  rotamer 4 4.881460 True
  rotamer 5 4.072166 True
  rotamer 6 5.168417 False
RETAINED    4.06
Pose 5
  rotamer 0 5.865744 False
  rotamer 1 5.053985 False
  rotamer 2 6.546204 False
  rotamer 3 5.478513 False
  rotamer 4 6.277814 False
  rotamer 5 4.962299 True
  rotamer 6 6.332632 False
RETAINED    4.96
Pose 6
  rotamer 0 4.799567 True
  rotamer 1 3.995886 True
  rotamer 2 5.046943 False
  rotamer 3 4.515797 True
  rotamer 4 4.806504 True
  rotamer 5 4.014803 True
  rotamer 6 5.101102 False
RETAINED    4.00
Pose 7
  rotamer 0 4.752350 True
  rotamer 1 3.908856 True
  rotamer 2 4.890671 True
  rotamer 3 4.482127 True
  rotamer 4 4.644726 True
  rotamer 5 3.959684 True
  rotamer 6 5.024126 False
RETAINED    3.91
Pose 8
  rotamer 0 4.802783 True
  rotamer 1 4.002850 True
  rotamer 2 5.049721 False
  rotamer 3 4.520116 True
  rotamer 4 4.810235 True
  rotamer 5 4.021522 True
  rotamer 6 5.103304 False
RETAINED    4.00
Pose 9
  rotamer 0 5.160083 False
  rotamer 1 4.150945 True
  rotamer 2 5.359164 False
  rotamer 3 4.831289 True
  rotamer 4 5.066689 False
  rotamer 5 4.203198 True
  rotamer 6 5.493708 False
RETAINED    4.15
Pose 10
  rotamer 0 4.802654 True
  rotamer 1 4.003077 True
  rotamer 2 5.050744 False
  rotamer 3 4.519825 True
  rotamer 4 4.811300 True
  rotamer 5 4.021416 True
  rotamer 6 5.103503 False
RETAINED    4.00
Pose 11
  rotamer 0 4.701303 True
  rotamer 1 3.941945 True
  rotamer 2 4.928874 True
  rotamer 3 4.434168 True
  rotamer 4 4.701081 True
  rotamer 5 3.961570 True
  rotamer 6 4.984859 True
RETAINED    3.94
Pose 12
  rotamer 0 5.182866 False
  rotamer 1 4.189343 True
  rotamer 2 5.401280 False
  rotamer 3 4.853793 True
  rotamer 4 5.111882 False
  rotamer 5 4.234925 True
  rotamer 6 5.519967 False
RETAINED    4.19
Pose 13
  rotamer 0 5.047792 False
  rotamer 1 4.107589 True
  rotamer 2 5.278730 False
  rotamer 3 4.730479 True
  rotamer 4 5.003075 False
  rotamer 5 4.144434 True
  rotamer 6 5.376355 False
RETAINED    4.11
Stage <SGS phenyl     (    0) JoinPoseReceptor0> takes 5 seconds
Join Receptor: (chain.name "A" AND res.num 311 AND res.inscode " ")
Join Criterion: {'r_workflow_bond_dist': ('((chain.name "A" AND res.num 311 AND res.inscode " ")) AND atom.ptype  " SG "', 'atom.i_cdock_lig_attach 1', ' < 5.000000')}
Rotamer: state 0 created
Rotamer: state 1 created
Rotamer: state 2 created
Rotamer: state 3 created
Rotamer: state 4 created
Rotamer: state 5 created
Rotamer: state 6 created
Pose 0
  rotamer 0 4.675199 True
  rotamer 1 3.293069 True
  rotamer 2 5.033107 False
  rotamer 3 4.219366 True
  rotamer 4 4.654995 True
  rotamer 5 3.338600 True
  rotamer 6 5.137394 False
RETAINED    3.29
Pose 1
  rotamer 0 4.805825 True
  rotamer 1 3.270666 True
  rotamer 2 4.981947 True
  rotamer 3 4.355334 True
  rotamer 4 4.570216 True
  rotamer 5 3.389247 True
  rotamer 6 5.235441 False
RETAINED    3.27
Pose 2
  rotamer 0 4.808956 True
  rotamer 1 3.279991 True
  rotamer 2 4.985032 True
  rotamer 3 4.359858 True
  rotamer 4 4.574606 True
  rotamer 5 3.397807 True
  rotamer 6 5.237457 False
RETAINED    3.28
Pose 3
  rotamer 0 4.763713 True
  rotamer 1 3.293289 True
  rotamer 2 5.047521 False
  rotamer 3 4.303730 True
  rotamer 4 4.649747 True
  rotamer 5 3.371430 True
  rotamer 6 5.217918 False
RETAINED    3.29
Pose 4
  rotamer 0 4.820682 True
  rotamer 1 3.274111 True
  rotamer 2 5.007098 False
  rotamer 3 4.365038 True
  rotamer 4 4.592593 True
  rotamer 5 3.390931 True
  rotamer 6 5.256223 False
RETAINED    3.27
Pose 5
  rotamer 0 5.204891 False
  rotamer 1 3.789615 True
  rotamer 2 5.732062 False
  rotamer 3 4.696247 True
  rotamer 4 5.335691 False
  rotamer 5 3.788210 True
  rotamer 6 5.741634 False
RETAINED    3.79
Pose 6
  rotamer 0 5.986463 False
  rotamer 1 5.289787 False
  rotamer 2 6.537854 False
  rotamer 3 5.662192 False
  rotamer 4 6.304269 False
  rotamer 5 5.223702 False
  rotamer 6 6.377732 False
DISCARDED    5.22
Pose 7
  rotamer 0 4.703643 True
  rotamer 1 3.237050 True
  rotamer 2 4.858107 True
  rotamer 3 4.275078 True
  rotamer 4 4.463131 True
  rotamer 5 3.354029 True
  rotamer 6 5.111232 False
RETAINED    3.24
Pose 8
  rotamer 0 6.106202 False
  rotamer 1 5.303898 False
  rotamer 2 6.707812 False
  rotamer 3 5.740353 False
  rotamer 4 6.444280 False
  rotamer 5 5.233663 False
  rotamer 6 6.542219 False
DISCARDED    5.23
Try to keep additional poses to reach 10Stage <SGS phenyl     (    1) JoinPoseReceptor0> takes 3 seconds

Ending Time: 01-16-2015 14:02:50
