----- Output (stdout) -----
[gpu-1-8.local]
%IMPACT-I (openwt): Request to open FORMATTED file Subjob00001--DockLigand0.out on unit   2
 Entering IMPACT execution environment 
 Date: Friday, January 16 2015, at 13:57:22 EST
 Glide version 65013
 mmshare version        28013
 Copyright (c) Schrodinger, LLC.
 All Rights Reserved.

 Host: Linux gpu-1-8.local 2.6.32-358.18.1.el6.x86_64 #1 SMP Wed Aug 28 17:19:38 UTC 2013 x86_64
 Job Name: Subjob00001--DockLigand0.glidetmp25096
 SCHRODINGER  directory: /cbio/jclab/share/schrodinger/schrodinger2014-4
 IMPACT_EXEC  directory: /cbio/jclab/share/schrodinger/schrodinger2014-4/impact-v65013/bin/Linux-x86_64
 MMSHARE_EXEC directory: /cbio/jclab/share/schrodinger/schrodinger2014-4/mmshare-v28013/bin/Linux-x86_64
 VdW radii of ligand atoms scaled by   0.800000000000000     
 Charge cutoff for polarity   0.150000000000000     

GLIDE CONSTRAINTS APPLIED
-------------------------
  1 out of   1 constraints used from file "grid.25147/Subjob00001--CreateGrid-out.cons"
Labels and receptor types of constraints used are:
pos1 (Positional)

All docked poses must satisfy the specified number of
constraints in ALL of the following  1 groups.
Group   1: At least  1 of (pos1)


 After readscreen, (nx, ny, nz) = (          25 ,           25 ,           25 ).
  Receptor setup: (nsites, nx, ny, nz, bsize)=(         125 ,           25 , 
          25 ,           25 ,    1.00000000000000      ).
 Screening setup finished.
 DOCKMAIN: getting receptor.
%IMPACT-I (xdrrd): File grid.25147/Subjob00001--CreateGrid-out.grd opened for reading
  DOCKMAIN after grid: (nx, ny, nz) = (          64 ,           64 , 
          64 ).
%IMPACT-I (xdrrd): File grid.25147/Subjob00001--CreateGrid-out_coul2.fld opened for reading
%IMPACT-I (xdrrd): File grid.25147/Subjob00001--CreateGrid-out_vdw.fld opened for reading
%IMPACT-I (xdrrd): File grid.25147/Subjob00001--CreateGrid-out.gsc opened for reading
 DOCKMAIN: Grid setup finished
%IMPACT-I(foldmain): calling OPLS_2005 atomtyping ...
%IMPACT-I(foldmain): finished parameter assignment
  
  Penalizing non-planar amide torsions 
  
 Number of rotatable bonds            3
 Using templates for ring conformations.

GlideScore version SP5.0 will be used

  
 Buried polar penalty      0.000
 Coulomb vdW cutoff        0.000
 H bond cutoff             0.000
 Metal-ligand cutoff      10.000
%IMPACT-I (info): At line  78
 %IMPACT-I: Assigning GlideScore SP5.0 parameters
 Checked constraints after refinement with max HB dsq =    16.0000000000000     
 After refinement, constraint filter reduced number of
 poses from         5000  to         4988 .
 Total constraint copies over all poses =         4988
Postdocking minimization:  10 poses; CvdW cutoffs   100.0 kcal/mol for min,     0.0 kcal/mol for report.
Constraint(s) matched for ligand        1, pose   4265
Score =     -5.479
Emodel =    -37.935

The output pose satisfies at least the following constraint(s).
pos1 (Type = Positional)
 
GlideScore(   -5.48)+Epik State Penalty(    0.54) =    -4.94 kcal/mol
Constraint(s) matched for ligand        1, pose   3021
Score =     -5.438
Emodel =    -34.034

The output pose satisfies at least the following constraint(s).
pos1 (Type = Positional)
 
GlideScore(   -5.44)+Epik State Penalty(    0.54) =    -4.89 kcal/mol
Constraint(s) matched for ligand        1, pose    128
Score =     -2.056
Emodel =    -19.376

The output pose satisfies at least the following constraint(s).
pos1 (Type = Positional)
 
GlideScore(   -2.06)+Epik State Penalty(    0.54) =    -1.51 kcal/mol
Constraint(s) matched for ligand        1, pose   2294
Score =     -1.907
Emodel =    -17.657

The output pose satisfies at least the following constraint(s).
pos1 (Type = Positional)
 
GlideScore(   -1.91)+Epik State Penalty(    0.54) =    -1.36 kcal/mol
Constraint(s) matched for ligand        1, pose   1849
Score =     -1.584
Emodel =    -14.059

The output pose satisfies at least the following constraint(s).
pos1 (Type = Positional)
 
GlideScore(   -1.58)+Epik State Penalty(    0.54) =    -1.04 kcal/mol
Constraint(s) matched for ligand        1, pose   2821
Score =     -1.762
Emodel =    -13.418

The output pose satisfies at least the following constraint(s).
pos1 (Type = Positional)
 
GlideScore(   -1.76)+Epik State Penalty(    0.54) =    -1.22 kcal/mol
Constraint(s) matched for ligand        1, pose   4957
Score =     -1.509
Emodel =    -10.188

The output pose satisfies at least the following constraint(s).
pos1 (Type = Positional)
 
GlideScore(   -1.51)+Epik State Penalty(    0.54) =    -0.97 kcal/mol
Constraint(s) matched for ligand        1, pose    698
Score =     -1.404
Emodel =     -9.900

The output pose satisfies at least the following constraint(s).
pos1 (Type = Positional)
 
GlideScore(   -1.40)+Epik State Penalty(    0.54) =    -0.86 kcal/mol
DOCKING RESULTS FOR LIGAND        1 (SGS phenyl)
   Except for Best Emodel, the poses reported here
   may not satisfy the user-specified constraints.
Best Emodel=   -37.94 E=   -33.80 Eint=     4.32 GlideScore=    -5.48
%IMPACT-I(foldmain): calling OPLS_2005 atomtyping ...
%IMPACT-I(foldmain): finished parameter assignment
 Number of rotatable bonds            3
 Using templates for ring conformations.
 Checked constraints after refinement with max HB dsq =    16.0000000000000     
 After refinement, constraint filter reduced number of
 poses from         5000  to         4995 .
 Total constraint copies over all poses =         4995
Constraint(s) matched for ligand        2, pose    655
Score =     -5.292
Emodel =    -30.467

The output pose satisfies at least the following constraint(s).
pos1 (Type = Positional)
 
GlideScore(   -5.29)+Epik State Penalty(    0.54) =    -4.75 kcal/mol
Constraint(s) matched for ligand        2, pose    449
Score =     -2.124
Emodel =    -21.142

The output pose satisfies at least the following constraint(s).
pos1 (Type = Positional)
 
GlideScore(   -2.12)+Epik State Penalty(    0.54) =    -1.58 kcal/mol
Constraint(s) matched for ligand        2, pose   2688
Score =     -2.161
Emodel =    -20.032

The output pose satisfies at least the following constraint(s).
pos1 (Type = Positional)
 
GlideScore(   -2.16)+Epik State Penalty(    0.54) =    -1.62 kcal/mol
Constraint(s) matched for ligand        2, pose   2052
Score =     -1.990
Emodel =    -14.123

The output pose satisfies at least the following constraint(s).
pos1 (Type = Positional)
 
GlideScore(   -1.99)+Epik State Penalty(    0.54) =    -1.45 kcal/mol
Constraint(s) matched for ligand        2, pose   4725
Score =     -1.555
Emodel =    -13.085

The output pose satisfies at least the following constraint(s).
pos1 (Type = Positional)
 
GlideScore(   -1.56)+Epik State Penalty(    0.54) =    -1.01 kcal/mol
Constraint(s) matched for ligand        2, pose   3218
Score =     -1.515
Emodel =    -10.957

The output pose satisfies at least the following constraint(s).
pos1 (Type = Positional)
 
GlideScore(   -1.52)+Epik State Penalty(    0.54) =    -0.97 kcal/mol
Constraint(s) matched for ligand        2, pose   1023
Score =     -1.357
Emodel =    -10.349

The output pose satisfies at least the following constraint(s).
pos1 (Type = Positional)
 
GlideScore(   -1.36)+Epik State Penalty(    0.54) =    -0.81 kcal/mol
Constraint(s) matched for ligand        2, pose   2226
Score =     -1.378
Emodel =     -9.326

The output pose satisfies at least the following constraint(s).
pos1 (Type = Positional)
 
GlideScore(   -1.38)+Epik State Penalty(    0.54) =    -0.83 kcal/mol
Constraint(s) matched for ligand        2, pose   4484
Score =     -1.420
Emodel =     -8.851

The output pose satisfies at least the following constraint(s).
pos1 (Type = Positional)
 
GlideScore(   -1.42)+Epik State Penalty(    0.54) =    -0.88 kcal/mol
Constraint(s) matched for ligand        2, pose   2920
Score =     -1.435
Emodel =     -8.690

The output pose satisfies at least the following constraint(s).
pos1 (Type = Positional)
 
GlideScore(   -1.44)+Epik State Penalty(    0.54) =    -0.89 kcal/mol
DOCKING RESULTS FOR LIGAND        2 (SGS phenyl)
   Except for Best Emodel, the poses reported here
   may not satisfy the user-specified constraints.
Best Emodel=   -30.47 E=   -25.86 Eint=     1.42 GlideScore=    -5.29
%IMPACT-I(foldmain): calling OPLS_2005 atomtyping ...
%IMPACT-I(foldmain): finished parameter assignment
 Number of rotatable bonds            3
 Using templates for ring conformations.
 Checked constraints after refinement with max HB dsq =    16.0000000000000     
 After refinement, constraint filter reduced number of
 poses from         5000  to         4992 .
 Total constraint copies over all poses =         4992
Constraint(s) matched for ligand        3, pose    335
Score =     -5.517
Emodel =    -38.444

The output pose satisfies at least the following constraint(s).
pos1 (Type = Positional)
 
GlideScore(   -5.52)+Epik State Penalty(    0.54) =    -4.97 kcal/mol
Constraint(s) matched for ligand        3, pose    163
Score =     -5.489
Emodel =    -35.567

The output pose satisfies at least the following constraint(s).
pos1 (Type = Positional)
 
GlideScore(   -5.49)+Epik State Penalty(    0.54) =    -4.95 kcal/mol
Constraint(s) matched for ligand        3, pose   2941
Score =     -5.647
Emodel =    -33.040

The output pose satisfies at least the following constraint(s).
pos1 (Type = Positional)
 
GlideScore(   -5.65)+Epik State Penalty(    0.54) =    -5.10 kcal/mol
Constraint(s) matched for ligand        3, pose    404
Score =     -2.086
Emodel =    -19.500

The output pose satisfies at least the following constraint(s).
pos1 (Type = Positional)
 
GlideScore(   -2.09)+Epik State Penalty(    0.54) =    -1.54 kcal/mol
Constraint(s) matched for ligand        3, pose   2682
Score =     -2.078
Emodel =    -19.030

The output pose satisfies at least the following constraint(s).
pos1 (Type = Positional)
 
GlideScore(   -2.08)+Epik State Penalty(    0.54) =    -1.53 kcal/mol
Constraint(s) matched for ligand        3, pose   3315
Score =     -1.734
Emodel =    -16.015

The output pose satisfies at least the following constraint(s).
pos1 (Type = Positional)
 
GlideScore(   -1.73)+Epik State Penalty(    0.54) =    -1.19 kcal/mol
Constraint(s) matched for ligand        3, pose   1857
Score =     -1.790
Emodel =    -13.087

The output pose satisfies at least the following constraint(s).
pos1 (Type = Positional)
 
GlideScore(   -1.79)+Epik State Penalty(    0.54) =    -1.25 kcal/mol
DOCKING RESULTS FOR LIGAND        3 (SGS phenyl)
   Except for Best Emodel, the poses reported here
   may not satisfy the user-specified constraints.
Best Emodel=   -38.44 E=   -34.45 Eint=     4.66 GlideScore=    -5.52
%IMPACT-I(foldmain): calling OPLS_2005 atomtyping ...
%IMPACT-I(foldmain): finished parameter assignment
 Number of rotatable bonds            3
 Using templates for ring conformations.
 Checked constraints after refinement with max HB dsq =    16.0000000000000     
Constraint(s) matched for ligand        4, pose   2397
Score =     -5.487
Emodel =    -38.587

The output pose satisfies at least the following constraint(s).
pos1 (Type = Positional)
 
GlideScore(   -5.49)+Epik State Penalty(    0.54) =    -4.94 kcal/mol
Constraint(s) matched for ligand        4, pose   3175
Score =     -5.792
Emodel =    -36.160

The output pose satisfies at least the following constraint(s).
pos1 (Type = Positional)
 
GlideScore(   -5.79)+Epik State Penalty(    0.54) =    -5.25 kcal/mol
Constraint(s) matched for ligand        4, pose     91
Score =     -5.520
Emodel =    -34.620

The output pose satisfies at least the following constraint(s).
pos1 (Type = Positional)
 
GlideScore(   -5.52)+Epik State Penalty(    0.54) =    -4.98 kcal/mol
Constraint(s) matched for ligand        4, pose   2466
Score =     -2.085
Emodel =    -19.116

The output pose satisfies at least the following constraint(s).
pos1 (Type = Positional)
 
GlideScore(   -2.08)+Epik State Penalty(    0.54) =    -1.54 kcal/mol
Constraint(s) matched for ligand        4, pose    573
Score =     -1.814
Emodel =    -17.194

The output pose satisfies at least the following constraint(s).
pos1 (Type = Positional)
 
GlideScore(   -1.81)+Epik State Penalty(    0.54) =    -1.27 kcal/mol
Constraint(s) matched for ligand        4, pose    308
Score =     -1.378
Emodel =    -10.029

The output pose satisfies at least the following constraint(s).
pos1 (Type = Positional)
 
GlideScore(   -1.38)+Epik State Penalty(    0.54) =    -0.83 kcal/mol
Constraint(s) matched for ligand        4, pose   4913
Score =     -1.323
Emodel =    -10.015

The output pose satisfies at least the following constraint(s).
pos1 (Type = Positional)
 
GlideScore(   -1.32)+Epik State Penalty(    0.54) =    -0.78 kcal/mol
Constraint(s) matched for ligand        4, pose   3014
Score =     -1.172
Emodel =     -6.052

The output pose satisfies at least the following constraint(s).
pos1 (Type = Positional)
 
GlideScore(   -1.17)+Epik State Penalty(    0.54) =    -0.63 kcal/mol
DOCKING RESULTS FOR LIGAND        4 (SGS phenyl)
   Except for Best Emodel, the poses reported here
   may not satisfy the user-specified constraints.
Best Emodel=   -38.59 E=   -34.16 Eint=     3.64 GlideScore=    -5.49
%IMPACT-I(foldmain): calling OPLS_2005 atomtyping ...
%IMPACT-I(foldmain): finished parameter assignment
 Number of rotatable bonds            3
 Using templates for ring conformations.
 Checked constraints after refinement with max HB dsq =    16.0000000000000     
 After refinement, constraint filter reduced number of
 poses from         5000  to         4997 .
 Total constraint copies over all poses =         4997
Constraint(s) matched for ligand        5, pose    169
Score =     -5.631
Emodel =    -40.011

The output pose satisfies at least the following constraint(s).
pos1 (Type = Positional)
 
GlideScore(   -5.63)+Epik State Penalty(    0.54) =    -5.09 kcal/mol
Constraint(s) matched for ligand        5, pose   1655
Score =     -5.662
Emodel =    -34.560

The output pose satisfies at least the following constraint(s).
pos1 (Type = Positional)
 
GlideScore(   -5.66)+Epik State Penalty(    0.54) =    -5.12 kcal/mol
Constraint(s) matched for ligand        5, pose   2708
Score =     -5.220
Emodel =    -29.556

The output pose satisfies at least the following constraint(s).
pos1 (Type = Positional)
 
GlideScore(   -5.22)+Epik State Penalty(    0.54) =    -4.68 kcal/mol
Constraint(s) matched for ligand        5, pose    172
Score =     -2.172
Emodel =    -19.988

The output pose satisfies at least the following constraint(s).
pos1 (Type = Positional)
 
GlideScore(   -2.17)+Epik State Penalty(    0.54) =    -1.63 kcal/mol
Constraint(s) matched for ligand        5, pose   3384
Score =     -2.030
Emodel =    -13.990

The output pose satisfies at least the following constraint(s).
pos1 (Type = Positional)
 
GlideScore(   -2.03)+Epik State Penalty(    0.54) =    -1.49 kcal/mol
Constraint(s) matched for ligand        5, pose   1819
Score =     -1.576
Emodel =    -13.395

The output pose satisfies at least the following constraint(s).
pos1 (Type = Positional)
 
GlideScore(   -1.58)+Epik State Penalty(    0.54) =    -1.03 kcal/mol
Constraint(s) matched for ligand        5, pose   4143
Score =     -1.736
Emodel =    -12.438

The output pose satisfies at least the following constraint(s).
pos1 (Type = Positional)
 
GlideScore(   -1.74)+Epik State Penalty(    0.54) =    -1.19 kcal/mol
Constraint(s) matched for ligand        5, pose   3554
Score =     -1.517
Emodel =    -11.148

The output pose satisfies at least the following constraint(s).
pos1 (Type = Positional)
 
GlideScore(   -1.52)+Epik State Penalty(    0.54) =    -0.97 kcal/mol
Constraint(s) matched for ligand        5, pose   3849
Score =     -1.427
Emodel =     -7.369

The output pose satisfies at least the following constraint(s).
pos1 (Type = Positional)
 
GlideScore(   -1.43)+Epik State Penalty(    0.54) =    -0.88 kcal/mol
Constraint(s) matched for ligand        5, pose   1588
Score =     -1.517
Emodel =     -2.700

The output pose satisfies at least the following constraint(s).
pos1 (Type = Positional)
 
GlideScore(   -1.52)+Epik State Penalty(    0.54) =    -0.97 kcal/mol
DOCKING RESULTS FOR LIGAND        5 (SGS phenyl)
   Except for Best Emodel, the poses reported here
   may not satisfy the user-specified constraints.
Best Emodel=   -40.01 E=   -36.92 Eint=     4.79 GlideScore=    -5.63
%IMPACT-I(foldmain): calling OPLS_2005 atomtyping ...
%IMPACT-I(foldmain): finished parameter assignment
 Number of rotatable bonds            3
 Using templates for ring conformations.
 Checked constraints after refinement with max HB dsq =    16.0000000000000     
Constraint(s) matched for ligand        6, pose   2575
Score =     -5.661
Emodel =    -41.853

The output pose satisfies at least the following constraint(s).
pos1 (Type = Positional)
 
GlideScore(   -5.66)+Epik State Penalty(    0.54) =    -5.12 kcal/mol
Constraint(s) matched for ligand        6, pose   1379
Score =     -5.508
Emodel =    -35.512

The output pose satisfies at least the following constraint(s).
pos1 (Type = Positional)
 
GlideScore(   -5.51)+Epik State Penalty(    0.54) =    -4.96 kcal/mol
Constraint(s) matched for ligand        6, pose   3568
Score =     -5.512
Emodel =    -32.929

The output pose satisfies at least the following constraint(s).
pos1 (Type = Positional)
 
GlideScore(   -5.51)+Epik State Penalty(    0.54) =    -4.97 kcal/mol
Constraint(s) matched for ligand        6, pose   4499
Score =     -5.169
Emodel =    -26.633

The output pose satisfies at least the following constraint(s).
pos1 (Type = Positional)
 
GlideScore(   -5.17)+Epik State Penalty(    0.54) =    -4.63 kcal/mol
Constraint(s) matched for ligand        6, pose   4439
Score =     -5.590
Emodel =    -24.326

The output pose satisfies at least the following constraint(s).
pos1 (Type = Positional)
 
GlideScore(   -5.59)+Epik State Penalty(    0.54) =    -5.05 kcal/mol
Constraint(s) matched for ligand        6, pose   4544
Score =     -1.771
Emodel =    -13.086

The output pose satisfies at least the following constraint(s).
pos1 (Type = Positional)
 
GlideScore(   -1.77)+Epik State Penalty(    0.54) =    -1.23 kcal/mol
Constraint(s) matched for ligand        6, pose   3674
Score =     -1.356
Emodel =     -6.971

The output pose satisfies at least the following constraint(s).
pos1 (Type = Positional)
 
GlideScore(   -1.36)+Epik State Penalty(    0.54) =    -0.81 kcal/mol
Constraint(s) matched for ligand        6, pose   2458
Score =     -1.006
Emodel =     -5.363

The output pose satisfies at least the following constraint(s).
pos1 (Type = Positional)
 
GlideScore(   -1.01)+Epik State Penalty(    0.54) =    -0.46 kcal/mol
Constraint(s) matched for ligand        6, pose   1455
Score =     -1.355
Emodel =     -3.802

The output pose satisfies at least the following constraint(s).
pos1 (Type = Positional)
 
GlideScore(   -1.36)+Epik State Penalty(    0.54) =    -0.81 kcal/mol
DOCKING RESULTS FOR LIGAND        6 (SGS phenyl)
   Except for Best Emodel, the poses reported here
   may not satisfy the user-specified constraints.
Best Emodel=   -41.85 E=   -36.62 Eint=     3.44 GlideScore=    -5.66
%IMPACT-I(foldmain): calling OPLS_2005 atomtyping ...
%IMPACT-I(foldmain): finished parameter assignment
 Number of rotatable bonds            3
 Using templates for ring conformations.
 Checked constraints after refinement with max HB dsq =    16.0000000000000     
 After refinement, constraint filter reduced number of
 poses from         5000  to         4975 .
 Total constraint copies over all poses =         4975
Constraint(s) matched for ligand        7, pose    397
Score =     -5.483
Emodel =    -37.595

The output pose satisfies at least the following constraint(s).
pos1 (Type = Positional)
 
GlideScore(   -5.48)+Epik State Penalty(    0.54) =    -4.94 kcal/mol
Constraint(s) matched for ligand        7, pose     84
Score =     -5.494
Emodel =    -33.423

The output pose satisfies at least the following constraint(s).
pos1 (Type = Positional)
 
GlideScore(   -5.49)+Epik State Penalty(    0.54) =    -4.95 kcal/mol
Constraint(s) matched for ligand        7, pose   3869
Score =     -1.877
Emodel =    -14.402

The output pose satisfies at least the following constraint(s).
pos1 (Type = Positional)
 
GlideScore(   -1.88)+Epik State Penalty(    0.54) =    -1.33 kcal/mol
Constraint(s) matched for ligand        7, pose   4555
Score =     -1.717
Emodel =    -12.498

The output pose satisfies at least the following constraint(s).
pos1 (Type = Positional)
 
GlideScore(   -1.72)+Epik State Penalty(    0.54) =    -1.17 kcal/mol
Constraint(s) matched for ligand        7, pose   3468
Score =     -1.586
Emodel =    -10.354

The output pose satisfies at least the following constraint(s).
pos1 (Type = Positional)
 
GlideScore(   -1.59)+Epik State Penalty(    0.54) =    -1.04 kcal/mol
Constraint(s) matched for ligand        7, pose   4728
Score =     -1.015
Emodel =     -5.161

The output pose satisfies at least the following constraint(s).
pos1 (Type = Positional)
 
GlideScore(   -1.02)+Epik State Penalty(    0.54) =    -0.47 kcal/mol
Constraint(s) matched for ligand        7, pose   2453
Score =     -1.383
Emodel =     -4.673

The output pose satisfies at least the following constraint(s).
pos1 (Type = Positional)
 
GlideScore(   -1.38)+Epik State Penalty(    0.54) =    -0.84 kcal/mol
Constraint(s) matched for ligand        7, pose   1526
Score =     -1.494
Emodel =     -3.326

The output pose satisfies at least the following constraint(s).
pos1 (Type = Positional)
 
GlideScore(   -1.49)+Epik State Penalty(    0.54) =    -0.95 kcal/mol
DOCKING RESULTS FOR LIGAND        7 (SGS phenyl)
   Except for Best Emodel, the poses reported here
   may not satisfy the user-specified constraints.
Best Emodel=   -37.60 E=   -34.93 Eint=     5.03 GlideScore=    -5.48
%IMPACT-I(foldmain): calling OPLS_2005 atomtyping ...
%IMPACT-I(foldmain): finished parameter assignment
 Number of rotatable bonds            3
 Using templates for ring conformations.
 Checked constraints after refinement with max HB dsq =    16.0000000000000     
 After refinement, constraint filter reduced number of
 poses from         5000  to         4996 .
 Total constraint copies over all poses =         4996
Constraint(s) matched for ligand        8, pose   1037
Score =     -5.445
Emodel =    -37.980

The output pose satisfies at least the following constraint(s).
pos1 (Type = Positional)
 
GlideScore(   -5.45)+Epik State Penalty(    0.54) =    -4.90 kcal/mol
Constraint(s) matched for ligand        8, pose   3706
Score =     -5.234
Emodel =    -31.154

The output pose satisfies at least the following constraint(s).
pos1 (Type = Positional)
 
GlideScore(   -5.23)+Epik State Penalty(    0.54) =    -4.69 kcal/mol
Constraint(s) matched for ligand        8, pose   2353
Score =     -5.238
Emodel =    -30.436

The output pose satisfies at least the following constraint(s).
pos1 (Type = Positional)
 
GlideScore(   -5.24)+Epik State Penalty(    0.54) =    -4.70 kcal/mol
Constraint(s) matched for ligand        8, pose   2692
Score =     -2.003
Emodel =    -13.650

The output pose satisfies at least the following constraint(s).
pos1 (Type = Positional)
 
GlideScore(   -2.00)+Epik State Penalty(    0.54) =    -1.46 kcal/mol
Constraint(s) matched for ligand        8, pose   2230
Score =     -1.751
Emodel =    -13.583

The output pose satisfies at least the following constraint(s).
pos1 (Type = Positional)
 
GlideScore(   -1.75)+Epik State Penalty(    0.54) =    -1.21 kcal/mol
Constraint(s) matched for ligand        8, pose   4382
Score =     -1.141
Emodel =     -6.342

The output pose satisfies at least the following constraint(s).
pos1 (Type = Positional)
 
GlideScore(   -1.14)+Epik State Penalty(    0.54) =    -0.60 kcal/mol
Constraint(s) matched for ligand        8, pose   2653
Score =     -0.993
Emodel =     -5.159

The output pose satisfies at least the following constraint(s).
pos1 (Type = Positional)
 
GlideScore(   -0.99)+Epik State Penalty(    0.54) =    -0.45 kcal/mol
Constraint(s) matched for ligand        8, pose   3047
Score =     -1.478
Emodel =     -4.374

The output pose satisfies at least the following constraint(s).
pos1 (Type = Positional)
 
GlideScore(   -1.48)+Epik State Penalty(    0.54) =    -0.93 kcal/mol
Constraint(s) matched for ligand        8, pose   2493
Score =     -1.319
Emodel =     -3.532

The output pose satisfies at least the following constraint(s).
pos1 (Type = Positional)
 
GlideScore(   -1.32)+Epik State Penalty(    0.54) =    -0.78 kcal/mol
DOCKING RESULTS FOR LIGAND        8 (SGS phenyl)
   Except for Best Emodel, the poses reported here
   may not satisfy the user-specified constraints.
Best Emodel=   -37.98 E=   -34.01 Eint=     4.26 GlideScore=    -5.45
%IMPACT-I(foldmain): calling OPLS_2005 atomtyping ...
%IMPACT-I(foldmain): finished parameter assignment
 Number of rotatable bonds            3
 Using templates for ring conformations.
 Checked constraints after refinement with max HB dsq =    16.0000000000000     
 After refinement, constraint filter reduced number of
 poses from         5000  to         4996 .
 Total constraint copies over all poses =         4996
Constraint(s) matched for ligand        9, pose   4940
Score =     -5.667
Emodel =    -41.389

The output pose satisfies at least the following constraint(s).
pos1 (Type = Positional)
 
GlideScore(   -5.67)+Epik State Penalty(    0.54) =    -5.12 kcal/mol
Constraint(s) matched for ligand        9, pose    630
Score =     -5.517
Emodel =    -34.847

The output pose satisfies at least the following constraint(s).
pos1 (Type = Positional)
 
GlideScore(   -5.52)+Epik State Penalty(    0.54) =    -4.97 kcal/mol
Constraint(s) matched for ligand        9, pose   2038
Score =     -2.073
Emodel =    -19.270

The output pose satisfies at least the following constraint(s).
pos1 (Type = Positional)
 
GlideScore(   -2.07)+Epik State Penalty(    0.54) =    -1.53 kcal/mol
Constraint(s) matched for ligand        9, pose   3263
Score =     -1.757
Emodel =    -16.212

The output pose satisfies at least the following constraint(s).
pos1 (Type = Positional)
 
GlideScore(   -1.76)+Epik State Penalty(    0.54) =    -1.21 kcal/mol
Constraint(s) matched for ligand        9, pose   3921
Score =     -1.612
Emodel =    -14.652

The output pose satisfies at least the following constraint(s).
pos1 (Type = Positional)
 
GlideScore(   -1.61)+Epik State Penalty(    0.54) =    -1.07 kcal/mol
Constraint(s) matched for ligand        9, pose   3820
Score =     -1.753
Emodel =    -13.779

The output pose satisfies at least the following constraint(s).
pos1 (Type = Positional)
 
GlideScore(   -1.75)+Epik State Penalty(    0.54) =    -1.21 kcal/mol
Constraint(s) matched for ligand        9, pose   3543
Score =     -1.832
Emodel =    -13.175

The output pose satisfies at least the following constraint(s).
pos1 (Type = Positional)
 
GlideScore(   -1.83)+Epik State Penalty(    0.54) =    -1.29 kcal/mol
Constraint(s) matched for ligand        9, pose   2608
Score =     -1.406
Emodel =    -10.376

The output pose satisfies at least the following constraint(s).
pos1 (Type = Positional)
 
GlideScore(   -1.41)+Epik State Penalty(    0.54) =    -0.86 kcal/mol
Constraint(s) matched for ligand        9, pose   2544
Score =     -1.351
Emodel =    -10.052

The output pose satisfies at least the following constraint(s).
pos1 (Type = Positional)
 
GlideScore(   -1.35)+Epik State Penalty(    0.54) =    -0.81 kcal/mol
DOCKING RESULTS FOR LIGAND        9 (SGS phenyl)
   Except for Best Emodel, the poses reported here
   may not satisfy the user-specified constraints.
Best Emodel=   -41.39 E=   -36.65 Eint=     3.77 GlideScore=    -5.67
%IMPACT-I(foldmain): calling OPLS_2005 atomtyping ...
%IMPACT-I(foldmain): finished parameter assignment
 Number of rotatable bonds            3
 Using templates for ring conformations.
 Checked constraints after refinement with max HB dsq =    16.0000000000000     
 After refinement, constraint filter reduced number of
 poses from         5000  to         4998 .
 Total constraint copies over all poses =         4998
Constraint(s) matched for ligand       10, pose    677
Score =     -5.946
Emodel =    -42.772

The output pose satisfies at least the following constraint(s).
pos1 (Type = Positional)
 
GlideScore(   -5.95)+Epik State Penalty(    0.55) =    -5.40 kcal/mol
Constraint(s) matched for ligand       10, pose   4478
Score =     -5.754
Emodel =    -35.343

The output pose satisfies at least the following constraint(s).
pos1 (Type = Positional)
 
GlideScore(   -5.75)+Epik State Penalty(    0.55) =    -5.21 kcal/mol
Constraint(s) matched for ligand       10, pose   4099
Score =     -2.550
Emodel =    -23.050

The output pose satisfies at least the following constraint(s).
pos1 (Type = Positional)
 
GlideScore(   -2.55)+Epik State Penalty(    0.55) =    -2.00 kcal/mol
Constraint(s) matched for ligand       10, pose   2732
Score =     -2.650
Emodel =    -22.541

The output pose satisfies at least the following constraint(s).
pos1 (Type = Positional)
 
GlideScore(   -2.65)+Epik State Penalty(    0.55) =    -2.10 kcal/mol
Constraint(s) matched for ligand       10, pose   4101
Score =     -2.448
Emodel =    -22.479

The output pose satisfies at least the following constraint(s).
pos1 (Type = Positional)
 
GlideScore(   -2.45)+Epik State Penalty(    0.55) =    -1.90 kcal/mol
Constraint(s) matched for ligand       10, pose   1887
Score =     -2.646
Emodel =    -21.765

The output pose satisfies at least the following constraint(s).
pos1 (Type = Positional)
 
GlideScore(   -2.65)+Epik State Penalty(    0.55) =    -2.10 kcal/mol
Constraint(s) matched for ligand       10, pose   3262
Score =     -1.586
Emodel =    -11.546

The output pose satisfies at least the following constraint(s).
pos1 (Type = Positional)
 
GlideScore(   -1.59)+Epik State Penalty(    0.55) =    -1.04 kcal/mol
Constraint(s) matched for ligand       10, pose   4803
Score =     -1.650
Emodel =     -7.437

The output pose satisfies at least the following constraint(s).
pos1 (Type = Positional)
 
GlideScore(   -1.65)+Epik State Penalty(    0.55) =    -1.10 kcal/mol
Constraint(s) matched for ligand       10, pose   3943
Score =     -1.077
Emodel =     -7.361

The output pose satisfies at least the following constraint(s).
pos1 (Type = Positional)
 
GlideScore(   -1.08)+Epik State Penalty(    0.55) =    -0.53 kcal/mol
DOCKING RESULTS FOR LIGAND       10 (SGS phenyl)
   Except for Best Emodel, the poses reported here
   may not satisfy the user-specified constraints.
Best Emodel=   -42.77 E=   -37.00 Eint=     4.38 GlideScore=    -5.95
%IMPACT-I(foldmain): calling OPLS_2005 atomtyping ...
%IMPACT-I(foldmain): finished parameter assignment
 Number of rotatable bonds            3
 Using templates for ring conformations.
 Checked constraints after refinement with max HB dsq =    16.0000000000000     
 After refinement, constraint filter reduced number of
 poses from         5000  to         4996 .
 Total constraint copies over all poses =         4996
Constraint(s) matched for ligand       11, pose   2272
Score =     -5.932
Emodel =    -38.891

The output pose satisfies at least the following constraint(s).
pos1 (Type = Positional)
 
GlideScore(   -5.93)+Epik State Penalty(    0.55) =    -5.38 kcal/mol
Constraint(s) matched for ligand       11, pose    633
Score =     -5.404
Emodel =    -35.189

The output pose satisfies at least the following constraint(s).
pos1 (Type = Positional)
 
GlideScore(   -5.40)+Epik State Penalty(    0.55) =    -4.86 kcal/mol
Constraint(s) matched for ligand       11, pose   1679
Score =     -2.647
Emodel =    -20.890

The output pose satisfies at least the following constraint(s).
pos1 (Type = Positional)
 
GlideScore(   -2.65)+Epik State Penalty(    0.55) =    -2.10 kcal/mol
Constraint(s) matched for ligand       11, pose    943
Score =     -2.458
Emodel =    -19.656

The output pose satisfies at least the following constraint(s).
pos1 (Type = Positional)
 
GlideScore(   -2.46)+Epik State Penalty(    0.55) =    -1.91 kcal/mol
Constraint(s) matched for ligand       11, pose   1195
Score =     -2.326
Emodel =    -18.565

The output pose satisfies at least the following constraint(s).
pos1 (Type = Positional)
 
GlideScore(   -2.33)+Epik State Penalty(    0.55) =    -1.78 kcal/mol
Constraint(s) matched for ligand       11, pose   3842
Score =     -2.039
Emodel =    -10.400

The output pose satisfies at least the following constraint(s).
pos1 (Type = Positional)
 
GlideScore(   -2.04)+Epik State Penalty(    0.55) =    -1.49 kcal/mol
Constraint(s) matched for ligand       11, pose   3903
Score =     -1.602
Emodel =     -9.562

The output pose satisfies at least the following constraint(s).
pos1 (Type = Positional)
 
GlideScore(   -1.60)+Epik State Penalty(    0.55) =    -1.05 kcal/mol
Constraint(s) matched for ligand       11, pose   4525
Score =     -1.654
Emodel =     -8.826

The output pose satisfies at least the following constraint(s).
pos1 (Type = Positional)
 
GlideScore(   -1.65)+Epik State Penalty(    0.55) =    -1.11 kcal/mol
DOCKING RESULTS FOR LIGAND       11 (SGS phenyl)
   Except for Best Emodel, the poses reported here
   may not satisfy the user-specified constraints.
Best Emodel=   -38.89 E=   -33.05 Eint=     3.30 GlideScore=    -5.93
%IMPACT-I(foldmain): calling OPLS_2005 atomtyping ...
%IMPACT-I(foldmain): finished parameter assignment
 Number of rotatable bonds            3
 Using templates for ring conformations.
 Checked constraints after refinement with max HB dsq =    16.0000000000000     
 After refinement, constraint filter reduced number of
 poses from         5000  to         4994 .
 Total constraint copies over all poses =         4994
Constraint(s) matched for ligand       12, pose   3674
Score =     -5.912
Emodel =    -42.354

The output pose satisfies at least the following constraint(s).
pos1 (Type = Positional)
 
GlideScore(   -5.91)+Epik State Penalty(    0.55) =    -5.36 kcal/mol
Constraint(s) matched for ligand       12, pose   1564
Score =     -5.350
Emodel =    -31.853

The output pose satisfies at least the following constraint(s).
pos1 (Type = Positional)
 
GlideScore(   -5.35)+Epik State Penalty(    0.55) =    -4.80 kcal/mol
Constraint(s) matched for ligand       12, pose   4201
Score =     -2.447
Emodel =    -22.457

The output pose satisfies at least the following constraint(s).
pos1 (Type = Positional)
 
GlideScore(   -2.45)+Epik State Penalty(    0.55) =    -1.90 kcal/mol
Constraint(s) matched for ligand       12, pose   2174
Score =     -2.659
Emodel =    -21.739

The output pose satisfies at least the following constraint(s).
pos1 (Type = Positional)
 
GlideScore(   -2.66)+Epik State Penalty(    0.55) =    -2.11 kcal/mol
Constraint(s) matched for ligand       12, pose   3309
Score =     -2.392
Emodel =    -19.131

The output pose satisfies at least the following constraint(s).
pos1 (Type = Positional)
 
GlideScore(   -2.39)+Epik State Penalty(    0.55) =    -1.84 kcal/mol
Constraint(s) matched for ligand       12, pose   2558
Score =     -1.790
Emodel =    -13.053

The output pose satisfies at least the following constraint(s).
pos1 (Type = Positional)
 
GlideScore(   -1.79)+Epik State Penalty(    0.55) =    -1.24 kcal/mol
Constraint(s) matched for ligand       12, pose   3404
Score =     -1.586
Emodel =    -11.494

The output pose satisfies at least the following constraint(s).
pos1 (Type = Positional)
 
GlideScore(   -1.59)+Epik State Penalty(    0.55) =    -1.04 kcal/mol
Constraint(s) matched for ligand       12, pose   3097
Score =     -1.186
Emodel =     -8.324

The output pose satisfies at least the following constraint(s).
pos1 (Type = Positional)
 
GlideScore(   -1.19)+Epik State Penalty(    0.55) =    -0.64 kcal/mol
Constraint(s) matched for ligand       12, pose    669
Score =     -1.636
Emodel =     -8.252

The output pose satisfies at least the following constraint(s).
pos1 (Type = Positional)
 
GlideScore(   -1.64)+Epik State Penalty(    0.55) =    -1.09 kcal/mol
Constraint(s) matched for ligand       12, pose   1236
Score =     -1.374
Emodel =     -1.380

The output pose satisfies at least the following constraint(s).
pos1 (Type = Positional)
 
GlideScore(   -1.37)+Epik State Penalty(    0.55) =    -0.83 kcal/mol
DOCKING RESULTS FOR LIGAND       12 (SGS phenyl)
   Except for Best Emodel, the poses reported here
   may not satisfy the user-specified constraints.
Best Emodel=   -42.35 E=   -36.72 Eint=     4.58 GlideScore=    -5.91
%IMPACT-I(foldmain): calling OPLS_2005 atomtyping ...
%IMPACT-I(foldmain): finished parameter assignment
 Number of rotatable bonds            3
 Using templates for ring conformations.
 Checked constraints after refinement with max HB dsq =    16.0000000000000     
Constraint(s) matched for ligand       13, pose   2010
Score =     -5.768
Emodel =    -33.779

The output pose satisfies at least the following constraint(s).
pos1 (Type = Positional)
 
GlideScore(   -5.77)+Epik State Penalty(    0.55) =    -5.22 kcal/mol
Constraint(s) matched for ligand       13, pose   3279
Score =     -2.645
Emodel =    -20.293

The output pose satisfies at least the following constraint(s).
pos1 (Type = Positional)
 
GlideScore(   -2.65)+Epik State Penalty(    0.55) =    -2.10 kcal/mol
Constraint(s) matched for ligand       13, pose    455
Score =     -2.405
Emodel =    -16.743

The output pose satisfies at least the following constraint(s).
pos1 (Type = Positional)
 
GlideScore(   -2.41)+Epik State Penalty(    0.55) =    -1.86 kcal/mol
Constraint(s) matched for ligand       13, pose   1347
Score =     -2.037
Emodel =    -12.313

The output pose satisfies at least the following constraint(s).
pos1 (Type = Positional)
 
GlideScore(   -2.04)+Epik State Penalty(    0.55) =    -1.49 kcal/mol
Constraint(s) matched for ligand       13, pose    673
Score =     -2.195
Emodel =    -10.100

The output pose satisfies at least the following constraint(s).
pos1 (Type = Positional)
 
GlideScore(   -2.20)+Epik State Penalty(    0.55) =    -1.65 kcal/mol
Constraint(s) matched for ligand       13, pose   4013
Score =     -1.586
Emodel =     -8.543

The output pose satisfies at least the following constraint(s).
pos1 (Type = Positional)
 
GlideScore(   -1.59)+Epik State Penalty(    0.55) =    -1.04 kcal/mol
Constraint(s) matched for ligand       13, pose   3547
Score =     -1.438
Emodel =     -5.915

The output pose satisfies at least the following constraint(s).
pos1 (Type = Positional)
 
GlideScore(   -1.44)+Epik State Penalty(    0.55) =    -0.89 kcal/mol
Constraint(s) matched for ligand       13, pose   3355
Score =     -0.964
Emodel =     -5.170

The output pose satisfies at least the following constraint(s).
pos1 (Type = Positional)
 
GlideScore(   -0.96)+Epik State Penalty(    0.55) =    -0.42 kcal/mol
DOCKING RESULTS FOR LIGAND       13 (SGS phenyl)
   Except for Best Emodel, the poses reported here
   may not satisfy the user-specified constraints.
Best Emodel=   -33.78 E=   -28.70 Eint=     3.26 GlideScore=    -5.77
%IMPACT-I(foldmain): calling OPLS_2005 atomtyping ...
%IMPACT-I(foldmain): finished parameter assignment
 Number of rotatable bonds            3
 Using templates for ring conformations.
 Checked constraints after refinement with max HB dsq =    16.0000000000000     
 After refinement, constraint filter reduced number of
 poses from         5000  to         4964 .
 Total constraint copies over all poses =         4964
Constraint(s) matched for ligand       14, pose   4644
Score =     -5.920
Emodel =    -42.496

The output pose satisfies at least the following constraint(s).
pos1 (Type = Positional)
 
GlideScore(   -5.92)+Epik State Penalty(    0.55) =    -5.37 kcal/mol
Constraint(s) matched for ligand       14, pose   1539
Score =     -5.911
Emodel =    -39.234

The output pose satisfies at least the following constraint(s).
pos1 (Type = Positional)
 
GlideScore(   -5.91)+Epik State Penalty(    0.55) =    -5.36 kcal/mol
Constraint(s) matched for ligand       14, pose   1876
Score =     -2.551
Emodel =    -21.781

The output pose satisfies at least the following constraint(s).
pos1 (Type = Positional)
 
GlideScore(   -2.55)+Epik State Penalty(    0.55) =    -2.00 kcal/mol
Constraint(s) matched for ligand       14, pose    979
Score =     -2.441
Emodel =    -20.532

The output pose satisfies at least the following constraint(s).
pos1 (Type = Positional)
 
GlideScore(   -2.44)+Epik State Penalty(    0.55) =    -1.89 kcal/mol
Constraint(s) matched for ligand       14, pose   3765
Score =     -1.584
Emodel =    -10.325

The output pose satisfies at least the following constraint(s).
pos1 (Type = Positional)
 
GlideScore(   -1.58)+Epik State Penalty(    0.55) =    -1.04 kcal/mol
Constraint(s) matched for ligand       14, pose   1772
Score =     -1.536
Emodel =     -4.662

The output pose satisfies at least the following constraint(s).
pos1 (Type = Positional)
 
GlideScore(   -1.54)+Epik State Penalty(    0.55) =    -0.99 kcal/mol
Constraint(s) matched for ligand       14, pose   3472
Score =     -1.474
Emodel =     -4.405

The output pose satisfies at least the following constraint(s).
pos1 (Type = Positional)
 
GlideScore(   -1.47)+Epik State Penalty(    0.55) =    -0.93 kcal/mol
Constraint(s) matched for ligand       14, pose   2426
Score =     -1.279
Emodel =     -3.307

The output pose satisfies at least the following constraint(s).
pos1 (Type = Positional)
 
GlideScore(   -1.28)+Epik State Penalty(    0.55) =    -0.73 kcal/mol
DOCKING RESULTS FOR LIGAND       14 (SGS phenyl)
   Except for Best Emodel, the poses reported here
   may not satisfy the user-specified constraints.
Best Emodel=   -42.50 E=   -36.47 Eint=     5.14 GlideScore=    -5.92
%IMPACT-I(foldmain): calling OPLS_2005 atomtyping ...
%IMPACT-I(foldmain): finished parameter assignment
 Number of rotatable bonds            3
 Using templates for ring conformations.
 Checked constraints after refinement with max HB dsq =    16.0000000000000     
 After refinement, constraint filter reduced number of
 poses from         5000  to         4987 .
 Total constraint copies over all poses =         4987
Constraint(s) matched for ligand       15, pose    774
Score =     -5.987
Emodel =    -42.332

The output pose satisfies at least the following constraint(s).
pos1 (Type = Positional)
 
GlideScore(   -5.99)+Epik State Penalty(    0.55) =    -5.44 kcal/mol
Constraint(s) matched for ligand       15, pose   1410
Score =     -6.200
Emodel =    -38.101

The output pose satisfies at least the following constraint(s).
pos1 (Type = Positional)
 
GlideScore(   -6.20)+Epik State Penalty(    0.55) =    -5.65 kcal/mol
Constraint(s) matched for ligand       15, pose   3054
Score =     -5.862
Emodel =    -37.391

The output pose satisfies at least the following constraint(s).
pos1 (Type = Positional)
 
GlideScore(   -5.86)+Epik State Penalty(    0.55) =    -5.31 kcal/mol
Constraint(s) matched for ligand       15, pose   3377
Score =     -5.844
Emodel =    -26.131

The output pose satisfies at least the following constraint(s).
pos1 (Type = Positional)
 
GlideScore(   -5.84)+Epik State Penalty(    0.55) =    -5.30 kcal/mol
Constraint(s) matched for ligand       15, pose   2542
Score =     -1.756
Emodel =     -6.091

The output pose satisfies at least the following constraint(s).
pos1 (Type = Positional)
 
GlideScore(   -1.76)+Epik State Penalty(    0.55) =    -1.21 kcal/mol
Constraint(s) matched for ligand       15, pose   4016
Score =     -1.604
Emodel =     -5.431

The output pose satisfies at least the following constraint(s).
pos1 (Type = Positional)
 
GlideScore(   -1.60)+Epik State Penalty(    0.55) =    -1.06 kcal/mol
Constraint(s) matched for ligand       15, pose   2246
Score =     -1.474
Emodel =     -4.523

The output pose satisfies at least the following constraint(s).
pos1 (Type = Positional)
 
GlideScore(   -1.47)+Epik State Penalty(    0.55) =    -0.93 kcal/mol
Constraint(s) matched for ligand       15, pose    594
Score =     -1.195
Emodel =     -2.081

The output pose satisfies at least the following constraint(s).
pos1 (Type = Positional)
 
GlideScore(   -1.19)+Epik State Penalty(    0.55) =    -0.65 kcal/mol
Constraint(s) matched for ligand       15, pose   3191
Score =     -1.166
Emodel =     -1.461

The output pose satisfies at least the following constraint(s).
pos1 (Type = Positional)
 
GlideScore(   -1.17)+Epik State Penalty(    0.55) =    -0.62 kcal/mol
DOCKING RESULTS FOR LIGAND       15 (SGS phenyl)
   Except for Best Emodel, the poses reported here
   may not satisfy the user-specified constraints.
Best Emodel=   -42.33 E=   -37.43 Eint=     5.10 GlideScore=    -5.99
%IMPACT-I(foldmain): calling OPLS_2005 atomtyping ...
%IMPACT-I(foldmain): finished parameter assignment
 Number of rotatable bonds            3
 Using templates for ring conformations.
 Checked constraints after refinement with max HB dsq =    16.0000000000000     
 After refinement, constraint filter reduced number of
 poses from         5000  to         4980 .
 Total constraint copies over all poses =         4980
Constraint(s) matched for ligand       16, pose   2353
Score =     -5.892
Emodel =    -41.123

The output pose satisfies at least the following constraint(s).
pos1 (Type = Positional)
 
GlideScore(   -5.89)+Epik State Penalty(    0.55) =    -5.34 kcal/mol
Constraint(s) matched for ligand       16, pose    216
Score =     -5.798
Emodel =    -36.469

The output pose satisfies at least the following constraint(s).
pos1 (Type = Positional)
 
GlideScore(   -5.80)+Epik State Penalty(    0.55) =    -5.25 kcal/mol
Constraint(s) matched for ligand       16, pose    377
Score =     -5.389
Emodel =    -19.067

The output pose satisfies at least the following constraint(s).
pos1 (Type = Positional)
 
GlideScore(   -5.39)+Epik State Penalty(    0.55) =    -4.84 kcal/mol
Constraint(s) matched for ligand       16, pose   1210
Score =     -5.110
Emodel =     -5.999

The output pose satisfies at least the following constraint(s).
pos1 (Type = Positional)
 
GlideScore(   -5.11)+Epik State Penalty(    0.55) =    -4.56 kcal/mol
Constraint(s) matched for ligand       16, pose   2933
Score =     -1.614
Emodel =     -5.774

The output pose satisfies at least the following constraint(s).
pos1 (Type = Positional)
 
GlideScore(   -1.61)+Epik State Penalty(    0.55) =    -1.07 kcal/mol
Constraint(s) matched for ligand       16, pose    762
Score =     -1.561
Emodel =     -4.156

The output pose satisfies at least the following constraint(s).
pos1 (Type = Positional)
 
GlideScore(   -1.56)+Epik State Penalty(    0.55) =    -1.01 kcal/mol
Constraint(s) matched for ligand       16, pose   3222
Score =     -1.483
Emodel =     -3.758

The output pose satisfies at least the following constraint(s).
pos1 (Type = Positional)
 
GlideScore(   -1.48)+Epik State Penalty(    0.55) =    -0.93 kcal/mol
DOCKING RESULTS FOR LIGAND       16 (SGS phenyl)
   Except for Best Emodel, the poses reported here
   may not satisfy the user-specified constraints.
Best Emodel=   -41.12 E=   -37.12 Eint=     5.47 GlideScore=    -5.89
%IMPACT-I(foldmain): calling OPLS_2005 atomtyping ...
%IMPACT-I(foldmain): finished parameter assignment
 Number of rotatable bonds            3
 Using templates for ring conformations.
 Checked constraints after refinement with max HB dsq =    16.0000000000000     
 After refinement, constraint filter reduced number of
 poses from         5000  to         4988 .
 Total constraint copies over all poses =         4988
Constraint(s) matched for ligand       17, pose   2223
Score =     -5.973
Emodel =    -43.048

The output pose satisfies at least the following constraint(s).
pos1 (Type = Positional)
 
GlideScore(   -5.97)+Epik State Penalty(    0.55) =    -5.43 kcal/mol
Constraint(s) matched for ligand       17, pose   4844
Score =     -5.966
Emodel =    -38.725

The output pose satisfies at least the following constraint(s).
pos1 (Type = Positional)
 
GlideScore(   -5.97)+Epik State Penalty(    0.55) =    -5.42 kcal/mol
Constraint(s) matched for ligand       17, pose   3303
Score =     -2.652
Emodel =    -21.839

The output pose satisfies at least the following constraint(s).
pos1 (Type = Positional)
 
GlideScore(   -2.65)+Epik State Penalty(    0.55) =    -2.10 kcal/mol
Constraint(s) matched for ligand       17, pose   2171
Score =     -1.050
Emodel =     -7.118

The output pose satisfies at least the following constraint(s).
pos1 (Type = Positional)
 
GlideScore(   -1.05)+Epik State Penalty(    0.55) =    -0.50 kcal/mol
Constraint(s) matched for ligand       17, pose   4956
Score =     -1.851
Emodel =     -7.104

The output pose satisfies at least the following constraint(s).
pos1 (Type = Positional)
 
GlideScore(   -1.85)+Epik State Penalty(    0.55) =    -1.30 kcal/mol
Constraint(s) matched for ligand       17, pose   4818
Score =     -1.356
Emodel =     -4.780

The output pose satisfies at least the following constraint(s).
pos1 (Type = Positional)
 
GlideScore(   -1.36)+Epik State Penalty(    0.55) =    -0.81 kcal/mol
Constraint(s) matched for ligand       17, pose   4703
Score =     -1.334
Emodel =     -4.141

The output pose satisfies at least the following constraint(s).
pos1 (Type = Positional)
 
GlideScore(   -1.33)+Epik State Penalty(    0.55) =    -0.79 kcal/mol
Constraint(s) matched for ligand       17, pose   2202
Score =     -1.341
Emodel =     -2.441

The output pose satisfies at least the following constraint(s).
pos1 (Type = Positional)
 
GlideScore(   -1.34)+Epik State Penalty(    0.55) =    -0.79 kcal/mol
GlideScore(10000.00)+Epik State Penalty(    0.55) = 10000.55 kcal/mol
DOCKING RESULTS FOR LIGAND       17 (SGS phenyl)
   Except for Best Emodel, the poses reported here
   may not satisfy the user-specified constraints.
Best Emodel=   -43.05 E=   -36.77 Eint=     4.02 GlideScore=    -5.97
REPORT OF BEST 145 POSES

The sorted ligand structures were written to the file
Subjob00001--DockLigand0_lib.maegz

Final rankings based on original docking score
1 poses were rejected by the energy filters,
    Coul+vdw Energy <=     0.0    Hbond Interaction <=     0.0    Metal Interaction <=    10.0    GlideScore <=   100.0
(If any of the above properties is not defined for a given pose,
the corresponding filter is not applied to that pose.)

 Exiting IMPACT execution environment 
 Date: Friday, January 16 2015, at 14:02:27 EST
%IMPACT-I (timit): Total CPU time =     301.04 seconds (   5.0 minutes)
Total elapsed time = 306 seconds (5 minutes, 6 seconds)
----- Errors (stderr) -----

Glide is executing the glide_sort command.
Command-line equivalent is:
 "/cbio/jclab/share/schrodinger/schrodinger2014-4/utilities/glide_sort" -n 0 -o "Subjob00001--DockLigand0_lib.maegz"   -norecep -hbond_cut 0.00 -cvdw_cut 0.00 -metal_cut 10.00 -gscore_cut 100.00 "Subjob00001--DockLigand0_raw.maegz"

glide_sort command succeeded.  Pose file Subjob00001--DockLigand0_lib.maegz was written.
