======================================================================
= osprey is a tool for machine learning hyperparameter optimization. =
======================================================================

osprey version:      1.1.0
time:                May 17, 2017  8:27 PM
hostname:            gpu-1-14.local
cwd:                 /cbio/jclab/home/rafal.wiewiora/repos/MSM_play/set8_apo_11707_11709_semifinal/osprey_batch_nostride5
pid:                 15830

Loading config file:     config.yaml...

msmbuilder version:  3.8.0
mdtraj version:      1.8.0


Loading dataset...

Dataset contains 5020 element(s) with out labels
The elements have shape: [(2050, 1000), (1180, 1000), (1960, 1000), (1960, 1000), (1960, 1000), (1960, 1000), (1150, 1000), (1960, 1000), (1150, 1000), (1960, 1000), (1000, 1000), (1180, 1000), (1960, 1000), (1960, 1000), (1510, 1000), (1960, 1000), (1960, 1000), (1270, 1000), (1210, 1000), (1960, 1000), ...]
Instantiated estimator:
  Pipeline(steps=[('tica', tICA(commute_mapping=False, kinetic_mapping=False, lag_time=1,
   n_components=None, shrinkage=None)), ('cluster', MiniBatchKMeans(batch_size=100, compute_labels=True, init='k-means++',
        init_size=None, max_iter=100, max_no_improvement=10, n_clusters=8,
        n_init=3, rando...None,
         prior_counts=0, reversible_type='mle', sliding_window=True,
         verbose=False))])
Hyperparameter search space:
  cluster__n_clusters      	(int)        500 <= x <= 5000
  tica__lag_time           	(int)          1 <= x <= 400
  tica__n_components       	(int)          1 <= x <= 1000
  tica__kinetic_mapping    	(enum)    choices = (True, False)
  tica__commute_mapping    	(enum)    choices = (True, False)

----------------------------------------------------------------------
Beginning iteration                                            1 / 100
----------------------------------------------------------------------
Loading trials database: sqlite:///osprey-trials.db...
History contains: 0 trials
Choosing next hyperparameters with random...
  {'cluster__n_clusters': 4087, 'tica__lag_time': 112, 'tica__n_components': 767, 'tica__kinetic_mapping': True, 'tica__commute_mapping': True}
(random took 0.000 s)

