----- Output (stdout) -----
 
 Environmental variable BMIN_NO_JOBCONTROL is set.
 Jobcontrol will not be used.
 BatchMin V10.6    Build  106013  Starting Time 16-Jan-2015 12:07:13
 MacroModel. Copyright Schrodinger, LLC.
 All rights reserved.
 set_stacksize: stacksize limit raised to 4294967295l kb for F90 auto. array allocation.

 Input filename:  Subjob00001--Sample_2_mmffs_solv-in.maegz
 Output filename: Subjob00001--Sample_2_mmffs_solv-out.mae
 Seed used: 658461
 Atom-type file: /cbio/jclab/share/schrodinger/schrodinger2014-4/mmshare-v28013/bin/Linux-x86_64/../../data/atom.typ
 Force field: /cbio/jclab/share/schrodinger/schrodinger2014-4/macromodel-v106013/bin/Linux-x86_64/../../data/f10.fld
 BMFF process: "/cbio/jclab/share/schrodinger/schrodinger2014-4/macromodel-v106013/bin/Linux-x86_64/mmff_setup" -mmffs
 MMFF parameters are being taken from directory:
  /cbio/jclab/share/schrodinger/schrodinger2014-4/macromodel-v106013/bin/Linux-x86_64/../../data/f10/

 *** This calculation will use the MMFF94S force field ***
   (promotes planarity at delocalized trigonal nitrogens)
   (preferred for comparison with crystal structures)

 Supplementary parameter file: /cbio/jclab/share/schrodinger/schrodinger2014-4/macromodel-v106013/bin/Linux-x86_64/../../data/f10/MMFFSUP.PAR

   99 ATOM-TYPE DEFINITIONS READ FROM MMFFDEF.PAR
   95 MMFF ATOM-TYPE PROPERTY RECORDS READ FROM MMFFPROP.PAR
  212 SYMBOLIC-NUMERIC ATOM-TYPE DEFINITIONS READ FROM MMFFSYMB.PAR
   58 MMFF DEFAULT-RULE STRECHING CONSTANTS READ FROM MMFFBNDK.PAR
  102 MMFF HYDROGEN SYMBOLIC TYPE DEFINITIONS READ FROM MMFFHDEF.PAR
   45 MMFF AROMATIC SYMBOLIC TYPE DEFINITIONS READ FROM MMFFAROM.PAR
   99 VDW PARAMETERS READ FROM MMFFVDW.PAR
  493 BOND STRETCHING PARAMETERS READ FROM MMFFBOND.PAR
  498 BOND-INCREMENT CHARGES READ FROM MMFFCHG.PAR
   98 PARTIAL-BOND-INCREMENT CHARGES READ FROM MMFFPBCI.PAR
 2342 ANGLE-BENDING PARAMETERS READ FROM MMFFANG.PAR
  282 STRETCH-BEND PARAMETERS READ FROM MMFFSTBN.PAR
   30 DEFAULT STRETCH-BEND PARAMETERS READ FROM MMFFDFSB.PAR
  117 OUT-OF-PLANE PARAMETERS READ FROM MMFFSOOP.PAR
  926 TORSION PARAMETERS READ FROM MMFFSTOR.PAR
 
 Read    40 atoms. Structure name, if any, appears on next line: 
 SGS nophenyl
 Monte Carlo Multiple Minimum Search requested
MCNV specified 0 in arg1 or arg2;  default values will be assigned later
 Setting the maximum number of structures  to save (MAXMCM_SAVE) to            1
 Non-conformer Serial Search requested
 Number of steps set to :         100

 RING  1 HAS   1 SUBRINGS
 SUBRING  1 has  2 PI electrons

 RING  2 HAS   2 SUBRINGS
 SUBRING  1 has  4 PI electrons
 SUBRING  2 has  6 PI electrons
 SUBRING  2 IS AROMATIC
 Quality of Force Field Parameters in Use:
   Numbers of high, medium and low quality stretch parameters =   41    0    1
   Numbers of high, medium and low quality bend parameters    =   65    0   11
   Numbers of high, medium and low quality torsion parameters =   64    0   46
   Interactions examined:        228 of        228 total, including unused params.
 WARNING - Conformational Energies May Not Be Accurate
 WARNING - Solvation Energies/Charges May Not Be Accurate
      Stretch total=       42   constrained=        0
         Bend total=       76   constrained=        0        linear=        0
      Torsion total=      143   constrained=        0  out-of-plane=       33
    Nonbonded total=      662      H-bonded=        0      ordinary=      662
  Nonbonded cutoffs: CutVdw=   8.00    ;  CutEs=   20.0    
 Solvent file: /cbio/jclab/share/schrodinger/schrodinger2014-4/macromodel-v106013/bin/Linux-x86_64/../../data/water.slv
    Block specifies desired NFIELD -- accepting block
 Starting truncated Newton minimization.
          Step     1 New global minimum.  E (kJ/mol) =      601.73
          Step     6 New global minimum.  E (kJ/mol) =      601.73
 
Interim report; processing .tmp file:
    8 unique conformations found so far
    8 minimized with good convergence
Found     4 confs within  1.00 kcal/mol ( 4.18 kJ/mol) of glob. min.
Found     5 confs within  2.00 kcal/mol ( 8.37 kJ/mol) of glob. min.
Found     7 confs within 10.00 kcal/mol (41.84 kJ/mol) of glob. min.
Global minimum E =    601.73 found     2 times.
   10 steps performed so far, out of   100
 E of low-energy structures above global min [kJ/mol],  and no. times found:
    E:  0.00  0.35  2.66  3.52  7.69 21.95 25.47 48.53
  No.:     2     1     1     1     1     1     2     1
 
 
Interim report; processing .tmp file:
   13 unique conformations found so far
   13 minimized with good convergence
Found     4 confs within  1.00 kcal/mol ( 4.18 kJ/mol) of glob. min.
Found     5 confs within  2.00 kcal/mol ( 8.37 kJ/mol) of glob. min.
Found     6 confs within  3.00 kcal/mol (12.55 kJ/mol) of glob. min.
Found    12 confs within 10.00 kcal/mol (41.84 kJ/mol) of glob. min.
Global minimum E =    601.73 found     2 times.
   20 steps performed so far, out of   100
 E of low-energy structures above global min [kJ/mol],  and no. times found:
    E:  0.00  0.35  2.66  3.52  7.69  9.21 21.94 23.68 25.18 25.25 25.46 26.49
  No.:     2     1     1     1     1     1     2     2     1     1     4     1
 
          Step    25 New global minimum.  E (kJ/mol) =      601.73
 
Interim report; processing .tmp file:
   15 unique conformations found so far
   15 minimized with good convergence
Found     4 confs within  1.00 kcal/mol ( 4.18 kJ/mol) of glob. min.
Found     5 confs within  2.00 kcal/mol ( 8.37 kJ/mol) of glob. min.
Found     7 confs within  3.00 kcal/mol (12.55 kJ/mol) of glob. min.
Found    14 confs within 10.00 kcal/mol (41.84 kJ/mol) of glob. min.
Global minimum E =    601.73 found     3 times.
   30 steps performed so far, out of   100
 E of low-energy structures above global min [kJ/mol],  and no. times found:
    E:  0.00  0.35  2.66  3.52  7.69  9.21 10.13 21.94 22.60 23.67 25.18 25.25
  No.:     3     4     1     1     2     1     1     2     1     3     1     1
 
 
Interim report; processing .tmp file:
   17 unique conformations found so far
   17 minimized with good convergence
Found     4 confs within  1.00 kcal/mol ( 4.18 kJ/mol) of glob. min.
Found     6 confs within  2.00 kcal/mol ( 8.37 kJ/mol) of glob. min.
Found     8 confs within  3.00 kcal/mol (12.55 kJ/mol) of glob. min.
Found    16 confs within 10.00 kcal/mol (41.84 kJ/mol) of glob. min.
Global minimum E =    601.73 found     3 times.
   40 steps performed so far, out of   100
 E of low-energy structures above global min [kJ/mol],  and no. times found:
    E:  0.00  0.35  2.66  3.52  6.47  7.69  9.21 10.13 21.94 22.60 22.78 23.67
  No.:     3     6     1     2     3     2     1     1     2     1     2     3
 
 
Interim report; processing .tmp file:
   19 unique conformations found so far
   19 minimized with good convergence
Found     4 confs within  1.00 kcal/mol ( 4.18 kJ/mol) of glob. min.
Found     6 confs within  2.00 kcal/mol ( 8.37 kJ/mol) of glob. min.
Found     8 confs within  3.00 kcal/mol (12.55 kJ/mol) of glob. min.
Found    18 confs within 10.00 kcal/mol (41.84 kJ/mol) of glob. min.
Global minimum E =    601.73 found     3 times.
   50 steps performed so far, out of   100
 E of low-energy structures above global min [kJ/mol],  and no. times found:
    E:  0.00  0.35  2.66  3.52  6.46  7.69  9.21 10.13 21.94 22.60 22.78 22.99
  No.:     3     6     1     2     5     3     2     1     3     1     2     2
 
 
Interim report; processing .tmp file:
   20 unique conformations found so far
   20 minimized with good convergence
Found     4 confs within  1.00 kcal/mol ( 4.18 kJ/mol) of glob. min.
Found     6 confs within  2.00 kcal/mol ( 8.37 kJ/mol) of glob. min.
Found     8 confs within  3.00 kcal/mol (12.55 kJ/mol) of glob. min.
Found    19 confs within 10.00 kcal/mol (41.84 kJ/mol) of glob. min.
Global minimum E =    601.73 found     3 times.
   60 steps performed so far, out of   100
 E of low-energy structures above global min [kJ/mol],  and no. times found:
    E:  0.00  0.35  2.66  3.52  6.46  7.69  9.21 10.13 21.53 21.94 22.60 22.78
  No.:     3     6     1     2     6     3     2     1     3     4     2     2
 
          Step    65 New global minimum.  E (kJ/mol) =      601.72
 
Interim report; processing .tmp file:
   21 unique conformations found so far
   21 minimized with good convergence
Found     4 confs within  1.00 kcal/mol ( 4.18 kJ/mol) of glob. min.
Found     6 confs within  2.00 kcal/mol ( 8.37 kJ/mol) of glob. min.
Found     8 confs within  3.00 kcal/mol (12.55 kJ/mol) of glob. min.
Found    20 confs within 10.00 kcal/mol (41.84 kJ/mol) of glob. min.
Global minimum E =    601.72 found     4 times.
   70 steps performed so far, out of   100
 E of low-energy structures above global min [kJ/mol],  and no. times found:
    E:  0.00  0.35  2.66  3.52  6.46  7.69  9.21 10.13 21.53 21.94 22.60 22.78
  No.:     4     7     2     2     6     3     2     1     4     4     4     3
 
 
Interim report; processing .tmp file:
   21 unique conformations found so far
   21 minimized with good convergence
Found     4 confs within  1.00 kcal/mol ( 4.18 kJ/mol) of glob. min.
Found     6 confs within  2.00 kcal/mol ( 8.37 kJ/mol) of glob. min.
Found     8 confs within  3.00 kcal/mol (12.55 kJ/mol) of glob. min.
Found    20 confs within 10.00 kcal/mol (41.84 kJ/mol) of glob. min.
Global minimum E =    601.72 found     4 times.
   80 steps performed so far, out of   100
 E of low-energy structures above global min [kJ/mol],  and no. times found:
    E:  0.00  0.35  2.66  3.52  6.46  7.69  9.21 10.13 21.52 21.94 22.60 22.78
  No.:     4     8     2     2     8     3     3     1     5     4     6     3
 
 
Interim report; processing .tmp file:
   21 unique conformations found so far
   21 minimized with good convergence
Found     4 confs within  1.00 kcal/mol ( 4.18 kJ/mol) of glob. min.
Found     6 confs within  2.00 kcal/mol ( 8.37 kJ/mol) of glob. min.
Found     8 confs within  3.00 kcal/mol (12.55 kJ/mol) of glob. min.
Found    20 confs within 10.00 kcal/mol (41.84 kJ/mol) of glob. min.
Global minimum E =    601.72 found     4 times.
   90 steps performed so far, out of   100
 E of low-energy structures above global min [kJ/mol],  and no. times found:
    E:  0.00  0.35  2.66  3.52  6.46  7.69  9.21 10.13 21.52 21.94 22.60 22.78
  No.:     4     8     3     4     9     3     3     1     5     4     7     3
 
          Step    92 New global minimum.  E (kJ/mol) =      601.72
         100  structures minimised
          21  unique structures stored
          21  structures with good convergence
             Global Minimum   601.72260     kJ/mol
 
 
Final report; processing .tmp file:
   21 unique conformations found so far
   21 minimized with good convergence
Found     4 confs within  1.00 kcal/mol ( 4.18 kJ/mol) of glob. min.
Found     6 confs within  2.00 kcal/mol ( 8.37 kJ/mol) of glob. min.
Found     8 confs within  3.00 kcal/mol (12.55 kJ/mol) of glob. min.
Found    20 confs within 10.00 kcal/mol (41.84 kJ/mol) of glob. min.
Global minimum E =    601.72 found     5 times.
  100 steps performed so far, out of   100
 E of low-energy structures above global min [kJ/mol],  and no. times found:
    E:  0.00  0.35  2.66  3.52  6.47  7.69  9.21 10.13 21.52 21.94 22.60 22.79
  No.:     5     8     3     4    10     4     3     2     6     5     9     3
 
Input structure with title on the next line is given SerNo:        1
SGS nophenyl
Auto summary for input structure      1:
 Total number of structures processed =         100
 Conformations with poor convergence marked with a *
 Conformation       1 (    601.7226     kJ/mol) was found     5 times
 Conformation       2 (    602.0773     kJ/mol) was found     8 times
 Conformation       3 (    604.3806     kJ/mol) was found     3 times
 Conformation       4 (    605.2444     kJ/mol) was found     4 times
 Conformation       5 (    608.1882     kJ/mol) was found    10 times
 Conformation       6 (    609.4111     kJ/mol) was found     4 times
 Conformation       7 (    610.9326     kJ/mol) was found     3 times
 Conformation       8 (    611.8564     kJ/mol) was found     2 times
 Conformation       9 (    623.2466     kJ/mol) was found     6 times
 Conformation      10 (    623.6630     kJ/mol) was found     5 times
 Conformation      11 (    624.3241     kJ/mol) was found     9 times
 Conformation      12 (    624.5078     kJ/mol) was found     3 times
 Conformation      13 (    624.7192     kJ/mol) was found     3 times
 Conformation      14 (    625.4001     kJ/mol) was found     4 times
 Conformation      15 (    626.8622     kJ/mol) was found     5 times
 Conformation      16 (    626.9036     kJ/mol) was found     1 times
 Conformation      17 (    626.9800     kJ/mol) was found     2 times
 Conformation      18 (    627.1839     kJ/mol) was found     6 times
 Conformation      19 (    628.2067     kJ/mol) was found     6 times
 Conformation      20 (    631.1252     kJ/mol) was found     1 times
 Conformation      21 (    650.2424     kJ/mol) was found    10 times
 *** Note only            1 (MAXMCM_SAVE) structures 
     written to the output structure file.  As requested.
           *** MC Statistics ***
 Percent of minimized structures within energetic window:   100.0000    
 Average number of duplicates:     4.761905    
 Duplication standard deviation:   2.700088    
        1131  structures generated
         957  rejected by ring closure
          75  rejected by van der Waals
          79  duplicate minimised structures
 Number of steps set to :         100
 Read    39 atoms. Structure name, if any, appears on next line: 
 SGS nophenyl

 RING  1 HAS   1 SUBRINGS
 SUBRING  1 has  4 PI electrons

 RING  2 HAS   2 SUBRINGS
 SUBRING  1 has  4 PI electrons
 SUBRING  2 has  6 PI electrons
 SUBRING  2 IS AROMATIC
 Quality of Force Field Parameters in Use:
   Numbers of high, medium and low quality stretch parameters =   40    0    1
   Numbers of high, medium and low quality bend parameters    =   62    0   11
   Numbers of high, medium and low quality torsion parameters =   59    0   42
   Interactions examined:        215 of        215 total, including unused params.
 WARNING - Conformational Energies May Not Be Accurate
 WARNING - Solvation Energies/Charges May Not Be Accurate
      Stretch total=       41   constrained=        0
         Bend total=       73   constrained=        0        linear=        0
      Torsion total=      134   constrained=        0  out-of-plane=       33
    Nonbonded total=      627      H-bonded=        0      ordinary=      627
  Nonbonded cutoffs: CutVdw=   8.00    ;  CutEs=   20.0    
 Starting truncated Newton minimization.
          Step     1 New global minimum.  E (kJ/mol) =      714.25
          Step     2 New global minimum.  E (kJ/mol) =      714.24
 
Interim report; processing .tmp file:
    5 unique conformations found so far
    5 minimized with good convergence
Found     1 confs within  1.00 kcal/mol ( 4.18 kJ/mol) of glob. min.
Found     3 confs within  5.00 kcal/mol (20.92 kJ/mol) of glob. min.
Found     5 confs within 10.00 kcal/mol (41.84 kJ/mol) of glob. min.
Global minimum E =    714.24 found     3 times.
   10 steps performed so far, out of   100
 E of low-energy structures above global min [kJ/mol],  and no. times found:
    E:  0.00 13.08 15.54 24.65 30.79
  No.:     3     1     2     2     2
 
 
Interim report; processing .tmp file:
   10 unique conformations found so far
   10 minimized with good convergence
Found     2 confs within  1.00 kcal/mol ( 4.18 kJ/mol) of glob. min.
Found     3 confs within  2.00 kcal/mol ( 8.37 kJ/mol) of glob. min.
Found     5 confs within  5.00 kcal/mol (20.92 kJ/mol) of glob. min.
Found    10 confs within 10.00 kcal/mol (41.84 kJ/mol) of glob. min.
Global minimum E =    714.24 found     4 times.
   20 steps performed so far, out of   100
 E of low-energy structures above global min [kJ/mol],  and no. times found:
    E:  0.00  2.82  5.31 13.08 15.54 24.47 24.65 27.05 30.79 36.32
  No.:     4     1     2     1     2     1     3     1     3     2
 
 
Interim report; processing .tmp file:
   15 unique conformations found so far
   15 minimized with good convergence
Found     3 confs within  1.00 kcal/mol ( 4.18 kJ/mol) of glob. min.
Found     4 confs within  2.00 kcal/mol ( 8.37 kJ/mol) of glob. min.
Found     6 confs within  5.00 kcal/mol (20.92 kJ/mol) of glob. min.
Found    15 confs within 10.00 kcal/mol (41.84 kJ/mol) of glob. min.
Global minimum E =    714.24 found     4 times.
   30 steps performed so far, out of   100
 E of low-energy structures above global min [kJ/mol],  and no. times found:
    E:  0.00  2.82  2.88  5.31 13.08 15.54 24.47 24.65 27.05 27.26 28.84 29.05
  No.:     4     1     1     2     1     2     1     3     1     2     2     1
 
 
Interim report; processing .tmp file:
   17 unique conformations found so far
   17 minimized with good convergence
Found     3 confs within  1.00 kcal/mol ( 4.18 kJ/mol) of glob. min.
Found     4 confs within  2.00 kcal/mol ( 8.37 kJ/mol) of glob. min.
Found     5 confs within  3.00 kcal/mol (12.55 kJ/mol) of glob. min.
Found     8 confs within  5.00 kcal/mol (20.92 kJ/mol) of glob. min.
Found    17 confs within 10.00 kcal/mol (41.84 kJ/mol) of glob. min.
Global minimum E =    714.24 found     6 times.
   40 steps performed so far, out of   100
 E of low-energy structures above global min [kJ/mol],  and no. times found:
    E:  0.00  2.82  2.88  5.31 10.12 13.08 13.14 15.54 24.47 24.65 27.05 27.26
  No.:     6     1     1     2     2     1     1     2     2     4     1     2
 
 
Interim report; processing .tmp file:
   17 unique conformations found so far
   17 minimized with good convergence
Found     3 confs within  1.00 kcal/mol ( 4.18 kJ/mol) of glob. min.
Found     4 confs within  2.00 kcal/mol ( 8.37 kJ/mol) of glob. min.
Found     5 confs within  3.00 kcal/mol (12.55 kJ/mol) of glob. min.
Found     8 confs within  5.00 kcal/mol (20.92 kJ/mol) of glob. min.
Found    17 confs within 10.00 kcal/mol (41.84 kJ/mol) of glob. min.
Global minimum E =    714.24 found     6 times.
   50 steps performed so far, out of   100
 E of low-energy structures above global min [kJ/mol],  and no. times found:
    E:  0.00  2.82  2.88  5.31 10.12 13.08 13.14 15.54 24.47 24.65 27.05 27.26
  No.:     6     1     1     2     2     3     1     3     2     7     2     2
 
 
Interim report; processing .tmp file:
   17 unique conformations found so far
   17 minimized with good convergence
Found     3 confs within  1.00 kcal/mol ( 4.18 kJ/mol) of glob. min.
Found     4 confs within  2.00 kcal/mol ( 8.37 kJ/mol) of glob. min.
Found     5 confs within  3.00 kcal/mol (12.55 kJ/mol) of glob. min.
Found     8 confs within  5.00 kcal/mol (20.92 kJ/mol) of glob. min.
Found    17 confs within 10.00 kcal/mol (41.84 kJ/mol) of glob. min.
Global minimum E =    714.24 found     6 times.
   60 steps performed so far, out of   100
 E of low-energy structures above global min [kJ/mol],  and no. times found:
    E:  0.00  2.82  2.88  5.31 10.12 13.08 13.14 15.54 24.46 24.65 27.05 27.26
  No.:     6     1     2     3     3     3     1     3     5     8     2     2
 
 
Interim report; processing .tmp file:
   17 unique conformations found so far
   17 minimized with good convergence
Found     3 confs within  1.00 kcal/mol ( 4.18 kJ/mol) of glob. min.
Found     4 confs within  2.00 kcal/mol ( 8.37 kJ/mol) of glob. min.
Found     5 confs within  3.00 kcal/mol (12.55 kJ/mol) of glob. min.
Found     8 confs within  5.00 kcal/mol (20.92 kJ/mol) of glob. min.
Found    17 confs within 10.00 kcal/mol (41.84 kJ/mol) of glob. min.
Global minimum E =    714.24 found     8 times.
   70 steps performed so far, out of   100
 E of low-energy structures above global min [kJ/mol],  and no. times found:
    E:  0.00  2.82  2.88  5.30 10.12 13.08 13.14 15.54 24.46 24.65 27.05 27.26
  No.:     8     1     2     4     3     3     1     3     5    11     2     2
 
 
Interim report; processing .tmp file:
   17 unique conformations found so far
   17 minimized with good convergence
Found     3 confs within  1.00 kcal/mol ( 4.18 kJ/mol) of glob. min.
Found     4 confs within  2.00 kcal/mol ( 8.37 kJ/mol) of glob. min.
Found     5 confs within  3.00 kcal/mol (12.55 kJ/mol) of glob. min.
Found     8 confs within  5.00 kcal/mol (20.92 kJ/mol) of glob. min.
Found    17 confs within 10.00 kcal/mol (41.84 kJ/mol) of glob. min.
Global minimum E =    714.24 found     9 times.
   80 steps performed so far, out of   100
 E of low-energy structures above global min [kJ/mol],  and no. times found:
    E:  0.00  2.81  2.88  5.30 10.12 13.08 13.14 15.54 24.46 24.65 27.05 27.26
  No.:     9     2     2     6     4     3     1     5     6    12     2     2
 
 
Interim report; processing .tmp file:
   17 unique conformations found so far
   17 minimized with good convergence
Found     3 confs within  1.00 kcal/mol ( 4.18 kJ/mol) of glob. min.
Found     4 confs within  2.00 kcal/mol ( 8.37 kJ/mol) of glob. min.
Found     5 confs within  3.00 kcal/mol (12.55 kJ/mol) of glob. min.
Found     8 confs within  5.00 kcal/mol (20.92 kJ/mol) of glob. min.
Found    17 confs within 10.00 kcal/mol (41.84 kJ/mol) of glob. min.
Global minimum E =    714.24 found    10 times.
   90 steps performed so far, out of   100
 E of low-energy structures above global min [kJ/mol],  and no. times found:
    E:  0.00  2.79  2.88  5.30 10.12 13.08 13.14 15.54 24.46 24.65 27.05 27.25
  No.:    10     5     2     6     4     3     1     5     8    12     2     3
 
         100  structures minimised
          17  unique structures stored
          17  structures with good convergence
             Global Minimum   714.23572     kJ/mol
 
 
Final report; processing .tmp file:
   17 unique conformations found so far
   17 minimized with good convergence
Found     3 confs within  1.00 kcal/mol ( 4.18 kJ/mol) of glob. min.
Found     4 confs within  2.00 kcal/mol ( 8.37 kJ/mol) of glob. min.
Found     5 confs within  3.00 kcal/mol (12.55 kJ/mol) of glob. min.
Found     8 confs within  5.00 kcal/mol (20.92 kJ/mol) of glob. min.
Found    17 confs within 10.00 kcal/mol (41.84 kJ/mol) of glob. min.
Global minimum E =    714.24 found    10 times.
  100 steps performed so far, out of   100
 E of low-energy structures above global min [kJ/mol],  and no. times found:
    E:  0.00  2.79  2.88  5.30 10.12 13.08 13.14 15.54 24.46 24.65 27.05 27.25
  No.:    10     5     2     6     4     3     1     5    11    13     2     5
 
Input structure with title on the next line is given SerNo:        2
SGS nophenyl
Auto summary for input structure      2:
 Total number of structures processed =         100
 Conformations with poor convergence marked with a *
 Conformation       1 (    714.2357     kJ/mol) was found    10 times
 Conformation       2 (    717.0291     kJ/mol) was found     5 times
 Conformation       3 (    717.1182     kJ/mol) was found     2 times
 Conformation       4 (    719.5397     kJ/mol) was found     6 times
 Conformation       5 (    724.3552     kJ/mol) was found     4 times
 Conformation       6 (    727.3116     kJ/mol) was found     3 times
 Conformation       7 (    727.3766     kJ/mol) was found     1 times
 Conformation       8 (    729.7716     kJ/mol) was found     5 times
 Conformation       9 (    738.6972     kJ/mol) was found    11 times
 Conformation      10 (    738.8849     kJ/mol) was found    13 times
 Conformation      11 (    741.2866     kJ/mol) was found     2 times
 Conformation      12 (    741.4876     kJ/mol) was found     5 times
 Conformation      13 (    743.0797     kJ/mol) was found     4 times
 Conformation      14 (    743.2814     kJ/mol) was found     9 times
 Conformation      15 (    744.9111     kJ/mol) was found     3 times
 Conformation      16 (    745.0227     kJ/mol) was found     5 times
 Conformation      17 (    750.5596     kJ/mol) was found    12 times
 *** Note only            1 (MAXMCM_SAVE) structures 
     written to the output structure file.  As requested.
           *** MC Statistics ***
 Percent of minimized structures within energetic window:   100.0000    
 Average number of duplicates:     5.882353    
 Duplication standard deviation:   3.722942    
         939  structures generated
         787  rejected by ring closure
          53  rejected by van der Waals
          83  duplicate minimised structures
 
BatchMin: normal termination                           16-Jan-2015 12:07:29
STARTUP COMMAND:
/cbio/jclab/share/schrodinger/schrodinger2014-4/macromodel-v106013/bin/Linux-x86_64/bmin
MMSHARE_EXEC:/cbio/jclab/share/schrodinger/schrodinger2014-4/mmshare-v28013/bin/Linux-x86_64

real	0.0m16.7300000004s
user	0.0m0.0s
sys	0.0m0.0s
RUNNING: python "/cbio/jclab/share/schrodinger/schrodinger2014-4/macromodel-v106013/bin/Linux-x86_64/bmin_startup.py" -NO_REDIRECT Subjob00001--Sample_2_mmffs_solv
