Starting Time: 01-16-2015 12:22:25
Join Receptor: (chain.name "A" AND res.num 311 AND res.inscode " ")
Join Criterion: {'r_workflow_bond_dist': ('((chain.name "A" AND res.num 311 AND res.inscode " ")) AND atom.ptype  " SG "', 'atom.i_cdock_lig_attach 2', ' < 5.000000')}
Rotamer: state 0 created
Rotamer: state 1 created
Rotamer: state 2 created
Rotamer: state 3 created
Rotamer: state 4 created
Rotamer: state 5 created
Rotamer: state 6 created
Pose 0
  rotamer 0 5.142088 False
  rotamer 1 3.606407 True
  rotamer 2 5.420682 False
  rotamer 3 4.664143 True
  rotamer 4 5.002830 False
  rotamer 5 3.693365 True
  rotamer 6 5.612891 False
RETAINED    3.61
Pose 1
  rotamer 0 4.766345 True
  rotamer 1 3.366240 True
  rotamer 2 5.121101 False
  rotamer 3 4.306175 True
  rotamer 4 4.737694 True
  rotamer 5 3.414848 True
  rotamer 6 5.232246 False
RETAINED    3.37
Pose 2
  rotamer 0 4.765913 True
  rotamer 1 3.365948 True
  rotamer 2 5.119892 False
  rotamer 3 4.305965 True
  rotamer 4 4.736532 True
  rotamer 5 3.414780 True
  rotamer 6 5.231505 False
RETAINED    3.37
Pose 3
  rotamer 0 4.641829 True
  rotamer 1 3.306746 True
  rotamer 2 4.964364 True
  rotamer 3 4.205921 True
  rotamer 4 4.597497 True
  rotamer 5 3.358104 True
  rotamer 6 5.081957 False
RETAINED    3.31
Pose 4
  rotamer 0 4.918043 True
  rotamer 1 3.429045 True
  rotamer 2 5.159122 False
  rotamer 3 4.462047 True
  rotamer 4 4.755293 True
  rotamer 5 3.522189 True
  rotamer 6 5.363337 False
RETAINED    3.43
Pose 5
  rotamer 0 4.917062 True
  rotamer 1 3.430035 True
  rotamer 2 5.159164 False
  rotamer 3 4.461302 True
  rotamer 4 4.755773 True
  rotamer 5 3.522644 True
  rotamer 6 5.362322 False
RETAINED    3.43
Pose 6
  rotamer 0 4.768739 True
  rotamer 1 3.302703 True
  rotamer 2 5.069525 False
  rotamer 3 4.305740 True
  rotamer 4 4.672454 True
  rotamer 5 3.375117 True
  rotamer 6 5.228155 False
RETAINED    3.30
Pose 7
  rotamer 0 4.762168 True
  rotamer 1 3.295205 True
  rotamer 2 5.062832 False
  rotamer 3 4.299049 True
  rotamer 4 4.665670 True
  rotamer 5 3.367759 True
  rotamer 6 5.221606 False
RETAINED    3.30
Pose 8
  rotamer 0 4.811960 True
  rotamer 1 3.274872 True
  rotamer 2 4.983848 True
  rotamer 3 4.361919 True
  rotamer 4 4.571621 True
  rotamer 5 3.394947 True
  rotamer 6 5.240583 False
RETAINED    3.27
Pose 9
  rotamer 0 4.802279 True
  rotamer 1 3.331463 True
  rotamer 2 5.072877 False
  rotamer 3 4.344891 True
  rotamer 4 4.674523 True
  rotamer 5 3.413684 True
  rotamer 6 5.252567 False
RETAINED    3.33
Pose 10
  rotamer 0 4.819434 True
  rotamer 1 3.342328 True
  rotamer 2 5.086703 False
  rotamer 3 4.361172 True
  rotamer 4 4.686742 True
  rotamer 5 3.426272 True
  rotamer 6 5.270025 False
RETAINED    3.34
Pose 11
  rotamer 0 4.843530 True
  rotamer 1 3.316897 True
  rotamer 2 5.006364 False
  rotamer 3 4.397574 True
  rotamer 4 4.595993 True
  rotamer 5 3.438266 True
  rotamer 6 5.267626 False
RETAINED    3.32
Pose 12
  rotamer 0 5.293566 False
  rotamer 1 3.851072 True
  rotamer 2 5.778712 False
  rotamer 3 4.787871 True
  rotamer 4 5.375894 False
  rotamer 5 3.865706 True
  rotamer 6 5.821683 False
RETAINED    3.85
Pose 13
  rotamer 0 5.379558 False
  rotamer 1 4.068985 True
  rotamer 2 6.002815 False
  rotamer 3 4.872742 True
  rotamer 4 5.624640 False
  rotamer 5 4.029998 True
  rotamer 6 5.932354 False
RETAINED    4.03
Pose 14
  rotamer 0 5.440355 False
  rotamer 1 3.819116 True
  rotamer 2 5.589816 False
  rotamer 3 4.968735 True
  rotamer 4 5.150004 False
  rotamer 5 3.953732 True
  rotamer 6 5.887425 False
RETAINED    3.82
Pose 15
  rotamer 0 5.348894 False
  rotamer 1 3.715710 True
  rotamer 2 5.536035 False
  rotamer 3 4.866951 True
  rotamer 4 5.094467 False
  rotamer 5 3.841071 True
  rotamer 6 5.809801 False
RETAINED    3.72
Pose 16
  rotamer 0 5.432989 False
  rotamer 1 3.816461 True
  rotamer 2 5.584007 False
  rotamer 3 4.962202 True
  rotamer 4 5.145344 False
  rotamer 5 3.950073 True
  rotamer 6 5.879572 False
RETAINED    3.82
Pose 17
  rotamer 0 5.944994 False
  rotamer 1 5.180986 False
  rotamer 2 6.501006 False
  rotamer 3 5.600551 False
  rotamer 4 6.250240 False
  rotamer 5 5.119018 False
  rotamer 6 6.354342 False
DISCARDED    5.12
Stage <SGS phenyl     (    0) JoinPoseReceptor1> takes 6 seconds
Join Receptor: (chain.name "A" AND res.num 311 AND res.inscode " ")
Join Criterion: {'r_workflow_bond_dist': ('((chain.name "A" AND res.num 311 AND res.inscode " ")) AND atom.ptype  " SG "', 'atom.i_cdock_lig_attach 2', ' < 5.000000')}
Rotamer: state 0 created
Rotamer: state 1 created
Rotamer: state 2 created
Rotamer: state 3 created
Rotamer: state 4 created
Rotamer: state 5 created
Rotamer: state 6 created
Pose 0
  rotamer 0 4.784959 True
  rotamer 1 4.043627 True
  rotamer 2 5.093739 False
  rotamer 3 4.504368 True
  rotamer 4 4.866534 True
  rotamer 5 4.040764 True
  rotamer 6 5.093898 False
RETAINED    4.04
Pose 1
  rotamer 0 4.889049 True
  rotamer 1 4.064416 True
  rotamer 2 5.109710 False
  rotamer 3 4.605354 True
  rotamer 4 4.864572 True
  rotamer 5 4.092336 True
  rotamer 6 5.186401 False
RETAINED    4.06
Pose 2
  rotamer 0 4.889132 True
  rotamer 1 4.065609 True
  rotamer 2 5.110317 False
  rotamer 3 4.605620 True
  rotamer 4 4.865440 True
  rotamer 5 4.093285 True
  rotamer 6 5.186412 False
RETAINED    4.07
Pose 3
  rotamer 0 4.714429 True
  rotamer 1 4.020043 True
  rotamer 2 5.018120 False
  rotamer 3 4.447993 True
  rotamer 4 4.803451 True
  rotamer 5 4.014073 True
  rotamer 6 5.010064 False
RETAINED    4.01
Pose 4
  rotamer 0 4.825228 True
  rotamer 1 4.009882 True
  rotamer 2 5.041398 False
  rotamer 3 4.545196 True
  rotamer 4 4.799150 True
  rotamer 5 4.037996 True
  rotamer 6 5.118468 False
RETAINED    4.01
Pose 5
  rotamer 0 4.823994 True
  rotamer 1 4.007728 True
  rotamer 2 5.043775 False
  rotamer 3 4.542916 True
  rotamer 4 4.801151 True
  rotamer 5 4.035004 True
  rotamer 6 5.118730 False
RETAINED    4.01
Pose 6
  rotamer 0 5.663820 False
  rotamer 1 4.346829 True
  rotamer 2 6.079792 False
  rotamer 3 5.203865 False
  rotamer 4 5.702218 False
  rotamer 5 4.371183 True
  rotamer 6 6.145789 False
RETAINED    4.35
Try to keep additional poses to reach 10Stage <SGS phenyl     (    1) JoinPoseReceptor1> takes 2 seconds

Ending Time: 01-16-2015 12:22:34
