----- Output (stdout) -----
[gpu-1-8.local]
%IMPACT-I (openwt): Request to open FORMATTED file Subjob00001--DockLigand1.out on unit   2
 Entering IMPACT execution environment 
 Date: Friday, January 16 2015, at 12:17:33 EST
 Glide version 65013
 mmshare version        28013
 Copyright (c) Schrodinger, LLC.
 All Rights Reserved.

 Host: Linux gpu-1-8.local 2.6.32-358.18.1.el6.x86_64 #1 SMP Wed Aug 28 17:19:38 UTC 2013 x86_64
 Job Name: Subjob00001--DockLigand1.glidetmp2303
 SCHRODINGER  directory: /cbio/jclab/share/schrodinger/schrodinger2014-4
 IMPACT_EXEC  directory: /cbio/jclab/share/schrodinger/schrodinger2014-4/impact-v65013/bin/Linux-x86_64
 MMSHARE_EXEC directory: /cbio/jclab/share/schrodinger/schrodinger2014-4/mmshare-v28013/bin/Linux-x86_64
 VdW radii of ligand atoms scaled by   0.800000000000000     
 Charge cutoff for polarity   0.150000000000000     

GLIDE CONSTRAINTS APPLIED
-------------------------
  1 out of   1 constraints used from file "grid.2322/Subjob00001--CreateGrid-out.cons"
Labels and receptor types of constraints used are:
pos1 (Positional)

All docked poses must satisfy the specified number of
constraints in ALL of the following  1 groups.
Group   1: At least  1 of (pos1)


 After readscreen, (nx, ny, nz) = (          25 ,           25 ,           25 ).
  Receptor setup: (nsites, nx, ny, nz, bsize)=(         125 ,           25 , 
          25 ,           25 ,    1.00000000000000      ).
 Screening setup finished.
 DOCKMAIN: getting receptor.
%IMPACT-I (xdrrd): File grid.2322/Subjob00001--CreateGrid-out.grd opened for reading
  DOCKMAIN after grid: (nx, ny, nz) = (          64 ,           64 , 
          64 ).
%IMPACT-I (xdrrd): File grid.2322/Subjob00001--CreateGrid-out_coul2.fld opened for reading
%IMPACT-I (xdrrd): File grid.2322/Subjob00001--CreateGrid-out_vdw.fld opened for reading
%IMPACT-I (xdrrd): File grid.2322/Subjob00001--CreateGrid-out.gsc opened for reading
 DOCKMAIN: Grid setup finished
%IMPACT-I(foldmain): calling OPLS_2005 atomtyping ...
%IMPACT-I(foldmain): finished parameter assignment
  
  Penalizing non-planar amide torsions 
  
 Number of rotatable bonds            3
 Using templates for ring conformations.

GlideScore version SP5.0 will be used

  
 Buried polar penalty      0.000
 Coulomb vdW cutoff        0.000
 H bond cutoff             0.000
 Metal-ligand cutoff      10.000
%IMPACT-I (info): At line  78
 %IMPACT-I: Assigning GlideScore SP5.0 parameters
 Checked constraints after refinement with max HB dsq =    16.0000000000000     
Postdocking minimization:  10 poses; CvdW cutoffs   100.0 kcal/mol for min,     0.0 kcal/mol for report.
Constraint(s) matched for ligand        1, pose   2232
Score =     -5.640
Emodel =    -41.810

The output pose satisfies at least the following constraint(s).
pos1 (Type = Positional)
 
GlideScore(   -5.64)+Epik State Penalty(    0.54) =    -5.10 kcal/mol
Constraint(s) matched for ligand        1, pose    277
Score =     -5.746
Emodel =    -37.662

The output pose satisfies at least the following constraint(s).
pos1 (Type = Positional)
 
GlideScore(   -5.75)+Epik State Penalty(    0.54) =    -5.20 kcal/mol
Constraint(s) matched for ligand        1, pose    742
Score =     -5.513
Emodel =    -35.606

The output pose satisfies at least the following constraint(s).
pos1 (Type = Positional)
 
GlideScore(   -5.51)+Epik State Penalty(    0.54) =    -4.97 kcal/mol
Constraint(s) matched for ligand        1, pose   4680
Score =     -1.677
Emodel =    -10.721

The output pose satisfies at least the following constraint(s).
pos1 (Type = Positional)
 
GlideScore(   -1.68)+Epik State Penalty(    0.54) =    -1.13 kcal/mol
Constraint(s) matched for ligand        1, pose   4300
Score =     -1.397
Emodel =     -4.709

The output pose satisfies at least the following constraint(s).
pos1 (Type = Positional)
 
GlideScore(   -1.40)+Epik State Penalty(    0.54) =    -0.85 kcal/mol
GlideScore(10000.00)+Epik State Penalty(    0.54) = 10000.54 kcal/mol
DOCKING RESULTS FOR LIGAND        1 (SGS phenyl)
   Except for Best Emodel, the poses reported here
   may not satisfy the user-specified constraints.
Best Emodel=   -41.81 E=   -37.13 Eint=     4.94 GlideScore=    -5.64
%IMPACT-I(foldmain): calling OPLS_2005 atomtyping ...
%IMPACT-I(foldmain): finished parameter assignment
 Number of rotatable bonds            3
 Using templates for ring conformations.
 Checked constraints after refinement with max HB dsq =    16.0000000000000     
Constraint(s) matched for ligand        2, pose    534
Score =     -5.465
Emodel =    -39.281

The output pose satisfies at least the following constraint(s).
pos1 (Type = Positional)
 
GlideScore(   -5.47)+Epik State Penalty(    0.54) =    -4.92 kcal/mol
Constraint(s) matched for ligand        2, pose   3841
Score =     -5.746
Emodel =    -37.584

The output pose satisfies at least the following constraint(s).
pos1 (Type = Positional)
 
GlideScore(   -5.75)+Epik State Penalty(    0.54) =    -5.20 kcal/mol
Constraint(s) matched for ligand        2, pose   2523
Score =     -5.520
Emodel =    -36.007

The output pose satisfies at least the following constraint(s).
pos1 (Type = Positional)
 
GlideScore(   -5.52)+Epik State Penalty(    0.54) =    -4.98 kcal/mol
Constraint(s) matched for ligand        2, pose    252
Score =     -5.055
Emodel =    -30.655

The output pose satisfies at least the following constraint(s).
pos1 (Type = Positional)
 
GlideScore(   -5.05)+Epik State Penalty(    0.54) =    -4.51 kcal/mol
Constraint(s) matched for ligand        2, pose   4816
Score =     -1.671
Emodel =    -10.976

The output pose satisfies at least the following constraint(s).
pos1 (Type = Positional)
 
GlideScore(   -1.67)+Epik State Penalty(    0.54) =    -1.13 kcal/mol
Constraint(s) matched for ligand        2, pose   2393
Score =     -1.413
Emodel =     -4.824

The output pose satisfies at least the following constraint(s).
pos1 (Type = Positional)
 
GlideScore(   -1.41)+Epik State Penalty(    0.54) =    -0.87 kcal/mol
GlideScore(10000.00)+Epik State Penalty(    0.54) = 10000.54 kcal/mol
DOCKING RESULTS FOR LIGAND        2 (SGS phenyl)
   Except for Best Emodel, the poses reported here
   may not satisfy the user-specified constraints.
Best Emodel=   -39.28 E=   -34.02 Eint=     3.86 GlideScore=    -5.47
%IMPACT-I(foldmain): calling OPLS_2005 atomtyping ...
%IMPACT-I(foldmain): finished parameter assignment
 Number of rotatable bonds            3
 Using templates for ring conformations.
 Checked constraints after refinement with max HB dsq =    16.0000000000000     
Constraint(s) matched for ligand        3, pose    191
Score =     -5.568
Emodel =    -37.941

The output pose satisfies at least the following constraint(s).
pos1 (Type = Positional)
 
GlideScore(   -5.57)+Epik State Penalty(    0.54) =    -5.02 kcal/mol
Constraint(s) matched for ligand        3, pose   3265
Score =     -5.570
Emodel =    -35.069

The output pose satisfies at least the following constraint(s).
pos1 (Type = Positional)
 
GlideScore(   -5.57)+Epik State Penalty(    0.54) =    -5.03 kcal/mol
Constraint(s) matched for ligand        3, pose    805
Score =     -2.485
Emodel =    -20.996

The output pose satisfies at least the following constraint(s).
pos1 (Type = Positional)
 
GlideScore(   -2.48)+Epik State Penalty(    0.54) =    -1.94 kcal/mol
Constraint(s) matched for ligand        3, pose   3761
Score =     -2.469
Emodel =    -20.175

The output pose satisfies at least the following constraint(s).
pos1 (Type = Positional)
 
GlideScore(   -2.47)+Epik State Penalty(    0.54) =    -1.93 kcal/mol
Constraint(s) matched for ligand        3, pose   4690
Score =     -1.698
Emodel =     -7.752

The output pose satisfies at least the following constraint(s).
pos1 (Type = Positional)
 
GlideScore(   -1.70)+Epik State Penalty(    0.54) =    -1.15 kcal/mol
Constraint(s) matched for ligand        3, pose   3440
Score =     -1.334
Emodel =     -4.730

The output pose satisfies at least the following constraint(s).
pos1 (Type = Positional)
 
GlideScore(   -1.33)+Epik State Penalty(    0.54) =    -0.79 kcal/mol
Constraint(s) matched for ligand        3, pose   3210
Score =     -1.172
Emodel =     -3.458

The output pose satisfies at least the following constraint(s).
pos1 (Type = Positional)
 
GlideScore(   -1.17)+Epik State Penalty(    0.54) =    -0.63 kcal/mol
GlideScore(10000.00)+Epik State Penalty(    0.54) = 10000.54 kcal/mol
GlideScore(10000.00)+Epik State Penalty(    0.54) = 10000.54 kcal/mol
DOCKING RESULTS FOR LIGAND        3 (SGS phenyl)
   Except for Best Emodel, the poses reported here
   may not satisfy the user-specified constraints.
Best Emodel=   -37.94 E=   -34.83 Eint=     6.48 GlideScore=    -5.57
%IMPACT-I(foldmain): calling OPLS_2005 atomtyping ...
%IMPACT-I(foldmain): finished parameter assignment
 Number of rotatable bonds            3
 Using templates for ring conformations.
 Checked constraints after refinement with max HB dsq =    16.0000000000000     
 After refinement, constraint filter reduced number of
 poses from         5000  to         4992 .
 Total constraint copies over all poses =         4992
Constraint(s) matched for ligand        4, pose   1276
Score =     -5.459
Emodel =    -36.645

The output pose satisfies at least the following constraint(s).
pos1 (Type = Positional)
 
GlideScore(   -5.46)+Epik State Penalty(    0.54) =    -4.92 kcal/mol
Constraint(s) matched for ligand        4, pose    507
Score =     -5.569
Emodel =    -35.018

The output pose satisfies at least the following constraint(s).
pos1 (Type = Positional)
 
GlideScore(   -5.57)+Epik State Penalty(    0.54) =    -5.03 kcal/mol
Constraint(s) matched for ligand        4, pose    258
Score =     -5.388
Emodel =    -31.637

The output pose satisfies at least the following constraint(s).
pos1 (Type = Positional)
 
GlideScore(   -5.39)+Epik State Penalty(    0.54) =    -4.84 kcal/mol
Constraint(s) matched for ligand        4, pose   4627
Score =     -5.097
Emodel =    -29.592

The output pose satisfies at least the following constraint(s).
pos1 (Type = Positional)
 
GlideScore(   -5.10)+Epik State Penalty(    0.54) =    -4.55 kcal/mol
Constraint(s) matched for ligand        4, pose   1105
Score =     -2.475
Emodel =    -20.964

The output pose satisfies at least the following constraint(s).
pos1 (Type = Positional)
 
GlideScore(   -2.48)+Epik State Penalty(    0.54) =    -1.93 kcal/mol
Constraint(s) matched for ligand        4, pose   3864
Score =     -2.484
Emodel =    -20.910

The output pose satisfies at least the following constraint(s).
pos1 (Type = Positional)
 
GlideScore(   -2.48)+Epik State Penalty(    0.54) =    -1.94 kcal/mol
Constraint(s) matched for ligand        4, pose   3916
Score =     -1.466
Emodel =     -7.357

The output pose satisfies at least the following constraint(s).
pos1 (Type = Positional)
 
GlideScore(   -1.47)+Epik State Penalty(    0.54) =    -0.92 kcal/mol
Constraint(s) matched for ligand        4, pose   4963
Score =     -0.995
Emodel =     -6.919

The output pose satisfies at least the following constraint(s).
pos1 (Type = Positional)
 
GlideScore(   -0.99)+Epik State Penalty(    0.54) =    -0.45 kcal/mol
DOCKING RESULTS FOR LIGAND        4 (SGS phenyl)
   Except for Best Emodel, the poses reported here
   may not satisfy the user-specified constraints.
Best Emodel=   -36.65 E=   -34.02 Eint=     7.33 GlideScore=    -5.46
%IMPACT-I(foldmain): calling OPLS_2005 atomtyping ...
%IMPACT-I(foldmain): finished parameter assignment
 Number of rotatable bonds            3
 Using templates for ring conformations.
 Checked constraints after refinement with max HB dsq =    16.0000000000000     
 After refinement, constraint filter reduced number of
 poses from         5000  to         4994 .
 Total constraint copies over all poses =         4994
Constraint(s) matched for ligand        5, pose   3496
Score =     -6.333
Emodel =    -43.076

The output pose satisfies at least the following constraint(s).
pos1 (Type = Positional)
 
GlideScore(   -6.33)+Epik State Penalty(    0.54) =    -5.79 kcal/mol
Constraint(s) matched for ligand        5, pose   3289
Score =     -5.659
Emodel =    -41.624

The output pose satisfies at least the following constraint(s).
pos1 (Type = Positional)
 
GlideScore(   -5.66)+Epik State Penalty(    0.54) =    -5.12 kcal/mol
Constraint(s) matched for ligand        5, pose   2074
Score =     -5.744
Emodel =    -37.910

The output pose satisfies at least the following constraint(s).
pos1 (Type = Positional)
 
GlideScore(   -5.74)+Epik State Penalty(    0.54) =    -5.20 kcal/mol
Constraint(s) matched for ligand        5, pose    332
Score =     -5.522
Emodel =    -36.290

The output pose satisfies at least the following constraint(s).
pos1 (Type = Positional)
 
GlideScore(   -5.52)+Epik State Penalty(    0.54) =    -4.98 kcal/mol
Constraint(s) matched for ligand        5, pose   2404
Score =     -5.054
Emodel =    -31.797

The output pose satisfies at least the following constraint(s).
pos1 (Type = Positional)
 
GlideScore(   -5.05)+Epik State Penalty(    0.54) =    -4.51 kcal/mol
Constraint(s) matched for ligand        5, pose    342
Score =     -5.307
Emodel =    -25.752

The output pose satisfies at least the following constraint(s).
pos1 (Type = Positional)
 
GlideScore(   -5.31)+Epik State Penalty(    0.54) =    -4.76 kcal/mol
Constraint(s) matched for ligand        5, pose   4972
Score =     -1.362
Emodel =     -4.603

The output pose satisfies at least the following constraint(s).
pos1 (Type = Positional)
 
GlideScore(   -1.36)+Epik State Penalty(    0.54) =    -0.82 kcal/mol
Constraint(s) matched for ligand        5, pose   3030
Score =     -1.274
Emodel =     -4.333

The output pose satisfies at least the following constraint(s).
pos1 (Type = Positional)
 
GlideScore(   -1.27)+Epik State Penalty(    0.54) =    -0.73 kcal/mol
Constraint(s) matched for ligand        5, pose    894
Score =     -1.491
Emodel =     -4.298

The output pose satisfies at least the following constraint(s).
pos1 (Type = Positional)
 
GlideScore(   -1.49)+Epik State Penalty(    0.54) =    -0.95 kcal/mol
Constraint(s) matched for ligand        5, pose   2255
Score =     -1.355
Emodel =     -3.973

The output pose satisfies at least the following constraint(s).
pos1 (Type = Positional)
 
GlideScore(   -1.36)+Epik State Penalty(    0.54) =    -0.81 kcal/mol
DOCKING RESULTS FOR LIGAND        5 (SGS phenyl)
   Except for Best Emodel, the poses reported here
   may not satisfy the user-specified constraints.
Best Emodel=   -43.08 E=   -36.64 Eint=     4.22 GlideScore=    -6.33
%IMPACT-I(foldmain): calling OPLS_2005 atomtyping ...
%IMPACT-I(foldmain): finished parameter assignment
 Number of rotatable bonds            3
 Using templates for ring conformations.
 Checked constraints after refinement with max HB dsq =    16.0000000000000     
 After refinement, constraint filter reduced number of
 poses from         5000  to         4998 .
 Total constraint copies over all poses =         4998
Constraint(s) matched for ligand        6, pose    137
Score =     -5.640
Emodel =    -39.726

The output pose satisfies at least the following constraint(s).
pos1 (Type = Positional)
 
GlideScore(   -5.64)+Epik State Penalty(    0.54) =    -5.10 kcal/mol
Constraint(s) matched for ligand        6, pose   2451
Score =     -5.670
Emodel =    -32.867

The output pose satisfies at least the following constraint(s).
pos1 (Type = Positional)
 
GlideScore(   -5.67)+Epik State Penalty(    0.54) =    -5.13 kcal/mol
Constraint(s) matched for ligand        6, pose   1430
Score =     -5.322
Emodel =    -30.259

The output pose satisfies at least the following constraint(s).
pos1 (Type = Positional)
 
GlideScore(   -5.32)+Epik State Penalty(    0.54) =    -4.78 kcal/mol
Constraint(s) matched for ligand        6, pose   4255
Score =     -5.028
Emodel =    -23.510

The output pose satisfies at least the following constraint(s).
pos1 (Type = Positional)
 
GlideScore(   -5.03)+Epik State Penalty(    0.54) =    -4.49 kcal/mol
Constraint(s) matched for ligand        6, pose   1694
Score =     -1.499
Emodel =     -6.462

The output pose satisfies at least the following constraint(s).
pos1 (Type = Positional)
 
GlideScore(   -1.50)+Epik State Penalty(    0.54) =    -0.96 kcal/mol
Constraint(s) matched for ligand        6, pose   1628
Score =     -1.385
Emodel =     -4.717

The output pose satisfies at least the following constraint(s).
pos1 (Type = Positional)
 
GlideScore(   -1.39)+Epik State Penalty(    0.54) =    -0.84 kcal/mol
Constraint(s) matched for ligand        6, pose   2197
Score =     -1.500
Emodel =     -4.058

The output pose satisfies at least the following constraint(s).
pos1 (Type = Positional)
 
GlideScore(   -1.50)+Epik State Penalty(    0.54) =    -0.96 kcal/mol
Constraint(s) matched for ligand        6, pose   3279
Score =     -1.050
Emodel =     -1.236

The output pose satisfies at least the following constraint(s).
pos1 (Type = Positional)
 
GlideScore(   -1.05)+Epik State Penalty(    0.54) =    -0.51 kcal/mol
Constraint(s) matched for ligand        6, pose   2260
Score =  10000.000
Emodel =   9633.239

The output pose satisfies at least the following constraint(s).
pos1 (Type = Positional)
 
GlideScore(10000.00)+Epik State Penalty(    0.54) = 10000.54 kcal/mol
DOCKING RESULTS FOR LIGAND        6 (SGS phenyl)
   Except for Best Emodel, the poses reported here
   may not satisfy the user-specified constraints.
Best Emodel=   -39.73 E=   -36.73 Eint=     4.88 GlideScore=    -5.64
%IMPACT-I(foldmain): calling OPLS_2005 atomtyping ...
%IMPACT-I(foldmain): finished parameter assignment
 Number of rotatable bonds            3
 Using templates for ring conformations.
 Checked constraints after refinement with max HB dsq =    16.0000000000000     
 After refinement, constraint filter reduced number of
 poses from         5000  to         4994 .
 Total constraint copies over all poses =         4994
Constraint(s) matched for ligand        7, pose   1930
Score =     -5.658
Emodel =    -40.700

The output pose satisfies at least the following constraint(s).
pos1 (Type = Positional)
 
GlideScore(   -5.66)+Epik State Penalty(    0.54) =    -5.11 kcal/mol
Constraint(s) matched for ligand        7, pose    985
Score =     -5.134
Emodel =    -31.618

The output pose satisfies at least the following constraint(s).
pos1 (Type = Positional)
 
GlideScore(   -5.13)+Epik State Penalty(    0.54) =    -4.59 kcal/mol
Constraint(s) matched for ligand        7, pose   4187
Score =     -5.222
Emodel =    -30.168

The output pose satisfies at least the following constraint(s).
pos1 (Type = Positional)
 
GlideScore(   -5.22)+Epik State Penalty(    0.54) =    -4.68 kcal/mol
Constraint(s) matched for ligand        7, pose   3414
Score =     -5.435
Emodel =    -20.415

The output pose satisfies at least the following constraint(s).
pos1 (Type = Positional)
 
GlideScore(   -5.44)+Epik State Penalty(    0.54) =    -4.89 kcal/mol
Constraint(s) matched for ligand        7, pose   2980
Score =     -1.483
Emodel =     -4.423

The output pose satisfies at least the following constraint(s).
pos1 (Type = Positional)
 
GlideScore(   -1.48)+Epik State Penalty(    0.54) =    -0.94 kcal/mol
Constraint(s) matched for ligand        7, pose   1730
Score =     -1.305
Emodel =     -3.376

The output pose satisfies at least the following constraint(s).
pos1 (Type = Positional)
 
GlideScore(   -1.30)+Epik State Penalty(    0.54) =    -0.76 kcal/mol
Constraint(s) matched for ligand        7, pose    832
Score =     -1.214
Emodel =      1.203

The output pose satisfies at least the following constraint(s).
pos1 (Type = Positional)
 
GlideScore(   -1.21)+Epik State Penalty(    0.54) =    -0.67 kcal/mol
GlideScore(10000.00)+Epik State Penalty(    0.54) = 10000.54 kcal/mol
GlideScore(10000.00)+Epik State Penalty(    0.54) = 10000.54 kcal/mol
GlideScore(10000.00)+Epik State Penalty(    0.54) = 10000.54 kcal/mol
DOCKING RESULTS FOR LIGAND        7 (SGS phenyl)
   Except for Best Emodel, the poses reported here
   may not satisfy the user-specified constraints.
Best Emodel=   -40.70 E=   -36.50 Eint=     4.32 GlideScore=    -5.66
%IMPACT-I(foldmain): calling OPLS_2005 atomtyping ...
%IMPACT-I(foldmain): finished parameter assignment
 Number of rotatable bonds            3
 Using templates for ring conformations.
 Checked constraints after refinement with max HB dsq =    16.0000000000000     
Constraint(s) matched for ligand        8, pose   4667
Score =     -5.663
Emodel =    -41.612

The output pose satisfies at least the following constraint(s).
pos1 (Type = Positional)
 
GlideScore(   -5.66)+Epik State Penalty(    0.54) =    -5.12 kcal/mol
Constraint(s) matched for ligand        8, pose   3754
Score =     -5.486
Emodel =    -35.082

The output pose satisfies at least the following constraint(s).
pos1 (Type = Positional)
 
GlideScore(   -5.49)+Epik State Penalty(    0.54) =    -4.94 kcal/mol
Constraint(s) matched for ligand        8, pose   4973
Score =     -5.063
Emodel =    -30.588

The output pose satisfies at least the following constraint(s).
pos1 (Type = Positional)
 
GlideScore(   -5.06)+Epik State Penalty(    0.54) =    -4.52 kcal/mol
Constraint(s) matched for ligand        8, pose   1171
Score =     -2.495
Emodel =    -20.916

The output pose satisfies at least the following constraint(s).
pos1 (Type = Positional)
 
GlideScore(   -2.49)+Epik State Penalty(    0.54) =    -1.95 kcal/mol
Constraint(s) matched for ligand        8, pose   3564
Score =     -2.308
Emodel =    -20.902

The output pose satisfies at least the following constraint(s).
pos1 (Type = Positional)
 
GlideScore(   -2.31)+Epik State Penalty(    0.54) =    -1.76 kcal/mol
Constraint(s) matched for ligand        8, pose   3948
Score =     -0.909
Emodel =     -5.975

The output pose satisfies at least the following constraint(s).
pos1 (Type = Positional)
 
GlideScore(   -0.91)+Epik State Penalty(    0.54) =    -0.37 kcal/mol
GlideScore(10000.00)+Epik State Penalty(    0.54) = 10000.54 kcal/mol
GlideScore(10000.00)+Epik State Penalty(    0.54) = 10000.54 kcal/mol
DOCKING RESULTS FOR LIGAND        8 (SGS phenyl)
   Except for Best Emodel, the poses reported here
   may not satisfy the user-specified constraints.
Best Emodel=   -41.61 E=   -36.60 Eint=     3.65 GlideScore=    -5.66
%IMPACT-I(foldmain): calling OPLS_2005 atomtyping ...
%IMPACT-I(foldmain): finished parameter assignment
 Number of rotatable bonds            3
 Using templates for ring conformations.
 Checked constraints after refinement with max HB dsq =    16.0000000000000     
 After refinement, constraint filter reduced number of
 poses from         5000  to         4994 .
 Total constraint copies over all poses =         4994
Constraint(s) matched for ligand        9, pose   2772
Score =     -6.066
Emodel =    -45.003

The output pose satisfies at least the following constraint(s).
pos1 (Type = Positional)
 
GlideScore(   -6.07)+Epik State Penalty(    0.55) =    -5.52 kcal/mol
Constraint(s) matched for ligand        9, pose    914
Score =     -5.943
Emodel =    -38.403

The output pose satisfies at least the following constraint(s).
pos1 (Type = Positional)
 
GlideScore(   -5.94)+Epik State Penalty(    0.55) =    -5.40 kcal/mol
Constraint(s) matched for ligand        9, pose    443
Score =     -2.380
Emodel =    -21.694

The output pose satisfies at least the following constraint(s).
pos1 (Type = Positional)
 
GlideScore(   -2.38)+Epik State Penalty(    0.55) =    -1.83 kcal/mol
Constraint(s) matched for ligand        9, pose   4964
Score =     -2.241
Emodel =    -16.904

The output pose satisfies at least the following constraint(s).
pos1 (Type = Positional)
 
GlideScore(   -2.24)+Epik State Penalty(    0.55) =    -1.69 kcal/mol
Constraint(s) matched for ligand        9, pose   2559
Score =     -2.127
Emodel =    -15.743

The output pose satisfies at least the following constraint(s).
pos1 (Type = Positional)
 
GlideScore(   -2.13)+Epik State Penalty(    0.55) =    -1.58 kcal/mol
Constraint(s) matched for ligand        9, pose   4049
Score =     -2.090
Emodel =    -14.939

The output pose satisfies at least the following constraint(s).
pos1 (Type = Positional)
 
GlideScore(   -2.09)+Epik State Penalty(    0.55) =    -1.54 kcal/mol
Constraint(s) matched for ligand        9, pose   1260
Score =     -1.735
Emodel =    -12.755

The output pose satisfies at least the following constraint(s).
pos1 (Type = Positional)
 
GlideScore(   -1.73)+Epik State Penalty(    0.55) =    -1.19 kcal/mol
Constraint(s) matched for ligand        9, pose   1143
Score =     -1.786
Emodel =    -12.279

The output pose satisfies at least the following constraint(s).
pos1 (Type = Positional)
 
GlideScore(   -1.79)+Epik State Penalty(    0.55) =    -1.24 kcal/mol
DOCKING RESULTS FOR LIGAND        9 (SGS phenyl)
   Except for Best Emodel, the poses reported here
   may not satisfy the user-specified constraints.
Best Emodel=   -45.00 E=   -39.36 Eint=     4.49 GlideScore=    -6.07
%IMPACT-I(foldmain): calling OPLS_2005 atomtyping ...
%IMPACT-I(foldmain): finished parameter assignment
 Number of rotatable bonds            3
 Using templates for ring conformations.
 Checked constraints after refinement with max HB dsq =    16.0000000000000     
 After refinement, constraint filter reduced number of
 poses from         5000  to         4986 .
 Total constraint copies over all poses =         4986
Constraint(s) matched for ligand       10, pose   1715
Score =     -5.882
Emodel =    -41.511

The output pose satisfies at least the following constraint(s).
pos1 (Type = Positional)
 
GlideScore(   -5.88)+Epik State Penalty(    0.55) =    -5.33 kcal/mol
Constraint(s) matched for ligand       10, pose    733
Score =     -5.943
Emodel =    -38.399

The output pose satisfies at least the following constraint(s).
pos1 (Type = Positional)
 
GlideScore(   -5.94)+Epik State Penalty(    0.55) =    -5.39 kcal/mol
Constraint(s) matched for ligand       10, pose    867
Score =     -2.469
Emodel =    -22.559

The output pose satisfies at least the following constraint(s).
pos1 (Type = Positional)
 
GlideScore(   -2.47)+Epik State Penalty(    0.55) =    -1.92 kcal/mol
Constraint(s) matched for ligand       10, pose   4404
Score =     -2.387
Emodel =    -21.475

The output pose satisfies at least the following constraint(s).
pos1 (Type = Positional)
 
GlideScore(   -2.39)+Epik State Penalty(    0.55) =    -1.84 kcal/mol
Constraint(s) matched for ligand       10, pose   2929
Score =     -2.260
Emodel =    -16.624

The output pose satisfies at least the following constraint(s).
pos1 (Type = Positional)
 
GlideScore(   -2.26)+Epik State Penalty(    0.55) =    -1.71 kcal/mol
Constraint(s) matched for ligand       10, pose   4485
Score =     -2.083
Emodel =    -14.602

The output pose satisfies at least the following constraint(s).
pos1 (Type = Positional)
 
GlideScore(   -2.08)+Epik State Penalty(    0.55) =    -1.54 kcal/mol
Constraint(s) matched for ligand       10, pose   2000
Score =     -1.788
Emodel =    -11.939

The output pose satisfies at least the following constraint(s).
pos1 (Type = Positional)
 
GlideScore(   -1.79)+Epik State Penalty(    0.55) =    -1.24 kcal/mol
Constraint(s) matched for ligand       10, pose   2486
Score =     -1.586
Emodel =    -10.721

The output pose satisfies at least the following constraint(s).
pos1 (Type = Positional)
 
GlideScore(   -1.59)+Epik State Penalty(    0.55) =    -1.04 kcal/mol
Constraint(s) matched for ligand       10, pose   3214
Score =     -1.618
Emodel =     -9.811

The output pose satisfies at least the following constraint(s).
pos1 (Type = Positional)
 
GlideScore(   -1.62)+Epik State Penalty(    0.55) =    -1.07 kcal/mol
DOCKING RESULTS FOR LIGAND       10 (SGS phenyl)
   Except for Best Emodel, the poses reported here
   may not satisfy the user-specified constraints.
Best Emodel=   -41.51 E=   -36.52 Eint=     4.72 GlideScore=    -5.88
%IMPACT-I(foldmain): calling OPLS_2005 atomtyping ...
%IMPACT-I(foldmain): finished parameter assignment
 Number of rotatable bonds            3
 Using templates for ring conformations.
 Checked constraints after refinement with max HB dsq =    16.0000000000000     
 After refinement, constraint filter reduced number of
 poses from         5000  to         4998 .
 Total constraint copies over all poses =         4998
Constraint(s) matched for ligand       11, pose   3294
Score =     -6.033
Emodel =    -37.891

The output pose satisfies at least the following constraint(s).
pos1 (Type = Positional)
 
GlideScore(   -6.03)+Epik State Penalty(    0.55) =    -5.48 kcal/mol
Constraint(s) matched for ligand       11, pose   1031
Score =     -5.757
Emodel =    -34.375

The output pose satisfies at least the following constraint(s).
pos1 (Type = Positional)
 
GlideScore(   -5.76)+Epik State Penalty(    0.55) =    -5.21 kcal/mol
Constraint(s) matched for ligand       11, pose   4836
Score =     -2.074
Emodel =    -17.684

The output pose satisfies at least the following constraint(s).
pos1 (Type = Positional)
 
GlideScore(   -2.07)+Epik State Penalty(    0.55) =    -1.53 kcal/mol
Constraint(s) matched for ligand       11, pose   3158
Score =     -2.338
Emodel =    -15.501

The output pose satisfies at least the following constraint(s).
pos1 (Type = Positional)
 
GlideScore(   -2.34)+Epik State Penalty(    0.55) =    -1.79 kcal/mol
Constraint(s) matched for ligand       11, pose    847
Score =     -2.052
Emodel =    -14.908

The output pose satisfies at least the following constraint(s).
pos1 (Type = Positional)
 
GlideScore(   -2.05)+Epik State Penalty(    0.55) =    -1.50 kcal/mol
Constraint(s) matched for ligand       11, pose   3513
Score =     -1.989
Emodel =    -13.495

The output pose satisfies at least the following constraint(s).
pos1 (Type = Positional)
 
GlideScore(   -1.99)+Epik State Penalty(    0.55) =    -1.44 kcal/mol
Constraint(s) matched for ligand       11, pose   1851
Score =     -1.805
Emodel =    -12.802

The output pose satisfies at least the following constraint(s).
pos1 (Type = Positional)
 
GlideScore(   -1.80)+Epik State Penalty(    0.55) =    -1.26 kcal/mol
Constraint(s) matched for ligand       11, pose   3700
Score =     -1.826
Emodel =    -12.249

The output pose satisfies at least the following constraint(s).
pos1 (Type = Positional)
 
GlideScore(   -1.83)+Epik State Penalty(    0.55) =    -1.28 kcal/mol
Constraint(s) matched for ligand       11, pose   2492
Score =     -1.600
Emodel =     -9.267

The output pose satisfies at least the following constraint(s).
pos1 (Type = Positional)
 
GlideScore(   -1.60)+Epik State Penalty(    0.55) =    -1.05 kcal/mol
Constraint(s) matched for ligand       11, pose   4749
Score =     -1.501
Emodel =     -7.123

The output pose satisfies at least the following constraint(s).
pos1 (Type = Positional)
 
GlideScore(   -1.50)+Epik State Penalty(    0.55) =    -0.95 kcal/mol
DOCKING RESULTS FOR LIGAND       11 (SGS phenyl)
   Except for Best Emodel, the poses reported here
   may not satisfy the user-specified constraints.
Best Emodel=   -37.89 E=   -32.04 Eint=     1.91 GlideScore=    -6.03
%IMPACT-I(foldmain): calling OPLS_2005 atomtyping ...
%IMPACT-I(foldmain): finished parameter assignment
 Number of rotatable bonds            3
 Using templates for ring conformations.
 Checked constraints after refinement with max HB dsq =    16.0000000000000     
Constraint(s) matched for ligand       12, pose    547
Score =     -5.929
Emodel =    -42.771

The output pose satisfies at least the following constraint(s).
pos1 (Type = Positional)
 
GlideScore(   -5.93)+Epik State Penalty(    0.55) =    -5.38 kcal/mol
Constraint(s) matched for ligand       12, pose   1293
Score =     -6.101
Emodel =    -38.176

The output pose satisfies at least the following constraint(s).
pos1 (Type = Positional)
 
GlideScore(   -6.10)+Epik State Penalty(    0.55) =    -5.55 kcal/mol
Constraint(s) matched for ligand       12, pose   3524
Score =     -5.697
Emodel =    -35.048

The output pose satisfies at least the following constraint(s).
pos1 (Type = Positional)
 
GlideScore(   -5.70)+Epik State Penalty(    0.55) =    -5.15 kcal/mol
Constraint(s) matched for ligand       12, pose   3807
Score =     -2.382
Emodel =    -21.438

The output pose satisfies at least the following constraint(s).
pos1 (Type = Positional)
 
GlideScore(   -2.38)+Epik State Penalty(    0.55) =    -1.83 kcal/mol
Constraint(s) matched for ligand       12, pose   1695
Score =     -2.032
Emodel =    -18.113

The output pose satisfies at least the following constraint(s).
pos1 (Type = Positional)
 
GlideScore(   -2.03)+Epik State Penalty(    0.55) =    -1.48 kcal/mol
Constraint(s) matched for ligand       12, pose   4034
Score =     -2.120
Emodel =    -15.680

The output pose satisfies at least the following constraint(s).
pos1 (Type = Positional)
 
GlideScore(   -2.12)+Epik State Penalty(    0.55) =    -1.57 kcal/mol
Constraint(s) matched for ligand       12, pose   3662
Score =     -2.101
Emodel =    -15.065

The output pose satisfies at least the following constraint(s).
pos1 (Type = Positional)
 
GlideScore(   -2.10)+Epik State Penalty(    0.55) =    -1.55 kcal/mol
DOCKING RESULTS FOR LIGAND       12 (SGS phenyl)
   Except for Best Emodel, the poses reported here
   may not satisfy the user-specified constraints.
Best Emodel=   -42.77 E=   -36.95 Eint=     3.64 GlideScore=    -5.93
%IMPACT-I(foldmain): calling OPLS_2005 atomtyping ...
%IMPACT-I(foldmain): finished parameter assignment
 Number of rotatable bonds            3
 Using templates for ring conformations.
 Checked constraints after refinement with max HB dsq =    16.0000000000000     
 After refinement, constraint filter reduced number of
 poses from         5000  to         4968 .
 Total constraint copies over all poses =         4968
Constraint(s) matched for ligand       13, pose   4035
Score =     -5.900
Emodel =    -42.596

The output pose satisfies at least the following constraint(s).
pos1 (Type = Positional)
 
GlideScore(   -5.90)+Epik State Penalty(    0.55) =    -5.35 kcal/mol
Constraint(s) matched for ligand       13, pose   1757
Score =     -5.953
Emodel =    -39.774

The output pose satisfies at least the following constraint(s).
pos1 (Type = Positional)
 
GlideScore(   -5.95)+Epik State Penalty(    0.55) =    -5.40 kcal/mol
Constraint(s) matched for ligand       13, pose   1051
Score =     -2.466
Emodel =    -22.402

The output pose satisfies at least the following constraint(s).
pos1 (Type = Positional)
 
GlideScore(   -2.47)+Epik State Penalty(    0.55) =    -1.92 kcal/mol
Constraint(s) matched for ligand       13, pose   1274
Score =     -2.036
Emodel =    -16.871

The output pose satisfies at least the following constraint(s).
pos1 (Type = Positional)
 
GlideScore(   -2.04)+Epik State Penalty(    0.55) =    -1.49 kcal/mol
Constraint(s) matched for ligand       13, pose   3726
Score =     -2.257
Emodel =    -15.475

The output pose satisfies at least the following constraint(s).
pos1 (Type = Positional)
 
GlideScore(   -2.26)+Epik State Penalty(    0.55) =    -1.71 kcal/mol
Constraint(s) matched for ligand       13, pose   4449
Score =     -1.871
Emodel =    -14.992

The output pose satisfies at least the following constraint(s).
pos1 (Type = Positional)
 
GlideScore(   -1.87)+Epik State Penalty(    0.55) =    -1.32 kcal/mol
Constraint(s) matched for ligand       13, pose   2337
Score =     -2.009
Emodel =    -14.217

The output pose satisfies at least the following constraint(s).
pos1 (Type = Positional)
 
GlideScore(   -2.01)+Epik State Penalty(    0.55) =    -1.46 kcal/mol
Constraint(s) matched for ligand       13, pose   1284
Score =     -1.626
Emodel =     -9.113

The output pose satisfies at least the following constraint(s).
pos1 (Type = Positional)
 
GlideScore(   -1.63)+Epik State Penalty(    0.55) =    -1.08 kcal/mol
DOCKING RESULTS FOR LIGAND       13 (SGS phenyl)
   Except for Best Emodel, the poses reported here
   may not satisfy the user-specified constraints.
Best Emodel=   -42.60 E=   -36.58 Eint=     5.13 GlideScore=    -5.90
%IMPACT-I(foldmain): calling OPLS_2005 atomtyping ...
%IMPACT-I(foldmain): finished parameter assignment
 Number of rotatable bonds            3
 Using templates for ring conformations.
 Checked constraints after refinement with max HB dsq =    16.0000000000000     
 After refinement, constraint filter reduced number of
 poses from         5000  to         4973 .
 Total constraint copies over all poses =         4973
Constraint(s) matched for ligand       14, pose   3080
Score =     -5.869
Emodel =    -41.619

The output pose satisfies at least the following constraint(s).
pos1 (Type = Positional)
 
GlideScore(   -5.87)+Epik State Penalty(    0.55) =    -5.32 kcal/mol
Constraint(s) matched for ligand       14, pose    725
Score =     -5.571
Emodel =    -33.046

The output pose satisfies at least the following constraint(s).
pos1 (Type = Positional)
 
GlideScore(   -5.57)+Epik State Penalty(    0.55) =    -5.02 kcal/mol
Constraint(s) matched for ligand       14, pose   1340
Score =     -5.768
Emodel =    -26.823

The output pose satisfies at least the following constraint(s).
pos1 (Type = Positional)
 
GlideScore(   -5.77)+Epik State Penalty(    0.55) =    -5.22 kcal/mol
Constraint(s) matched for ligand       14, pose   1512
Score =     -2.444
Emodel =    -22.310

The output pose satisfies at least the following constraint(s).
pos1 (Type = Positional)
 
GlideScore(   -2.44)+Epik State Penalty(    0.55) =    -1.90 kcal/mol
Constraint(s) matched for ligand       14, pose   1073
Score =     -2.372
Emodel =    -21.519

The output pose satisfies at least the following constraint(s).
pos1 (Type = Positional)
 
GlideScore(   -2.37)+Epik State Penalty(    0.55) =    -1.82 kcal/mol
Constraint(s) matched for ligand       14, pose   2271
Score =     -2.195
Emodel =    -15.258

The output pose satisfies at least the following constraint(s).
pos1 (Type = Positional)
 
GlideScore(   -2.20)+Epik State Penalty(    0.55) =    -1.65 kcal/mol
Constraint(s) matched for ligand       14, pose   2194
Score =     -2.271
Emodel =    -13.627

The output pose satisfies at least the following constraint(s).
pos1 (Type = Positional)
 
GlideScore(   -2.27)+Epik State Penalty(    0.55) =    -1.72 kcal/mol
Constraint(s) matched for ligand       14, pose   1752
Score =     -1.858
Emodel =    -12.192

The output pose satisfies at least the following constraint(s).
pos1 (Type = Positional)
 
GlideScore(   -1.86)+Epik State Penalty(    0.55) =    -1.31 kcal/mol
Constraint(s) matched for ligand       14, pose   1449
Score =     -1.546
Emodel =     -7.856

The output pose satisfies at least the following constraint(s).
pos1 (Type = Positional)
 
GlideScore(   -1.55)+Epik State Penalty(    0.55) =    -1.00 kcal/mol
Constraint(s) matched for ligand       14, pose   4349
Score =     -1.356
Emodel =     -6.053

The output pose satisfies at least the following constraint(s).
pos1 (Type = Positional)
 
GlideScore(   -1.36)+Epik State Penalty(    0.55) =    -0.81 kcal/mol
DOCKING RESULTS FOR LIGAND       14 (SGS phenyl)
   Except for Best Emodel, the poses reported here
   may not satisfy the user-specified constraints.
Best Emodel=   -41.62 E=   -36.96 Eint=     5.19 GlideScore=    -5.87
%IMPACT-I(foldmain): calling OPLS_2005 atomtyping ...
%IMPACT-I(foldmain): finished parameter assignment
 Number of rotatable bonds            3
 Using templates for ring conformations.
 Checked constraints after refinement with max HB dsq =    16.0000000000000     
 After refinement, constraint filter reduced number of
 poses from         5000  to         4996 .
 Total constraint copies over all poses =         4996
Constraint(s) matched for ligand       15, pose   4939
Score =     -6.061
Emodel =    -44.527

The output pose satisfies at least the following constraint(s).
pos1 (Type = Positional)
 
GlideScore(   -6.06)+Epik State Penalty(    0.55) =    -5.51 kcal/mol
Constraint(s) matched for ligand       15, pose   4245
Score =     -6.049
Emodel =    -38.143

The output pose satisfies at least the following constraint(s).
pos1 (Type = Positional)
 
GlideScore(   -6.05)+Epik State Penalty(    0.55) =    -5.50 kcal/mol
Constraint(s) matched for ligand       15, pose   4933
Score =     -5.738
Emodel =    -35.988

The output pose satisfies at least the following constraint(s).
pos1 (Type = Positional)
 
GlideScore(   -5.74)+Epik State Penalty(    0.55) =    -5.19 kcal/mol
Constraint(s) matched for ligand       15, pose   3614
Score =     -2.436
Emodel =    -21.959

The output pose satisfies at least the following constraint(s).
pos1 (Type = Positional)
 
GlideScore(   -2.44)+Epik State Penalty(    0.55) =    -1.89 kcal/mol
Constraint(s) matched for ligand       15, pose   4013
Score =     -2.240
Emodel =    -16.431

The output pose satisfies at least the following constraint(s).
pos1 (Type = Positional)
 
GlideScore(   -2.24)+Epik State Penalty(    0.55) =    -1.69 kcal/mol
Constraint(s) matched for ligand       15, pose   3646
Score =     -2.048
Emodel =    -14.369

The output pose satisfies at least the following constraint(s).
pos1 (Type = Positional)
 
GlideScore(   -2.05)+Epik State Penalty(    0.55) =    -1.50 kcal/mol
Constraint(s) matched for ligand       15, pose   4591
Score =     -2.211
Emodel =    -14.344

The output pose satisfies at least the following constraint(s).
pos1 (Type = Positional)
 
GlideScore(   -2.21)+Epik State Penalty(    0.55) =    -1.66 kcal/mol
Constraint(s) matched for ligand       15, pose   3389
Score =     -1.820
Emodel =    -14.058

The output pose satisfies at least the following constraint(s).
pos1 (Type = Positional)
 
GlideScore(   -1.82)+Epik State Penalty(    0.55) =    -1.27 kcal/mol
Constraint(s) matched for ligand       15, pose   4263
Score =     -1.647
Emodel =    -10.351

The output pose satisfies at least the following constraint(s).
pos1 (Type = Positional)
 
GlideScore(   -1.65)+Epik State Penalty(    0.55) =    -1.10 kcal/mol
DOCKING RESULTS FOR LIGAND       15 (SGS phenyl)
   Except for Best Emodel, the poses reported here
   may not satisfy the user-specified constraints.
Best Emodel=   -44.53 E=   -39.28 Eint=     4.64 GlideScore=    -6.06
%IMPACT-I(foldmain): calling OPLS_2005 atomtyping ...
%IMPACT-I(foldmain): finished parameter assignment
 Number of rotatable bonds            3
 Using templates for ring conformations.
 Checked constraints after refinement with max HB dsq =    16.0000000000000     
Constraint(s) matched for ligand       16, pose   2107
Score =     -5.921
Emodel =    -42.855

The output pose satisfies at least the following constraint(s).
pos1 (Type = Positional)
 
GlideScore(   -5.92)+Epik State Penalty(    0.55) =    -5.37 kcal/mol
Constraint(s) matched for ligand       16, pose    247
Score =     -5.774
Emodel =    -36.110

The output pose satisfies at least the following constraint(s).
pos1 (Type = Positional)
 
GlideScore(   -5.77)+Epik State Penalty(    0.55) =    -5.23 kcal/mol
Constraint(s) matched for ligand       16, pose    783
Score =     -2.384
Emodel =    -21.829

The output pose satisfies at least the following constraint(s).
pos1 (Type = Positional)
 
GlideScore(   -2.38)+Epik State Penalty(    0.55) =    -1.84 kcal/mol
Constraint(s) matched for ligand       16, pose   2045
Score =     -2.251
Emodel =    -16.030

The output pose satisfies at least the following constraint(s).
pos1 (Type = Positional)
 
GlideScore(   -2.25)+Epik State Penalty(    0.55) =    -1.70 kcal/mol
Constraint(s) matched for ligand       16, pose   3900
Score =     -2.085
Emodel =    -14.946

The output pose satisfies at least the following constraint(s).
pos1 (Type = Positional)
 
GlideScore(   -2.09)+Epik State Penalty(    0.55) =    -1.54 kcal/mol
Constraint(s) matched for ligand       16, pose   1197
Score =     -1.829
Emodel =    -13.925

The output pose satisfies at least the following constraint(s).
pos1 (Type = Positional)
 
GlideScore(   -1.83)+Epik State Penalty(    0.55) =    -1.28 kcal/mol
Constraint(s) matched for ligand       16, pose   1280
Score =     -1.864
Emodel =    -12.839

The output pose satisfies at least the following constraint(s).
pos1 (Type = Positional)
 
GlideScore(   -1.86)+Epik State Penalty(    0.55) =    -1.32 kcal/mol
Constraint(s) matched for ligand       16, pose   4379
Score =     -1.825
Emodel =    -12.838

The output pose satisfies at least the following constraint(s).
pos1 (Type = Positional)
 
GlideScore(   -1.83)+Epik State Penalty(    0.55) =    -1.28 kcal/mol
Constraint(s) matched for ligand       16, pose   1344
Score =     -1.411
Emodel =     -7.186

The output pose satisfies at least the following constraint(s).
pos1 (Type = Positional)
 
GlideScore(   -1.41)+Epik State Penalty(    0.55) =    -0.86 kcal/mol
Constraint(s) matched for ligand       16, pose   3931
Score =     -1.266
Emodel =     -6.023

The output pose satisfies at least the following constraint(s).
pos1 (Type = Positional)
 
GlideScore(   -1.27)+Epik State Penalty(    0.55) =    -0.72 kcal/mol
DOCKING RESULTS FOR LIGAND       16 (SGS phenyl)
   Except for Best Emodel, the poses reported here
   may not satisfy the user-specified constraints.
Best Emodel=   -42.86 E=   -36.60 Eint=     3.98 GlideScore=    -5.92
REPORT OF BEST 128 POSES

The sorted ligand structures were written to the file
Subjob00001--DockLigand1_lib.maegz

Final rankings based on original docking score
10 poses were rejected by the energy filters,
    Coul+vdw Energy <=     0.0    Hbond Interaction <=     0.0    Metal Interaction <=    10.0    GlideScore <=   100.0
(If any of the above properties is not defined for a given pose,
the corresponding filter is not applied to that pose.)

 Exiting IMPACT execution environment 
 Date: Friday, January 16 2015, at 12:22:12 EST
%IMPACT-I (timit): Total CPU time =     277.68 seconds (   4.6 minutes)
Total elapsed time = 280 seconds (4 minutes, 40 seconds)
----- Errors (stderr) -----

Glide is executing the glide_sort command.
Command-line equivalent is:
 "/cbio/jclab/share/schrodinger/schrodinger2014-4/utilities/glide_sort" -n 0 -o "Subjob00001--DockLigand1_lib.maegz"   -norecep -hbond_cut 0.00 -cvdw_cut 0.00 -metal_cut 10.00 -gscore_cut 100.00 "Subjob00001--DockLigand1_raw.maegz"

glide_sort command succeeded.  Pose file Subjob00001--DockLigand1_lib.maegz was written.
