----- Output (stdout) -----
 
 Environmental variable BMIN_NO_JOBCONTROL is set.
 Jobcontrol will not be used.
 BatchMin V10.6    Build  106013  Starting Time 16-Jan-2015 12:06:32
 MacroModel. Copyright Schrodinger, LLC.
 All rights reserved.
 set_stacksize: stacksize limit raised to 4294967295l kb for F90 auto. array allocation.

 Input filename:  Subjob00001--Sample_3_mmffs_vac-in.maegz
 Output filename: Subjob00001--Sample_3_mmffs_vac-out.mae
 Seed used: 658461
 Atom-type file: /cbio/jclab/share/schrodinger/schrodinger2014-4/mmshare-v28013/bin/Linux-x86_64/../../data/atom.typ
 Force field: /cbio/jclab/share/schrodinger/schrodinger2014-4/macromodel-v106013/bin/Linux-x86_64/../../data/f10.fld
 BMFF process: "/cbio/jclab/share/schrodinger/schrodinger2014-4/macromodel-v106013/bin/Linux-x86_64/mmff_setup" -mmffs
 MMFF parameters are being taken from directory:
  /cbio/jclab/share/schrodinger/schrodinger2014-4/macromodel-v106013/bin/Linux-x86_64/../../data/f10/

 *** This calculation will use the MMFF94S force field ***
   (promotes planarity at delocalized trigonal nitrogens)
   (preferred for comparison with crystal structures)

 Supplementary parameter file: /cbio/jclab/share/schrodinger/schrodinger2014-4/macromodel-v106013/bin/Linux-x86_64/../../data/f10/MMFFSUP.PAR

   99 ATOM-TYPE DEFINITIONS READ FROM MMFFDEF.PAR
   95 MMFF ATOM-TYPE PROPERTY RECORDS READ FROM MMFFPROP.PAR
  212 SYMBOLIC-NUMERIC ATOM-TYPE DEFINITIONS READ FROM MMFFSYMB.PAR
   58 MMFF DEFAULT-RULE STRECHING CONSTANTS READ FROM MMFFBNDK.PAR
  102 MMFF HYDROGEN SYMBOLIC TYPE DEFINITIONS READ FROM MMFFHDEF.PAR
   45 MMFF AROMATIC SYMBOLIC TYPE DEFINITIONS READ FROM MMFFAROM.PAR
   99 VDW PARAMETERS READ FROM MMFFVDW.PAR
  493 BOND STRETCHING PARAMETERS READ FROM MMFFBOND.PAR
  498 BOND-INCREMENT CHARGES READ FROM MMFFCHG.PAR
   98 PARTIAL-BOND-INCREMENT CHARGES READ FROM MMFFPBCI.PAR
 2342 ANGLE-BENDING PARAMETERS READ FROM MMFFANG.PAR
  282 STRETCH-BEND PARAMETERS READ FROM MMFFSTBN.PAR
   30 DEFAULT STRETCH-BEND PARAMETERS READ FROM MMFFDFSB.PAR
  117 OUT-OF-PLANE PARAMETERS READ FROM MMFFSOOP.PAR
  926 TORSION PARAMETERS READ FROM MMFFSTOR.PAR
 
 Read    46 atoms. Structure name, if any, appears on next line: 
 SGS phenyl
 Monte Carlo Multiple Minimum Search requested
MCNV specified 0 in arg1 or arg2;  default values will be assigned later
 Setting the maximum number of structures  to save (MAXMCM_SAVE) to            1
 Non-conformer Serial Search requested
 Number of steps set to :         100

 RING  1 HAS   2 SUBRINGS
 SUBRING  1 has  4 PI electrons
 SUBRING  2 has  6 PI electrons
 SUBRING  2 IS AROMATIC

 RING  2 HAS   1 SUBRINGS
 SUBRING  1 has  4 PI electrons

 RING  3 HAS   1 SUBRINGS
 SUBRING  1 has  6 PI electrons
 SUBRING  1 IS AROMATIC
 Quality of Force Field Parameters in Use:
   Numbers of high, medium and low quality stretch parameters =   48    0    1
   Numbers of high, medium and low quality bend parameters    =   74    0   11
   Numbers of high, medium and low quality torsion parameters =   83    0   41
   Interactions examined:        258 of        258 total, including unused params.
 WARNING - Conformational Energies May Not Be Accurate
      Stretch total=       49   constrained=        0
         Bend total=       85   constrained=        0        linear=        0
      Torsion total=      175   constrained=        0  out-of-plane=       51
    Nonbonded total=      873      H-bonded=        0      ordinary=      873
  Nonbonded cutoffs: CutVdw=   8.00    ;  CutEs=   20.0    
 Starting truncated Newton minimization.
          Step     1 New global minimum.  E (kJ/mol) =      806.39
 
Interim report; processing .tmp file:
    7 unique conformations found so far
    7 minimized with good convergence
Found     1 confs within  1.00 kcal/mol ( 4.18 kJ/mol) of glob. min.
Found     2 confs within  3.00 kcal/mol (12.55 kJ/mol) of glob. min.
Found     3 confs within  5.00 kcal/mol (20.92 kJ/mol) of glob. min.
Found     7 confs within 10.00 kcal/mol (41.84 kJ/mol) of glob. min.
Global minimum E =    806.39 found     1 times.
   10 steps performed so far, out of   100
 E of low-energy structures above global min [kJ/mol],  and no. times found:
    E:  0.00  9.42 14.21 23.67 29.69 34.33 36.85
  No.:     1     2     1     2     1     1     1
 
          Step    16 New global minimum.  E (kJ/mol) =      806.08
 
Interim report; processing .tmp file:
   14 unique conformations found so far
   14 minimized with good convergence
Found     2 confs within  1.00 kcal/mol ( 4.18 kJ/mol) of glob. min.
Found     3 confs within  3.00 kcal/mol (12.55 kJ/mol) of glob. min.
Found     6 confs within  5.00 kcal/mol (20.92 kJ/mol) of glob. min.
Found    14 confs within 10.00 kcal/mol (41.84 kJ/mol) of glob. min.
Global minimum E =    806.08 found     2 times.
   20 steps performed so far, out of   100
 E of low-energy structures above global min [kJ/mol],  and no. times found:
    E:  0.00  0.31  9.74 13.36 13.79 14.53 22.06 23.98 24.67 30.01 34.65 37.17
  No.:     2     1     2     1     1     1     1     2     1     1     2     2
 
 
Interim report; processing .tmp file:
   18 unique conformations found so far
   18 minimized with good convergence
Found     2 confs within  1.00 kcal/mol ( 4.18 kJ/mol) of glob. min.
Found     3 confs within  3.00 kcal/mol (12.55 kJ/mol) of glob. min.
Found     6 confs within  5.00 kcal/mol (20.92 kJ/mol) of glob. min.
Found    17 confs within 10.00 kcal/mol (41.84 kJ/mol) of glob. min.
Global minimum E =    806.08 found     2 times.
   30 steps performed so far, out of   100
 E of low-energy structures above global min [kJ/mol],  and no. times found:
    E:  0.00  0.31  9.74 13.36 13.79 14.53 22.06 23.98 24.67 27.03 30.01 30.46
  No.:     2     1     3     1     1     1     3     3     1     1     1     2
 
 
Interim report; processing .tmp file:
   20 unique conformations found so far
   20 minimized with good convergence
Found     2 confs within  1.00 kcal/mol ( 4.18 kJ/mol) of glob. min.
Found     3 confs within  3.00 kcal/mol (12.55 kJ/mol) of glob. min.
Found     7 confs within  5.00 kcal/mol (20.92 kJ/mol) of glob. min.
Found    19 confs within 10.00 kcal/mol (41.84 kJ/mol) of glob. min.
Global minimum E =    806.08 found     2 times.
   40 steps performed so far, out of   100
 E of low-energy structures above global min [kJ/mol],  and no. times found:
    E:  0.00  0.31  9.74 13.36 13.79 14.41 14.53 22.06 23.98 24.67 27.03 27.54
  No.:     2     1     3     1     1     2     1     3     4     1     1     1
 
 
Interim report; processing .tmp file:
   21 unique conformations found so far
   21 minimized with good convergence
Found     2 confs within  1.00 kcal/mol ( 4.18 kJ/mol) of glob. min.
Found     3 confs within  3.00 kcal/mol (12.55 kJ/mol) of glob. min.
Found     7 confs within  5.00 kcal/mol (20.92 kJ/mol) of glob. min.
Found    20 confs within 10.00 kcal/mol (41.84 kJ/mol) of glob. min.
Global minimum E =    806.08 found     3 times.
   50 steps performed so far, out of   100
 E of low-energy structures above global min [kJ/mol],  and no. times found:
    E:  0.00  0.31  9.74 13.36 13.79 14.41 14.53 22.06 23.98 24.67 27.03 27.54
  No.:     3     2     3     1     2     2     1     4     5     1     1     1
 
 
Interim report; processing .tmp file:
   22 unique conformations found so far
   22 minimized with good convergence
Found     2 confs within  1.00 kcal/mol ( 4.18 kJ/mol) of glob. min.
Found     3 confs within  3.00 kcal/mol (12.55 kJ/mol) of glob. min.
Found     7 confs within  5.00 kcal/mol (20.92 kJ/mol) of glob. min.
Found    21 confs within 10.00 kcal/mol (41.84 kJ/mol) of glob. min.
Global minimum E =    806.08 found     3 times.
   60 steps performed so far, out of   100
 E of low-energy structures above global min [kJ/mol],  and no. times found:
    E:  0.00  0.31  9.74 13.36 13.79 14.41 14.53 22.06 23.98 24.67 27.03 27.54
  No.:     3     2     3     1     2     3     2     4     6     1     1     1
 
 
Interim report; processing .tmp file:
   22 unique conformations found so far
   22 minimized with good convergence
Found     2 confs within  1.00 kcal/mol ( 4.18 kJ/mol) of glob. min.
Found     3 confs within  3.00 kcal/mol (12.55 kJ/mol) of glob. min.
Found     7 confs within  5.00 kcal/mol (20.92 kJ/mol) of glob. min.
Found    21 confs within 10.00 kcal/mol (41.84 kJ/mol) of glob. min.
Global minimum E =    806.08 found     3 times.
   70 steps performed so far, out of   100
 E of low-energy structures above global min [kJ/mol],  and no. times found:
    E:  0.00  0.31  9.74 13.36 13.79 14.41 14.53 22.06 23.98 24.67 27.03 27.54
  No.:     3     3     3     1     2     3     2     6     6     1     1     2
 
 
Interim report; processing .tmp file:
   22 unique conformations found so far
   22 minimized with good convergence
Found     2 confs within  1.00 kcal/mol ( 4.18 kJ/mol) of glob. min.
Found     3 confs within  3.00 kcal/mol (12.55 kJ/mol) of glob. min.
Found     7 confs within  5.00 kcal/mol (20.92 kJ/mol) of glob. min.
Found    21 confs within 10.00 kcal/mol (41.84 kJ/mol) of glob. min.
Global minimum E =    806.08 found     4 times.
   80 steps performed so far, out of   100
 E of low-energy structures above global min [kJ/mol],  and no. times found:
    E:  0.00  0.31  9.74 13.36 13.79 14.41 14.53 22.06 23.98 24.67 27.03 27.54
  No.:     4     3     3     2     2     4     2     7     6     1     1     2
 
 
Interim report; processing .tmp file:
   22 unique conformations found so far
   22 minimized with good convergence
Found     2 confs within  1.00 kcal/mol ( 4.18 kJ/mol) of glob. min.
Found     3 confs within  3.00 kcal/mol (12.55 kJ/mol) of glob. min.
Found     7 confs within  5.00 kcal/mol (20.92 kJ/mol) of glob. min.
Found    21 confs within 10.00 kcal/mol (41.84 kJ/mol) of glob. min.
Global minimum E =    806.08 found     4 times.
   90 steps performed so far, out of   100
 E of low-energy structures above global min [kJ/mol],  and no. times found:
    E:  0.00  0.31  9.74 13.36 13.79 14.41 14.53 22.06 23.98 24.67 27.03 27.54
  No.:     4     3     3     2     2     6     2     8     7     1     1     5
 
         100  structures minimised
          22  unique structures stored
          22  structures with good convergence
             Global Minimum   806.07538     kJ/mol
 
 
Final report; processing .tmp file:
   22 unique conformations found so far
   22 minimized with good convergence
Found     2 confs within  1.00 kcal/mol ( 4.18 kJ/mol) of glob. min.
Found     3 confs within  3.00 kcal/mol (12.55 kJ/mol) of glob. min.
Found     7 confs within  5.00 kcal/mol (20.92 kJ/mol) of glob. min.
Found    21 confs within 10.00 kcal/mol (41.84 kJ/mol) of glob. min.
Global minimum E =    806.08 found     5 times.
  100 steps performed so far, out of   100
 E of low-energy structures above global min [kJ/mol],  and no. times found:
    E:  0.00  0.31  9.74 13.36 13.79 14.41 14.53 22.06 23.98 24.67 27.03 27.54
  No.:     5     4     4     2     2     6     3     9     7     1     1     5
 
Input structure with title on the next line is given SerNo:        1
SGS phenyl
Auto summary for input structure      1:
 Total number of structures processed =         100
 Conformations with poor convergence marked with a *
 Conformation       1 (    806.0754     kJ/mol) was found     5 times
 Conformation       2 (    806.3900     kJ/mol) was found     4 times
 Conformation       3 (    815.8149     kJ/mol) was found     4 times
 Conformation       4 (    819.4391     kJ/mol) was found     2 times
 Conformation       5 (    819.8701     kJ/mol) was found     2 times
 Conformation       6 (    820.4860     kJ/mol) was found     6 times
 Conformation       7 (    820.6031     kJ/mol) was found     3 times
 Conformation       8 (    828.1342     kJ/mol) was found     9 times
 Conformation       9 (    830.0560     kJ/mol) was found     7 times
 Conformation      10 (    830.7440     kJ/mol) was found     1 times
 Conformation      11 (    833.1016     kJ/mol) was found     1 times
 Conformation      12 (    833.6165     kJ/mol) was found     5 times
 Conformation      13 (    836.0827     kJ/mol) was found    10 times
 Conformation      14 (    836.5316     kJ/mol) was found     4 times
 Conformation      15 (    840.7243     kJ/mol) was found     3 times
 Conformation      16 (    842.0356     kJ/mol) was found     4 times
 Conformation      17 (    842.6984     kJ/mol) was found     5 times
 Conformation      18 (    843.2435     kJ/mol) was found     4 times
 Conformation      19 (    845.0252     kJ/mol) was found     3 times
 Conformation      20 (    845.9413     kJ/mol) was found     6 times
 Conformation      21 (    846.8243     kJ/mol) was found     3 times
 Conformation      22 (    854.6375     kJ/mol) was found     8 times
 *** Note only            1 (MAXMCM_SAVE) structures 
     written to the output structure file.  As requested.
           *** MC Statistics ***
 Percent of minimized structures within energetic window:   99.00000    
 Average number of duplicates:     4.500000    
 Duplication standard deviation:   2.405351    
        1002  structures generated
         826  rejected by ring closure
          77  rejected by van der Waals
          77  duplicate minimised structures
 Number of steps set to :         100
 Read    47 atoms. Structure name, if any, appears on next line: 
 SGS phenyl

 RING  1 HAS   2 SUBRINGS
 SUBRING  1 has  4 PI electrons
 SUBRING  2 has  6 PI electrons
 SUBRING  2 IS AROMATIC

 RING  2 HAS   1 SUBRINGS
 SUBRING  1 has  2 PI electrons

 RING  3 HAS   1 SUBRINGS
 SUBRING  1 has  6 PI electrons
 SUBRING  1 IS AROMATIC
 Quality of Force Field Parameters in Use:
   Numbers of high, medium and low quality stretch parameters =   49    0    1
   Numbers of high, medium and low quality bend parameters    =   77    0   11
   Numbers of high, medium and low quality torsion parameters =   88    0   45
   Interactions examined:        271 of        271 total, including unused params.
 WARNING - Conformational Energies May Not Be Accurate
      Stretch total=       50   constrained=        0
         Bend total=       88   constrained=        0        linear=        0
      Torsion total=      184   constrained=        0  out-of-plane=       51
    Nonbonded total=      899      H-bonded=        0      ordinary=      899
  Nonbonded cutoffs: CutVdw=   8.00    ;  CutEs=   20.0    
 Starting truncated Newton minimization.
          Step     1 New global minimum.  E (kJ/mol) =      889.83
          Step     3 New global minimum.  E (kJ/mol) =      867.36
 
Interim report; processing .tmp file:
    6 unique conformations found so far
    6 minimized with good convergence
Found     1 confs within  1.00 kcal/mol ( 4.18 kJ/mol) of glob. min.
Found     2 confs within  3.00 kcal/mol (12.55 kJ/mol) of glob. min.
Found     5 confs within 10.00 kcal/mol (41.84 kJ/mol) of glob. min.
Global minimum E =    867.36 found     3 times.
   10 steps performed so far, out of   100
 E of low-energy structures above global min [kJ/mol],  and no. times found:
    E:  0.00 12.37 22.47 31.78 36.81 43.02
  No.:     3     1     2     1     1     1
 
 
Interim report; processing .tmp file:
   10 unique conformations found so far
   10 minimized with good convergence
Found     1 confs within  1.00 kcal/mol ( 4.18 kJ/mol) of glob. min.
Found     2 confs within  3.00 kcal/mol (12.55 kJ/mol) of glob. min.
Found     8 confs within 10.00 kcal/mol (41.84 kJ/mol) of glob. min.
Global minimum E =    867.36 found     3 times.
   20 steps performed so far, out of   100
 E of low-energy structures above global min [kJ/mol],  and no. times found:
    E:  0.00 12.37 22.47 28.72 31.78 32.38 33.95 36.81 42.19 43.02
  No.:     3     1     2     1     3     3     1     1     1     3
 
 
Interim report; processing .tmp file:
   12 unique conformations found so far
   12 minimized with good convergence
Found     1 confs within  1.00 kcal/mol ( 4.18 kJ/mol) of glob. min.
Found     2 confs within  3.00 kcal/mol (12.55 kJ/mol) of glob. min.
Found    10 confs within 10.00 kcal/mol (41.84 kJ/mol) of glob. min.
Global minimum E =    867.36 found     5 times.
   30 steps performed so far, out of   100
 E of low-energy structures above global min [kJ/mol],  and no. times found:
    E:  0.00 12.37 22.47 25.06 28.72 31.78 32.38 33.95 36.81 37.38 42.19 43.02
  No.:     5     2     2     2     1     4     3     2     1     1     1     4
 
 
Interim report; processing .tmp file:
   14 unique conformations found so far
   14 minimized with good convergence
Found     1 confs within  1.00 kcal/mol ( 4.18 kJ/mol) of glob. min.
Found     2 confs within  3.00 kcal/mol (12.55 kJ/mol) of glob. min.
Found    12 confs within 10.00 kcal/mol (41.84 kJ/mol) of glob. min.
Global minimum E =    867.36 found     7 times.
   40 steps performed so far, out of   100
 E of low-energy structures above global min [kJ/mol],  and no. times found:
    E:  0.00 12.37 22.47 25.06 28.59 28.72 31.78 32.38 33.95 35.89 36.81 37.38
  No.:     7     2     2     2     1     2     4     3     3     2     1     1
 
 
Interim report; processing .tmp file:
   16 unique conformations found so far
   16 minimized with good convergence
Found     2 confs within  1.00 kcal/mol ( 4.18 kJ/mol) of glob. min.
Found     3 confs within  3.00 kcal/mol (12.55 kJ/mol) of glob. min.
Found    14 confs within 10.00 kcal/mol (41.84 kJ/mol) of glob. min.
Global minimum E =    867.36 found     9 times.
   50 steps performed so far, out of   100
 E of low-energy structures above global min [kJ/mol],  and no. times found:
    E:  0.00  3.37 12.37 22.47 25.06 28.59 28.72 31.78 32.38 33.95 35.89 36.81
  No.:     9     1     2     2     2     1     2     4     3     5     3     1
 
 
Interim report; processing .tmp file:
   16 unique conformations found so far
   16 minimized with good convergence
Found     2 confs within  1.00 kcal/mol ( 4.18 kJ/mol) of glob. min.
Found     3 confs within  3.00 kcal/mol (12.55 kJ/mol) of glob. min.
Found    14 confs within 10.00 kcal/mol (41.84 kJ/mol) of glob. min.
Global minimum E =    867.36 found    10 times.
   60 steps performed so far, out of   100
 E of low-energy structures above global min [kJ/mol],  and no. times found:
    E:  0.00  3.37 12.37 22.47 25.06 28.59 28.72 31.78 32.38 33.95 35.89 36.81
  No.:    10     2     4     2     2     1     3     4     3     5     3     1
 
 
Interim report; processing .tmp file:
   18 unique conformations found so far
   18 minimized with good convergence
Found     2 confs within  1.00 kcal/mol ( 4.18 kJ/mol) of glob. min.
Found     3 confs within  3.00 kcal/mol (12.55 kJ/mol) of glob. min.
Found     4 confs within  5.00 kcal/mol (20.92 kJ/mol) of glob. min.
Found    15 confs within 10.00 kcal/mol (41.84 kJ/mol) of glob. min.
Global minimum E =    867.36 found    10 times.
   70 steps performed so far, out of   100
 E of low-energy structures above global min [kJ/mol],  and no. times found:
    E:  0.00  3.37 12.37 18.76 22.47 25.06 28.59 28.72 31.78 32.38 33.95 35.89
  No.:    10     2     4     4     2     2     1     3     4     3     5     3
 
 
Interim report; processing .tmp file:
   19 unique conformations found so far
   19 minimized with good convergence
Found     2 confs within  1.00 kcal/mol ( 4.18 kJ/mol) of glob. min.
Found     3 confs within  3.00 kcal/mol (12.55 kJ/mol) of glob. min.
Found     4 confs within  5.00 kcal/mol (20.92 kJ/mol) of glob. min.
Found    16 confs within 10.00 kcal/mol (41.84 kJ/mol) of glob. min.
Global minimum E =    867.36 found    12 times.
   80 steps performed so far, out of   100
 E of low-energy structures above global min [kJ/mol],  and no. times found:
    E:  0.00  3.37 12.37 18.76 22.47 22.55 25.06 28.59 28.72 31.78 32.38 33.95
  No.:    12     2     5     4     3     1     2     1     3     5     3     5
 
 
Interim report; processing .tmp file:
   21 unique conformations found so far
   21 minimized with good convergence
Found     2 confs within  1.00 kcal/mol ( 4.18 kJ/mol) of glob. min.
Found     3 confs within  3.00 kcal/mol (12.55 kJ/mol) of glob. min.
Found     4 confs within  5.00 kcal/mol (20.92 kJ/mol) of glob. min.
Found    17 confs within 10.00 kcal/mol (41.84 kJ/mol) of glob. min.
Global minimum E =    867.36 found    12 times.
   90 steps performed so far, out of   100
 E of low-energy structures above global min [kJ/mol],  and no. times found:
    E:  0.00  3.37 12.37 18.76 22.47 22.55 25.06 28.59 28.72 31.20 31.78 32.38
  No.:    12     3     6     4     3     1     2     1     3     1     5     3
 
         100  structures minimised
          21  unique structures stored
          21  structures with good convergence
             Global Minimum   867.35614     kJ/mol
 
 
Final report; processing .tmp file:
   21 unique conformations found so far
   21 minimized with good convergence
Found     2 confs within  1.00 kcal/mol ( 4.18 kJ/mol) of glob. min.
Found     3 confs within  3.00 kcal/mol (12.55 kJ/mol) of glob. min.
Found     4 confs within  5.00 kcal/mol (20.92 kJ/mol) of glob. min.
Found    17 confs within 10.00 kcal/mol (41.84 kJ/mol) of glob. min.
Global minimum E =    867.36 found    13 times.
  100 steps performed so far, out of   100
 E of low-energy structures above global min [kJ/mol],  and no. times found:
    E:  0.00  3.37 12.37 18.76 22.47 22.55 25.06 28.59 28.72 31.20 31.78 32.38
  No.:    13     3     6     4     3     1     2     2     3     1     5     4
 
Input structure with title on the next line is given SerNo:        2
SGS phenyl
Auto summary for input structure      2:
 Total number of structures processed =         100
 Conformations with poor convergence marked with a *
 Conformation       1 (    867.3561     kJ/mol) was found    13 times
 Conformation       2 (    870.7258     kJ/mol) was found     3 times
 Conformation       3 (    879.7306     kJ/mol) was found     6 times
 Conformation       4 (    886.1176     kJ/mol) was found     4 times
 Conformation       5 (    889.8276     kJ/mol) was found     3 times
 Conformation       6 (    889.9083     kJ/mol) was found     1 times
 Conformation       7 (    892.4174     kJ/mol) was found     2 times
 Conformation       8 (    895.9462     kJ/mol) was found     2 times
 Conformation       9 (    896.0756     kJ/mol) was found     3 times
 Conformation      10 (    898.5525     kJ/mol) was found     1 times
 Conformation      11 (    899.1348     kJ/mol) was found     5 times
 Conformation      12 (    899.7363     kJ/mol) was found     4 times
 Conformation      13 (    901.3069     kJ/mol) was found     6 times
 Conformation      14 (    903.2510     kJ/mol) was found     5 times
 Conformation      15 (    904.1666     kJ/mol) was found     3 times
 Conformation      16 (    904.7385     kJ/mol) was found     2 times
 Conformation      17 (    908.3375     kJ/mol) was found     2 times
 Conformation      18 (    909.5507     kJ/mol) was found     3 times
 Conformation      19 (    910.3713     kJ/mol) was found     8 times
 Conformation      20 (    911.9414     kJ/mol) was found     3 times
 Conformation      21 (    912.9837     kJ/mol) was found     9 times
 *** Note only            1 (MAXMCM_SAVE) structures 
     written to the output structure file.  As requested.
           *** MC Statistics ***
 Percent of minimized structures within energetic window:   88.00000    
 Average number of duplicates:     4.190476    
 Duplication standard deviation:   2.926073    
        1116  structures generated
         950  rejected by ring closure
          67  rejected by van der Waals
          67  duplicate minimised structures
 
BatchMin: normal termination                           16-Jan-2015 12:06:51
STARTUP COMMAND:
/cbio/jclab/share/schrodinger/schrodinger2014-4/macromodel-v106013/bin/Linux-x86_64/bmin
MMSHARE_EXEC:/cbio/jclab/share/schrodinger/schrodinger2014-4/mmshare-v28013/bin/Linux-x86_64

real	0.0m19.5599999987s
user	0.0m0.0s
sys	0.0m0.0s
RUNNING: python "/cbio/jclab/share/schrodinger/schrodinger2014-4/macromodel-v106013/bin/Linux-x86_64/bmin_startup.py" -NO_REDIRECT Subjob00001--Sample_3_mmffs_vac
