----- Output (stdout) -----
 
 Environmental variable BMIN_NO_JOBCONTROL is set.
 Jobcontrol will not be used.
 BatchMin V10.6    Build  106013  Starting Time 16-Jan-2015 12:06:55
 MacroModel. Copyright Schrodinger, LLC.
 All rights reserved.
 set_stacksize: stacksize limit raised to 4294967295l kb for F90 auto. array allocation.

 Input filename:  Subjob00001--Sample_2_mmffs_solv-in.maegz
 Output filename: Subjob00001--Sample_2_mmffs_solv-out.mae
 Seed used: 658461
 Atom-type file: /cbio/jclab/share/schrodinger/schrodinger2014-4/mmshare-v28013/bin/Linux-x86_64/../../data/atom.typ
 Force field: /cbio/jclab/share/schrodinger/schrodinger2014-4/macromodel-v106013/bin/Linux-x86_64/../../data/f10.fld
 BMFF process: "/cbio/jclab/share/schrodinger/schrodinger2014-4/macromodel-v106013/bin/Linux-x86_64/mmff_setup" -mmffs
 MMFF parameters are being taken from directory:
  /cbio/jclab/share/schrodinger/schrodinger2014-4/macromodel-v106013/bin/Linux-x86_64/../../data/f10/

 *** This calculation will use the MMFF94S force field ***
   (promotes planarity at delocalized trigonal nitrogens)
   (preferred for comparison with crystal structures)

 Supplementary parameter file: /cbio/jclab/share/schrodinger/schrodinger2014-4/macromodel-v106013/bin/Linux-x86_64/../../data/f10/MMFFSUP.PAR

   99 ATOM-TYPE DEFINITIONS READ FROM MMFFDEF.PAR
   95 MMFF ATOM-TYPE PROPERTY RECORDS READ FROM MMFFPROP.PAR
  212 SYMBOLIC-NUMERIC ATOM-TYPE DEFINITIONS READ FROM MMFFSYMB.PAR
   58 MMFF DEFAULT-RULE STRECHING CONSTANTS READ FROM MMFFBNDK.PAR
  102 MMFF HYDROGEN SYMBOLIC TYPE DEFINITIONS READ FROM MMFFHDEF.PAR
   45 MMFF AROMATIC SYMBOLIC TYPE DEFINITIONS READ FROM MMFFAROM.PAR
   99 VDW PARAMETERS READ FROM MMFFVDW.PAR
  493 BOND STRETCHING PARAMETERS READ FROM MMFFBOND.PAR
  498 BOND-INCREMENT CHARGES READ FROM MMFFCHG.PAR
   98 PARTIAL-BOND-INCREMENT CHARGES READ FROM MMFFPBCI.PAR
 2342 ANGLE-BENDING PARAMETERS READ FROM MMFFANG.PAR
  282 STRETCH-BEND PARAMETERS READ FROM MMFFSTBN.PAR
   30 DEFAULT STRETCH-BEND PARAMETERS READ FROM MMFFDFSB.PAR
  117 OUT-OF-PLANE PARAMETERS READ FROM MMFFSOOP.PAR
  926 TORSION PARAMETERS READ FROM MMFFSTOR.PAR
 
 Read    46 atoms. Structure name, if any, appears on next line: 
 SGS phenyl
 Monte Carlo Multiple Minimum Search requested
MCNV specified 0 in arg1 or arg2;  default values will be assigned later
 Setting the maximum number of structures  to save (MAXMCM_SAVE) to            1
 Non-conformer Serial Search requested
 Number of steps set to :         100

 RING  1 HAS   2 SUBRINGS
 SUBRING  1 has  4 PI electrons
 SUBRING  2 has  6 PI electrons
 SUBRING  2 IS AROMATIC

 RING  2 HAS   1 SUBRINGS
 SUBRING  1 has  4 PI electrons

 RING  3 HAS   1 SUBRINGS
 SUBRING  1 has  6 PI electrons
 SUBRING  1 IS AROMATIC
 Quality of Force Field Parameters in Use:
   Numbers of high, medium and low quality stretch parameters =   48    0    1
   Numbers of high, medium and low quality bend parameters    =   74    0   11
   Numbers of high, medium and low quality torsion parameters =   83    0   41
   Interactions examined:        258 of        258 total, including unused params.
 WARNING - Conformational Energies May Not Be Accurate
 WARNING - Solvation Energies/Charges May Not Be Accurate
      Stretch total=       49   constrained=        0
         Bend total=       85   constrained=        0        linear=        0
      Torsion total=      175   constrained=        0  out-of-plane=       51
    Nonbonded total=      901      H-bonded=        0      ordinary=      901
  Nonbonded cutoffs: CutVdw=   8.00    ;  CutEs=   20.0    
 Solvent file: /cbio/jclab/share/schrodinger/schrodinger2014-4/macromodel-v106013/bin/Linux-x86_64/../../data/water.slv
    Block specifies desired NFIELD -- accepting block
 Starting truncated Newton minimization.
          Step     1 New global minimum.  E (kJ/mol) =      763.23
 
Interim report; processing .tmp file:
    6 unique conformations found so far
    6 minimized with good convergence
Found     1 confs within  1.00 kcal/mol ( 4.18 kJ/mol) of glob. min.
Found     2 confs within  3.00 kcal/mol (12.55 kJ/mol) of glob. min.
Found     3 confs within  5.00 kcal/mol (20.92 kJ/mol) of glob. min.
Found     6 confs within 10.00 kcal/mol (41.84 kJ/mol) of glob. min.
Global minimum E =    763.23 found     1 times.
   10 steps performed so far, out of   100
 E of low-energy structures above global min [kJ/mol],  and no. times found:
    E:  0.00  9.42 19.45 20.98 26.07 26.42
  No.:     1     1     1     3     2     2
 
          Step    18 New global minimum.  E (kJ/mol) =      763.23
 
Interim report; processing .tmp file:
   10 unique conformations found so far
   10 minimized with good convergence
Found     1 confs within  1.00 kcal/mol ( 4.18 kJ/mol) of glob. min.
Found     3 confs within  2.00 kcal/mol ( 8.37 kJ/mol) of glob. min.
Found     4 confs within  3.00 kcal/mol (12.55 kJ/mol) of glob. min.
Found     5 confs within  5.00 kcal/mol (20.92 kJ/mol) of glob. min.
Found    10 confs within 10.00 kcal/mol (41.84 kJ/mol) of glob. min.
Global minimum E =    763.23 found     2 times.
   20 steps performed so far, out of   100
 E of low-energy structures above global min [kJ/mol],  and no. times found:
    E:  0.00  6.69  8.00  9.42 19.45 20.97 20.98 26.07 26.42 34.01
  No.:     2     1     2     1     1     2     3     3     4     1
 
          Step    28 New global minimum.  E (kJ/mol) =      760.84
          Step    30 New global minimum.  E (kJ/mol) =      760.83
 
Interim report; processing .tmp file:
   12 unique conformations found so far
   12 minimized with good convergence
Found     2 confs within  1.00 kcal/mol ( 4.18 kJ/mol) of glob. min.
Found     5 confs within  3.00 kcal/mol (12.55 kJ/mol) of glob. min.
Found    12 confs within 10.00 kcal/mol (41.84 kJ/mol) of glob. min.
Global minimum E =    760.83 found     2 times.
   30 steps performed so far, out of   100
 E of low-energy structures above global min [kJ/mol],  and no. times found:
    E:  0.00  2.40  9.08 10.40 11.82 21.84 23.37 23.37 28.46 28.82 33.00 36.40
  No.:     2     3     1     2     1     1     4     4     3     6     1     2
 
 
Interim report; processing .tmp file:
   14 unique conformations found so far
   14 minimized with good convergence
Found     2 confs within  1.00 kcal/mol ( 4.18 kJ/mol) of glob. min.
Found     5 confs within  3.00 kcal/mol (12.55 kJ/mol) of glob. min.
Found    14 confs within 10.00 kcal/mol (41.84 kJ/mol) of glob. min.
Global minimum E =    760.83 found     2 times.
   40 steps performed so far, out of   100
 E of low-energy structures above global min [kJ/mol],  and no. times found:
    E:  0.00  2.40  9.08 10.40 11.82 21.84 23.36 23.37 28.46 28.82 33.00 33.10
  No.:     2     3     1     3     1     2     6     4     4     6     1     2
 
          Step    49 New global minimum.  E (kJ/mol) =      760.82
 
Interim report; processing .tmp file:
   15 unique conformations found so far
   15 minimized with good convergence
Found     2 confs within  1.00 kcal/mol ( 4.18 kJ/mol) of glob. min.
Found     6 confs within  3.00 kcal/mol (12.55 kJ/mol) of glob. min.
Found    15 confs within 10.00 kcal/mol (41.84 kJ/mol) of glob. min.
Global minimum E =    760.82 found     3 times.
   50 steps performed so far, out of   100
 E of low-energy structures above global min [kJ/mol],  and no. times found:
    E:  0.00  2.40  9.09 10.41 11.83 12.22 21.86 23.37 23.38 28.47 28.83 33.01
  No.:     3     4     1     3     1     3     2     8     5     4     6     1
 
 
Interim report; processing .tmp file:
   15 unique conformations found so far
   15 minimized with good convergence
Found     2 confs within  1.00 kcal/mol ( 4.18 kJ/mol) of glob. min.
Found     6 confs within  3.00 kcal/mol (12.55 kJ/mol) of glob. min.
Found    15 confs within 10.00 kcal/mol (41.84 kJ/mol) of glob. min.
Global minimum E =    760.82 found     3 times.
   60 steps performed so far, out of   100
 E of low-energy structures above global min [kJ/mol],  and no. times found:
    E:  0.00  2.40  9.09 10.41 11.83 12.22 21.86 23.37 23.38 28.47 28.82 33.01
  No.:     3     4     1     3     1     4     2    10     7     5     7     1
 
 
Interim report; processing .tmp file:
   16 unique conformations found so far
   16 minimized with good convergence
Found     2 confs within  1.00 kcal/mol ( 4.18 kJ/mol) of glob. min.
Found     6 confs within  3.00 kcal/mol (12.55 kJ/mol) of glob. min.
Found    16 confs within 10.00 kcal/mol (41.84 kJ/mol) of glob. min.
Global minimum E =    760.82 found     5 times.
   70 steps performed so far, out of   100
 E of low-energy structures above global min [kJ/mol],  and no. times found:
    E:  0.00  2.40  9.09 10.41 11.83 12.22 21.86 23.37 23.38 28.47 28.82 30.94
  No.:     5     6     1     3     1     4     2    10     9     5     7     2
 
 
Interim report; processing .tmp file:
   17 unique conformations found so far
   17 minimized with good convergence
Found     2 confs within  1.00 kcal/mol ( 4.18 kJ/mol) of glob. min.
Found     6 confs within  3.00 kcal/mol (12.55 kJ/mol) of glob. min.
Found     7 confs within  5.00 kcal/mol (20.92 kJ/mol) of glob. min.
Found    17 confs within 10.00 kcal/mol (41.84 kJ/mol) of glob. min.
Global minimum E =    760.82 found     5 times.
   80 steps performed so far, out of   100
 E of low-energy structures above global min [kJ/mol],  and no. times found:
    E:  0.00  2.40  9.08 10.40 11.83 12.22 19.30 21.86 23.37 23.38 28.47 28.82
  No.:     5     6     2     5     1     5     1     2    12     9     5     8
 
 
Interim report; processing .tmp file:
   19 unique conformations found so far
   19 minimized with good convergence
Found     2 confs within  1.00 kcal/mol ( 4.18 kJ/mol) of glob. min.
Found     6 confs within  3.00 kcal/mol (12.55 kJ/mol) of glob. min.
Found     7 confs within  5.00 kcal/mol (20.92 kJ/mol) of glob. min.
Found    18 confs within 10.00 kcal/mol (41.84 kJ/mol) of glob. min.
Global minimum E =    760.82 found     5 times.
   90 steps performed so far, out of   100
 E of low-energy structures above global min [kJ/mol],  and no. times found:
    E:  0.00  2.40  9.08 10.40 11.83 12.22 19.30 21.64 21.86 23.37 23.38 28.46
  No.:     5     7     2     5     1     5     1     1     2    13    10     7
 
         100  structures minimised
          20  unique structures stored
          20  structures with good convergence
             Global Minimum   760.82355     kJ/mol
 
 
Final report; processing .tmp file:
   20 unique conformations found so far
   20 minimized with good convergence
Found     2 confs within  1.00 kcal/mol ( 4.18 kJ/mol) of glob. min.
Found     6 confs within  3.00 kcal/mol (12.55 kJ/mol) of glob. min.
Found     7 confs within  5.00 kcal/mol (20.92 kJ/mol) of glob. min.
Found    19 confs within 10.00 kcal/mol (41.84 kJ/mol) of glob. min.
Global minimum E =    760.82 found     6 times.
  100 steps performed so far, out of   100
 E of low-energy structures above global min [kJ/mol],  and no. times found:
    E:  0.00  2.40  9.08 10.40 11.83 12.22 19.30 21.64 21.86 23.37 23.37 28.46
  No.:     6     7     2     5     1     5     1     1     2    13    13    10
 
Input structure with title on the next line is given SerNo:        1
SGS phenyl
Auto summary for input structure      1:
 Total number of structures processed =         100
 Conformations with poor convergence marked with a *
 Conformation       1 (    760.8235     kJ/mol) was found     6 times
 Conformation       2 (    763.2209     kJ/mol) was found     7 times
 Conformation       3 (    769.9008     kJ/mol) was found     2 times
 Conformation       4 (    771.2229     kJ/mol) was found     5 times
 Conformation       5 (    772.6495     kJ/mol) was found     1 times
 Conformation       6 (    773.0447     kJ/mol) was found     5 times
 Conformation       7 (    780.1208     kJ/mol) was found     1 times
 Conformation       8 (    782.4587     kJ/mol) was found     1 times
 Conformation       9 (    782.6786     kJ/mol) was found     2 times
 Conformation      10 (    784.1950     kJ/mol) was found    13 times
 Conformation      11 (    784.1969     kJ/mol) was found    13 times
 Conformation      12 (    789.2815     kJ/mol) was found    10 times
 Conformation      13 (    789.6406     kJ/mol) was found     8 times
 Conformation      14 (    791.7653     kJ/mol) was found     3 times
 Conformation      15 (    793.8314     kJ/mol) was found     1 times
 Conformation      16 (    793.9268     kJ/mol) was found     4 times
 Conformation      17 (    794.0566     kJ/mol) was found     4 times
 Conformation      18 (    795.2852     kJ/mol) was found     1 times
 Conformation      19 (    797.2250     kJ/mol) was found     9 times
 Conformation      20 (    806.6093     kJ/mol) was found     3 times
 *** Note only            1 (MAXMCM_SAVE) structures 
     written to the output structure file.  As requested.
           *** MC Statistics ***
 Percent of minimized structures within energetic window:   99.00000    
 Average number of duplicates:     4.950000    
 Duplication standard deviation:   3.913203    
        1084  structures generated
         915  rejected by ring closure
          70  rejected by van der Waals
          79  duplicate minimised structures
 Number of steps set to :         100
 Read    47 atoms. Structure name, if any, appears on next line: 
 SGS phenyl

 RING  1 HAS   2 SUBRINGS
 SUBRING  1 has  4 PI electrons
 SUBRING  2 has  6 PI electrons
 SUBRING  2 IS AROMATIC

 RING  2 HAS   1 SUBRINGS
 SUBRING  1 has  2 PI electrons

 RING  3 HAS   1 SUBRINGS
 SUBRING  1 has  6 PI electrons
 SUBRING  1 IS AROMATIC
 Quality of Force Field Parameters in Use:
   Numbers of high, medium and low quality stretch parameters =   49    0    1
   Numbers of high, medium and low quality bend parameters    =   77    0   11
   Numbers of high, medium and low quality torsion parameters =   88    0   45
   Interactions examined:        271 of        271 total, including unused params.
 WARNING - Conformational Energies May Not Be Accurate
 WARNING - Solvation Energies/Charges May Not Be Accurate
      Stretch total=       50   constrained=        0
         Bend total=       88   constrained=        0        linear=        0
      Torsion total=      184   constrained=        0  out-of-plane=       51
    Nonbonded total=      943      H-bonded=        0      ordinary=      943
  Nonbonded cutoffs: CutVdw=   8.00    ;  CutEs=   20.0    
 Starting truncated Newton minimization.
          Step     1 New global minimum.  E (kJ/mol) =      649.75
          Step     3 New global minimum.  E (kJ/mol) =      648.80
          Step     9 New global minimum.  E (kJ/mol) =      648.79
 
Interim report; processing .tmp file:
    6 unique conformations found so far
    6 minimized with good convergence
Found     2 confs within  1.00 kcal/mol ( 4.18 kJ/mol) of glob. min.
Found     3 confs within  2.00 kcal/mol ( 8.37 kJ/mol) of glob. min.
Found     6 confs within 10.00 kcal/mol (41.84 kJ/mol) of glob. min.
Global minimum E =    648.79 found     2 times.
   10 steps performed so far, out of   100
 E of low-energy structures above global min [kJ/mol],  and no. times found:
    E:  0.00  0.96  7.14 21.97 24.68 31.52
  No.:     2     2     2     2     1     1
 
          Step    12 New global minimum.  E (kJ/mol) =      648.78
 
Interim report; processing .tmp file:
   10 unique conformations found so far
   10 minimized with good convergence
Found     2 confs within  1.00 kcal/mol ( 4.18 kJ/mol) of glob. min.
Found     4 confs within  2.00 kcal/mol ( 8.37 kJ/mol) of glob. min.
Found    10 confs within 10.00 kcal/mol (41.84 kJ/mol) of glob. min.
Global minimum E =    648.78 found     3 times.
   20 steps performed so far, out of   100
 E of low-energy structures above global min [kJ/mol],  and no. times found:
    E:  0.00  0.96  7.15  7.52 21.97 22.00 22.31 22.83 24.69 31.52
  No.:     3     2     3     1     2     1     3     2     1     2
 
          Step    23 New global minimum.  E (kJ/mol) =      648.78
 
Interim report; processing .tmp file:
   12 unique conformations found so far
   12 minimized with good convergence
Found     2 confs within  1.00 kcal/mol ( 4.18 kJ/mol) of glob. min.
Found     5 confs within  2.00 kcal/mol ( 8.37 kJ/mol) of glob. min.
Found    12 confs within 10.00 kcal/mol (41.84 kJ/mol) of glob. min.
Global minimum E =    648.78 found     4 times.
   30 steps performed so far, out of   100
 E of low-energy structures above global min [kJ/mol],  and no. times found:
    E:  0.00  0.97  6.28  7.15  7.52 21.97 22.00 22.31 22.84 24.69 25.66 31.52
  No.:     4     3     3     4     1     3     1     3     2     1     2     3
 
 
Interim report; processing .tmp file:
   15 unique conformations found so far
   15 minimized with good convergence
Found     2 confs within  1.00 kcal/mol ( 4.18 kJ/mol) of glob. min.
Found     5 confs within  2.00 kcal/mol ( 8.37 kJ/mol) of glob. min.
Found    15 confs within 10.00 kcal/mol (41.84 kJ/mol) of glob. min.
Global minimum E =    648.78 found     5 times.
   40 steps performed so far, out of   100
 E of low-energy structures above global min [kJ/mol],  and no. times found:
    E:  0.00  0.97  6.28  7.15  7.52 21.97 22.00 22.07 22.30 22.84 24.69 25.66
  No.:     5     3     3     5     2     4     2     1     4     2     1     2
 
 
Interim report; processing .tmp file:
   17 unique conformations found so far
   17 minimized with good convergence
Found     2 confs within  1.00 kcal/mol ( 4.18 kJ/mol) of glob. min.
Found     5 confs within  2.00 kcal/mol ( 8.37 kJ/mol) of glob. min.
Found    17 confs within 10.00 kcal/mol (41.84 kJ/mol) of glob. min.
Global minimum E =    648.78 found     5 times.
   50 steps performed so far, out of   100
 E of low-energy structures above global min [kJ/mol],  and no. times found:
    E:  0.00  0.97  6.28  7.15  7.52 21.97 22.00 22.07 22.30 22.84 24.66 24.69
  No.:     5     4     4     5     2     4     2     1     5     2     2     1
 
 
Interim report; processing .tmp file:
   19 unique conformations found so far
   19 minimized with good convergence
Found     2 confs within  1.00 kcal/mol ( 4.18 kJ/mol) of glob. min.
Found     5 confs within  2.00 kcal/mol ( 8.37 kJ/mol) of glob. min.
Found     6 confs within  5.00 kcal/mol (20.92 kJ/mol) of glob. min.
Found    19 confs within 10.00 kcal/mol (41.84 kJ/mol) of glob. min.
Global minimum E =    648.78 found     6 times.
   60 steps performed so far, out of   100
 E of low-energy structures above global min [kJ/mol],  and no. times found:
    E:  0.00  0.97  6.28  7.15  7.52 20.86 21.97 22.00 22.07 22.30 22.84 24.66
  No.:     6     4     5     6     2     3     5     2     1     6     2     2
 
 
Interim report; processing .tmp file:
   20 unique conformations found so far
   20 minimized with good convergence
Found     2 confs within  1.00 kcal/mol ( 4.18 kJ/mol) of glob. min.
Found     6 confs within  2.00 kcal/mol ( 8.37 kJ/mol) of glob. min.
Found     7 confs within  5.00 kcal/mol (20.92 kJ/mol) of glob. min.
Found    20 confs within 10.00 kcal/mol (41.84 kJ/mol) of glob. min.
Global minimum E =    648.78 found     6 times.
   70 steps performed so far, out of   100
 E of low-energy structures above global min [kJ/mol],  and no. times found:
    E:  0.00  0.97  6.28  6.85  7.15  7.52 20.86 21.97 22.00 22.07 22.30 22.84
  No.:     6     4     6     2     8     2     3     6     2     1     7     3
 
 
Interim report; processing .tmp file:
   21 unique conformations found so far
   21 minimized with good convergence
Found     2 confs within  1.00 kcal/mol ( 4.18 kJ/mol) of glob. min.
Found     6 confs within  2.00 kcal/mol ( 8.37 kJ/mol) of glob. min.
Found     7 confs within  5.00 kcal/mol (20.92 kJ/mol) of glob. min.
Found    21 confs within 10.00 kcal/mol (41.84 kJ/mol) of glob. min.
Global minimum E =    648.78 found     6 times.
   80 steps performed so far, out of   100
 E of low-energy structures above global min [kJ/mol],  and no. times found:
    E:  0.00  0.97  6.28  6.85  7.15  7.52 20.86 21.97 22.00 22.05 22.30 22.84
  No.:     6     4     6     2    10     2     5     6     2     2     7     4
 
 
Interim report; processing .tmp file:
   22 unique conformations found so far
   22 minimized with good convergence
Found     2 confs within  1.00 kcal/mol ( 4.18 kJ/mol) of glob. min.
Found     6 confs within  2.00 kcal/mol ( 8.37 kJ/mol) of glob. min.
Found     7 confs within  5.00 kcal/mol (20.92 kJ/mol) of glob. min.
Found    22 confs within 10.00 kcal/mol (41.84 kJ/mol) of glob. min.
Global minimum E =    648.78 found     6 times.
   90 steps performed so far, out of   100
 E of low-energy structures above global min [kJ/mol],  and no. times found:
    E:  0.00  0.97  6.28  6.85  7.15  7.51 20.86 21.97 22.00 22.05 22.30 22.84
  No.:     6     4     7     2    11     3     5     6     2     3     7     4
 
         100  structures minimised
          23  unique structures stored
          23  structures with good convergence
             Global Minimum   648.77991     kJ/mol
 
 
Final report; processing .tmp file:
   23 unique conformations found so far
   23 minimized with good convergence
Found     2 confs within  1.00 kcal/mol ( 4.18 kJ/mol) of glob. min.
Found     6 confs within  2.00 kcal/mol ( 8.37 kJ/mol) of glob. min.
Found     7 confs within  5.00 kcal/mol (20.92 kJ/mol) of glob. min.
Found    23 confs within 10.00 kcal/mol (41.84 kJ/mol) of glob. min.
Global minimum E =    648.78 found     8 times.
  100 steps performed so far, out of   100
 E of low-energy structures above global min [kJ/mol],  and no. times found:
    E:  0.00  0.97  6.28  6.85  7.15  7.51 20.86 21.97 22.00 22.05 22.30 22.83
  No.:     8     4     8     3    11     4     5     6     2     3     7     5
 
Input structure with title on the next line is given SerNo:        2
SGS phenyl
Auto summary for input structure      2:
 Total number of structures processed =         100
 Conformations with poor convergence marked with a *
 Conformation       1 (    648.7799     kJ/mol) was found     8 times
 Conformation       2 (    649.7459     kJ/mol) was found     4 times
 Conformation       3 (    655.0598     kJ/mol) was found     8 times
 Conformation       4 (    655.6285     kJ/mol) was found     3 times
 Conformation       5 (    655.9254     kJ/mol) was found    11 times
 Conformation       6 (    656.2920     kJ/mol) was found     4 times
 Conformation       7 (    669.6405     kJ/mol) was found     5 times
 Conformation       8 (    670.7541     kJ/mol) was found     6 times
 Conformation       9 (    670.7809     kJ/mol) was found     2 times
 Conformation      10 (    670.8321     kJ/mol) was found     3 times
 Conformation      11 (    671.0845     kJ/mol) was found     7 times
 Conformation      12 (    671.6121     kJ/mol) was found     5 times
 Conformation      13 (    672.1224     kJ/mol) was found     5 times
 Conformation      14 (    673.4388     kJ/mol) was found     2 times
 Conformation      15 (    673.4681     kJ/mol) was found     1 times
 Conformation      16 (    673.8036     kJ/mol) was found     3 times
 Conformation      17 (    674.4429     kJ/mol) was found     4 times
 Conformation      18 (    677.6271     kJ/mol) was found     1 times
 Conformation      19 (    678.0951     kJ/mol) was found     3 times
 Conformation      20 (    680.2984     kJ/mol) was found     8 times
 Conformation      21 (    681.6093     kJ/mol) was found     1 times
 Conformation      22 (    683.6412     kJ/mol) was found     5 times
 Conformation      23 (    685.5760     kJ/mol) was found     1 times
 *** Note only            1 (MAXMCM_SAVE) structures 
     written to the output structure file.  As requested.
           *** MC Statistics ***
 Percent of minimized structures within energetic window:   100.0000    
 Average number of duplicates:     4.347826    
 Duplication standard deviation:   2.690196    
        1220  structures generated
        1050  rejected by ring closure
          71  rejected by van der Waals
          77  duplicate minimised structures
 
BatchMin: normal termination                           16-Jan-2015 12:07:32
STARTUP COMMAND:
/cbio/jclab/share/schrodinger/schrodinger2014-4/macromodel-v106013/bin/Linux-x86_64/bmin
MMSHARE_EXEC:/cbio/jclab/share/schrodinger/schrodinger2014-4/mmshare-v28013/bin/Linux-x86_64

real	0.0m37.1600000001s
user	0.0m0.0s
sys	0.0m0.0s
RUNNING: python "/cbio/jclab/share/schrodinger/schrodinger2014-4/macromodel-v106013/bin/Linux-x86_64/bmin_startup.py" -NO_REDIRECT Subjob00001--Sample_2_mmffs_solv
