----- Output (stdout) -----
==============================================================================
  Prime version 3.8 (r013) Refine Structure: Minimization
==============================================================================
        
Using the following input parameters:
   JOB_TYPE	refine
   MINIM_NITER	5
   SELECT	all
   STRUCT_FILE	Subjob00001--MinimizeLigand-in.maegz

Number of CPU cores to use: 1

Using OPLS version 2005 for force-field parameters.

Pre-processing input
  Treating with residue ID check...
    Complete:  0 min  0 sec
  Treating with asl parsing...
    Complete:  0 min  0 sec
  Treating with naming consistency detection...
    Complete:  0 min  0 sec

 Random Number Seed Set to:    109376567
 
 Contents of the control file:
   
   file outdir "/scratch/albaness/covalent_4IJ8_SGSphenyl_michael/covalent_4IJ8_SGSphenyl_michael_workdir/"
   file datadir "/cbio/jclab/share/schrodinger/schrodinger2014-4/psp-v38013/data/pop/"
   file vddir "/cbio/jclab/share/schrodinger/schrodinger2014-4/psp-v38013/data/pop/"
   file tempdir "templates/"
   file protempdir "templates/"
   file usrtempdir "/scratch/albaness/covalent_4IJ8_SGSphenyl_michael/covalent_4IJ8_SGSphenyl_michael_workdir/"
   file gluefile "params.glue"
   file logfile stdout
   
   rand seed 0
   
   load simple Subjob00001--MinimizeLigand_0 Structure(36)  het yes ions yes wat yes mse2met no sym no   highest_occ no     opls_version 2005
   
   
   
   energy param solv vsgb2.0
   
   
   
   energy param nbcut2_nn  40.0
   energy param nbcut2_cn  40.0
   energy param nbcut2_cc  40.0
   
   energy param uselipo yes
   
   
   
   
   
   energy total
   minimize residues asl "atom.i_psp_select_atom 1"  verbose yes  iter 5
   
   energy total
   
   
   write mae SWIG_OUTPUT_STRUCTURE
   
--Checked out   8 PSP Plop Tokens--
 Random seed reset to :            0
 
 Parameters chosen for PDB loading:
   All protein chains will be loaded.
   Sequence read from ATOM lines.
   Ions from PDB file INCLUDED.
   PDB file assumed to be experimental data.
   Waters from PDB file INCLUDED.
   HETATMs from PDB file INCLUDED.
   Hydrogens from PDB file INCLUDED.
   NO symmetry will be used.
   Atoms not in PDB file will NOT be optimized.
   Atomtyping Parameters (when reading directly from mae)
      OPLS Version 2005                
      Planarity      1.000
      Using Force Field Charges
 
 STARTING TO WORK ON FILE Subjob00001--MinimizeLigand_0
 Crystal symmetry data not present
 Reading residue sequence from atoms in mae file
 
 Nonbonded initialization ...
 Time for loading nb parameters:   2.369999999973516E-002
 Build extended structure ...
 Generating crosslinks ...
 Initialize 1/4 list ...
 Initialize parent/child list ...
 Initialize covalent pointers ...
 Initialize resinfo list ...
 ATTN: hetero res type UNK 
  not recognized - rotamer conformations will not be sampled.
 Initialize special atoms ...
 Initialize rank list ...
 Initialize sparse atom list ...
 
 Times for various book-keeping steps:
     build   0.012s
     cross   0.000s
     child   0.000s
      iper   0.000s
       rev   0.001s
      info   0.000s
     resat   0.000s
      rank   0.000s
     covpt   0.000s
    sparse   0.000s
 
 Times for steps in loading structure:
           Load sequence    0.00s
    Initialize structure    0.11s
      Assign coordinates    0.00s
     Initialize symmetry    0.00s
 
 Preparing for first energy calculation ...
 
 Time for assigning nb parameters:    0.000s
 
 Number of protein chains       0
   Number of residues           0
       (charged)                0
        (polar)                 0
       (glycine)                0
     (hydrophobic)              0
 
 Number of RNA chains           0
   Number of nucleotides        0
 Number of DNA chains           0
   Number of nucleotides        0
 
 Number of waters               0
 Number of ions                 0
 Number of HET                  1
 
 Number of atoms               46
   [sparse atoms]               4
 
 Number of bonds               49
 Number of angles              85
 Number of torsions           141
 Number of 1/4s               112
 
 Partial charges and molecular weights:
  HET group      Z:UNK_999        -0.0000     364.4
  Entire system                   -0.0000     364.4
 
 Time for secondary structure initialization   0.000s
 
 Results of parameter assignment
    type    tot   time
    BOND     49   0.00
    ANGL     85   0.00
    TORS    141   0.00
 
 Here are the parameters that will be used:
                      Solvent model   SGB
               Variable Dielectric:   ENABLED
                               LYS:    3.85
                               GLU:    2.78
                               ASP:    2.44
                               HIP:    2.86
                               HIS:    1.00
                               ARG:    2.11
                      Penalty terms   EXCLUDED
                Internal dielectric    1.00
                 Solvent dielectric   80.00
                 Ionic strength (M)    0.00
                 Debye length (Ang)     Inf
     Short NB cut (neutral/neutral)   10.00
      Long NB cut (neutral/neutral)   40.00
      Short NB cut (charge/neutral)   10.00
       Long NB cut (charge/neutral)   40.00
       Short NB cut (charge/charge)   15.00
        Long NB cut (charge/charge)   40.00
             Short NB cut (reduced)    6.00
              Long NB cut (reduced)   36.00
          Rotamer Frequency Scoring   OFF
 
 NOW REPORTING THE ENERGY (KCAL/MOL): 
 COVALENT ENERGIES:
                BOND           ANGLE             TOR           TOTAL
     COV        2.149020        2.754907       13.544185       18.448113
     SGB       90.237146       98.449681      -76.953796      111.733031
   TOTAL       92.386166      101.204588      -63.409610      130.181144
    TIME        0.000s          0.000s          0.000s          0.000s   
 
 NONBONDED (INTRAMOLECULAR) ENERGIES:
                  14           SHORT            LONG           TOTAL
      LJ       23.997779       -8.183169        0.000000       15.814610
    LIPO        0.000000       -8.144852        0.000000       -8.144852
      EL       58.537117       -8.363535        0.000000       50.173582
     SGB      -76.953796        2.027793        0.000000      -74.926002
   TOTAL        5.581100      -22.663763        0.000000      -17.082664
    TIME        0.000s          0.000s          0.000s          0.000s   
 
 OTHER:
SGB SELF     -117.980858
NONPOLAR        0.000000
PROT COR        0.000000
   HBOND        0.000000
 PACKING        0.000000
SelfCont        0.000000
 
 SUM:
 SGB TOT       -4.220033
SOLV TOT       -4.220033
LIPO TOT       -8.144852
  TOTALE   72.07141814164    
 [NOTE: TOTAL ENERGY = COV_TOT + NB_TOT + OTHER - SGB_14|SGB_TOR]
 
 NOW REPORTING THE ENERGY (KCAL/MOL): 
 COVALENT ENERGIES:
                BOND           ANGLE             TOR           TOTAL
     COV        2.149020        2.754907       13.544185       18.448113
     SGB       90.237146       98.449681      -76.953796      111.733031
   TOTAL       92.386166      101.204588      -63.409610      130.181144
    TIME        0.000s          0.000s          0.000s          0.000s   
 
 NONBONDED (INTRAMOLECULAR) ENERGIES:
                  14           SHORT            LONG           TOTAL
      LJ       23.997779       -8.183169        0.000000       15.814610
    LIPO        0.000000       -8.144852        0.000000       -8.144852
      EL       58.537117       -8.363535        0.000000       50.173582
     SGB      -76.953796        2.027793        0.000000      -74.926002
   TOTAL        5.581100      -22.663763        0.000000      -17.082664
    TIME        0.000s          0.000s          0.000s          0.000s   
 
 OTHER:
SGB SELF     -117.980858
NONPOLAR        0.000000
PROT COR        0.000000
   HBOND        0.000000
 PACKING        0.000000
SelfCont        0.000000
 
 SUM:
 SGB TOT       -4.220033
SOLV TOT       -4.220033
LIPO TOT       -8.144852
  TOTALE   72.07141814164    
 [NOTE: TOTAL ENERGY = COV_TOT + NB_TOT + OTHER - SGB_14|SGB_TOR]
 
 Preparing for first energy calculation ...
 
 
 NOW REPORTING THE ENERGY (KCAL/MOL): 
 COVALENT ENERGIES:
                BOND           ANGLE             TOR           TOTAL
     COV        2.149020        2.754907       13.544185       18.448113
     SGB       90.237146       98.449681      -76.953796      111.733031
   TOTAL       92.386166      101.204588      -63.409610      130.181144
    TIME        0.000s          0.000s          0.000s          0.000s   
 
 NONBONDED (INTRAMOLECULAR) ENERGIES:
                  14           SHORT            LONG           TOTAL
      LJ       23.997779       -8.183169        0.000000       15.814610
    LIPO        0.000000       -8.144852        0.000000       -8.144852
      EL       58.537117       -8.363535        0.000000       50.173582
     SGB      -76.953796        2.027793        0.000000      -74.926002
   TOTAL        5.581100      -22.663763        0.000000      -17.082664
    TIME        0.000s          0.000s          0.000s          0.000s   
 
 OTHER:
SGB SELF     -117.980858
NONPOLAR        0.000000
PROT COR        0.000000
   HBOND        0.000000
 PACKING        0.000000
SelfCont        0.000000
 
 SUM:
 SGB TOT       -4.220033
SOLV TOT       -4.220033
LIPO TOT       -8.144852
  TOTALE   72.07141814164    
 [NOTE: TOTAL ENERGY = COV_TOT + NB_TOT + OTHER - SGB_14|SGB_TOR]
 
 Options chosen for the minimization:
   Desired final RMS gradient:  1.000000000000000E-002
   Maximum number of iterations to achieve self-consistency:            5
   Energy cutoff for determining self-consistency 0.100kcals/mol
   Maximum number of TN iterations:           65
   Iterations between NBlist/LR updates:            2
   LR forces will be updated less frequently than SR.
   NB list will be updated during minim.
   SGB will be updated during minim.
   Option for SGB update:            1
   Born alpha will NOT be updated during minim
   NB Clashes will be used in the preconditioning
 
 STARTING TO WORK ON MINIMIZATION: 
 Dynamic memory allocation:     0.00s
 number of degrees of freedom:              138
 number of sparse matrix elements:         2490
 memory allocated for hessian ME:         23000
 
  itn.     f            |g|      #cg    mode    |r|       lambda     nfg  time   rmsd
    0      72.07142     0.67356
    1      71.93951     0.17257     1     0     1.94767    1.00000    2   0.77s  0.008
    2      71.82485     0.36164    15     3     2.22087    0.03709    6   0.79s  0.044
    3      71.78144     1.32660     7     0     0.21884    1.00000    7   0.80s  0.126
    4      71.56008     0.03707     1     0     0.43206    1.00000    8   0.80s  0.127
    5      71.53090     0.17576    15     0     0.01933    0.18377   10   0.81s  0.145
    6      71.51424     0.19708    15     3     0.88085    0.18040   12   0.82s  0.165
    7      71.48676     0.30536    10     0     0.07352    1.00000   13   0.83s  0.196
    8      71.47060     0.25112    15     3     0.32213    0.29045   15   0.84s  0.223
    9      71.43948     0.20050    15     3     0.17205    1.00000   16   0.85s  0.271
   10      71.42698     0.65644    15     3     0.37634    1.00000   17   0.86s  0.341
   11      71.36157     0.74310    15     3     0.26157    1.00000   18   0.87s  0.451
   12      71.33867     1.16353    15     3     1.37245    0.12213   20   0.88s  0.501
   13      71.03031     0.14352    10     3     0.34437    1.00000   21   0.89s  0.546
   14      70.90983     0.65343    15     3     3.29275    0.15567   23   0.90s  0.616
   15      70.75621     0.71010    15     0     0.11318    1.00000   24   0.91s  0.730
   16      70.67848     1.05500    15     3     0.21055    1.00000   25   0.92s  0.798
   17      70.51914     0.69258    10     3     1.39534    0.46651   27   0.93s  0.872
   18      70.35840     0.24208    15     0     0.08845    1.00000   28   0.94s  0.935
   19      70.28789     0.38158    15     3     0.78486    0.23798   30   0.95s  0.978
   20      70.23455     1.02032    15     3     0.32089    1.00000   31   0.96s  1.115
   21      70.05270     0.08057     8     0     0.13526    1.00000   32   0.97s  1.134
final      70.0527043   0.08057   257     0     0.13526    1.00000   32   0.97s
 
   Total time elapsed    0.970s
   Preliminaries         0.715s
   PCG Hd products       0.119s
   Long Range Forces     0.007s
   Preconditioning       0.110s
   Line searches         0.014s
 
 MINIMIZATION COMPLETED 
 
 NOW REPORTING THE ENERGY (KCAL/MOL): 
 COVALENT ENERGIES:
                BOND           ANGLE             TOR           TOTAL
     COV        2.693168        3.156981       12.146073       17.996222
     SGB       90.763810       96.735435      -75.953568      111.545676
   TOTAL       93.456978       99.892415      -63.807495      129.541899
    TIME        0.000s          0.000s          0.000s          0.000s   
 
 NONBONDED (INTRAMOLECULAR) ENERGIES:
                  14           SHORT            LONG           TOTAL
      LJ       23.790356       -7.625770        0.000000       16.164585
    LIPO        0.000000      -10.157703        0.000000      -10.157703
      EL       57.808407       -7.526204        0.000000       50.282203
     SGB      -75.953568        1.921696        0.000000      -74.031872
   TOTAL        5.645195      -23.387981        0.000000      -17.742786
    TIME        0.000s          0.000s          0.000s          0.000s   
 
 OTHER:
SGB SELF     -117.809501
NONPOLAR        0.000000
PROT COR        0.000000
   HBOND        0.000000
 PACKING        0.000000
SelfCont        0.000000
 
 SUM:
 SGB TOT       -4.342129
SOLV TOT       -4.342129
LIPO TOT      -10.157703
  TOTALE   69.94317894778    
 [NOTE: TOTAL ENERGY = COV_TOT + NB_TOT + OTHER - SGB_14|SGB_TOR]
 Completed Iteration            1  of            5
Minimization not yet converged, dE (   2.019kcals/mol)  >   0.100
 
 STARTING TO WORK ON MINIMIZATION: 
 Dynamic memory allocation:     0.00s
 number of degrees of freedom:              138
 number of sparse matrix elements:         2490
 memory allocated for hessian ME:         23000
 
  itn.     f            |g|      #cg    mode    |r|       lambda     nfg  time   rmsd
    0      69.94318     0.09104
    1      69.93549     0.46157     7     0     0.25151    1.00000    2   0.01s  0.047
    2      69.90436     0.01492     1     0     0.17504    1.00000    3   0.01s  0.047
    3      69.90323     0.00432    12     0     0.01456    1.00000    4   0.02s  0.051
final      69.9032274   0.00432    20     0     0.01456    1.00000    4   0.02s
 
   Total time elapsed    0.018s
   Preliminaries         0.002s
   PCG Hd products       0.010s
   Long Range Forces     0.000s
   Preconditioning       0.005s
   Line searches         0.001s
 
 MINIMIZATION COMPLETED 
 
 NOW REPORTING THE ENERGY (KCAL/MOL): 
 COVALENT ENERGIES:
                BOND           ANGLE             TOR           TOTAL
     COV        2.686673        3.246014       12.013483       17.946170
     SGB       90.862154       96.646850      -75.934157      111.574848
   TOTAL       93.548827       99.892865      -63.920674      129.521018
    TIME        0.000s          0.000s          0.000s          0.000s   
 
 NONBONDED (INTRAMOLECULAR) ENERGIES:
                  14           SHORT            LONG           TOTAL
      LJ       23.812513       -7.600610        0.000000       16.211903
    LIPO        0.000000      -10.261794        0.000000      -10.261794
      EL       57.781639       -7.387257        0.000000       50.394382
     SGB      -75.934157        1.886930        0.000000      -74.047227
   TOTAL        5.659995      -23.362731        0.000000      -17.702736
    TIME        0.000s          0.000s          0.000s          0.000s   
 
 OTHER:
SGB SELF     -117.875876
NONPOLAR        0.000000
PROT COR        0.000000
   HBOND        0.000000
 PACKING        0.000000
SelfCont        0.000000
 
 SUM:
 SGB TOT       -4.414098
SOLV TOT       -4.414098
LIPO TOT      -10.261794
  TOTALE   69.87656276062    
 [NOTE: TOTAL ENERGY = COV_TOT + NB_TOT + OTHER - SGB_14|SGB_TOR]
 Completed Iteration            2  of            5
Minimization converged, dE (   0.040kcals/mol)  <   0.100
 
 Preparing for first energy calculation ...
 
 
 NOW REPORTING THE ENERGY (KCAL/MOL): 
 COVALENT ENERGIES:
                BOND           ANGLE             TOR           TOTAL
     COV        2.686673        3.246014       12.013483       17.946170
     SGB       90.862154       96.646850      -75.934157      111.574848
   TOTAL       93.548827       99.892865      -63.920674      129.521018
    TIME        0.000s          0.000s          0.000s          0.000s   
 
 NONBONDED (INTRAMOLECULAR) ENERGIES:
                  14           SHORT            LONG           TOTAL
      LJ       23.812513       -7.600610        0.000000       16.211903
    LIPO        0.000000      -10.261794        0.000000      -10.261794
      EL       57.781639       -7.387257        0.000000       50.394382
     SGB      -75.934157        1.886930        0.000000      -74.047227
   TOTAL        5.659995      -23.362731        0.000000      -17.702736
    TIME        0.000s          0.000s          0.000s          0.000s   
 
 OTHER:
SGB SELF     -117.875876
NONPOLAR        0.000000
PROT COR        0.000000
   HBOND        0.000000
 PACKING        0.000000
SelfCont        0.000000
 
 SUM:
 SGB TOT       -4.414098
SOLV TOT       -4.414098
LIPO TOT      -10.261794
  TOTALE   69.87656276062    
 [NOTE: TOTAL ENERGY = COV_TOT + NB_TOT + OTHER - SGB_14|SGB_TOR]
 
 NOW REPORTING THE ENERGY (KCAL/MOL): 
 COVALENT ENERGIES:
                BOND           ANGLE             TOR           TOTAL
     COV        2.686673        3.246014       12.013483       17.946170
     SGB       90.862154       96.646850      -75.934157      111.574848
   TOTAL       93.548827       99.892865      -63.920674      129.521018
    TIME        0.000s          0.000s          0.000s          0.000s   
 
 NONBONDED (INTRAMOLECULAR) ENERGIES:
                  14           SHORT            LONG           TOTAL
      LJ       23.812513       -7.600610        0.000000       16.211903
    LIPO        0.000000      -10.261794        0.000000      -10.261794
      EL       57.781639       -7.387257        0.000000       50.394382
     SGB      -75.934157        1.886930        0.000000      -74.047227
   TOTAL        5.659995      -23.362731        0.000000      -17.702736
    TIME        0.000s          0.000s          0.000s          0.000s   
 
 OTHER:
SGB SELF     -117.875876
NONPOLAR        0.000000
PROT COR        0.000000
   HBOND        0.000000
 PACKING        0.000000
SelfCont        0.000000
 
 SUM:
 SGB TOT       -4.414098
SOLV TOT       -4.414098
LIPO TOT      -10.261794
  TOTALE   69.87656276062    
 [NOTE: TOTAL ENERGY = COV_TOT + NB_TOT + OTHER - SGB_14|SGB_TOR]
 TOTAL TIME ELAPSED: Subjob00001--MinimizeLigand_0           2.510s
 RETURNED LICENSE
Post-processing output...
  Processing output structure #1
Post-processing complete.

==============================================================================
  Prime version 3.8 (r013) Refine Structure: Minimization
==============================================================================
        
Using the following input parameters:
   JOB_TYPE	refine
   MINIM_NITER	5
   SELECT	all
   STRUCT_FILE	Subjob00001--MinimizeLigand-in.maegz
   USE_SMALL_EXE	yes

Number of CPU cores to use: 1

Using OPLS version 2005 for force-field parameters.

Pre-processing input
  Treating with residue ID check...
    Complete:  0 min  0 sec
  Treating with asl parsing...
    Complete:  0 min  0 sec
  Treating with naming consistency detection...
    Complete:  0 min  0 sec

 Random Number Seed Set to:    109407375
 
 Contents of the control file:
   
   file outdir "/scratch/albaness/covalent_4IJ8_SGSphenyl_michael/covalent_4IJ8_SGSphenyl_michael_workdir/"
   file datadir "/cbio/jclab/share/schrodinger/schrodinger2014-4/psp-v38013/data/pop/"
   file vddir "/cbio/jclab/share/schrodinger/schrodinger2014-4/psp-v38013/data/pop/"
   file tempdir "templates/"
   file protempdir "templates/"
   file usrtempdir "/scratch/albaness/covalent_4IJ8_SGSphenyl_michael/covalent_4IJ8_SGSphenyl_michael_workdir/"
   file gluefile "params.glue"
   file logfile stdout
   
   rand seed 0
   
   load simple Subjob00001--MinimizeLigand_1 Structure(1588)  het yes ions yes wat yes mse2met no sym no   highest_occ no     opls_version 2005
   
   
   
   energy param solv vsgb2.0
   
   
   
   energy param nbcut2_nn  40.0
   energy param nbcut2_cn  40.0
   energy param nbcut2_cc  40.0
   
   energy param uselipo yes
   
   
   
   
   
   energy total
   minimize residues asl "atom.i_psp_select_atom 1"  verbose yes  iter 5
   
   energy total
   
   
   write mae SWIG_OUTPUT_STRUCTURE
   
--Checked out   8 PSP Plop Tokens--
 Random seed reset to :            0
 
 Parameters chosen for PDB loading:
   All protein chains will be loaded.
   Sequence read from ATOM lines.
   Ions from PDB file INCLUDED.
   PDB file assumed to be experimental data.
   Waters from PDB file INCLUDED.
   HETATMs from PDB file INCLUDED.
   Hydrogens from PDB file INCLUDED.
   NO symmetry will be used.
   Atoms not in PDB file will NOT be optimized.
   Atomtyping Parameters (when reading directly from mae)
      OPLS Version 2005                
      Planarity      1.000
      Using Force Field Charges
 
 STARTING TO WORK ON FILE Subjob00001--MinimizeLigand_1
 Crystal symmetry data not present
 Reading residue sequence from atoms in mae file
 
 Nonbonded initialization ...
 Time for loading nb parameters:   5.100000000311411E-003
 Build extended structure ...
 Generating crosslinks ...
 Initialize 1/4 list ...
 Initialize parent/child list ...
 Initialize covalent pointers ...
 Initialize resinfo list ...
 ATTN: hetero res type UNK 
  not recognized - rotamer conformations will not be sampled.
 Initialize special atoms ...
 Initialize rank list ...
 Initialize sparse atom list ...
 
 Times for various book-keeping steps:
     build   0.003s
     cross   0.000s
     child   0.000s
      iper   0.000s
       rev   0.000s
      info   0.000s
     resat   0.000s
      rank   0.000s
     covpt   0.000s
    sparse   0.000s
 
 Times for steps in loading structure:
           Load sequence    0.00s
    Initialize structure    0.06s
      Assign coordinates    0.00s
     Initialize symmetry    0.00s
 
 Preparing for first energy calculation ...
 
 Time for assigning nb parameters:    0.000s
 
 Number of protein chains       0
   Number of residues           0
       (charged)                0
        (polar)                 0
       (glycine)                0
     (hydrophobic)              0
 
 Number of RNA chains           0
   Number of nucleotides        0
 Number of DNA chains           0
   Number of nucleotides        0
 
 Number of waters               0
 Number of ions                 0
 Number of HET                  1
 
 Number of atoms               47
   [sparse atoms]               4
 
 Number of bonds               50
 Number of angles              88
 Number of torsions           150
 Number of 1/4s               121
 
 Partial charges and molecular weights:
  HET group      Z:UNK_999         1.0000     365.5
  Entire system                    1.0000     365.5
 
 Time for secondary structure initialization   0.000s
 
 Results of parameter assignment
    type    tot   time
    BOND     50   0.00
    ANGL     88   0.00
    TORS    150   0.00
 
 Here are the parameters that will be used:
                      Solvent model   SGB
               Variable Dielectric:   ENABLED
                               LYS:    3.85
                               GLU:    2.78
                               ASP:    2.44
                               HIP:    2.86
                               HIS:    1.00
                               ARG:    2.11
                      Penalty terms   EXCLUDED
                Internal dielectric    1.00
                 Solvent dielectric   80.00
                 Ionic strength (M)    0.00
                 Debye length (Ang)     Inf
     Short NB cut (neutral/neutral)   10.00
      Long NB cut (neutral/neutral)   40.00
      Short NB cut (charge/neutral)   10.00
       Long NB cut (charge/neutral)   40.00
       Short NB cut (charge/charge)   15.00
        Long NB cut (charge/charge)   40.00
             Short NB cut (reduced)    6.00
              Long NB cut (reduced)   36.00
          Rotamer Frequency Scoring   OFF
 
 NOW REPORTING THE ENERGY (KCAL/MOL): 
 COVALENT ENERGIES:
                BOND           ANGLE             TOR           TOTAL
     COV        2.069647        2.684162       12.054306       16.808115
     SGB       81.067721       56.927714      -70.801879       67.193556
   TOTAL       83.137368       59.611875      -58.747573       84.001671
    TIME        0.000s          0.000s          0.000s          0.000s   
 
 NONBONDED (INTRAMOLECULAR) ENERGIES:
                  14           SHORT            LONG           TOTAL
      LJ       22.957697       -8.944658        0.000000       14.013040
    LIPO        0.000000       -9.581504        0.000000       -9.581504
      EL       53.312287      -18.387859        0.000000       34.924429
     SGB      -70.801879       11.426985        0.000000      -59.374894
   TOTAL        5.468105      -25.487034        0.000000      -20.018929
    TIME        0.000s          0.000s          0.000s          0.000s   
 
 OTHER:
SGB SELF      -95.153465
NONPOLAR        0.000000
PROT COR        0.000000
   HBOND        0.000000
 PACKING        0.000000
SelfCont        0.000000
 
 SUM:
 SGB TOT      -16.532924
SOLV TOT      -16.532924
LIPO TOT       -9.581504
  TOTALE   39.63115676917    
 [NOTE: TOTAL ENERGY = COV_TOT + NB_TOT + OTHER - SGB_14|SGB_TOR]
 
 NOW REPORTING THE ENERGY (KCAL/MOL): 
 COVALENT ENERGIES:
                BOND           ANGLE             TOR           TOTAL
     COV        2.069647        2.684162       12.054306       16.808115
     SGB       81.067721       56.927714      -70.801879       67.193556
   TOTAL       83.137368       59.611875      -58.747573       84.001671
    TIME        0.000s          0.000s          0.000s          0.000s   
 
 NONBONDED (INTRAMOLECULAR) ENERGIES:
                  14           SHORT            LONG           TOTAL
      LJ       22.957697       -8.944658        0.000000       14.013040
    LIPO        0.000000       -9.581504        0.000000       -9.581504
      EL       53.312287      -18.387859        0.000000       34.924429
     SGB      -70.801879       11.426985        0.000000      -59.374894
   TOTAL        5.468105      -25.487034        0.000000      -20.018929
    TIME        0.000s          0.000s          0.000s          0.000s   
 
 OTHER:
SGB SELF      -95.153465
NONPOLAR        0.000000
PROT COR        0.000000
   HBOND        0.000000
 PACKING        0.000000
SelfCont        0.000000
 
 SUM:
 SGB TOT      -16.532924
SOLV TOT      -16.532924
LIPO TOT       -9.581504
  TOTALE   39.63115676917    
 [NOTE: TOTAL ENERGY = COV_TOT + NB_TOT + OTHER - SGB_14|SGB_TOR]
 
 Preparing for first energy calculation ...
 
 
 NOW REPORTING THE ENERGY (KCAL/MOL): 
 COVALENT ENERGIES:
                BOND           ANGLE             TOR           TOTAL
     COV        2.069647        2.684162       12.054306       16.808115
     SGB       81.067721       56.927714      -70.801879       67.193556
   TOTAL       83.137368       59.611875      -58.747573       84.001671
    TIME        0.000s          0.000s          0.000s          0.000s   
 
 NONBONDED (INTRAMOLECULAR) ENERGIES:
                  14           SHORT            LONG           TOTAL
      LJ       22.957697       -8.944658        0.000000       14.013040
    LIPO        0.000000       -9.581504        0.000000       -9.581504
      EL       53.312287      -18.387859        0.000000       34.924429
     SGB      -70.801879       11.426985        0.000000      -59.374894
   TOTAL        5.468105      -25.487034        0.000000      -20.018929
    TIME        0.000s          0.000s          0.000s          0.000s   
 
 OTHER:
SGB SELF      -95.153465
NONPOLAR        0.000000
PROT COR        0.000000
   HBOND        0.000000
 PACKING        0.000000
SelfCont        0.000000
 
 SUM:
 SGB TOT      -16.532924
SOLV TOT      -16.532924
LIPO TOT       -9.581504
  TOTALE   39.63115676917    
 [NOTE: TOTAL ENERGY = COV_TOT + NB_TOT + OTHER - SGB_14|SGB_TOR]
 
 Options chosen for the minimization:
   Desired final RMS gradient:  1.000000000000000E-002
   Maximum number of iterations to achieve self-consistency:            5
   Energy cutoff for determining self-consistency 0.100kcals/mol
   Maximum number of TN iterations:           65
   Iterations between NBlist/LR updates:            2
   LR forces will be updated less frequently than SR.
   NB list will be updated during minim.
   SGB will be updated during minim.
   Option for SGB update:            1
   Born alpha will NOT be updated during minim
   NB Clashes will be used in the preconditioning
 
 STARTING TO WORK ON MINIMIZATION: 
 Dynamic memory allocation:     0.00s
 number of degrees of freedom:              141
 number of sparse matrix elements:         2613
 memory allocated for hessian ME:         23500
 
  itn.     f            |g|      #cg    mode    |r|       lambda     nfg  time   rmsd
    0      39.63116     0.60086
    1      39.47149     0.15156     2     0     1.65545    1.00000    2   0.00s  0.030
    2      39.42465     0.56114     9     0     0.10154    1.00000    3   0.01s  0.089
    3      39.36509     0.03876     1     0     0.47168    1.00000    4   0.02s  0.088
    4      39.35450     0.06444    14     0     0.01595    1.00000    5   0.03s  0.094
    5      39.35396     0.00228     1     0     0.02704    1.00000    6   0.03s  0.094
final      39.3539634   0.00228    27     0     0.02704    1.00000    6   0.03s
 
   Total time elapsed    0.029s
   Preliminaries         0.002s
   PCG Hd products       0.012s
   Long Range Forces     0.001s
   Preconditioning       0.010s
   Line searches         0.002s
 
 MINIMIZATION COMPLETED 
 
 NOW REPORTING THE ENERGY (KCAL/MOL): 
 COVALENT ENERGIES:
                BOND           ANGLE             TOR           TOTAL
     COV        2.166125        2.642408       12.018681       16.827215
     SGB       81.033757       56.775474      -70.745625       67.063606
   TOTAL       83.199882       59.417882      -58.726944       83.890820
    TIME        0.000s          0.000s          0.000s          0.000s   
 
 NONBONDED (INTRAMOLECULAR) ENERGIES:
                  14           SHORT            LONG           TOTAL
      LJ       23.049671       -8.791960        0.000000       14.257711
    LIPO        0.000000       -9.888473        0.000000       -9.888473
      EL       53.261627      -18.543358        0.000000       34.718269
     SGB      -70.745625       11.472229        0.000000      -59.273396
   TOTAL        5.565673      -25.751561        0.000000      -20.185888
    TIME        0.000s          0.000s          0.000s          0.000s   
 
 OTHER:
SGB SELF      -95.047388
NONPOLAR        0.000000
PROT COR        0.000000
   HBOND        0.000000
 PACKING        0.000000
SelfCont        0.000000
 
 SUM:
 SGB TOT      -16.511553
SOLV TOT      -16.511553
LIPO TOT       -9.888473
  TOTALE   39.40316861851    
 [NOTE: TOTAL ENERGY = COV_TOT + NB_TOT + OTHER - SGB_14|SGB_TOR]
 Completed Iteration            1  of            5
Minimization not yet converged, dE (   0.277kcals/mol)  >   0.100
 
 STARTING TO WORK ON MINIMIZATION: 
 Dynamic memory allocation:     0.00s
 number of degrees of freedom:              141
 number of sparse matrix elements:         2613
 memory allocated for hessian ME:         23500
 
  itn.     f            |g|      #cg    mode    |r|       lambda     nfg  time   rmsd
    0      39.40317     0.00627
    1      39.40301     0.00137    13     0     0.00536    1.00000    2   0.01s  0.003
final      39.4030112   0.00137    13     0     0.00536    1.00000    2   0.01s
 
   Total time elapsed    0.009s
   Preliminaries         0.002s
   PCG Hd products       0.006s
   Long Range Forces     0.000s
   Preconditioning       0.001s
   Line searches         0.000s
 
 MINIMIZATION COMPLETED 
 
 NOW REPORTING THE ENERGY (KCAL/MOL): 
 COVALENT ENERGIES:
                BOND           ANGLE             TOR           TOTAL
     COV        2.165183        2.639447       12.023995       16.828625
     SGB       80.942242       56.744281      -70.704369       66.982154
   TOTAL       83.107424       59.383728      -58.680374       83.810779
    TIME        0.000s          0.000s          0.000s          0.000s   
 
 NONBONDED (INTRAMOLECULAR) ENERGIES:
                  14           SHORT            LONG           TOTAL
      LJ       23.045857       -8.798020        0.000000       14.247838
    LIPO        0.000000       -9.881402        0.000000       -9.881402
      EL       53.262514      -18.544878        0.000000       34.717635
     SGB      -70.704369       11.460707        0.000000      -59.243662
   TOTAL        5.604002      -25.763593        0.000000      -20.159590
    TIME        0.000s          0.000s          0.000s          0.000s   
 
 OTHER:
SGB SELF      -94.953748
NONPOLAR        0.000000
PROT COR        0.000000
   HBOND        0.000000
 PACKING        0.000000
SelfCont        0.000000
 
 SUM:
 SGB TOT      -16.510887
SOLV TOT      -16.510887
LIPO TOT       -9.881402
  TOTALE   39.40180928907    
 [NOTE: TOTAL ENERGY = COV_TOT + NB_TOT + OTHER - SGB_14|SGB_TOR]
 Completed Iteration            2  of            5
Minimization converged, dE (   0.000kcals/mol)  <   0.100
 
 Preparing for first energy calculation ...
 
 
 NOW REPORTING THE ENERGY (KCAL/MOL): 
 COVALENT ENERGIES:
                BOND           ANGLE             TOR           TOTAL
     COV        2.165183        2.639447       12.023995       16.828625
     SGB       80.942242       56.744281      -70.704369       66.982154
   TOTAL       83.107424       59.383728      -58.680374       83.810779
    TIME        0.000s          0.000s          0.000s          0.000s   
 
 NONBONDED (INTRAMOLECULAR) ENERGIES:
                  14           SHORT            LONG           TOTAL
      LJ       23.045857       -8.798020        0.000000       14.247838
    LIPO        0.000000       -9.881402        0.000000       -9.881402
      EL       53.262514      -18.544878        0.000000       34.717635
     SGB      -70.704369       11.460707        0.000000      -59.243662
   TOTAL        5.604002      -25.763593        0.000000      -20.159590
    TIME        0.000s          0.000s          0.000s          0.000s   
 
 OTHER:
SGB SELF      -94.953748
NONPOLAR        0.000000
PROT COR        0.000000
   HBOND        0.000000
 PACKING        0.000000
SelfCont        0.000000
 
 SUM:
 SGB TOT      -16.510887
SOLV TOT      -16.510887
LIPO TOT       -9.881402
  TOTALE   39.40180928907    
 [NOTE: TOTAL ENERGY = COV_TOT + NB_TOT + OTHER - SGB_14|SGB_TOR]
 
 NOW REPORTING THE ENERGY (KCAL/MOL): 
 COVALENT ENERGIES:
                BOND           ANGLE             TOR           TOTAL
     COV        2.165183        2.639447       12.023995       16.828625
     SGB       80.942242       56.744281      -70.704369       66.982154
   TOTAL       83.107424       59.383728      -58.680374       83.810779
    TIME        0.000s          0.000s          0.000s          0.000s   
 
 NONBONDED (INTRAMOLECULAR) ENERGIES:
                  14           SHORT            LONG           TOTAL
      LJ       23.045857       -8.798020        0.000000       14.247838
    LIPO        0.000000       -9.881402        0.000000       -9.881402
      EL       53.262514      -18.544878        0.000000       34.717635
     SGB      -70.704369       11.460707        0.000000      -59.243662
   TOTAL        5.604002      -25.763593        0.000000      -20.159590
    TIME        0.000s          0.000s          0.000s          0.000s   
 
 OTHER:
SGB SELF      -94.953748
NONPOLAR        0.000000
PROT COR        0.000000
   HBOND        0.000000
 PACKING        0.000000
SelfCont        0.000000
 
 SUM:
 SGB TOT      -16.510887
SOLV TOT      -16.510887
LIPO TOT       -9.881402
  TOTALE   39.40180928907    
 [NOTE: TOTAL ENERGY = COV_TOT + NB_TOT + OTHER - SGB_14|SGB_TOR]
 TOTAL TIME ELAPSED: Subjob00001--MinimizeLigand_1           0.611s
 RETURNED LICENSE
Post-processing output...
  Processing output structure #1
Post-processing complete.


