 Entering IMPACT execution environment 
 Date: Friday, January 16 2015, at 12:17:33 EST
 ---------------------------------------------------------------------------
 Glide version 65013
 mmshare version        28013
 Copyright (c) Schrodinger, LLC.
 All Rights Reserved.

 For hardware platform Linux-x86_64.openmpi
 Compiled on: Fri Nov 7 18:58:43 EST 2014
 Host: Linux gpu-1-8.local 2.6.32-358.18.1.el6.x86_64 #1 SMP Wed Aug 28 17:19:38 UTC 2013 x86_64
 Job Name: Subjob00001--DockLigand1.glidetmp2303
 SCHRODINGER  directory: /cbio/jclab/share/schrodinger/schrodinger2014-4
 IMPACT_EXEC  directory: /cbio/jclab/share/schrodinger/schrodinger2014-4/impact-v65013/bin/Linux-x86_64
 MMSHARE_EXEC directory: /cbio/jclab/share/schrodinger/schrodinger2014-4/mmshare-v28013/bin/Linux-x86_64

 This software contains material that is a copyrighted
 work of, and that is licensed from, Rutgers,
 the State University of New Jersey.

 This software is provided under license and may be 
 used, copied, transmitted, and stored only in accordance
 with the terms and conditions of that license.
 ---------------------------------------------------------------------------

 Job title:        "Subjob00001--DockLigand1"
 Main output file: Subjob00001--DockLigand1.out

                             - Input command file -
 ---------------------------------------------------------------------------
write file -
"Subjob00001--DockLigand1.out" -
      title -
"Subjob00001--DockLigand1" *

PUT 0 INTO 'buildcheck'
PUT 1 INTO 'startlig'
PUT 0 INTO 'endlig'
PUT -1 INTO 'strucseq'

SET FFIELD OPLS_2005

DOCK
  smooth anneal 2
  ligand multiple maxat 300 maxrot 50 -
   ligvdwscale factor 0.800000 ccut 0.150000
  receptor rdiel readzip -
"Subjob00001--CreateGrid-out" -
  constraints  loosedock 2 featurefile -
"Subjob00001--DockLigand1.feat" -
   consname -
"Subjob00001--CreateGrid-out.cons"
  screen  readscreen -
"Subjob00001--CreateGrid-out.save" -
   greedy readgreed -
"Subjob00001--CreateGrid-out_greedy.save" -
   maxkeep 5000 scorecut 100.000000
  parameter setup save   maxconf 1000
  final glidescore
  report setup nreport 0   -
   external file -
"Subjob00001--DockLigand1_raw.maegz" -
   norecep -
   maxperlig 10 rmspose 0.500000 delpose 1.300000 epik
  run
QUIT

PUT 'startlig' INTO 'strucseq'
CREATE
  build primary name lig type auto maxat 300 -
   read maestro file -
"Subjob00001--DockLigand1-in.maegz" -
   gotostruct 'startlig' skip_recep
IF 'buildcheck' LT 0
QUIT
  IF 'buildcheck' EQ -1
    ECHO "END OF LIGAND FILE: Subjob00001--DockLigand1-in.maegz"
  ENDIF
  IF 'buildcheck' EQ -2
     ECHO "ERROR READING LIGAND FILE: Subjob00001--DockLigand1-in.maegz"
  ENDIF
    ECHO "No ligands read; aborting."
    GOTO ABORT
ELSE
  build types name lig
QUIT
ENDIF

PUT 'startlig' INTO 'i'
WHILE ('endlig' LT 1 OR 'i' LE 'endlig')

DOCK
  ligand name lig
  screen
  parameter save
  confgen  torsion amide penal name lig -
   ecut 12.000000
  run
QUIT

DOCK
  smooth anneal 2
  ligand keep
  screen noscore refine maxref 400
  parameter save
  minimize flex itmax 100 dielco 2.000000 -
   postdock 10 ligmin pmitmax 500
  scoring ecvdw 0.000000 hbfilt 0.000000 metalfilt 10.000000 gscorecut 100.000000
  report collect -
   rmspose 0.500000 delpose 1.300000
  run
QUIT
IF ('i' EQ 'endlig')
  ECHO "FINISHED REQUESTED RANGE IN LIGAND FILE: Subjob00001--DockLigand1-in.maegz"
ECHO "Proceeding with final processing of ligands."
  GOTO BREAK
ENDIF

PUT 'i' + 1 INTO 'strucseq'
CREATE
  build primary check name lig type auto maxat 300 -
   read maestro file -
"Subjob00001--DockLigand1-in.maegz" -
   nextstruct

IF 'buildcheck' LT 0
QUIT
  IF 'buildcheck' EQ -1
    ECHO "END OF LIGAND FILE: Subjob00001--DockLigand1-in.maegz"
  ENDIF
  IF 'buildcheck' EQ -2
     ECHO "ERROR READING LIGAND FILE: Subjob00001--DockLigand1-in.maegz"
  ENDIF
ECHO "Proceeding with final processing of ligands."
  GOTO BREAK
ELSE
  build types name lig
QUIT
ENDIF

PUT 'i' + 1 INTO 'i'
ENDWHILE
:BREAK

DOCK
  parameter clean final
  report -
   rmspose 0.500000 delpose 1.300000  write filename -
"Subjob00001--DockLigand1"
  run
QUIT
:ABORT

END
 ---------------------------------------------------------------------------

                             - End of input file -


 ---------------------------------
 Beginning IMPACT task: DOCK
 Beginning DOCK subtask SMOO                                                    
 Beginning DOCK subtask LIGA                                                    
 VdW radii of ligand atoms scaled by   0.800000000000000     
 Charge cutoff for polarity   0.150000000000000     
 Beginning DOCK subtask RECE                                                    
 Beginning DOCK subtask SCRE                                                    
 Beginning DOCK subtask PARA                                                    
 Beginning DOCK subtask FINA                                                    
 Beginning DOCK subtask REPO                                                    
 Beginning DOCK subtask RUN                                                     

GLIDE CONSTRAINTS APPLIED
-------------------------
  1 out of   1 constraints used from file "grid.2322/Subjob00001--CreateGrid-out.cons"
Labels and receptor types of constraints used are:
pos1 (Positional)

All docked poses must satisfy the specified number of
constraints in ALL of the following  1 groups.
Group   1: At least  1 of (pos1)


Rough-score grid dimensions = (   25,    25,    25).
 Set up rough-score grid with dimensions(   25,    25,    25), spacing=    1.0
  125 acceptable sites for ligand center.
 Finished setting up rough-score screening.
 Getting receptor data ...
%IMPACT-I (xdrrd): File grid.2322/Subjob00001--CreateGrid-out.grd opened for reading
 Energy grid dimensions = (   64,    64,    64).
%IMPACT-I (xdrrd): File grid.2322/Subjob00001--CreateGrid-out_coul2.fld opened for reading
%IMPACT-I (xdrrd): File grid.2322/Subjob00001--CreateGrid-out_vdw.fld opened for reading
%IMPACT-I (xdrrd): File grid.2322/Subjob00001--CreateGrid-out.gsc opened for reading
 Finished setting up grids.
 Beginning DOCK subtask QUIT                                                    
 dock time  user:        1.27  system:        0.06  elapse:        1.33

 ---------------------------------
 Beginning IMPACT task: CREA
 Beginning CREATE subtask BUIL                                                  
 Beginning CREATE subtask BUIL                                                  
%IMPACT-I(foldmain): calling OPLS_2005 atomtyping ...
%IMPACT-I(foldmain): finished parameter assignment
 Beginning CREATE subtask QUIT                                                  

 ---------------------------------
 Beginning IMPACT task: DOCK
 Beginning DOCK subtask LIGA                                                    
 Beginning DOCK subtask SCRE                                                    
 Beginning DOCK subtask PARA                                                    
 Beginning DOCK subtask CONF                                                    
     Energy parameters obtained from atomtyping: 
  
 ** Entering Conformation Generator ** 
  
  
  Penalizing non-planar amide torsions 
  
 Number of rotatable bonds            3
 Using templates for ring conformations.
 Total ring / N-inversion conformations     2
 Core rotatable bonds, max cores            3        1000
 confgen time  user:        0.13  system:        0.02  elapse:        0.14
 Beginning DOCK subtask RUN                                                     
 Beginning DOCK subtask QUIT                                                    
 dock time  user:        2.82  system:        0.11  elapse:        2.94

 ---------------------------------
 Beginning IMPACT task: DOCK
 Beginning DOCK subtask SMOO                                                    
 Beginning DOCK subtask LIGA                                                    
 Beginning DOCK subtask SCRE                                                    
 Beginning DOCK subtask PARA                                                    
 Beginning DOCK subtask MINI                                                    
 Beginning DOCK subtask SCOR                                                    

GlideScore version SP5.0 will be used

  
 Buried polar penalty      0.000
 Coulomb vdW cutoff        0.000
 H bond cutoff             0.000
 Metal-ligand cutoff      10.000
%IMPACT-I (info): At line  78
 %IMPACT-I: Assigning GlideScore SP5.0 parameters
 Beginning DOCK subtask REPO                                                    
 Beginning DOCK subtask RUN                                                     
Postdocking minimization:  10 poses; CvdW cutoffs   100.0 kcal/mol for min,     0.0 kcal/mol for report.
 
Pose 2232 Emodel =  -41.81 original =  -29.62 E =  -37.13 GlideScore =   -5.64
 
Constraint(s) matched for ligand        1, pose   2232
Score =     -5.640
Emodel =    -41.810

The output pose satisfies at least the following constraint(s).
pos1 (Type = Positional)
 
Constraint(s) matched for ligand        1, pose    277
Score =     -5.746
Emodel =    -37.662

The output pose satisfies at least the following constraint(s).
pos1 (Type = Positional)
 
Constraint(s) matched for ligand        1, pose    742
Score =     -5.513
Emodel =    -35.606

The output pose satisfies at least the following constraint(s).
pos1 (Type = Positional)
 
Constraint(s) matched for ligand        1, pose   4680
Score =     -1.677
Emodel =    -10.721

The output pose satisfies at least the following constraint(s).
pos1 (Type = Positional)
 
Constraint(s) matched for ligand        1, pose   4300
Score =     -1.397
Emodel =     -4.709

The output pose satisfies at least the following constraint(s).
pos1 (Type = Positional)
 
DOCKING RESULTS FOR LIGAND        1 (SGS phenyl)
Lowest Efinal =    -37.13 Eint=      4.94 GlideScore =     -5.64, from pose  2232, conf    10, lig        1
Best Emodel =    -41.81 E =    -37.13 Eint =     4.94 GlideScore =     -5.64  from pose  2232, conf    10, lig        1
 Beginning DOCK subtask QUIT                                                    
 dock time  user:       18.73  system:        0.25  elapse:       19.02

 ---------------------------------
 Beginning IMPACT task: CREA
 Beginning CREATE subtask BUIL                                                  
 Beginning CREATE subtask BUIL                                                  
%IMPACT-I(foldmain): calling OPLS_2005 atomtyping ...
%IMPACT-I(foldmain): finished parameter assignment
 Beginning CREATE subtask QUIT                                                  

 ---------------------------------
 Beginning IMPACT task: DOCK
 Beginning DOCK subtask LIGA                                                    
 Beginning DOCK subtask SCRE                                                    
 Beginning DOCK subtask PARA                                                    
 Beginning DOCK subtask CONF                                                    
     Energy parameters obtained from atomtyping: 
  
 ** Entering Conformation Generator ** 
  
 Number of rotatable bonds            3
 Using templates for ring conformations.
 Total ring / N-inversion conformations     2
 Core rotatable bonds, max cores            3        1000
 confgen time  user:        0.23  system:        0.03  elapse:        0.24
 Beginning DOCK subtask RUN                                                     
 Beginning DOCK subtask QUIT                                                    
 dock time  user:       20.29  system:        0.26  elapse:       20.59

 ---------------------------------
 Beginning IMPACT task: DOCK
 Beginning DOCK subtask SMOO                                                    
 Beginning DOCK subtask LIGA                                                    
 Beginning DOCK subtask SCRE                                                    
 Beginning DOCK subtask PARA                                                    
 Beginning DOCK subtask MINI                                                    
 Beginning DOCK subtask SCOR                                                    
 Beginning DOCK subtask REPO                                                    
 Beginning DOCK subtask RUN                                                     
 
Pose  534 Emodel =  -39.28 original =  -31.43 E =  -34.02 GlideScore =   -5.47
 
Constraint(s) matched for ligand        2, pose    534
Score =     -5.465
Emodel =    -39.281

The output pose satisfies at least the following constraint(s).
pos1 (Type = Positional)
 
Constraint(s) matched for ligand        2, pose   3841
Score =     -5.746
Emodel =    -37.584

The output pose satisfies at least the following constraint(s).
pos1 (Type = Positional)
 
Constraint(s) matched for ligand        2, pose   2523
Score =     -5.520
Emodel =    -36.007

The output pose satisfies at least the following constraint(s).
pos1 (Type = Positional)
 
Constraint(s) matched for ligand        2, pose    252
Score =     -5.055
Emodel =    -30.655

The output pose satisfies at least the following constraint(s).
pos1 (Type = Positional)
 
Constraint(s) matched for ligand        2, pose   4816
Score =     -1.671
Emodel =    -10.976

The output pose satisfies at least the following constraint(s).
pos1 (Type = Positional)
 
Constraint(s) matched for ligand        2, pose   2393
Score =     -1.413
Emodel =     -4.824

The output pose satisfies at least the following constraint(s).
pos1 (Type = Positional)
 
DOCKING RESULTS FOR LIGAND        2 (SGS phenyl)
Lowest Efinal =    -34.02 Eint=      3.86 GlideScore =     -5.47, from pose   534, conf     7, lig        2
Best Emodel =    -39.28 E =    -34.02 Eint =     3.86 GlideScore =     -5.47  from pose   534, conf     7, lig        2
 Beginning DOCK subtask QUIT                                                    
 dock time  user:       35.90  system:        0.37  elapse:       36.35

 ---------------------------------
 Beginning IMPACT task: CREA
 Beginning CREATE subtask BUIL                                                  
 Beginning CREATE subtask BUIL                                                  
%IMPACT-I(foldmain): calling OPLS_2005 atomtyping ...
%IMPACT-I(foldmain): finished parameter assignment
 Beginning CREATE subtask QUIT                                                  

 ---------------------------------
 Beginning IMPACT task: DOCK
 Beginning DOCK subtask LIGA                                                    
 Beginning DOCK subtask SCRE                                                    
 Beginning DOCK subtask PARA                                                    
 Beginning DOCK subtask CONF                                                    
     Energy parameters obtained from atomtyping: 
  
 ** Entering Conformation Generator ** 
  
 Number of rotatable bonds            3
 Using templates for ring conformations.
 Total ring / N-inversion conformations     2
 Core rotatable bonds, max cores            3        1000
 confgen time  user:        0.34  system:        0.04  elapse:        0.35
 Beginning DOCK subtask RUN                                                     
 Beginning DOCK subtask QUIT                                                    
 dock time  user:       37.25  system:        0.38  elapse:       37.70

 ---------------------------------
 Beginning IMPACT task: DOCK
 Beginning DOCK subtask SMOO                                                    
 Beginning DOCK subtask LIGA                                                    
 Beginning DOCK subtask SCRE                                                    
 Beginning DOCK subtask PARA                                                    
 Beginning DOCK subtask MINI                                                    
 Beginning DOCK subtask SCOR                                                    
 Beginning DOCK subtask REPO                                                    
 Beginning DOCK subtask RUN                                                     
 
Pose  191 Emodel =  -37.94 original =  -25.37 E =  -34.83 GlideScore =   -5.57
 
Constraint(s) matched for ligand        3, pose    191
Score =     -5.568
Emodel =    -37.941

The output pose satisfies at least the following constraint(s).
pos1 (Type = Positional)
 
Constraint(s) matched for ligand        3, pose   3265
Score =     -5.570
Emodel =    -35.069

The output pose satisfies at least the following constraint(s).
pos1 (Type = Positional)
 
Constraint(s) matched for ligand        3, pose    805
Score =     -2.485
Emodel =    -20.996

The output pose satisfies at least the following constraint(s).
pos1 (Type = Positional)
 
Constraint(s) matched for ligand        3, pose   3761
Score =     -2.469
Emodel =    -20.175

The output pose satisfies at least the following constraint(s).
pos1 (Type = Positional)
 
Constraint(s) matched for ligand        3, pose   4690
Score =     -1.698
Emodel =     -7.752

The output pose satisfies at least the following constraint(s).
pos1 (Type = Positional)
 
Constraint(s) matched for ligand        3, pose   3440
Score =     -1.334
Emodel =     -4.730

The output pose satisfies at least the following constraint(s).
pos1 (Type = Positional)
 
Constraint(s) matched for ligand        3, pose   3210
Score =     -1.172
Emodel =     -3.458

The output pose satisfies at least the following constraint(s).
pos1 (Type = Positional)
 
DOCKING RESULTS FOR LIGAND        3 (SGS phenyl)
Lowest Efinal =    -34.83 Eint=      6.48 GlideScore =     -5.57, from pose   191, conf    13, lig        3
Best Emodel =    -37.94 E =    -34.83 Eint =     6.48 GlideScore =     -5.57  from pose   191, conf    13, lig        3
 Beginning DOCK subtask QUIT                                                    
 dock time  user:       53.65  system:        0.51  elapse:       54.27

 ---------------------------------
 Beginning IMPACT task: CREA
 Beginning CREATE subtask BUIL                                                  
 Beginning CREATE subtask BUIL                                                  
%IMPACT-I(foldmain): calling OPLS_2005 atomtyping ...
%IMPACT-I(foldmain): finished parameter assignment
 Beginning CREATE subtask QUIT                                                  

 ---------------------------------
 Beginning IMPACT task: DOCK
 Beginning DOCK subtask LIGA                                                    
 Beginning DOCK subtask SCRE                                                    
 Beginning DOCK subtask PARA                                                    
 Beginning DOCK subtask CONF                                                    
     Energy parameters obtained from atomtyping: 
  
 ** Entering Conformation Generator ** 
  
 Number of rotatable bonds            3
 Using templates for ring conformations.
 Total ring / N-inversion conformations     2
 Core rotatable bonds, max cores            3        1000
 confgen time  user:        0.45  system:        0.05  elapse:        0.46
 Beginning DOCK subtask RUN                                                     
 Beginning DOCK subtask QUIT                                                    
 dock time  user:       55.16  system:        0.52  elapse:       55.78

 ---------------------------------
 Beginning IMPACT task: DOCK
 Beginning DOCK subtask SMOO                                                    
 Beginning DOCK subtask LIGA                                                    
 Beginning DOCK subtask SCRE                                                    
 Beginning DOCK subtask PARA                                                    
 Beginning DOCK subtask MINI                                                    
 Beginning DOCK subtask SCOR                                                    
 Beginning DOCK subtask REPO                                                    
 Beginning DOCK subtask RUN                                                     
 
Pose 1276 Emodel =  -36.65 original =  -25.19 E =  -34.02 GlideScore =   -5.46
 
Constraint(s) matched for ligand        4, pose   1276
Score =     -5.459
Emodel =    -36.645

The output pose satisfies at least the following constraint(s).
pos1 (Type = Positional)
 
Constraint(s) matched for ligand        4, pose    507
Score =     -5.569
Emodel =    -35.018

The output pose satisfies at least the following constraint(s).
pos1 (Type = Positional)
 
Constraint(s) matched for ligand        4, pose    258
Score =     -5.388
Emodel =    -31.637

The output pose satisfies at least the following constraint(s).
pos1 (Type = Positional)
 
Constraint(s) matched for ligand        4, pose   4627
Score =     -5.097
Emodel =    -29.592

The output pose satisfies at least the following constraint(s).
pos1 (Type = Positional)
 
Constraint(s) matched for ligand        4, pose   1105
Score =     -2.475
Emodel =    -20.964

The output pose satisfies at least the following constraint(s).
pos1 (Type = Positional)
 
Constraint(s) matched for ligand        4, pose   3864
Score =     -2.484
Emodel =    -20.910

The output pose satisfies at least the following constraint(s).
pos1 (Type = Positional)
 
Constraint(s) matched for ligand        4, pose   3916
Score =     -1.466
Emodel =     -7.357

The output pose satisfies at least the following constraint(s).
pos1 (Type = Positional)
 
Constraint(s) matched for ligand        4, pose   4963
Score =     -0.995
Emodel =     -6.919

The output pose satisfies at least the following constraint(s).
pos1 (Type = Positional)
 
DOCKING RESULTS FOR LIGAND        4 (SGS phenyl)
Lowest Efinal =    -34.02 Eint=      7.33 GlideScore =     -5.46, from pose  1276, conf    13, lig        4
Best Emodel =    -36.65 E =    -34.02 Eint =     7.33 GlideScore =     -5.46  from pose  1276, conf    13, lig        4
 Beginning DOCK subtask QUIT                                                    
 dock time  user:       71.35  system:        0.64  elapse:       72.14

 ---------------------------------
 Beginning IMPACT task: CREA
 Beginning CREATE subtask BUIL                                                  
 Beginning CREATE subtask BUIL                                                  
%IMPACT-I(foldmain): calling OPLS_2005 atomtyping ...
%IMPACT-I(foldmain): finished parameter assignment
 Beginning CREATE subtask QUIT                                                  

 ---------------------------------
 Beginning IMPACT task: DOCK
 Beginning DOCK subtask LIGA                                                    
 Beginning DOCK subtask SCRE                                                    
 Beginning DOCK subtask PARA                                                    
 Beginning DOCK subtask CONF                                                    
     Energy parameters obtained from atomtyping: 
  
 ** Entering Conformation Generator ** 
  
 Number of rotatable bonds            3
 Using templates for ring conformations.
 Total ring / N-inversion conformations     2
 Core rotatable bonds, max cores            3        1000
 confgen time  user:        0.56  system:        0.06  elapse:        0.58
 Beginning DOCK subtask RUN                                                     
 Beginning DOCK subtask QUIT                                                    
 dock time  user:       72.41  system:        0.65  elapse:       73.21

 ---------------------------------
 Beginning IMPACT task: DOCK
 Beginning DOCK subtask SMOO                                                    
 Beginning DOCK subtask LIGA                                                    
 Beginning DOCK subtask SCRE                                                    
 Beginning DOCK subtask PARA                                                    
 Beginning DOCK subtask MINI                                                    
 Beginning DOCK subtask SCOR                                                    
 Beginning DOCK subtask REPO                                                    
 Beginning DOCK subtask RUN                                                     
 
Pose 3289 Emodel =  -41.62 original =  -31.53 E =  -36.56 GlideScore =   -5.66
Pose 3496 Emodel =  -43.08 original =    0.25 E =  -36.64 GlideScore =   -6.33
 
Constraint(s) matched for ligand        5, pose   3496
Score =     -6.333
Emodel =    -43.076

The output pose satisfies at least the following constraint(s).
pos1 (Type = Positional)
 
Constraint(s) matched for ligand        5, pose   3289
Score =     -5.659
Emodel =    -41.624

The output pose satisfies at least the following constraint(s).
pos1 (Type = Positional)
 
Constraint(s) matched for ligand        5, pose   2074
Score =     -5.744
Emodel =    -37.910

The output pose satisfies at least the following constraint(s).
pos1 (Type = Positional)
 
Constraint(s) matched for ligand        5, pose    332
Score =     -5.522
Emodel =    -36.290

The output pose satisfies at least the following constraint(s).
pos1 (Type = Positional)
 
Constraint(s) matched for ligand        5, pose   2404
Score =     -5.054
Emodel =    -31.797

The output pose satisfies at least the following constraint(s).
pos1 (Type = Positional)
 
Constraint(s) matched for ligand        5, pose    342
Score =     -5.307
Emodel =    -25.752

The output pose satisfies at least the following constraint(s).
pos1 (Type = Positional)
 
Constraint(s) matched for ligand        5, pose   4972
Score =     -1.362
Emodel =     -4.603

The output pose satisfies at least the following constraint(s).
pos1 (Type = Positional)
 
Constraint(s) matched for ligand        5, pose   3030
Score =     -1.274
Emodel =     -4.333

The output pose satisfies at least the following constraint(s).
pos1 (Type = Positional)
 
Constraint(s) matched for ligand        5, pose    894
Score =     -1.491
Emodel =     -4.298

The output pose satisfies at least the following constraint(s).
pos1 (Type = Positional)
 
Constraint(s) matched for ligand        5, pose   2255
Score =     -1.355
Emodel =     -3.973

The output pose satisfies at least the following constraint(s).
pos1 (Type = Positional)
 
DOCKING RESULTS FOR LIGAND        5 (SGS phenyl)
Lowest Efinal =    -36.64 Eint=      4.22 GlideScore =     -6.33, from pose  3496, conf    26, lig        5
Best Emodel =    -43.08 E =    -36.64 Eint =     4.22 GlideScore =     -6.33  from pose  3496, conf    26, lig        5
 Beginning DOCK subtask QUIT                                                    
 dock time  user:       87.59  system:        0.78  elapse:       88.55

 ---------------------------------
 Beginning IMPACT task: CREA
 Beginning CREATE subtask BUIL                                                  
 Beginning CREATE subtask BUIL                                                  
%IMPACT-I(foldmain): calling OPLS_2005 atomtyping ...
%IMPACT-I(foldmain): finished parameter assignment
 Beginning CREATE subtask QUIT                                                  

 ---------------------------------
 Beginning IMPACT task: DOCK
 Beginning DOCK subtask LIGA                                                    
 Beginning DOCK subtask SCRE                                                    
 Beginning DOCK subtask PARA                                                    
 Beginning DOCK subtask CONF                                                    
     Energy parameters obtained from atomtyping: 
  
 ** Entering Conformation Generator ** 
  
 Number of rotatable bonds            3
 Using templates for ring conformations.
 Total ring / N-inversion conformations     2
 Core rotatable bonds, max cores            3        1000
 confgen time  user:        0.66  system:        0.07  elapse:        0.69
 Beginning DOCK subtask RUN                                                     
 Beginning DOCK subtask QUIT                                                    
 dock time  user:       88.87  system:        0.79  elapse:       89.84

 ---------------------------------
 Beginning IMPACT task: DOCK
 Beginning DOCK subtask SMOO                                                    
 Beginning DOCK subtask LIGA                                                    
 Beginning DOCK subtask SCRE                                                    
 Beginning DOCK subtask PARA                                                    
 Beginning DOCK subtask MINI                                                    
 Beginning DOCK subtask SCOR                                                    
 Beginning DOCK subtask REPO                                                    
 Beginning DOCK subtask RUN                                                     
 
Pose  137 Emodel =  -39.73 original =  -21.30 E =  -36.73 GlideScore =   -5.64
 
Constraint(s) matched for ligand        6, pose    137
Score =     -5.640
Emodel =    -39.726

The output pose satisfies at least the following constraint(s).
pos1 (Type = Positional)
 
Constraint(s) matched for ligand        6, pose   2451
Score =     -5.670
Emodel =    -32.867

The output pose satisfies at least the following constraint(s).
pos1 (Type = Positional)
 
Constraint(s) matched for ligand        6, pose   1430
Score =     -5.322
Emodel =    -30.259

The output pose satisfies at least the following constraint(s).
pos1 (Type = Positional)
 
Constraint(s) matched for ligand        6, pose   4255
Score =     -5.028
Emodel =    -23.510

The output pose satisfies at least the following constraint(s).
pos1 (Type = Positional)
 
Constraint(s) matched for ligand        6, pose   1694
Score =     -1.499
Emodel =     -6.462

The output pose satisfies at least the following constraint(s).
pos1 (Type = Positional)
 
Constraint(s) matched for ligand        6, pose   1628
Score =     -1.385
Emodel =     -4.717

The output pose satisfies at least the following constraint(s).
pos1 (Type = Positional)
 
Constraint(s) matched for ligand        6, pose   2197
Score =     -1.500
Emodel =     -4.058

The output pose satisfies at least the following constraint(s).
pos1 (Type = Positional)
 
Constraint(s) matched for ligand        6, pose   3279
Score =     -1.050
Emodel =     -1.236

The output pose satisfies at least the following constraint(s).
pos1 (Type = Positional)
 
Constraint(s) matched for ligand        6, pose   2260
Score =  10000.000
Emodel =   9633.239

The output pose satisfies at least the following constraint(s).
pos1 (Type = Positional)
 
DOCKING RESULTS FOR LIGAND        6 (SGS phenyl)
Lowest Efinal =    -36.73 Eint=      4.88 GlideScore =     -5.64, from pose   137, conf     8, lig        6
Best Emodel =    -39.73 E =    -36.73 Eint =     4.88 GlideScore =     -5.64  from pose   137, conf     8, lig        6
 Beginning DOCK subtask QUIT                                                    
 dock time  user:      103.75  system:        0.92  elapse:      104.87

 ---------------------------------
 Beginning IMPACT task: CREA
 Beginning CREATE subtask BUIL                                                  
 Beginning CREATE subtask BUIL                                                  
%IMPACT-I(foldmain): calling OPLS_2005 atomtyping ...
%IMPACT-I(foldmain): finished parameter assignment
 Beginning CREATE subtask QUIT                                                  

 ---------------------------------
 Beginning IMPACT task: DOCK
 Beginning DOCK subtask LIGA                                                    
 Beginning DOCK subtask SCRE                                                    
 Beginning DOCK subtask PARA                                                    
 Beginning DOCK subtask CONF                                                    
     Energy parameters obtained from atomtyping: 
  
 ** Entering Conformation Generator ** 
  
 Number of rotatable bonds            3
 Using templates for ring conformations.
 Total ring / N-inversion conformations     2
 Core rotatable bonds, max cores            3        1000
 confgen time  user:        0.75  system:        0.08  elapse:        0.79
 Beginning DOCK subtask RUN                                                     
 Beginning DOCK subtask QUIT                                                    
 dock time  user:      104.90  system:        0.93  elapse:      106.03

 ---------------------------------
 Beginning IMPACT task: DOCK
 Beginning DOCK subtask SMOO                                                    
 Beginning DOCK subtask LIGA                                                    
 Beginning DOCK subtask SCRE                                                    
 Beginning DOCK subtask PARA                                                    
 Beginning DOCK subtask MINI                                                    
 Beginning DOCK subtask SCOR                                                    
 Beginning DOCK subtask REPO                                                    
 Beginning DOCK subtask RUN                                                     
 
Pose 1930 Emodel =  -40.70 original =  -26.17 E =  -36.50 GlideScore =   -5.66
 
Constraint(s) matched for ligand        7, pose   1930
Score =     -5.658
Emodel =    -40.700

The output pose satisfies at least the following constraint(s).
pos1 (Type = Positional)
 
Constraint(s) matched for ligand        7, pose    985
Score =     -5.134
Emodel =    -31.618

The output pose satisfies at least the following constraint(s).
pos1 (Type = Positional)
 
Constraint(s) matched for ligand        7, pose   4187
Score =     -5.222
Emodel =    -30.168

The output pose satisfies at least the following constraint(s).
pos1 (Type = Positional)
 
Constraint(s) matched for ligand        7, pose   3414
Score =     -5.435
Emodel =    -20.415

The output pose satisfies at least the following constraint(s).
pos1 (Type = Positional)
 
Constraint(s) matched for ligand        7, pose   2980
Score =     -1.483
Emodel =     -4.423

The output pose satisfies at least the following constraint(s).
pos1 (Type = Positional)
 
Constraint(s) matched for ligand        7, pose   1730
Score =     -1.305
Emodel =     -3.376

The output pose satisfies at least the following constraint(s).
pos1 (Type = Positional)
 
Constraint(s) matched for ligand        7, pose    832
Score =     -1.214
Emodel =      1.203

The output pose satisfies at least the following constraint(s).
pos1 (Type = Positional)
 
DOCKING RESULTS FOR LIGAND        7 (SGS phenyl)
Lowest Efinal =    -36.50 Eint=      4.32 GlideScore =     -5.66, from pose  1930, conf     1, lig        7
Best Emodel =    -40.70 E =    -36.50 Eint =     4.32 GlideScore =     -5.66  from pose  1930, conf     1, lig        7
 Beginning DOCK subtask QUIT                                                    
 dock time  user:      119.71  system:        1.06  elapse:      121.01

 ---------------------------------
 Beginning IMPACT task: CREA
 Beginning CREATE subtask BUIL                                                  
 Beginning CREATE subtask BUIL                                                  
%IMPACT-I(foldmain): calling OPLS_2005 atomtyping ...
%IMPACT-I(foldmain): finished parameter assignment
 Beginning CREATE subtask QUIT                                                  

 ---------------------------------
 Beginning IMPACT task: DOCK
 Beginning DOCK subtask LIGA                                                    
 Beginning DOCK subtask SCRE                                                    
 Beginning DOCK subtask PARA                                                    
 Beginning DOCK subtask CONF                                                    
     Energy parameters obtained from atomtyping: 
  
 ** Entering Conformation Generator ** 
  
 Number of rotatable bonds            3
 Using templates for ring conformations.
 Total ring / N-inversion conformations     2
 Core rotatable bonds, max cores            3        1000
 confgen time  user:        0.84  system:        0.09  elapse:        0.88
 Beginning DOCK subtask RUN                                                     
 Beginning DOCK subtask QUIT                                                    
 dock time  user:      121.08  system:        1.07  elapse:      122.39

 ---------------------------------
 Beginning IMPACT task: DOCK
 Beginning DOCK subtask SMOO                                                    
 Beginning DOCK subtask LIGA                                                    
 Beginning DOCK subtask SCRE                                                    
 Beginning DOCK subtask PARA                                                    
 Beginning DOCK subtask MINI                                                    
 Beginning DOCK subtask SCOR                                                    
 Beginning DOCK subtask REPO                                                    
 Beginning DOCK subtask RUN                                                     
 
Pose 4667 Emodel =  -41.61 original =  -28.05 E =  -36.60 GlideScore =   -5.66
 
Constraint(s) matched for ligand        8, pose   4667
Score =     -5.663
Emodel =    -41.612

The output pose satisfies at least the following constraint(s).
pos1 (Type = Positional)
 
Constraint(s) matched for ligand        8, pose   3754
Score =     -5.486
Emodel =    -35.082

The output pose satisfies at least the following constraint(s).
pos1 (Type = Positional)
 
Constraint(s) matched for ligand        8, pose   4973
Score =     -5.063
Emodel =    -30.588

The output pose satisfies at least the following constraint(s).
pos1 (Type = Positional)
 
Constraint(s) matched for ligand        8, pose   1171
Score =     -2.495
Emodel =    -20.916

The output pose satisfies at least the following constraint(s).
pos1 (Type = Positional)
 
Constraint(s) matched for ligand        8, pose   3564
Score =     -2.308
Emodel =    -20.902

The output pose satisfies at least the following constraint(s).
pos1 (Type = Positional)
 
Constraint(s) matched for ligand        8, pose   3948
Score =     -0.909
Emodel =     -5.975

The output pose satisfies at least the following constraint(s).
pos1 (Type = Positional)
 
DOCKING RESULTS FOR LIGAND        8 (SGS phenyl)
Lowest Efinal =    -36.60 Eint=      3.65 GlideScore =     -5.66, from pose  4667, conf    14, lig        8
Best Emodel =    -41.61 E =    -36.60 Eint =     3.65 GlideScore =     -5.66  from pose  4667, conf    14, lig        8
 Beginning DOCK subtask QUIT                                                    
 dock time  user:      136.50  system:        1.21  elapse:      137.98

 ---------------------------------
 Beginning IMPACT task: CREA
 Beginning CREATE subtask BUIL                                                  
 Beginning CREATE subtask BUIL                                                  
%IMPACT-I(foldmain): calling OPLS_2005 atomtyping ...
%IMPACT-I(foldmain): finished parameter assignment
 Beginning CREATE subtask QUIT                                                  

 ---------------------------------
 Beginning IMPACT task: DOCK
 Beginning DOCK subtask LIGA                                                    
 Beginning DOCK subtask SCRE                                                    
 Beginning DOCK subtask PARA                                                    
 Beginning DOCK subtask CONF                                                    
     Energy parameters obtained from atomtyping: 
  
 ** Entering Conformation Generator ** 
  
 Number of rotatable bonds            3
 Using templates for ring conformations.
 Core rotatable bonds, max cores            3        1000
 confgen time  user:        0.93  system:        0.09  elapse:        0.96
 Beginning DOCK subtask RUN                                                     
 Beginning DOCK subtask QUIT                                                    
 dock time  user:      137.07  system:        1.21  elapse:      138.54

 ---------------------------------
 Beginning IMPACT task: DOCK
 Beginning DOCK subtask SMOO                                                    
 Beginning DOCK subtask LIGA                                                    
 Beginning DOCK subtask SCRE                                                    
 Beginning DOCK subtask PARA                                                    
 Beginning DOCK subtask MINI                                                    
 Beginning DOCK subtask SCOR                                                    
 Beginning DOCK subtask REPO                                                    
 Beginning DOCK subtask RUN                                                     
 
Pose 2772 Emodel =  -45.00 original =  -30.30 E =  -39.36 GlideScore =   -6.07
 
Constraint(s) matched for ligand        9, pose   2772
Score =     -6.066
Emodel =    -45.003

The output pose satisfies at least the following constraint(s).
pos1 (Type = Positional)
 
Constraint(s) matched for ligand        9, pose    914
Score =     -5.943
Emodel =    -38.403

The output pose satisfies at least the following constraint(s).
pos1 (Type = Positional)
 
Constraint(s) matched for ligand        9, pose    443
Score =     -2.380
Emodel =    -21.694

The output pose satisfies at least the following constraint(s).
pos1 (Type = Positional)
 
Constraint(s) matched for ligand        9, pose   4964
Score =     -2.241
Emodel =    -16.904

The output pose satisfies at least the following constraint(s).
pos1 (Type = Positional)
 
Constraint(s) matched for ligand        9, pose   2559
Score =     -2.127
Emodel =    -15.743

The output pose satisfies at least the following constraint(s).
pos1 (Type = Positional)
 
Constraint(s) matched for ligand        9, pose   4049
Score =     -2.090
Emodel =    -14.939

The output pose satisfies at least the following constraint(s).
pos1 (Type = Positional)
 
Constraint(s) matched for ligand        9, pose   1260
Score =     -1.735
Emodel =    -12.755

The output pose satisfies at least the following constraint(s).
pos1 (Type = Positional)
 
Constraint(s) matched for ligand        9, pose   1143
Score =     -1.786
Emodel =    -12.279

The output pose satisfies at least the following constraint(s).
pos1 (Type = Positional)
 
DOCKING RESULTS FOR LIGAND        9 (SGS phenyl)
Lowest Efinal =    -39.36 Eint=      4.49 GlideScore =     -6.07, from pose  2772, conf     7, lig        9
Best Emodel =    -45.00 E =    -39.36 Eint =     4.49 GlideScore =     -6.07  from pose  2772, conf     7, lig        9
 Beginning DOCK subtask QUIT                                                    
 dock time  user:      153.35  system:        1.35  elapse:      155.00

 ---------------------------------
 Beginning IMPACT task: CREA
 Beginning CREATE subtask BUIL                                                  
 Beginning CREATE subtask BUIL                                                  
%IMPACT-I(foldmain): calling OPLS_2005 atomtyping ...
%IMPACT-I(foldmain): finished parameter assignment
 Beginning CREATE subtask QUIT                                                  

 ---------------------------------
 Beginning IMPACT task: DOCK
 Beginning DOCK subtask LIGA                                                    
 Beginning DOCK subtask SCRE                                                    
 Beginning DOCK subtask PARA                                                    
 Beginning DOCK subtask CONF                                                    
     Energy parameters obtained from atomtyping: 
  
 ** Entering Conformation Generator ** 
  
 Number of rotatable bonds            3
 Using templates for ring conformations.
 Core rotatable bonds, max cores            3        1000
 confgen time  user:        1.02  system:        0.10  elapse:        1.05
 Beginning DOCK subtask RUN                                                     
 Beginning DOCK subtask QUIT                                                    
 dock time  user:      153.96  system:        1.36  elapse:      155.61

 ---------------------------------
 Beginning IMPACT task: DOCK
 Beginning DOCK subtask SMOO                                                    
 Beginning DOCK subtask LIGA                                                    
 Beginning DOCK subtask SCRE                                                    
 Beginning DOCK subtask PARA                                                    
 Beginning DOCK subtask MINI                                                    
 Beginning DOCK subtask SCOR                                                    
 Beginning DOCK subtask REPO                                                    
 Beginning DOCK subtask RUN                                                     
 
Pose 1715 Emodel =  -41.51 original =  -29.58 E =  -36.52 GlideScore =   -5.88
 
Constraint(s) matched for ligand       10, pose   1715
Score =     -5.882
Emodel =    -41.511

The output pose satisfies at least the following constraint(s).
pos1 (Type = Positional)
 
Constraint(s) matched for ligand       10, pose    733
Score =     -5.943
Emodel =    -38.399

The output pose satisfies at least the following constraint(s).
pos1 (Type = Positional)
 
Constraint(s) matched for ligand       10, pose    867
Score =     -2.469
Emodel =    -22.559

The output pose satisfies at least the following constraint(s).
pos1 (Type = Positional)
 
Constraint(s) matched for ligand       10, pose   4404
Score =     -2.387
Emodel =    -21.475

The output pose satisfies at least the following constraint(s).
pos1 (Type = Positional)
 
Constraint(s) matched for ligand       10, pose   2929
Score =     -2.260
Emodel =    -16.624

The output pose satisfies at least the following constraint(s).
pos1 (Type = Positional)
 
Constraint(s) matched for ligand       10, pose   4485
Score =     -2.083
Emodel =    -14.602

The output pose satisfies at least the following constraint(s).
pos1 (Type = Positional)
 
Constraint(s) matched for ligand       10, pose   2000
Score =     -1.788
Emodel =    -11.939

The output pose satisfies at least the following constraint(s).
pos1 (Type = Positional)
 
Constraint(s) matched for ligand       10, pose   2486
Score =     -1.586
Emodel =    -10.721

The output pose satisfies at least the following constraint(s).
pos1 (Type = Positional)
 
Constraint(s) matched for ligand       10, pose   3214
Score =     -1.618
Emodel =     -9.811

The output pose satisfies at least the following constraint(s).
pos1 (Type = Positional)
 
DOCKING RESULTS FOR LIGAND       10 (SGS phenyl)
Lowest Efinal =    -36.52 Eint=      4.72 GlideScore =     -5.88, from pose  1715, conf    15, lig       10
Best Emodel =    -41.51 E =    -36.52 Eint =     4.72 GlideScore =     -5.88  from pose  1715, conf    15, lig       10
 Beginning DOCK subtask QUIT                                                    
 dock time  user:      170.23  system:        1.48  elapse:      172.05

 ---------------------------------
 Beginning IMPACT task: CREA
 Beginning CREATE subtask BUIL                                                  
 Beginning CREATE subtask BUIL                                                  
%IMPACT-I(foldmain): calling OPLS_2005 atomtyping ...
%IMPACT-I(foldmain): finished parameter assignment
 Beginning CREATE subtask QUIT                                                  

 ---------------------------------
 Beginning IMPACT task: DOCK
 Beginning DOCK subtask LIGA                                                    
 Beginning DOCK subtask SCRE                                                    
 Beginning DOCK subtask PARA                                                    
 Beginning DOCK subtask CONF                                                    
     Energy parameters obtained from atomtyping: 
  
 ** Entering Conformation Generator ** 
  
 Number of rotatable bonds            3
 Using templates for ring conformations.
 Core rotatable bonds, max cores            3        1000
 confgen time  user:        1.12  system:        0.11  elapse:        1.15
 Beginning DOCK subtask RUN                                                     
 Beginning DOCK subtask QUIT                                                    
 dock time  user:      170.91  system:        1.49  elapse:      172.73

 ---------------------------------
 Beginning IMPACT task: DOCK
 Beginning DOCK subtask SMOO                                                    
 Beginning DOCK subtask LIGA                                                    
 Beginning DOCK subtask SCRE                                                    
 Beginning DOCK subtask PARA                                                    
 Beginning DOCK subtask MINI                                                    
 Beginning DOCK subtask SCOR                                                    
 Beginning DOCK subtask REPO                                                    
 Beginning DOCK subtask RUN                                                     
 
Pose 1031 Emodel =  -34.37 original =  -23.16 E =  -28.59 GlideScore =   -5.76
Pose 3294 Emodel =  -37.89 original =  -15.06 E =  -32.04 GlideScore =   -6.03
 
Constraint(s) matched for ligand       11, pose   3294
Score =     -6.033
Emodel =    -37.891

The output pose satisfies at least the following constraint(s).
pos1 (Type = Positional)
 
Constraint(s) matched for ligand       11, pose   1031
Score =     -5.757
Emodel =    -34.375

The output pose satisfies at least the following constraint(s).
pos1 (Type = Positional)
 
Constraint(s) matched for ligand       11, pose   4836
Score =     -2.074
Emodel =    -17.684

The output pose satisfies at least the following constraint(s).
pos1 (Type = Positional)
 
Constraint(s) matched for ligand       11, pose   3158
Score =     -2.338
Emodel =    -15.501

The output pose satisfies at least the following constraint(s).
pos1 (Type = Positional)
 
Constraint(s) matched for ligand       11, pose    847
Score =     -2.052
Emodel =    -14.908

The output pose satisfies at least the following constraint(s).
pos1 (Type = Positional)
 
Constraint(s) matched for ligand       11, pose   3513
Score =     -1.989
Emodel =    -13.495

The output pose satisfies at least the following constraint(s).
pos1 (Type = Positional)
 
Constraint(s) matched for ligand       11, pose   1851
Score =     -1.805
Emodel =    -12.802

The output pose satisfies at least the following constraint(s).
pos1 (Type = Positional)
 
Constraint(s) matched for ligand       11, pose   3700
Score =     -1.826
Emodel =    -12.249

The output pose satisfies at least the following constraint(s).
pos1 (Type = Positional)
 
Constraint(s) matched for ligand       11, pose   2492
Score =     -1.600
Emodel =     -9.267

The output pose satisfies at least the following constraint(s).
pos1 (Type = Positional)
 
Constraint(s) matched for ligand       11, pose   4749
Score =     -1.501
Emodel =     -7.123

The output pose satisfies at least the following constraint(s).
pos1 (Type = Positional)
 
DOCKING RESULTS FOR LIGAND       11 (SGS phenyl)
Lowest Efinal =    -32.04 Eint=      1.91 GlideScore =     -6.03, from pose  3294, conf     2, lig       11
Best Emodel =    -37.89 E =    -32.04 Eint =     1.91 GlideScore =     -6.03  from pose  3294, conf     2, lig       11
 Beginning DOCK subtask QUIT                                                    
 dock time  user:      187.72  system:        1.62  elapse:      189.71

 ---------------------------------
 Beginning IMPACT task: CREA
 Beginning CREATE subtask BUIL                                                  
 Beginning CREATE subtask BUIL                                                  
%IMPACT-I(foldmain): calling OPLS_2005 atomtyping ...
%IMPACT-I(foldmain): finished parameter assignment
 Beginning CREATE subtask QUIT                                                  

 ---------------------------------
 Beginning IMPACT task: DOCK
 Beginning DOCK subtask LIGA                                                    
 Beginning DOCK subtask SCRE                                                    
 Beginning DOCK subtask PARA                                                    
 Beginning DOCK subtask CONF                                                    
     Energy parameters obtained from atomtyping: 
  
 ** Entering Conformation Generator ** 
  
 Number of rotatable bonds            3
 Using templates for ring conformations.
 Core rotatable bonds, max cores            3        1000
 confgen time  user:        1.22  system:        0.12  elapse:        1.25
 Beginning DOCK subtask RUN                                                     
 Beginning DOCK subtask QUIT                                                    
 dock time  user:      188.31  system:        1.63  elapse:      190.30

 ---------------------------------
 Beginning IMPACT task: DOCK
 Beginning DOCK subtask SMOO                                                    
 Beginning DOCK subtask LIGA                                                    
 Beginning DOCK subtask SCRE                                                    
 Beginning DOCK subtask PARA                                                    
 Beginning DOCK subtask MINI                                                    
 Beginning DOCK subtask SCOR                                                    
 Beginning DOCK subtask REPO                                                    
 Beginning DOCK subtask RUN                                                     
 
Pose  547 Emodel =  -42.77 original =  -30.86 E =  -36.95 GlideScore =   -5.93
 
Constraint(s) matched for ligand       12, pose    547
Score =     -5.929
Emodel =    -42.771

The output pose satisfies at least the following constraint(s).
pos1 (Type = Positional)
 
Constraint(s) matched for ligand       12, pose   1293
Score =     -6.101
Emodel =    -38.176

The output pose satisfies at least the following constraint(s).
pos1 (Type = Positional)
 
Constraint(s) matched for ligand       12, pose   3524
Score =     -5.697
Emodel =    -35.048

The output pose satisfies at least the following constraint(s).
pos1 (Type = Positional)
 
Constraint(s) matched for ligand       12, pose   3807
Score =     -2.382
Emodel =    -21.438

The output pose satisfies at least the following constraint(s).
pos1 (Type = Positional)
 
Constraint(s) matched for ligand       12, pose   1695
Score =     -2.032
Emodel =    -18.113

The output pose satisfies at least the following constraint(s).
pos1 (Type = Positional)
 
Constraint(s) matched for ligand       12, pose   4034
Score =     -2.120
Emodel =    -15.680

The output pose satisfies at least the following constraint(s).
pos1 (Type = Positional)
 
Constraint(s) matched for ligand       12, pose   3662
Score =     -2.101
Emodel =    -15.065

The output pose satisfies at least the following constraint(s).
pos1 (Type = Positional)
 
DOCKING RESULTS FOR LIGAND       12 (SGS phenyl)
Lowest Efinal =    -36.95 Eint=      3.64 GlideScore =     -5.93, from pose   547, conf    11, lig       12
Best Emodel =    -42.77 E =    -36.95 Eint =     3.64 GlideScore =     -5.93  from pose   547, conf    11, lig       12
 Beginning DOCK subtask QUIT                                                    
 dock time  user:      205.10  system:        1.77  elapse:      207.27

 ---------------------------------
 Beginning IMPACT task: CREA
 Beginning CREATE subtask BUIL                                                  
 Beginning CREATE subtask BUIL                                                  
%IMPACT-I(foldmain): calling OPLS_2005 atomtyping ...
%IMPACT-I(foldmain): finished parameter assignment
 Beginning CREATE subtask QUIT                                                  

 ---------------------------------
 Beginning IMPACT task: DOCK
 Beginning DOCK subtask LIGA                                                    
 Beginning DOCK subtask SCRE                                                    
 Beginning DOCK subtask PARA                                                    
 Beginning DOCK subtask CONF                                                    
     Energy parameters obtained from atomtyping: 
  
 ** Entering Conformation Generator ** 
  
 Number of rotatable bonds            3
 Using templates for ring conformations.
 Core rotatable bonds, max cores            3        1000
 confgen time  user:        1.32  system:        0.12  elapse:        1.36
 Beginning DOCK subtask RUN                                                     
 Beginning DOCK subtask QUIT                                                    
 dock time  user:      205.72  system:        1.77  elapse:      207.90

 ---------------------------------
 Beginning IMPACT task: DOCK
 Beginning DOCK subtask SMOO                                                    
 Beginning DOCK subtask LIGA                                                    
 Beginning DOCK subtask SCRE                                                    
 Beginning DOCK subtask PARA                                                    
 Beginning DOCK subtask MINI                                                    
 Beginning DOCK subtask SCOR                                                    
 Beginning DOCK subtask REPO                                                    
 Beginning DOCK subtask RUN                                                     
 
Pose 4035 Emodel =  -42.60 original =  -34.38 E =  -36.58 GlideScore =   -5.90
 
Constraint(s) matched for ligand       13, pose   4035
Score =     -5.900
Emodel =    -42.596

The output pose satisfies at least the following constraint(s).
pos1 (Type = Positional)
 
Constraint(s) matched for ligand       13, pose   1757
Score =     -5.953
Emodel =    -39.774

The output pose satisfies at least the following constraint(s).
pos1 (Type = Positional)
 
Constraint(s) matched for ligand       13, pose   1051
Score =     -2.466
Emodel =    -22.402

The output pose satisfies at least the following constraint(s).
pos1 (Type = Positional)
 
Constraint(s) matched for ligand       13, pose   1274
Score =     -2.036
Emodel =    -16.871

The output pose satisfies at least the following constraint(s).
pos1 (Type = Positional)
 
Constraint(s) matched for ligand       13, pose   3726
Score =     -2.257
Emodel =    -15.475

The output pose satisfies at least the following constraint(s).
pos1 (Type = Positional)
 
Constraint(s) matched for ligand       13, pose   4449
Score =     -1.871
Emodel =    -14.992

The output pose satisfies at least the following constraint(s).
pos1 (Type = Positional)
 
Constraint(s) matched for ligand       13, pose   2337
Score =     -2.009
Emodel =    -14.217

The output pose satisfies at least the following constraint(s).
pos1 (Type = Positional)
 
Constraint(s) matched for ligand       13, pose   1284
Score =     -1.626
Emodel =     -9.113

The output pose satisfies at least the following constraint(s).
pos1 (Type = Positional)
 
DOCKING RESULTS FOR LIGAND       13 (SGS phenyl)
Lowest Efinal =    -36.58 Eint=      5.13 GlideScore =     -5.90, from pose  4035, conf     3, lig       13
Best Emodel =    -42.60 E =    -36.58 Eint =     5.13 GlideScore =     -5.90  from pose  4035, conf     3, lig       13
 Beginning DOCK subtask QUIT                                                    
 dock time  user:      221.60  system:        1.91  elapse:      223.96

 ---------------------------------
 Beginning IMPACT task: CREA
 Beginning CREATE subtask BUIL                                                  
 Beginning CREATE subtask BUIL                                                  
%IMPACT-I(foldmain): calling OPLS_2005 atomtyping ...
%IMPACT-I(foldmain): finished parameter assignment
 Beginning CREATE subtask QUIT                                                  

 ---------------------------------
 Beginning IMPACT task: DOCK
 Beginning DOCK subtask LIGA                                                    
 Beginning DOCK subtask SCRE                                                    
 Beginning DOCK subtask PARA                                                    
 Beginning DOCK subtask CONF                                                    
     Energy parameters obtained from atomtyping: 
  
 ** Entering Conformation Generator ** 
  
 Number of rotatable bonds            3
 Using templates for ring conformations.
 Core rotatable bonds, max cores            3        1000
 confgen time  user:        1.41  system:        0.13  elapse:        1.46
 Beginning DOCK subtask RUN                                                     
 Beginning DOCK subtask QUIT                                                    
 dock time  user:      222.21  system:        1.92  elapse:      224.58

 ---------------------------------
 Beginning IMPACT task: DOCK
 Beginning DOCK subtask SMOO                                                    
 Beginning DOCK subtask LIGA                                                    
 Beginning DOCK subtask SCRE                                                    
 Beginning DOCK subtask PARA                                                    
 Beginning DOCK subtask MINI                                                    
 Beginning DOCK subtask SCOR                                                    
 Beginning DOCK subtask REPO                                                    
 Beginning DOCK subtask RUN                                                     
 
Pose 3080 Emodel =  -41.62 original =  -26.68 E =  -36.96 GlideScore =   -5.87
 
Constraint(s) matched for ligand       14, pose   3080
Score =     -5.869
Emodel =    -41.619

The output pose satisfies at least the following constraint(s).
pos1 (Type = Positional)
 
Constraint(s) matched for ligand       14, pose    725
Score =     -5.571
Emodel =    -33.046

The output pose satisfies at least the following constraint(s).
pos1 (Type = Positional)
 
Constraint(s) matched for ligand       14, pose   1340
Score =     -5.768
Emodel =    -26.823

The output pose satisfies at least the following constraint(s).
pos1 (Type = Positional)
 
Constraint(s) matched for ligand       14, pose   1512
Score =     -2.444
Emodel =    -22.310

The output pose satisfies at least the following constraint(s).
pos1 (Type = Positional)
 
Constraint(s) matched for ligand       14, pose   1073
Score =     -2.372
Emodel =    -21.519

The output pose satisfies at least the following constraint(s).
pos1 (Type = Positional)
 
Constraint(s) matched for ligand       14, pose   2271
Score =     -2.195
Emodel =    -15.258

The output pose satisfies at least the following constraint(s).
pos1 (Type = Positional)
 
Constraint(s) matched for ligand       14, pose   2194
Score =     -2.271
Emodel =    -13.627

The output pose satisfies at least the following constraint(s).
pos1 (Type = Positional)
 
Constraint(s) matched for ligand       14, pose   1752
Score =     -1.858
Emodel =    -12.192

The output pose satisfies at least the following constraint(s).
pos1 (Type = Positional)
 
Constraint(s) matched for ligand       14, pose   1449
Score =     -1.546
Emodel =     -7.856

The output pose satisfies at least the following constraint(s).
pos1 (Type = Positional)
 
Constraint(s) matched for ligand       14, pose   4349
Score =     -1.356
Emodel =     -6.053

The output pose satisfies at least the following constraint(s).
pos1 (Type = Positional)
 
DOCKING RESULTS FOR LIGAND       14 (SGS phenyl)
Lowest Efinal =    -36.96 Eint=      5.19 GlideScore =     -5.87, from pose  3080, conf    12, lig       14
Best Emodel =    -41.62 E =    -36.96 Eint =     5.19 GlideScore =     -5.87  from pose  3080, conf    12, lig       14
 Beginning DOCK subtask QUIT                                                    
 dock time  user:      238.99  system:        2.04  elapse:      241.52

 ---------------------------------
 Beginning IMPACT task: CREA
 Beginning CREATE subtask BUIL                                                  
 Beginning CREATE subtask BUIL                                                  
%IMPACT-I(foldmain): calling OPLS_2005 atomtyping ...
%IMPACT-I(foldmain): finished parameter assignment
 Beginning CREATE subtask QUIT                                                  

 ---------------------------------
 Beginning IMPACT task: DOCK
 Beginning DOCK subtask LIGA                                                    
 Beginning DOCK subtask SCRE                                                    
 Beginning DOCK subtask PARA                                                    
 Beginning DOCK subtask CONF                                                    
     Energy parameters obtained from atomtyping: 
  
 ** Entering Conformation Generator ** 
  
 Number of rotatable bonds            3
 Using templates for ring conformations.
 Core rotatable bonds, max cores            3        1000
 confgen time  user:        1.51  system:        0.14  elapse:        1.57
 Beginning DOCK subtask RUN                                                     
 Beginning DOCK subtask QUIT                                                    
 dock time  user:      239.62  system:        2.05  elapse:      242.16

 ---------------------------------
 Beginning IMPACT task: DOCK
 Beginning DOCK subtask SMOO                                                    
 Beginning DOCK subtask LIGA                                                    
 Beginning DOCK subtask SCRE                                                    
 Beginning DOCK subtask PARA                                                    
 Beginning DOCK subtask MINI                                                    
 Beginning DOCK subtask SCOR                                                    
 Beginning DOCK subtask REPO                                                    
 Beginning DOCK subtask RUN                                                     
 
Pose 4939 Emodel =  -44.53 original =  -26.30 E =  -39.28 GlideScore =   -6.06
 
Constraint(s) matched for ligand       15, pose   4939
Score =     -6.061
Emodel =    -44.527

The output pose satisfies at least the following constraint(s).
pos1 (Type = Positional)
 
Constraint(s) matched for ligand       15, pose   4245
Score =     -6.049
Emodel =    -38.143

The output pose satisfies at least the following constraint(s).
pos1 (Type = Positional)
 
Constraint(s) matched for ligand       15, pose   4933
Score =     -5.738
Emodel =    -35.988

The output pose satisfies at least the following constraint(s).
pos1 (Type = Positional)
 
Constraint(s) matched for ligand       15, pose   3614
Score =     -2.436
Emodel =    -21.959

The output pose satisfies at least the following constraint(s).
pos1 (Type = Positional)
 
Constraint(s) matched for ligand       15, pose   4013
Score =     -2.240
Emodel =    -16.431

The output pose satisfies at least the following constraint(s).
pos1 (Type = Positional)
 
Constraint(s) matched for ligand       15, pose   3646
Score =     -2.048
Emodel =    -14.369

The output pose satisfies at least the following constraint(s).
pos1 (Type = Positional)
 
Constraint(s) matched for ligand       15, pose   4591
Score =     -2.211
Emodel =    -14.344

The output pose satisfies at least the following constraint(s).
pos1 (Type = Positional)
 
Constraint(s) matched for ligand       15, pose   3389
Score =     -1.820
Emodel =    -14.058

The output pose satisfies at least the following constraint(s).
pos1 (Type = Positional)
 
Constraint(s) matched for ligand       15, pose   4263
Score =     -1.647
Emodel =    -10.351

The output pose satisfies at least the following constraint(s).
pos1 (Type = Positional)
 
DOCKING RESULTS FOR LIGAND       15 (SGS phenyl)
Lowest Efinal =    -39.28 Eint=      4.64 GlideScore =     -6.06, from pose  4939, conf     5, lig       15
Best Emodel =    -44.53 E =    -39.28 Eint =     4.64 GlideScore =     -6.06  from pose  4939, conf     5, lig       15
 Beginning DOCK subtask QUIT                                                    
 dock time  user:      256.61  system:        2.19  elapse:      259.33

 ---------------------------------
 Beginning IMPACT task: CREA
 Beginning CREATE subtask BUIL                                                  
 Beginning CREATE subtask BUIL                                                  
%IMPACT-I(foldmain): calling OPLS_2005 atomtyping ...
%IMPACT-I(foldmain): finished parameter assignment
 Beginning CREATE subtask QUIT                                                  

 ---------------------------------
 Beginning IMPACT task: DOCK
 Beginning DOCK subtask LIGA                                                    
 Beginning DOCK subtask SCRE                                                    
 Beginning DOCK subtask PARA                                                    
 Beginning DOCK subtask CONF                                                    
     Energy parameters obtained from atomtyping: 
  
 ** Entering Conformation Generator ** 
  
 Number of rotatable bonds            3
 Using templates for ring conformations.
 Core rotatable bonds, max cores            3        1000
 confgen time  user:        1.61  system:        0.15  elapse:        1.69
 Beginning DOCK subtask RUN                                                     
 Beginning DOCK subtask QUIT                                                    
 dock time  user:      257.20  system:        2.20  elapse:      259.93

 ---------------------------------
 Beginning IMPACT task: DOCK
 Beginning DOCK subtask SMOO                                                    
 Beginning DOCK subtask LIGA                                                    
 Beginning DOCK subtask SCRE                                                    
 Beginning DOCK subtask PARA                                                    
 Beginning DOCK subtask MINI                                                    
 Beginning DOCK subtask SCOR                                                    
 Beginning DOCK subtask REPO                                                    
 Beginning DOCK subtask RUN                                                     
 
Pose 2107 Emodel =  -42.86 original =  -33.55 E =  -36.60 GlideScore =   -5.92
 
Constraint(s) matched for ligand       16, pose   2107
Score =     -5.921
Emodel =    -42.855

The output pose satisfies at least the following constraint(s).
pos1 (Type = Positional)
 
Constraint(s) matched for ligand       16, pose    247
Score =     -5.774
Emodel =    -36.110

The output pose satisfies at least the following constraint(s).
pos1 (Type = Positional)
 
Constraint(s) matched for ligand       16, pose    783
Score =     -2.384
Emodel =    -21.829

The output pose satisfies at least the following constraint(s).
pos1 (Type = Positional)
 
Constraint(s) matched for ligand       16, pose   2045
Score =     -2.251
Emodel =    -16.030

The output pose satisfies at least the following constraint(s).
pos1 (Type = Positional)
 
Constraint(s) matched for ligand       16, pose   3900
Score =     -2.085
Emodel =    -14.946

The output pose satisfies at least the following constraint(s).
pos1 (Type = Positional)
 
Constraint(s) matched for ligand       16, pose   1197
Score =     -1.829
Emodel =    -13.925

The output pose satisfies at least the following constraint(s).
pos1 (Type = Positional)
 
Constraint(s) matched for ligand       16, pose   1280
Score =     -1.864
Emodel =    -12.839

The output pose satisfies at least the following constraint(s).
pos1 (Type = Positional)
 
Constraint(s) matched for ligand       16, pose   4379
Score =     -1.825
Emodel =    -12.838

The output pose satisfies at least the following constraint(s).
pos1 (Type = Positional)
 
Constraint(s) matched for ligand       16, pose   1344
Score =     -1.411
Emodel =     -7.186

The output pose satisfies at least the following constraint(s).
pos1 (Type = Positional)
 
Constraint(s) matched for ligand       16, pose   3931
Score =     -1.266
Emodel =     -6.023

The output pose satisfies at least the following constraint(s).
pos1 (Type = Positional)
 
DOCKING RESULTS FOR LIGAND       16 (SGS phenyl)
Lowest Efinal =    -36.60 Eint=      3.98 GlideScore =     -5.92, from pose  2107, conf     7, lig       16
Best Emodel =    -42.86 E =    -36.60 Eint =     3.98 GlideScore =     -5.92  from pose  2107, conf     7, lig       16
 Beginning DOCK subtask QUIT                                                    
 dock time  user:      273.89  system:        2.34  elapse:      276.81

 ---------------------------------
 Beginning IMPACT task: CREA
 Beginning CREATE subtask BUIL                                                  
 Beginning CREATE subtask QUIT                                                  
 END OF LIGAND FILE: Subjob00001--DockLigand1-in.maegz
 Proceeding with final processing of ligands.

 ---------------------------------
 Beginning IMPACT task: DOCK
 Beginning DOCK subtask PARA                                                    
 Beginning DOCK subtask REPO                                                    
 Beginning DOCK subtask RUN                                                     
 Beginning DOCK subtask QUIT                                                    
 dock time  user:      273.89  system:        2.35  elapse:      277.36

 ---------------------------------
 Beginning IMPACT task: :ABO

 ---------------------------------
 Beginning IMPACT task: END 
%IMPACT-I (memstat): Temporary storage statistics
                     real*8:      10561188
                     integer*4:    6747621
                     char*4:         10467
%IMPACT-I (memstat): Total dynamics storage was    111.52 MB
 Exiting IMPACT execution environment 
 Date: Friday, January 16 2015, at 12:22:12 EST
%IMPACT-I (timit): Total CPU time =     277.68 seconds (   4.6 minutes)
