 Entering IMPACT execution environment 
 Date: Friday, January 16 2015, at 12:08:11 EST
 ---------------------------------------------------------------------------
 Glide version 65013
 mmshare version        28013
 Copyright (c) Schrodinger, LLC.
 All Rights Reserved.

 For hardware platform Linux-x86_64.openmpi
 Compiled on: Fri Nov 7 18:58:43 EST 2014
 Host: Linux gpu-1-8.local 2.6.32-358.18.1.el6.x86_64 #1 SMP Wed Aug 28 17:19:38 UTC 2013 x86_64
 Job Name: Subjob00001--DockLigand0.glidetmp1482
 SCHRODINGER  directory: /cbio/jclab/share/schrodinger/schrodinger2014-4
 IMPACT_EXEC  directory: /cbio/jclab/share/schrodinger/schrodinger2014-4/impact-v65013/bin/Linux-x86_64
 MMSHARE_EXEC directory: /cbio/jclab/share/schrodinger/schrodinger2014-4/mmshare-v28013/bin/Linux-x86_64

 This software contains material that is a copyrighted
 work of, and that is licensed from, Rutgers,
 the State University of New Jersey.

 This software is provided under license and may be 
 used, copied, transmitted, and stored only in accordance
 with the terms and conditions of that license.
 ---------------------------------------------------------------------------

 Job title:        "Subjob00001--DockLigand0"
 Main output file: Subjob00001--DockLigand0.out

                             - Input command file -
 ---------------------------------------------------------------------------
write file -
"Subjob00001--DockLigand0.out" -
      title -
"Subjob00001--DockLigand0" *

PUT 0 INTO 'buildcheck'
PUT 1 INTO 'startlig'
PUT 0 INTO 'endlig'
PUT -1 INTO 'strucseq'

SET FFIELD OPLS_2005

DOCK
  smooth anneal 2
  ligand multiple maxat 300 maxrot 50 -
   ligvdwscale factor 0.800000 ccut 0.150000
  receptor rdiel readzip -
"Subjob00001--CreateGrid-out" -
  constraints  loosedock 2 featurefile -
"Subjob00001--DockLigand0.feat" -
   consname -
"Subjob00001--CreateGrid-out.cons"
  screen  readscreen -
"Subjob00001--CreateGrid-out.save" -
   greedy readgreed -
"Subjob00001--CreateGrid-out_greedy.save" -
   maxkeep 5000 scorecut 100.000000
  parameter setup save   maxconf 1000
  final glidescore
  report setup nreport 0   -
   external file -
"Subjob00001--DockLigand0_raw.maegz" -
   norecep -
   maxperlig 10 rmspose 0.500000 delpose 1.300000 epik
  run
QUIT

PUT 'startlig' INTO 'strucseq'
CREATE
  build primary name lig type auto maxat 300 -
   read maestro file -
"Subjob00001--DockLigand0-in.maegz" -
   gotostruct 'startlig' skip_recep
IF 'buildcheck' LT 0
QUIT
  IF 'buildcheck' EQ -1
    ECHO "END OF LIGAND FILE: Subjob00001--DockLigand0-in.maegz"
  ENDIF
  IF 'buildcheck' EQ -2
     ECHO "ERROR READING LIGAND FILE: Subjob00001--DockLigand0-in.maegz"
  ENDIF
    ECHO "No ligands read; aborting."
    GOTO ABORT
ELSE
  build types name lig
QUIT
ENDIF

PUT 'startlig' INTO 'i'
WHILE ('endlig' LT 1 OR 'i' LE 'endlig')

DOCK
  ligand name lig
  screen
  parameter save
  confgen  torsion amide penal name lig -
   ecut 12.000000
  run
QUIT

DOCK
  smooth anneal 2
  ligand keep
  screen noscore refine maxref 400
  parameter save
  minimize flex itmax 100 dielco 2.000000 -
   postdock 10 ligmin pmitmax 500
  scoring ecvdw 0.000000 hbfilt 0.000000 metalfilt 10.000000 gscorecut 100.000000
  report collect -
   rmspose 0.500000 delpose 1.300000
  run
QUIT
IF ('i' EQ 'endlig')
  ECHO "FINISHED REQUESTED RANGE IN LIGAND FILE: Subjob00001--DockLigand0-in.maegz"
ECHO "Proceeding with final processing of ligands."
  GOTO BREAK
ENDIF

PUT 'i' + 1 INTO 'strucseq'
CREATE
  build primary check name lig type auto maxat 300 -
   read maestro file -
"Subjob00001--DockLigand0-in.maegz" -
   nextstruct

IF 'buildcheck' LT 0
QUIT
  IF 'buildcheck' EQ -1
    ECHO "END OF LIGAND FILE: Subjob00001--DockLigand0-in.maegz"
  ENDIF
  IF 'buildcheck' EQ -2
     ECHO "ERROR READING LIGAND FILE: Subjob00001--DockLigand0-in.maegz"
  ENDIF
ECHO "Proceeding with final processing of ligands."
  GOTO BREAK
ELSE
  build types name lig
QUIT
ENDIF

PUT 'i' + 1 INTO 'i'
ENDWHILE
:BREAK

DOCK
  parameter clean final
  report -
   rmspose 0.500000 delpose 1.300000  write filename -
"Subjob00001--DockLigand0"
  run
QUIT
:ABORT

END
 ---------------------------------------------------------------------------

                             - End of input file -


 ---------------------------------
 Beginning IMPACT task: DOCK
 Beginning DOCK subtask SMOO                                                    
 Beginning DOCK subtask LIGA                                                    
 VdW radii of ligand atoms scaled by   0.800000000000000     
 Charge cutoff for polarity   0.150000000000000     
 Beginning DOCK subtask RECE                                                    
 Beginning DOCK subtask SCRE                                                    
 Beginning DOCK subtask PARA                                                    
 Beginning DOCK subtask FINA                                                    
 Beginning DOCK subtask REPO                                                    
 Beginning DOCK subtask RUN                                                     

GLIDE CONSTRAINTS APPLIED
-------------------------
  1 out of   1 constraints used from file "grid.1518/Subjob00001--CreateGrid-out.cons"
Labels and receptor types of constraints used are:
pos1 (Positional)

All docked poses must satisfy the specified number of
constraints in ALL of the following  1 groups.
Group   1: At least  1 of (pos1)


Rough-score grid dimensions = (   25,    25,    25).
 Set up rough-score grid with dimensions(   25,    25,    25), spacing=    1.0
  125 acceptable sites for ligand center.
 Finished setting up rough-score screening.
 Getting receptor data ...
%IMPACT-I (xdrrd): File grid.1518/Subjob00001--CreateGrid-out.grd opened for reading
 Energy grid dimensions = (   64,    64,    64).
%IMPACT-I (xdrrd): File grid.1518/Subjob00001--CreateGrid-out_coul2.fld opened for reading
%IMPACT-I (xdrrd): File grid.1518/Subjob00001--CreateGrid-out_vdw.fld opened for reading
%IMPACT-I (xdrrd): File grid.1518/Subjob00001--CreateGrid-out.gsc opened for reading
 Finished setting up grids.
 Beginning DOCK subtask QUIT                                                    
 dock time  user:        1.17  system:        0.09  elapse:        1.27

 ---------------------------------
 Beginning IMPACT task: CREA
 Beginning CREATE subtask BUIL                                                  
 Beginning CREATE subtask BUIL                                                  
%IMPACT-I(foldmain): calling OPLS_2005 atomtyping ...
%IMPACT-I(foldmain): finished parameter assignment
 Beginning CREATE subtask QUIT                                                  

 ---------------------------------
 Beginning IMPACT task: DOCK
 Beginning DOCK subtask LIGA                                                    
 Beginning DOCK subtask SCRE                                                    
 Beginning DOCK subtask PARA                                                    
 Beginning DOCK subtask CONF                                                    
     Energy parameters obtained from atomtyping: 
  
 ** Entering Conformation Generator ** 
  
  
  Penalizing non-planar amide torsions 
  
 Number of rotatable bonds            3
 Using templates for ring conformations.
 Total ring / N-inversion conformations     2
 Core rotatable bonds, max cores            3        1000
 confgen time  user:        0.11  system:        0.02  elapse:        0.15
 Beginning DOCK subtask RUN                                                     
 Beginning DOCK subtask QUIT                                                    
 dock time  user:        2.71  system:        0.13  elapse:        2.89

 ---------------------------------
 Beginning IMPACT task: DOCK
 Beginning DOCK subtask SMOO                                                    
 Beginning DOCK subtask LIGA                                                    
 Beginning DOCK subtask SCRE                                                    
 Beginning DOCK subtask PARA                                                    
 Beginning DOCK subtask MINI                                                    
 Beginning DOCK subtask SCOR                                                    

GlideScore version SP5.0 will be used

  
 Buried polar penalty      0.000
 Coulomb vdW cutoff        0.000
 H bond cutoff             0.000
 Metal-ligand cutoff      10.000
%IMPACT-I (info): At line  78
 %IMPACT-I: Assigning GlideScore SP5.0 parameters
 Beginning DOCK subtask REPO                                                    
 Beginning DOCK subtask RUN                                                     
Postdocking minimization:  10 poses; CvdW cutoffs   100.0 kcal/mol for min,     0.0 kcal/mol for report.
 
Pose 2232 Emodel =  -41.81 original =  -29.62 E =  -37.13 GlideScore =   -5.64
 
Constraint(s) matched for ligand        1, pose   2232
Score =     -5.640
Emodel =    -41.810

The output pose satisfies at least the following constraint(s).
pos1 (Type = Positional)
 
Constraint(s) matched for ligand        1, pose    277
Score =     -5.746
Emodel =    -37.662

The output pose satisfies at least the following constraint(s).
pos1 (Type = Positional)
 
Constraint(s) matched for ligand        1, pose    742
Score =     -5.513
Emodel =    -35.606

The output pose satisfies at least the following constraint(s).
pos1 (Type = Positional)
 
Constraint(s) matched for ligand        1, pose   4051
Score =     -2.027
Emodel =    -14.542

The output pose satisfies at least the following constraint(s).
pos1 (Type = Positional)
 
Constraint(s) matched for ligand        1, pose   4319
Score =     -1.667
Emodel =    -13.033

The output pose satisfies at least the following constraint(s).
pos1 (Type = Positional)
 
Constraint(s) matched for ligand        1, pose   3530
Score =     -1.522
Emodel =    -11.765

The output pose satisfies at least the following constraint(s).
pos1 (Type = Positional)
 
Constraint(s) matched for ligand        1, pose   2492
Score =     -1.320
Emodel =     -3.978

The output pose satisfies at least the following constraint(s).
pos1 (Type = Positional)
 
DOCKING RESULTS FOR LIGAND        1 (SGS phenyl)
Lowest Efinal =    -37.13 Eint=      4.94 GlideScore =     -5.64, from pose  2232, conf    10, lig        1
Best Emodel =    -41.81 E =    -37.13 Eint =     4.94 GlideScore =     -5.64  from pose  2232, conf    10, lig        1
 Beginning DOCK subtask QUIT                                                    
 dock time  user:       18.83  system:        0.29  elapse:       19.21

 ---------------------------------
 Beginning IMPACT task: CREA
 Beginning CREATE subtask BUIL                                                  
 Beginning CREATE subtask BUIL                                                  
%IMPACT-I(foldmain): calling OPLS_2005 atomtyping ...
%IMPACT-I(foldmain): finished parameter assignment
 Beginning CREATE subtask QUIT                                                  

 ---------------------------------
 Beginning IMPACT task: DOCK
 Beginning DOCK subtask LIGA                                                    
 Beginning DOCK subtask SCRE                                                    
 Beginning DOCK subtask PARA                                                    
 Beginning DOCK subtask CONF                                                    
     Energy parameters obtained from atomtyping: 
  
 ** Entering Conformation Generator ** 
  
 Number of rotatable bonds            3
 Using templates for ring conformations.
 Total ring / N-inversion conformations     2
 Core rotatable bonds, max cores            3        1000
 confgen time  user:        0.20  system:        0.03  elapse:        0.25
 Beginning DOCK subtask RUN                                                     
 Beginning DOCK subtask QUIT                                                    
 dock time  user:       20.39  system:        0.30  elapse:       20.78

 ---------------------------------
 Beginning IMPACT task: DOCK
 Beginning DOCK subtask SMOO                                                    
 Beginning DOCK subtask LIGA                                                    
 Beginning DOCK subtask SCRE                                                    
 Beginning DOCK subtask PARA                                                    
 Beginning DOCK subtask MINI                                                    
 Beginning DOCK subtask SCOR                                                    
 Beginning DOCK subtask REPO                                                    
 Beginning DOCK subtask RUN                                                     
 
Pose  534 Emodel =  -39.28 original =  -31.43 E =  -34.02 GlideScore =   -5.47
 
Constraint(s) matched for ligand        2, pose    534
Score =     -5.465
Emodel =    -39.281

The output pose satisfies at least the following constraint(s).
pos1 (Type = Positional)
 
Constraint(s) matched for ligand        2, pose   3841
Score =     -5.746
Emodel =    -37.584

The output pose satisfies at least the following constraint(s).
pos1 (Type = Positional)
 
Constraint(s) matched for ligand        2, pose   2523
Score =     -5.520
Emodel =    -36.007

The output pose satisfies at least the following constraint(s).
pos1 (Type = Positional)
 
Constraint(s) matched for ligand        2, pose    252
Score =     -5.055
Emodel =    -30.655

The output pose satisfies at least the following constraint(s).
pos1 (Type = Positional)
 
Constraint(s) matched for ligand        2, pose   4855
Score =     -5.329
Emodel =    -25.403

The output pose satisfies at least the following constraint(s).
pos1 (Type = Positional)
 
Constraint(s) matched for ligand        2, pose   4816
Score =     -1.671
Emodel =    -10.976

The output pose satisfies at least the following constraint(s).
pos1 (Type = Positional)
 
Constraint(s) matched for ligand        2, pose   2760
Score =     -1.430
Emodel =     -4.475

The output pose satisfies at least the following constraint(s).
pos1 (Type = Positional)
 
Constraint(s) matched for ligand        2, pose   4772
Score =     -1.479
Emodel =     -3.354

The output pose satisfies at least the following constraint(s).
pos1 (Type = Positional)
 
DOCKING RESULTS FOR LIGAND        2 (SGS phenyl)
Lowest Efinal =    -34.02 Eint=      3.86 GlideScore =     -5.47, from pose   534, conf     7, lig        2
Best Emodel =    -39.28 E =    -34.02 Eint =     3.86 GlideScore =     -5.47  from pose   534, conf     7, lig        2
 Beginning DOCK subtask QUIT                                                    
 dock time  user:       35.90  system:        0.43  elapse:       36.45

 ---------------------------------
 Beginning IMPACT task: CREA
 Beginning CREATE subtask BUIL                                                  
 Beginning CREATE subtask BUIL                                                  
%IMPACT-I(foldmain): calling OPLS_2005 atomtyping ...
%IMPACT-I(foldmain): finished parameter assignment
 Beginning CREATE subtask QUIT                                                  

 ---------------------------------
 Beginning IMPACT task: DOCK
 Beginning DOCK subtask LIGA                                                    
 Beginning DOCK subtask SCRE                                                    
 Beginning DOCK subtask PARA                                                    
 Beginning DOCK subtask CONF                                                    
     Energy parameters obtained from atomtyping: 
  
 ** Entering Conformation Generator ** 
  
 Number of rotatable bonds            3
 Using templates for ring conformations.
 Total ring / N-inversion conformations     2
 Core rotatable bonds, max cores            3        1000
 confgen time  user:        0.31  system:        0.04  elapse:        0.37
 Beginning DOCK subtask RUN                                                     
 Beginning DOCK subtask QUIT                                                    
 dock time  user:       37.30  system:        0.44  elapse:       37.86

 ---------------------------------
 Beginning IMPACT task: DOCK
 Beginning DOCK subtask SMOO                                                    
 Beginning DOCK subtask LIGA                                                    
 Beginning DOCK subtask SCRE                                                    
 Beginning DOCK subtask PARA                                                    
 Beginning DOCK subtask MINI                                                    
 Beginning DOCK subtask SCOR                                                    
 Beginning DOCK subtask REPO                                                    
 Beginning DOCK subtask RUN                                                     
 
Pose  191 Emodel =  -37.89 original =  -25.29 E =  -34.83 GlideScore =   -5.57
 
Constraint(s) matched for ligand        3, pose    191
Score =     -5.568
Emodel =    -37.892

The output pose satisfies at least the following constraint(s).
pos1 (Type = Positional)
 
Constraint(s) matched for ligand        3, pose    238
Score =     -5.465
Emodel =    -34.359

The output pose satisfies at least the following constraint(s).
pos1 (Type = Positional)
 
Constraint(s) matched for ligand        3, pose    977
Score =     -2.067
Emodel =    -19.221

The output pose satisfies at least the following constraint(s).
pos1 (Type = Positional)
 
Constraint(s) matched for ligand        3, pose   2968
Score =     -1.760
Emodel =    -16.366

The output pose satisfies at least the following constraint(s).
pos1 (Type = Positional)
 
Constraint(s) matched for ligand        3, pose   4517
Score =     -1.605
Emodel =    -14.222

The output pose satisfies at least the following constraint(s).
pos1 (Type = Positional)
 
Constraint(s) matched for ligand        3, pose   2459
Score =     -1.786
Emodel =    -13.809

The output pose satisfies at least the following constraint(s).
pos1 (Type = Positional)
 
Constraint(s) matched for ligand        3, pose   4461
Score =     -1.779
Emodel =    -12.609

The output pose satisfies at least the following constraint(s).
pos1 (Type = Positional)
 
Constraint(s) matched for ligand        3, pose    574
Score =     -1.467
Emodel =    -11.146

The output pose satisfies at least the following constraint(s).
pos1 (Type = Positional)
 
Constraint(s) matched for ligand        3, pose    101
Score =     -1.363
Emodel =    -10.035

The output pose satisfies at least the following constraint(s).
pos1 (Type = Positional)
 
DOCKING RESULTS FOR LIGAND        3 (SGS phenyl)
Lowest Efinal =    -34.83 Eint=      6.48 GlideScore =     -5.57, from pose   191, conf    13, lig        3
Best Emodel =    -37.89 E =    -34.83 Eint =     6.48 GlideScore =     -5.57  from pose   191, conf    13, lig        3
 Beginning DOCK subtask QUIT                                                    
 dock time  user:       54.13  system:        0.58  elapse:       54.87

 ---------------------------------
 Beginning IMPACT task: CREA
 Beginning CREATE subtask BUIL                                                  
 Beginning CREATE subtask BUIL                                                  
%IMPACT-I(foldmain): calling OPLS_2005 atomtyping ...
%IMPACT-I(foldmain): finished parameter assignment
 Beginning CREATE subtask QUIT                                                  

 ---------------------------------
 Beginning IMPACT task: DOCK
 Beginning DOCK subtask LIGA                                                    
 Beginning DOCK subtask SCRE                                                    
 Beginning DOCK subtask PARA                                                    
 Beginning DOCK subtask CONF                                                    
     Energy parameters obtained from atomtyping: 
  
 ** Entering Conformation Generator ** 
  
 Number of rotatable bonds            3
 Using templates for ring conformations.
 Total ring / N-inversion conformations     2
 Core rotatable bonds, max cores            3        1000
 confgen time  user:        0.42  system:        0.05  elapse:        0.48
 Beginning DOCK subtask RUN                                                     
 Beginning DOCK subtask QUIT                                                    
 dock time  user:       55.72  system:        0.59  elapse:       56.47

 ---------------------------------
 Beginning IMPACT task: DOCK
 Beginning DOCK subtask SMOO                                                    
 Beginning DOCK subtask LIGA                                                    
 Beginning DOCK subtask SCRE                                                    
 Beginning DOCK subtask PARA                                                    
 Beginning DOCK subtask MINI                                                    
 Beginning DOCK subtask SCOR                                                    
 Beginning DOCK subtask REPO                                                    
 Beginning DOCK subtask RUN                                                     
 
Pose 1276 Emodel =  -36.57 original =  -25.08 E =  -34.02 GlideScore =   -5.46
 
Constraint(s) matched for ligand        4, pose   1276
Score =     -5.459
Emodel =    -36.575

The output pose satisfies at least the following constraint(s).
pos1 (Type = Positional)
 
Constraint(s) matched for ligand        4, pose    507
Score =     -5.569
Emodel =    -34.946

The output pose satisfies at least the following constraint(s).
pos1 (Type = Positional)
 
Constraint(s) matched for ligand        4, pose   1873
Score =     -1.603
Emodel =    -14.059

The output pose satisfies at least the following constraint(s).
pos1 (Type = Positional)
 
Constraint(s) matched for ligand        4, pose   3170
Score =     -1.757
Emodel =    -13.494

The output pose satisfies at least the following constraint(s).
pos1 (Type = Positional)
 
Constraint(s) matched for ligand        4, pose    843
Score =     -1.565
Emodel =    -12.491

The output pose satisfies at least the following constraint(s).
pos1 (Type = Positional)
 
Constraint(s) matched for ligand        4, pose   2543
Score =     -1.515
Emodel =    -10.692

The output pose satisfies at least the following constraint(s).
pos1 (Type = Positional)
 
Constraint(s) matched for ligand        4, pose   4721
Score =     -1.486
Emodel =    -10.661

The output pose satisfies at least the following constraint(s).
pos1 (Type = Positional)
 
Constraint(s) matched for ligand        4, pose   3986
Score =     -1.331
Emodel =     -9.178

The output pose satisfies at least the following constraint(s).
pos1 (Type = Positional)
 
DOCKING RESULTS FOR LIGAND        4 (SGS phenyl)
Lowest Efinal =    -34.02 Eint=      7.33 GlideScore =     -5.46, from pose  1276, conf    13, lig        4
Best Emodel =    -36.57 E =    -34.02 Eint =     7.33 GlideScore =     -5.46  from pose  1276, conf    13, lig        4
 Beginning DOCK subtask QUIT                                                    
 dock time  user:       72.17  system:        0.74  elapse:       73.11

 ---------------------------------
 Beginning IMPACT task: CREA
 Beginning CREATE subtask BUIL                                                  
 Beginning CREATE subtask BUIL                                                  
%IMPACT-I(foldmain): calling OPLS_2005 atomtyping ...
%IMPACT-I(foldmain): finished parameter assignment
 Beginning CREATE subtask QUIT                                                  

 ---------------------------------
 Beginning IMPACT task: DOCK
 Beginning DOCK subtask LIGA                                                    
 Beginning DOCK subtask SCRE                                                    
 Beginning DOCK subtask PARA                                                    
 Beginning DOCK subtask CONF                                                    
     Energy parameters obtained from atomtyping: 
  
 ** Entering Conformation Generator ** 
  
 Number of rotatable bonds            3
 Using templates for ring conformations.
 Total ring / N-inversion conformations     2
 Core rotatable bonds, max cores            3        1000
 confgen time  user:        0.52  system:        0.06  elapse:        0.59
 Beginning DOCK subtask RUN                                                     
 Beginning DOCK subtask QUIT                                                    
 dock time  user:       73.24  system:        0.75  elapse:       74.19

 ---------------------------------
 Beginning IMPACT task: DOCK
 Beginning DOCK subtask SMOO                                                    
 Beginning DOCK subtask LIGA                                                    
 Beginning DOCK subtask SCRE                                                    
 Beginning DOCK subtask PARA                                                    
 Beginning DOCK subtask MINI                                                    
 Beginning DOCK subtask SCOR                                                    
 Beginning DOCK subtask REPO                                                    
 Beginning DOCK subtask RUN                                                     
 
Pose 3289 Emodel =  -41.62 original =  -31.53 E =  -36.56 GlideScore =   -5.66
 
Constraint(s) matched for ligand        5, pose   3289
Score =     -5.659
Emodel =    -41.624

The output pose satisfies at least the following constraint(s).
pos1 (Type = Positional)
 
Constraint(s) matched for ligand        5, pose   2074
Score =     -5.744
Emodel =    -37.910

The output pose satisfies at least the following constraint(s).
pos1 (Type = Positional)
 
Constraint(s) matched for ligand        5, pose    332
Score =     -5.522
Emodel =    -36.290

The output pose satisfies at least the following constraint(s).
pos1 (Type = Positional)
 
Constraint(s) matched for ligand        5, pose   2404
Score =     -5.054
Emodel =    -31.797

The output pose satisfies at least the following constraint(s).
pos1 (Type = Positional)
 
Constraint(s) matched for ligand        5, pose   3354
Score =     -1.582
Emodel =    -12.831

The output pose satisfies at least the following constraint(s).
pos1 (Type = Positional)
 
Constraint(s) matched for ligand        5, pose   2584
Score =     -1.344
Emodel =     -9.776

The output pose satisfies at least the following constraint(s).
pos1 (Type = Positional)
 
Constraint(s) matched for ligand        5, pose   2952
Score =     -0.986
Emodel =     -5.496

The output pose satisfies at least the following constraint(s).
pos1 (Type = Positional)
 
Constraint(s) matched for ligand        5, pose   2830
Score =     -1.351
Emodel =     -4.086

The output pose satisfies at least the following constraint(s).
pos1 (Type = Positional)
 
Constraint(s) matched for ligand        5, pose   2798
Score =     -0.784
Emodel =     -2.799

The output pose satisfies at least the following constraint(s).
pos1 (Type = Positional)
 
DOCKING RESULTS FOR LIGAND        5 (SGS phenyl)
Lowest Efinal =    -36.56 Eint=      5.14 GlideScore =     -5.66, from pose  3289, conf     9, lig        5
Best Emodel =    -41.62 E =    -36.56 Eint =     5.14 GlideScore =     -5.66  from pose  3289, conf     9, lig        5
 Beginning DOCK subtask QUIT                                                    
 dock time  user:       88.86  system:        0.91  elapse:       90.01

 ---------------------------------
 Beginning IMPACT task: CREA
 Beginning CREATE subtask BUIL                                                  
 Beginning CREATE subtask BUIL                                                  
%IMPACT-I(foldmain): calling OPLS_2005 atomtyping ...
%IMPACT-I(foldmain): finished parameter assignment
 Beginning CREATE subtask QUIT                                                  

 ---------------------------------
 Beginning IMPACT task: DOCK
 Beginning DOCK subtask LIGA                                                    
 Beginning DOCK subtask SCRE                                                    
 Beginning DOCK subtask PARA                                                    
 Beginning DOCK subtask CONF                                                    
     Energy parameters obtained from atomtyping: 
  
 ** Entering Conformation Generator ** 
  
 Number of rotatable bonds            3
 Using templates for ring conformations.
 Total ring / N-inversion conformations     2
 Core rotatable bonds, max cores            3        1000
 confgen time  user:        0.63  system:        0.07  elapse:        0.70
 Beginning DOCK subtask RUN                                                     
 Beginning DOCK subtask QUIT                                                    
 dock time  user:       90.25  system:        0.92  elapse:       91.40

 ---------------------------------
 Beginning IMPACT task: DOCK
 Beginning DOCK subtask SMOO                                                    
 Beginning DOCK subtask LIGA                                                    
 Beginning DOCK subtask SCRE                                                    
 Beginning DOCK subtask PARA                                                    
 Beginning DOCK subtask MINI                                                    
 Beginning DOCK subtask SCOR                                                    
 Beginning DOCK subtask REPO                                                    
 Beginning DOCK subtask RUN                                                     
 
Pose  137 Emodel =  -39.73 original =  -21.30 E =  -36.73 GlideScore =   -5.64
 
Constraint(s) matched for ligand        6, pose    137
Score =     -5.640
Emodel =    -39.729

The output pose satisfies at least the following constraint(s).
pos1 (Type = Positional)
 
Constraint(s) matched for ligand        6, pose   2451
Score =     -5.670
Emodel =    -32.870

The output pose satisfies at least the following constraint(s).
pos1 (Type = Positional)
 
Constraint(s) matched for ligand        6, pose   1430
Score =     -5.322
Emodel =    -30.261

The output pose satisfies at least the following constraint(s).
pos1 (Type = Positional)
 
Constraint(s) matched for ligand        6, pose   3556
Score =     -1.594
Emodel =    -11.808

The output pose satisfies at least the following constraint(s).
pos1 (Type = Positional)
 
Constraint(s) matched for ligand        6, pose   1574
Score =     -1.676
Emodel =     -9.943

The output pose satisfies at least the following constraint(s).
pos1 (Type = Positional)
 
Constraint(s) matched for ligand        6, pose   3279
Score =     -1.465
Emodel =     -9.315

The output pose satisfies at least the following constraint(s).
pos1 (Type = Positional)
 
Constraint(s) matched for ligand        6, pose   4268
Score =  10000.000
Emodel =   9636.138

The output pose satisfies at least the following constraint(s).
pos1 (Type = Positional)
 
Constraint(s) matched for ligand        6, pose   2535
Score =  10000.000
Emodel =   9637.127

The output pose satisfies at least the following constraint(s).
pos1 (Type = Positional)
 
DOCKING RESULTS FOR LIGAND        6 (SGS phenyl)
Lowest Efinal =    -36.73 Eint=      4.88 GlideScore =     -5.64, from pose   137, conf     8, lig        6
Best Emodel =    -39.73 E =    -36.73 Eint =     4.88 GlideScore =     -5.64  from pose   137, conf     8, lig        6
 Beginning DOCK subtask QUIT                                                    
 dock time  user:      106.09  system:        1.06  elapse:      107.42

 ---------------------------------
 Beginning IMPACT task: CREA
 Beginning CREATE subtask BUIL                                                  
 Beginning CREATE subtask BUIL                                                  
%IMPACT-I(foldmain): calling OPLS_2005 atomtyping ...
%IMPACT-I(foldmain): finished parameter assignment
 Beginning CREATE subtask QUIT                                                  

 ---------------------------------
 Beginning IMPACT task: DOCK
 Beginning DOCK subtask LIGA                                                    
 Beginning DOCK subtask SCRE                                                    
 Beginning DOCK subtask PARA                                                    
 Beginning DOCK subtask CONF                                                    
     Energy parameters obtained from atomtyping: 
  
 ** Entering Conformation Generator ** 
  
 Number of rotatable bonds            3
 Using templates for ring conformations.
 Total ring / N-inversion conformations     2
 Core rotatable bonds, max cores            3        1000
 confgen time  user:        0.75  system:        0.08  elapse:        0.82
 Beginning DOCK subtask RUN                                                     
 Beginning DOCK subtask QUIT                                                    
 dock time  user:      107.39  system:        1.07  elapse:      108.73

 ---------------------------------
 Beginning IMPACT task: DOCK
 Beginning DOCK subtask SMOO                                                    
 Beginning DOCK subtask LIGA                                                    
 Beginning DOCK subtask SCRE                                                    
 Beginning DOCK subtask PARA                                                    
 Beginning DOCK subtask MINI                                                    
 Beginning DOCK subtask SCOR                                                    
 Beginning DOCK subtask REPO                                                    
 Beginning DOCK subtask RUN                                                     
 
Pose 1930 Emodel =  -40.70 original =  -26.17 E =  -36.50 GlideScore =   -5.66
 
Constraint(s) matched for ligand        7, pose   1930
Score =     -5.658
Emodel =    -40.700

The output pose satisfies at least the following constraint(s).
pos1 (Type = Positional)
 
Constraint(s) matched for ligand        7, pose    985
Score =     -5.134
Emodel =    -31.618

The output pose satisfies at least the following constraint(s).
pos1 (Type = Positional)
 
Constraint(s) matched for ligand        7, pose   4187
Score =     -5.222
Emodel =    -30.168

The output pose satisfies at least the following constraint(s).
pos1 (Type = Positional)
 
Constraint(s) matched for ligand        7, pose   3355
Score =     -1.742
Emodel =    -13.844

The output pose satisfies at least the following constraint(s).
pos1 (Type = Positional)
 
Constraint(s) matched for ligand        7, pose   2578
Score =     -1.965
Emodel =    -13.582

The output pose satisfies at least the following constraint(s).
pos1 (Type = Positional)
 
Constraint(s) matched for ligand        7, pose   4886
Score =     -1.508
Emodel =    -11.054

The output pose satisfies at least the following constraint(s).
pos1 (Type = Positional)
 
Constraint(s) matched for ligand        7, pose    832
Score =     -1.711
Emodel =     -9.996

The output pose satisfies at least the following constraint(s).
pos1 (Type = Positional)
 
Constraint(s) matched for ligand        7, pose   3382
Score =     -1.150
Emodel =     -6.721

The output pose satisfies at least the following constraint(s).
pos1 (Type = Positional)
 
Constraint(s) matched for ligand        7, pose   2980
Score =     -1.477
Emodel =     -4.351

The output pose satisfies at least the following constraint(s).
pos1 (Type = Positional)
 
Constraint(s) matched for ligand        7, pose   1729
Score =     -1.313
Emodel =     -3.488

The output pose satisfies at least the following constraint(s).
pos1 (Type = Positional)
 
DOCKING RESULTS FOR LIGAND        7 (SGS phenyl)
Lowest Efinal =    -36.50 Eint=      4.32 GlideScore =     -5.66, from pose  1930, conf     1, lig        7
Best Emodel =    -40.70 E =    -36.50 Eint =     4.32 GlideScore =     -5.66  from pose  1930, conf     1, lig        7
 Beginning DOCK subtask QUIT                                                    
 dock time  user:      123.35  system:        1.23  elapse:      126.03

 ---------------------------------
 Beginning IMPACT task: CREA
 Beginning CREATE subtask BUIL                                                  
 Beginning CREATE subtask BUIL                                                  
%IMPACT-I(foldmain): calling OPLS_2005 atomtyping ...
%IMPACT-I(foldmain): finished parameter assignment
 Beginning CREATE subtask QUIT                                                  

 ---------------------------------
 Beginning IMPACT task: DOCK
 Beginning DOCK subtask LIGA                                                    
 Beginning DOCK subtask SCRE                                                    
 Beginning DOCK subtask PARA                                                    
 Beginning DOCK subtask CONF                                                    
     Energy parameters obtained from atomtyping: 
  
 ** Entering Conformation Generator ** 
  
 Number of rotatable bonds            3
 Using templates for ring conformations.
 Total ring / N-inversion conformations     2
 Core rotatable bonds, max cores            3        1000
 confgen time  user:        0.87  system:        0.09  elapse:        0.93
 Beginning DOCK subtask RUN                                                     
 Beginning DOCK subtask QUIT                                                    
 dock time  user:      125.02  system:        1.24  elapse:      127.70

 ---------------------------------
 Beginning IMPACT task: DOCK
 Beginning DOCK subtask SMOO                                                    
 Beginning DOCK subtask LIGA                                                    
 Beginning DOCK subtask SCRE                                                    
 Beginning DOCK subtask PARA                                                    
 Beginning DOCK subtask MINI                                                    
 Beginning DOCK subtask SCOR                                                    
 Beginning DOCK subtask REPO                                                    
 Beginning DOCK subtask RUN                                                     
 
Pose 4667 Emodel =  -41.39 original =  -27.72 E =  -36.60 GlideScore =   -5.66
 
Constraint(s) matched for ligand        8, pose   4667
Score =     -5.663
Emodel =    -41.394

The output pose satisfies at least the following constraint(s).
pos1 (Type = Positional)
 
Constraint(s) matched for ligand        8, pose   3754
Score =     -5.486
Emodel =    -34.871

The output pose satisfies at least the following constraint(s).
pos1 (Type = Positional)
 
Constraint(s) matched for ligand        8, pose    669
Score =     -2.109
Emodel =    -19.940

The output pose satisfies at least the following constraint(s).
pos1 (Type = Positional)
 
Constraint(s) matched for ligand        8, pose   1769
Score =     -2.062
Emodel =    -18.385

The output pose satisfies at least the following constraint(s).
pos1 (Type = Positional)
 
Constraint(s) matched for ligand        8, pose    851
Score =     -1.706
Emodel =    -15.757

The output pose satisfies at least the following constraint(s).
pos1 (Type = Positional)
 
Constraint(s) matched for ligand        8, pose   1092
Score =     -1.551
Emodel =    -12.394

The output pose satisfies at least the following constraint(s).
pos1 (Type = Positional)
 
Constraint(s) matched for ligand        8, pose   4466
Score =     -1.739
Emodel =    -12.299

The output pose satisfies at least the following constraint(s).
pos1 (Type = Positional)
 
Constraint(s) matched for ligand        8, pose   4212
Score =     -1.361
Emodel =     -9.366

The output pose satisfies at least the following constraint(s).
pos1 (Type = Positional)
 
DOCKING RESULTS FOR LIGAND        8 (SGS phenyl)
Lowest Efinal =    -36.60 Eint=      3.65 GlideScore =     -5.66, from pose  4667, conf    14, lig        8
Best Emodel =    -41.39 E =    -36.60 Eint =     3.65 GlideScore =     -5.66  from pose  4667, conf    14, lig        8
 Beginning DOCK subtask QUIT                                                    
 dock time  user:      141.65  system:        1.40  elapse:      144.53

 ---------------------------------
 Beginning IMPACT task: CREA
 Beginning CREATE subtask BUIL                                                  
 Beginning CREATE subtask BUIL                                                  
%IMPACT-I(foldmain): calling OPLS_2005 atomtyping ...
%IMPACT-I(foldmain): finished parameter assignment
 Beginning CREATE subtask QUIT                                                  

 ---------------------------------
 Beginning IMPACT task: DOCK
 Beginning DOCK subtask LIGA                                                    
 Beginning DOCK subtask SCRE                                                    
 Beginning DOCK subtask PARA                                                    
 Beginning DOCK subtask CONF                                                    
     Energy parameters obtained from atomtyping: 
  
 ** Entering Conformation Generator ** 
  
 Number of rotatable bonds            3
 Using templates for ring conformations.
 Core rotatable bonds, max cores            3        1000
 confgen time  user:        0.97  system:        0.09  elapse:        1.04
 Beginning DOCK subtask RUN                                                     
 Beginning DOCK subtask QUIT                                                    
 dock time  user:      142.31  system:        1.40  elapse:      145.20

 ---------------------------------
 Beginning IMPACT task: DOCK
 Beginning DOCK subtask SMOO                                                    
 Beginning DOCK subtask LIGA                                                    
 Beginning DOCK subtask SCRE                                                    
 Beginning DOCK subtask PARA                                                    
 Beginning DOCK subtask MINI                                                    
 Beginning DOCK subtask SCOR                                                    
 Beginning DOCK subtask REPO                                                    
 Beginning DOCK subtask RUN                                                     
 
Pose 2772 Emodel =  -45.24 original =  -30.64 E =  -39.36 GlideScore =   -6.07
 
Constraint(s) matched for ligand        9, pose   2772
Score =     -6.066
Emodel =    -45.236

The output pose satisfies at least the following constraint(s).
pos1 (Type = Positional)
 
Constraint(s) matched for ligand        9, pose    914
Score =     -5.943
Emodel =    -38.631

The output pose satisfies at least the following constraint(s).
pos1 (Type = Positional)
 
Constraint(s) matched for ligand        9, pose   4572
Score =     -2.609
Emodel =    -22.606

The output pose satisfies at least the following constraint(s).
pos1 (Type = Positional)
 
Constraint(s) matched for ligand        9, pose   1483
Score =     -2.456
Emodel =    -22.515

The output pose satisfies at least the following constraint(s).
pos1 (Type = Positional)
 
Constraint(s) matched for ligand        9, pose   2945
Score =     -2.617
Emodel =    -21.512

The output pose satisfies at least the following constraint(s).
pos1 (Type = Positional)
 
Constraint(s) matched for ligand        9, pose   3349
Score =     -1.846
Emodel =    -13.947

The output pose satisfies at least the following constraint(s).
pos1 (Type = Positional)
 
Constraint(s) matched for ligand        9, pose   4344
Score =     -1.577
Emodel =    -11.451

The output pose satisfies at least the following constraint(s).
pos1 (Type = Positional)
 
Constraint(s) matched for ligand        9, pose   2066
Score =     -1.736
Emodel =     -9.173

The output pose satisfies at least the following constraint(s).
pos1 (Type = Positional)
 
Constraint(s) matched for ligand        9, pose   4208
Score =     -1.150
Emodel =     -8.436

The output pose satisfies at least the following constraint(s).
pos1 (Type = Positional)
 
Constraint(s) matched for ligand        9, pose    269
Score =     -1.508
Emodel =     -6.915

The output pose satisfies at least the following constraint(s).
pos1 (Type = Positional)
 
DOCKING RESULTS FOR LIGAND        9 (SGS phenyl)
Lowest Efinal =    -39.36 Eint=      4.49 GlideScore =     -6.07, from pose  2772, conf     7, lig        9
Best Emodel =    -45.24 E =    -39.36 Eint =     4.49 GlideScore =     -6.07  from pose  2772, conf     7, lig        9
 Beginning DOCK subtask QUIT                                                    
 dock time  user:      159.52  system:        1.56  elapse:      162.60

 ---------------------------------
 Beginning IMPACT task: CREA
 Beginning CREATE subtask BUIL                                                  
 Beginning CREATE subtask BUIL                                                  
%IMPACT-I(foldmain): calling OPLS_2005 atomtyping ...
%IMPACT-I(foldmain): finished parameter assignment
 Beginning CREATE subtask QUIT                                                  

 ---------------------------------
 Beginning IMPACT task: DOCK
 Beginning DOCK subtask LIGA                                                    
 Beginning DOCK subtask SCRE                                                    
 Beginning DOCK subtask PARA                                                    
 Beginning DOCK subtask CONF                                                    
     Energy parameters obtained from atomtyping: 
  
 ** Entering Conformation Generator ** 
  
 Number of rotatable bonds            3
 Using templates for ring conformations.
 Core rotatable bonds, max cores            3        1000
 confgen time  user:        1.06  system:        0.09  elapse:        1.13
 Beginning DOCK subtask RUN                                                     
 Beginning DOCK subtask QUIT                                                    
 dock time  user:      160.17  system:        1.56  elapse:      163.25

 ---------------------------------
 Beginning IMPACT task: DOCK
 Beginning DOCK subtask SMOO                                                    
 Beginning DOCK subtask LIGA                                                    
 Beginning DOCK subtask SCRE                                                    
 Beginning DOCK subtask PARA                                                    
 Beginning DOCK subtask MINI                                                    
 Beginning DOCK subtask SCOR                                                    
 Beginning DOCK subtask REPO                                                    
 Beginning DOCK subtask RUN                                                     
 
Pose 2514 Emodel =  -45.12 original =  -30.29 E =  -39.28 GlideScore =   -6.06
 
Constraint(s) matched for ligand       10, pose   2514
Score =     -6.063
Emodel =    -45.118

The output pose satisfies at least the following constraint(s).
pos1 (Type = Positional)
 
Constraint(s) matched for ligand       10, pose    494
Score =     -5.947
Emodel =    -38.933

The output pose satisfies at least the following constraint(s).
pos1 (Type = Positional)
 
Constraint(s) matched for ligand       10, pose    281
Score =     -2.633
Emodel =    -22.489

The output pose satisfies at least the following constraint(s).
pos1 (Type = Positional)
 
Constraint(s) matched for ligand       10, pose   1337
Score =     -2.447
Emodel =    -22.469

The output pose satisfies at least the following constraint(s).
pos1 (Type = Positional)
 
Constraint(s) matched for ligand       10, pose   1817
Score =     -2.595
Emodel =    -21.590

The output pose satisfies at least the following constraint(s).
pos1 (Type = Positional)
 
Constraint(s) matched for ligand       10, pose    923
Score =     -1.864
Emodel =    -13.582

The output pose satisfies at least the following constraint(s).
pos1 (Type = Positional)
 
Constraint(s) matched for ligand       10, pose   4373
Score =     -1.863
Emodel =    -13.198

The output pose satisfies at least the following constraint(s).
pos1 (Type = Positional)
 
Constraint(s) matched for ligand       10, pose   3706
Score =     -1.585
Emodel =    -11.479

The output pose satisfies at least the following constraint(s).
pos1 (Type = Positional)
 
Constraint(s) matched for ligand       10, pose   4160
Score =     -1.090
Emodel =     -7.724

The output pose satisfies at least the following constraint(s).
pos1 (Type = Positional)
 
Constraint(s) matched for ligand       10, pose   2035
Score =     -2.033
Emodel =     -6.932

The output pose satisfies at least the following constraint(s).
pos1 (Type = Positional)
 
DOCKING RESULTS FOR LIGAND       10 (SGS phenyl)
Lowest Efinal =    -39.28 Eint=      4.55 GlideScore =     -6.06, from pose  2514, conf    15, lig       10
Best Emodel =    -45.12 E =    -39.28 Eint =     4.55 GlideScore =     -6.06  from pose  2514, conf    15, lig       10
 Beginning DOCK subtask QUIT                                                    
 dock time  user:      177.50  system:        1.72  elapse:      181.86

 ---------------------------------
 Beginning IMPACT task: CREA
 Beginning CREATE subtask BUIL                                                  
 Beginning CREATE subtask BUIL                                                  
%IMPACT-I(foldmain): calling OPLS_2005 atomtyping ...
%IMPACT-I(foldmain): finished parameter assignment
 Beginning CREATE subtask QUIT                                                  

 ---------------------------------
 Beginning IMPACT task: DOCK
 Beginning DOCK subtask LIGA                                                    
 Beginning DOCK subtask SCRE                                                    
 Beginning DOCK subtask PARA                                                    
 Beginning DOCK subtask CONF                                                    
     Energy parameters obtained from atomtyping: 
  
 ** Entering Conformation Generator ** 
  
 Number of rotatable bonds            3
 Using templates for ring conformations.
 Core rotatable bonds, max cores            3        1000
 confgen time  user:        1.17  system:        0.09  elapse:        1.24
 Beginning DOCK subtask RUN                                                     
 Beginning DOCK subtask QUIT                                                    
 dock time  user:      178.20  system:        1.72  elapse:      182.57

 ---------------------------------
 Beginning IMPACT task: DOCK
 Beginning DOCK subtask SMOO                                                    
 Beginning DOCK subtask LIGA                                                    
 Beginning DOCK subtask SCRE                                                    
 Beginning DOCK subtask PARA                                                    
 Beginning DOCK subtask MINI                                                    
 Beginning DOCK subtask SCOR                                                    
 Beginning DOCK subtask REPO                                                    
 Beginning DOCK subtask RUN                                                     
 
Pose 1031 Emodel =  -35.15 original =  -24.34 E =  -28.59 GlideScore =   -5.76
Pose 3294 Emodel =  -38.70 original =  -16.23 E =  -32.04 GlideScore =   -6.03
 
Constraint(s) matched for ligand       11, pose   3294
Score =     -6.033
Emodel =    -38.703

The output pose satisfies at least the following constraint(s).
pos1 (Type = Positional)
 
Constraint(s) matched for ligand       11, pose   1031
Score =     -5.757
Emodel =    -35.150

The output pose satisfies at least the following constraint(s).
pos1 (Type = Positional)
 
Constraint(s) matched for ligand       11, pose   4306
Score =     -2.622
Emodel =    -20.609

The output pose satisfies at least the following constraint(s).
pos1 (Type = Positional)
 
Constraint(s) matched for ligand       11, pose   3901
Score =     -2.455
Emodel =    -19.627

The output pose satisfies at least the following constraint(s).
pos1 (Type = Positional)
 
Constraint(s) matched for ligand       11, pose    843
Score =     -2.513
Emodel =    -18.467

The output pose satisfies at least the following constraint(s).
pos1 (Type = Positional)
 
Constraint(s) matched for ligand       11, pose   1723
Score =     -2.329
Emodel =    -17.579

The output pose satisfies at least the following constraint(s).
pos1 (Type = Positional)
 
Constraint(s) matched for ligand       11, pose   3213
Score =     -2.129
Emodel =    -14.318

The output pose satisfies at least the following constraint(s).
pos1 (Type = Positional)
 
Constraint(s) matched for ligand       11, pose   4992
Score =     -1.594
Emodel =     -9.421

The output pose satisfies at least the following constraint(s).
pos1 (Type = Positional)
 
Constraint(s) matched for ligand       11, pose   1213
Score =     -1.637
Emodel =     -6.346

The output pose satisfies at least the following constraint(s).
pos1 (Type = Positional)
 
Constraint(s) matched for ligand       11, pose   3493
Score =     -1.989
Emodel =     -6.148

The output pose satisfies at least the following constraint(s).
pos1 (Type = Positional)
 
DOCKING RESULTS FOR LIGAND       11 (SGS phenyl)
Lowest Efinal =    -32.04 Eint=      1.91 GlideScore =     -6.03, from pose  3294, conf     2, lig       11
Best Emodel =    -38.70 E =    -32.04 Eint =     1.91 GlideScore =     -6.03  from pose  3294, conf     2, lig       11
 Beginning DOCK subtask QUIT                                                    
 dock time  user:      195.33  system:        1.90  elapse:      199.92

 ---------------------------------
 Beginning IMPACT task: CREA
 Beginning CREATE subtask BUIL                                                  
 Beginning CREATE subtask BUIL                                                  
%IMPACT-I(foldmain): calling OPLS_2005 atomtyping ...
%IMPACT-I(foldmain): finished parameter assignment
 Beginning CREATE subtask QUIT                                                  

 ---------------------------------
 Beginning IMPACT task: DOCK
 Beginning DOCK subtask LIGA                                                    
 Beginning DOCK subtask SCRE                                                    
 Beginning DOCK subtask PARA                                                    
 Beginning DOCK subtask CONF                                                    
     Energy parameters obtained from atomtyping: 
  
 ** Entering Conformation Generator ** 
  
 Number of rotatable bonds            3
 Using templates for ring conformations.
 Core rotatable bonds, max cores            3        1000
 confgen time  user:        1.25  system:        0.10  elapse:        1.34
 Beginning DOCK subtask RUN                                                     
 Beginning DOCK subtask QUIT                                                    
 dock time  user:      195.90  system:        1.91  elapse:      200.51

 ---------------------------------
 Beginning IMPACT task: DOCK
 Beginning DOCK subtask SMOO                                                    
 Beginning DOCK subtask LIGA                                                    
 Beginning DOCK subtask SCRE                                                    
 Beginning DOCK subtask PARA                                                    
 Beginning DOCK subtask MINI                                                    
 Beginning DOCK subtask SCOR                                                    
 Beginning DOCK subtask REPO                                                    
 Beginning DOCK subtask RUN                                                     
 
Pose  547 Emodel =  -43.07 original =  -31.30 E =  -36.95 GlideScore =   -5.93
 
Constraint(s) matched for ligand       12, pose    547
Score =     -5.929
Emodel =    -43.070

The output pose satisfies at least the following constraint(s).
pos1 (Type = Positional)
 
Constraint(s) matched for ligand       12, pose   1293
Score =     -6.101
Emodel =    -38.484

The output pose satisfies at least the following constraint(s).
pos1 (Type = Positional)
 
Constraint(s) matched for ligand       12, pose   3524
Score =     -5.697
Emodel =    -35.335

The output pose satisfies at least the following constraint(s).
pos1 (Type = Positional)
 
Constraint(s) matched for ligand       12, pose   2911
Score =     -2.517
Emodel =    -22.891

The output pose satisfies at least the following constraint(s).
pos1 (Type = Positional)
 
Constraint(s) matched for ligand       12, pose   3899
Score =     -2.459
Emodel =    -22.525

The output pose satisfies at least the following constraint(s).
pos1 (Type = Positional)
 
Constraint(s) matched for ligand       12, pose    126
Score =     -2.617
Emodel =    -22.248

The output pose satisfies at least the following constraint(s).
pos1 (Type = Positional)
 
Constraint(s) matched for ligand       12, pose   4117
Score =     -1.577
Emodel =    -11.525

The output pose satisfies at least the following constraint(s).
pos1 (Type = Positional)
 
Constraint(s) matched for ligand       12, pose   4342
Score =     -1.115
Emodel =     -7.517

The output pose satisfies at least the following constraint(s).
pos1 (Type = Positional)
 
Constraint(s) matched for ligand       12, pose   3996
Score =     -1.392
Emodel =     -5.408

The output pose satisfies at least the following constraint(s).
pos1 (Type = Positional)
 
DOCKING RESULTS FOR LIGAND       12 (SGS phenyl)
Lowest Efinal =    -36.95 Eint=      3.64 GlideScore =     -5.93, from pose   547, conf    11, lig       12
Best Emodel =    -43.07 E =    -36.95 Eint =     3.64 GlideScore =     -5.93  from pose   547, conf    11, lig       12
 Beginning DOCK subtask QUIT                                                    
 dock time  user:      212.80  system:        2.07  elapse:      217.61

 ---------------------------------
 Beginning IMPACT task: CREA
 Beginning CREATE subtask BUIL                                                  
 Beginning CREATE subtask BUIL                                                  
%IMPACT-I(foldmain): calling OPLS_2005 atomtyping ...
%IMPACT-I(foldmain): finished parameter assignment
 Beginning CREATE subtask QUIT                                                  

 ---------------------------------
 Beginning IMPACT task: DOCK
 Beginning DOCK subtask LIGA                                                    
 Beginning DOCK subtask SCRE                                                    
 Beginning DOCK subtask PARA                                                    
 Beginning DOCK subtask CONF                                                    
     Energy parameters obtained from atomtyping: 
  
 ** Entering Conformation Generator ** 
  
 Number of rotatable bonds            3
 Using templates for ring conformations.
 Core rotatable bonds, max cores            3        1000
 confgen time  user:        1.33  system:        0.11  elapse:        1.43
 Beginning DOCK subtask RUN                                                     
 Beginning DOCK subtask QUIT                                                    
 dock time  user:      213.45  system:        2.08  elapse:      218.26

 ---------------------------------
 Beginning IMPACT task: DOCK
 Beginning DOCK subtask SMOO                                                    
 Beginning DOCK subtask LIGA                                                    
 Beginning DOCK subtask SCRE                                                    
 Beginning DOCK subtask PARA                                                    
 Beginning DOCK subtask MINI                                                    
 Beginning DOCK subtask SCOR                                                    
 Beginning DOCK subtask REPO                                                    
 Beginning DOCK subtask RUN                                                     
 
Pose 4043 Emodel =  -42.60 original =  -34.38 E =  -36.58 GlideScore =   -5.90
 
Constraint(s) matched for ligand       13, pose   4043
Score =     -5.900
Emodel =    -42.596

The output pose satisfies at least the following constraint(s).
pos1 (Type = Positional)
 
Constraint(s) matched for ligand       13, pose   1757
Score =     -5.953
Emodel =    -39.774

The output pose satisfies at least the following constraint(s).
pos1 (Type = Positional)
 
Constraint(s) matched for ligand       13, pose   4473
Score =     -2.574
Emodel =    -21.655

The output pose satisfies at least the following constraint(s).
pos1 (Type = Positional)
 
Constraint(s) matched for ligand       13, pose   2328
Score =     -2.378
Emodel =    -20.360

The output pose satisfies at least the following constraint(s).
pos1 (Type = Positional)
 
Constraint(s) matched for ligand       13, pose   1375
Score =     -2.513
Emodel =    -20.312

The output pose satisfies at least the following constraint(s).
pos1 (Type = Positional)
 
Constraint(s) matched for ligand       13, pose   2984
Score =     -1.578
Emodel =    -10.372

The output pose satisfies at least the following constraint(s).
pos1 (Type = Positional)
 
Constraint(s) matched for ligand       13, pose   4707
Score =     -1.899
Emodel =     -8.969

The output pose satisfies at least the following constraint(s).
pos1 (Type = Positional)
 
Constraint(s) matched for ligand       13, pose   4189
Score =     -1.474
Emodel =     -4.414

The output pose satisfies at least the following constraint(s).
pos1 (Type = Positional)
 
DOCKING RESULTS FOR LIGAND       13 (SGS phenyl)
Lowest Efinal =    -36.58 Eint=      5.13 GlideScore =     -5.90, from pose  4043, conf     3, lig       13
Best Emodel =    -42.60 E =    -36.58 Eint =     5.13 GlideScore =     -5.90  from pose  4043, conf     3, lig       13
 Beginning DOCK subtask QUIT                                                    
 dock time  user:      229.49  system:        2.23  elapse:      234.49

 ---------------------------------
 Beginning IMPACT task: CREA
 Beginning CREATE subtask BUIL                                                  
 Beginning CREATE subtask BUIL                                                  
%IMPACT-I(foldmain): calling OPLS_2005 atomtyping ...
%IMPACT-I(foldmain): finished parameter assignment
 Beginning CREATE subtask QUIT                                                  

 ---------------------------------
 Beginning IMPACT task: DOCK
 Beginning DOCK subtask LIGA                                                    
 Beginning DOCK subtask SCRE                                                    
 Beginning DOCK subtask PARA                                                    
 Beginning DOCK subtask CONF                                                    
     Energy parameters obtained from atomtyping: 
  
 ** Entering Conformation Generator ** 
  
 Number of rotatable bonds            3
 Using templates for ring conformations.
 Core rotatable bonds, max cores            3        1000
 confgen time  user:        1.41  system:        0.12  elapse:        1.52
 Beginning DOCK subtask RUN                                                     
 Beginning DOCK subtask QUIT                                                    
 dock time  user:      230.10  system:        2.24  elapse:      235.11

 ---------------------------------
 Beginning IMPACT task: DOCK
 Beginning DOCK subtask SMOO                                                    
 Beginning DOCK subtask LIGA                                                    
 Beginning DOCK subtask SCRE                                                    
 Beginning DOCK subtask PARA                                                    
 Beginning DOCK subtask MINI                                                    
 Beginning DOCK subtask SCOR                                                    
 Beginning DOCK subtask REPO                                                    
 Beginning DOCK subtask RUN                                                     
 
Pose 3080 Emodel =  -41.98 original =  -27.21 E =  -36.96 GlideScore =   -5.87
 
Constraint(s) matched for ligand       14, pose   3080
Score =     -5.869
Emodel =    -41.982

The output pose satisfies at least the following constraint(s).
pos1 (Type = Positional)
 
Constraint(s) matched for ligand       14, pose   3184
Score =     -5.947
Emodel =    -39.937

The output pose satisfies at least the following constraint(s).
pos1 (Type = Positional)
 
Constraint(s) matched for ligand       14, pose   1340
Score =     -5.768
Emodel =    -27.180

The output pose satisfies at least the following constraint(s).
pos1 (Type = Positional)
 
Constraint(s) matched for ligand       14, pose   4371
Score =     -2.551
Emodel =    -21.425

The output pose satisfies at least the following constraint(s).
pos1 (Type = Positional)
 
Constraint(s) matched for ligand       14, pose   4868
Score =     -2.396
Emodel =    -21.214

The output pose satisfies at least the following constraint(s).
pos1 (Type = Positional)
 
Constraint(s) matched for ligand       14, pose   2222
Score =     -2.097
Emodel =    -12.275

The output pose satisfies at least the following constraint(s).
pos1 (Type = Positional)
 
Constraint(s) matched for ligand       14, pose   4423
Score =     -1.601
Emodel =     -6.624

The output pose satisfies at least the following constraint(s).
pos1 (Type = Positional)
 
Constraint(s) matched for ligand       14, pose   1335
Score =     -4.976
Emodel =     -4.009

The output pose satisfies at least the following constraint(s).
pos1 (Type = Positional)
 
Constraint(s) matched for ligand       14, pose   4288
Score =     -1.435
Emodel =     -1.341

The output pose satisfies at least the following constraint(s).
pos1 (Type = Positional)
 
DOCKING RESULTS FOR LIGAND       14 (SGS phenyl)
Lowest Efinal =    -36.96 Eint=      5.19 GlideScore =     -5.87, from pose  3080, conf    12, lig       14
Best Emodel =    -41.98 E =    -36.96 Eint =     5.19 GlideScore =     -5.87  from pose  3080, conf    12, lig       14
 Beginning DOCK subtask QUIT                                                    
 dock time  user:      247.19  system:        2.38  elapse:      252.38

 ---------------------------------
 Beginning IMPACT task: CREA
 Beginning CREATE subtask BUIL                                                  
 Beginning CREATE subtask BUIL                                                  
%IMPACT-I(foldmain): calling OPLS_2005 atomtyping ...
%IMPACT-I(foldmain): finished parameter assignment
 Beginning CREATE subtask QUIT                                                  

 ---------------------------------
 Beginning IMPACT task: DOCK
 Beginning DOCK subtask LIGA                                                    
 Beginning DOCK subtask SCRE                                                    
 Beginning DOCK subtask PARA                                                    
 Beginning DOCK subtask CONF                                                    
     Energy parameters obtained from atomtyping: 
  
 ** Entering Conformation Generator ** 
  
 Number of rotatable bonds            3
 Using templates for ring conformations.
 Core rotatable bonds, max cores            3        1000
 confgen time  user:        1.50  system:        0.13  elapse:        1.61
 Beginning DOCK subtask RUN                                                     
 Beginning DOCK subtask QUIT                                                    
 dock time  user:      247.83  system:        2.39  elapse:      253.02

 ---------------------------------
 Beginning IMPACT task: DOCK
 Beginning DOCK subtask SMOO                                                    
 Beginning DOCK subtask LIGA                                                    
 Beginning DOCK subtask SCRE                                                    
 Beginning DOCK subtask PARA                                                    
 Beginning DOCK subtask MINI                                                    
 Beginning DOCK subtask SCOR                                                    
 Beginning DOCK subtask REPO                                                    
 Beginning DOCK subtask RUN                                                     
 
Pose 4939 Emodel =  -44.81 original =  -26.71 E =  -39.28 GlideScore =   -6.06
 
Constraint(s) matched for ligand       15, pose   4939
Score =     -6.061
Emodel =    -44.815

The output pose satisfies at least the following constraint(s).
pos1 (Type = Positional)
 
Constraint(s) matched for ligand       15, pose   4245
Score =     -6.049
Emodel =    -38.429

The output pose satisfies at least the following constraint(s).
pos1 (Type = Positional)
 
Constraint(s) matched for ligand       15, pose   4933
Score =     -5.738
Emodel =    -36.260

The output pose satisfies at least the following constraint(s).
pos1 (Type = Positional)
 
Constraint(s) matched for ligand       15, pose    559
Score =     -2.562
Emodel =    -21.244

The output pose satisfies at least the following constraint(s).
pos1 (Type = Positional)
 
Constraint(s) matched for ligand       15, pose   2907
Score =     -2.488
Emodel =    -17.742

The output pose satisfies at least the following constraint(s).
pos1 (Type = Positional)
 
Constraint(s) matched for ligand       15, pose   3949
Score =     -2.079
Emodel =    -13.381

The output pose satisfies at least the following constraint(s).
pos1 (Type = Positional)
 
Constraint(s) matched for ligand       15, pose   2968
Score =     -1.619
Emodel =     -9.908

The output pose satisfies at least the following constraint(s).
pos1 (Type = Positional)
 
Constraint(s) matched for ligand       15, pose   2175
Score =     -1.521
Emodel =     -6.277

The output pose satisfies at least the following constraint(s).
pos1 (Type = Positional)
 
Constraint(s) matched for ligand       15, pose   2830
Score =     -1.597
Emodel =     -5.014

The output pose satisfies at least the following constraint(s).
pos1 (Type = Positional)
 
DOCKING RESULTS FOR LIGAND       15 (SGS phenyl)
Lowest Efinal =    -39.28 Eint=      4.64 GlideScore =     -6.06, from pose  4939, conf     5, lig       15
Best Emodel =    -44.81 E =    -39.28 Eint =     4.64 GlideScore =     -6.06  from pose  4939, conf     5, lig       15
 Beginning DOCK subtask QUIT                                                    
 dock time  user:      264.94  system:        2.54  elapse:      270.54

 ---------------------------------
 Beginning IMPACT task: CREA
 Beginning CREATE subtask BUIL                                                  
 Beginning CREATE subtask BUIL                                                  
%IMPACT-I(foldmain): calling OPLS_2005 atomtyping ...
%IMPACT-I(foldmain): finished parameter assignment
 Beginning CREATE subtask QUIT                                                  

 ---------------------------------
 Beginning IMPACT task: DOCK
 Beginning DOCK subtask LIGA                                                    
 Beginning DOCK subtask SCRE                                                    
 Beginning DOCK subtask PARA                                                    
 Beginning DOCK subtask CONF                                                    
     Energy parameters obtained from atomtyping: 
  
 ** Entering Conformation Generator ** 
  
 Number of rotatable bonds            3
 Using templates for ring conformations.
 Core rotatable bonds, max cores            3        1000
 confgen time  user:        1.59  system:        0.14  elapse:        1.72
 Beginning DOCK subtask RUN                                                     
 Beginning DOCK subtask QUIT                                                    
 dock time  user:      265.57  system:        2.55  elapse:      271.22

 ---------------------------------
 Beginning IMPACT task: DOCK
 Beginning DOCK subtask SMOO                                                    
 Beginning DOCK subtask LIGA                                                    
 Beginning DOCK subtask SCRE                                                    
 Beginning DOCK subtask PARA                                                    
 Beginning DOCK subtask MINI                                                    
 Beginning DOCK subtask SCOR                                                    
 Beginning DOCK subtask REPO                                                    
 Beginning DOCK subtask RUN                                                     
 
Pose 2107 Emodel =  -42.86 original =  -33.55 E =  -36.60 GlideScore =   -5.92
 
Constraint(s) matched for ligand       16, pose   2107
Score =     -5.921
Emodel =    -42.855

The output pose satisfies at least the following constraint(s).
pos1 (Type = Positional)
 
Constraint(s) matched for ligand       16, pose    247
Score =     -5.774
Emodel =    -36.110

The output pose satisfies at least the following constraint(s).
pos1 (Type = Positional)
 
Constraint(s) matched for ligand       16, pose    197
Score =     -2.632
Emodel =    -22.936

The output pose satisfies at least the following constraint(s).
pos1 (Type = Positional)
 
Constraint(s) matched for ligand       16, pose   2603
Score =     -1.050
Emodel =     -6.403

The output pose satisfies at least the following constraint(s).
pos1 (Type = Positional)
 
Constraint(s) matched for ligand       16, pose   3366
Score =     -1.568
Emodel =     -6.257

The output pose satisfies at least the following constraint(s).
pos1 (Type = Positional)
 
Constraint(s) matched for ligand       16, pose   2938
Score =     -1.402
Emodel =     -5.257

The output pose satisfies at least the following constraint(s).
pos1 (Type = Positional)
 
Constraint(s) matched for ligand       16, pose   4825
Score =     -1.289
Emodel =     -3.812

The output pose satisfies at least the following constraint(s).
pos1 (Type = Positional)
 
Constraint(s) matched for ligand       16, pose   4380
Score =     -1.135
Emodel =     -1.454

The output pose satisfies at least the following constraint(s).
pos1 (Type = Positional)
 
DOCKING RESULTS FOR LIGAND       16 (SGS phenyl)
Lowest Efinal =    -36.60 Eint=      3.98 GlideScore =     -5.92, from pose  2107, conf     7, lig       16
Best Emodel =    -42.86 E =    -36.60 Eint =     3.98 GlideScore =     -5.92  from pose  2107, conf     7, lig       16
 Beginning DOCK subtask QUIT                                                    
 dock time  user:      282.98  system:        2.73  elapse:      289.06

 ---------------------------------
 Beginning IMPACT task: CREA
 Beginning CREATE subtask BUIL                                                  
 Beginning CREATE subtask QUIT                                                  
 END OF LIGAND FILE: Subjob00001--DockLigand0-in.maegz
 Proceeding with final processing of ligands.

 ---------------------------------
 Beginning IMPACT task: DOCK
 Beginning DOCK subtask PARA                                                    
 Beginning DOCK subtask REPO                                                    
 Beginning DOCK subtask RUN                                                     
 Beginning DOCK subtask QUIT                                                    
 dock time  user:      282.98  system:        2.73  elapse:      289.64

 ---------------------------------
 Beginning IMPACT task: :ABO

 ---------------------------------
 Beginning IMPACT task: END 
%IMPACT-I (memstat): Temporary storage statistics
                     real*8:      10561188
                     integer*4:    6747573
                     char*4:         10467
%IMPACT-I (memstat): Total dynamics storage was    111.52 MB
 Exiting IMPACT execution environment 
 Date: Friday, January 16 2015, at 12:13:02 EST
%IMPACT-I (timit): Total CPU time =     287.17 seconds (   4.8 minutes)
