----- Output (stdout) -----
[gpu-2-4.local]
%IMPACT-I (openwt): Request to open FORMATTED file Subjob00001--DockLigand0.out on unit   2
 Entering IMPACT execution environment 
 Date: Monday, January 12 2015, at 14:11:27 EST
 Glide version 65013
 mmshare version        28013
 Copyright (c) Schrodinger, LLC.
 All Rights Reserved.

 Host: Linux gpu-2-4.local 2.6.32-358.18.1.el6.x86_64 #1 SMP Wed Aug 28 17:19:38 UTC 2013 x86_64
 Job Name: Subjob00001--DockLigand0.glidetmp19905
 SCHRODINGER  directory: /cbio/jclab/share/schrodinger/schrodinger2014-4
 IMPACT_EXEC  directory: /cbio/jclab/share/schrodinger/schrodinger2014-4/impact-v65013/bin/Linux-x86_64
 MMSHARE_EXEC directory: /cbio/jclab/share/schrodinger/schrodinger2014-4/mmshare-v28013/bin/Linux-x86_64
 VdW radii of ligand atoms scaled by   0.800000000000000     
 Charge cutoff for polarity   0.150000000000000     

GLIDE CONSTRAINTS APPLIED
-------------------------
  1 out of   1 constraints used from file "grid.19928/Subjob00001--CreateGrid-out.cons"
Labels and receptor types of constraints used are:
pos1 (Positional)

All docked poses must satisfy the specified number of
constraints in ALL of the following  1 groups.
Group   1: At least  1 of (pos1)


 After readscreen, (nx, ny, nz) = (          24 ,           24 ,           24 ).
  Receptor setup: (nsites, nx, ny, nz, bsize)=(         125 ,           24 , 
          24 ,           24 ,    1.00000000000000      ).
 Screening setup finished.
 DOCKMAIN: getting receptor.
%IMPACT-I (xdrrd): File grid.19928/Subjob00001--CreateGrid-out.grd opened for reading
  DOCKMAIN after grid: (nx, ny, nz) = (          64 ,           64 , 
          64 ).
%IMPACT-I (xdrrd): File grid.19928/Subjob00001--CreateGrid-out_coul2.fld opened for reading
%IMPACT-I (xdrrd): File grid.19928/Subjob00001--CreateGrid-out_vdw.fld opened for reading
%IMPACT-I (xdrrd): File grid.19928/Subjob00001--CreateGrid-out.gsc opened for reading
 DOCKMAIN: Grid setup finished
%IMPACT-I(foldmain): calling OPLS_2005 atomtyping ...
%IMPACT-I(foldmain): finished parameter assignment
  
  Penalizing non-planar amide torsions 
  
 Number of rotatable bonds            3
 Using templates for ring conformations.

GlideScore version SP5.0 will be used

  
 Buried polar penalty      0.000
 Coulomb vdW cutoff        0.000
 H bond cutoff             0.000
 Metal-ligand cutoff      10.000
%IMPACT-I (info): At line  78
 %IMPACT-I: Assigning GlideScore SP5.0 parameters
 Checked constraints after refinement with max HB dsq =    16.0000000000000     
 After refinement, constraint filter reduced number of
 poses from         5000  to         4986 .
 Total constraint copies over all poses =         4986
Postdocking minimization:  10 poses; CvdW cutoffs   100.0 kcal/mol for min,     0.0 kcal/mol for report.
Constraint(s) matched for ligand        1, pose   1195
Score =     -4.279
Emodel =    -37.151

The output pose satisfies at least the following constraint(s).
pos1 (Type = Positional)
 
GlideScore(   -4.28)+Epik State Penalty(    0.54) =    -3.74 kcal/mol
Constraint(s) matched for ligand        1, pose   1186
Score =     -3.713
Emodel =    -36.711

The output pose satisfies at least the following constraint(s).
pos1 (Type = Positional)
 
GlideScore(   -3.71)+Epik State Penalty(    0.54) =    -3.17 kcal/mol
Constraint(s) matched for ligand        1, pose   4845
Score =     -4.325
Emodel =    -36.663

The output pose satisfies at least the following constraint(s).
pos1 (Type = Positional)
 
GlideScore(   -4.32)+Epik State Penalty(    0.54) =    -3.78 kcal/mol
Constraint(s) matched for ligand        1, pose   2909
Score =     -3.808
Emodel =    -34.847

The output pose satisfies at least the following constraint(s).
pos1 (Type = Positional)
 
GlideScore(   -3.81)+Epik State Penalty(    0.54) =    -3.27 kcal/mol
Constraint(s) matched for ligand        1, pose   2242
Score =     -4.027
Emodel =    -34.797

The output pose satisfies at least the following constraint(s).
pos1 (Type = Positional)
 
GlideScore(   -4.03)+Epik State Penalty(    0.54) =    -3.48 kcal/mol
Constraint(s) matched for ligand        1, pose   4598
Score =     -3.719
Emodel =    -32.928

The output pose satisfies at least the following constraint(s).
pos1 (Type = Positional)
 
GlideScore(   -3.72)+Epik State Penalty(    0.54) =    -3.18 kcal/mol
Constraint(s) matched for ligand        1, pose   1154
Score =     -3.639
Emodel =    -32.785

The output pose satisfies at least the following constraint(s).
pos1 (Type = Positional)
 
GlideScore(   -3.64)+Epik State Penalty(    0.54) =    -3.10 kcal/mol
Constraint(s) matched for ligand        1, pose    637
Score =     -4.029
Emodel =    -32.661

The output pose satisfies at least the following constraint(s).
pos1 (Type = Positional)
 
GlideScore(   -4.03)+Epik State Penalty(    0.54) =    -3.49 kcal/mol
DOCKING RESULTS FOR LIGAND        1 (SGS)
   Except for Best Emodel, the poses reported here
   may not satisfy the user-specified constraints.
Best Emodel=   -37.15 E=   -30.50 Eint=     1.58 GlideScore=    -4.28
%IMPACT-I(foldmain): calling OPLS_2005 atomtyping ...
%IMPACT-I(foldmain): finished parameter assignment
 Number of rotatable bonds            3
 Using templates for ring conformations.
 Checked constraints after refinement with max HB dsq =    16.0000000000000     
 After refinement, constraint filter reduced number of
 poses from         5000  to         4936 .
 Total constraint copies over all poses =         4936
Constraint(s) matched for ligand        2, pose   1995
Score =     -4.667
Emodel =    -38.562

The output pose satisfies at least the following constraint(s).
pos1 (Type = Positional)
 
GlideScore(   -4.67)+Epik State Penalty(    0.54) =    -4.12 kcal/mol
Constraint(s) matched for ligand        2, pose   3217
Score =     -3.869
Emodel =    -38.176

The output pose satisfies at least the following constraint(s).
pos1 (Type = Positional)
 
GlideScore(   -3.87)+Epik State Penalty(    0.54) =    -3.33 kcal/mol
Constraint(s) matched for ligand        2, pose   1623
Score =     -3.851
Emodel =    -37.998

The output pose satisfies at least the following constraint(s).
pos1 (Type = Positional)
 
GlideScore(   -3.85)+Epik State Penalty(    0.54) =    -3.31 kcal/mol
Constraint(s) matched for ligand        2, pose   4147
Score =     -4.334
Emodel =    -37.123

The output pose satisfies at least the following constraint(s).
pos1 (Type = Positional)
 
GlideScore(   -4.33)+Epik State Penalty(    0.54) =    -3.79 kcal/mol
Constraint(s) matched for ligand        2, pose    134
Score =     -4.457
Emodel =    -36.959

The output pose satisfies at least the following constraint(s).
pos1 (Type = Positional)
 
GlideScore(   -4.46)+Epik State Penalty(    0.54) =    -3.91 kcal/mol
Constraint(s) matched for ligand        2, pose   1785
Score =     -4.101
Emodel =    -36.026

The output pose satisfies at least the following constraint(s).
pos1 (Type = Positional)
 
GlideScore(   -4.10)+Epik State Penalty(    0.54) =    -3.56 kcal/mol
Constraint(s) matched for ligand        2, pose   4323
Score =     -4.178
Emodel =    -35.794

The output pose satisfies at least the following constraint(s).
pos1 (Type = Positional)
 
GlideScore(   -4.18)+Epik State Penalty(    0.54) =    -3.64 kcal/mol
Constraint(s) matched for ligand        2, pose   4066
Score =     -3.791
Emodel =    -34.550

The output pose satisfies at least the following constraint(s).
pos1 (Type = Positional)
 
GlideScore(   -3.79)+Epik State Penalty(    0.54) =    -3.25 kcal/mol
DOCKING RESULTS FOR LIGAND        2 (SGS)
   Except for Best Emodel, the poses reported here
   may not satisfy the user-specified constraints.
Best Emodel=   -38.56 E=   -31.77 Eint=     2.84 GlideScore=    -4.67
%IMPACT-I(foldmain): calling OPLS_2005 atomtyping ...
%IMPACT-I(foldmain): finished parameter assignment
 Number of rotatable bonds            3
 Using templates for ring conformations.
 Checked constraints after refinement with max HB dsq =    16.0000000000000     
 After refinement, constraint filter reduced number of
 poses from         5000  to         4980 .
 Total constraint copies over all poses =         4980
Constraint(s) matched for ligand        3, pose   3641
Score =     -4.684
Emodel =    -37.190

The output pose satisfies at least the following constraint(s).
pos1 (Type = Positional)
 
GlideScore(   -4.68)+Epik State Penalty(    0.54) =    -4.14 kcal/mol
Constraint(s) matched for ligand        3, pose   4059
Score =     -3.796
Emodel =    -37.094

The output pose satisfies at least the following constraint(s).
pos1 (Type = Positional)
 
GlideScore(   -3.80)+Epik State Penalty(    0.54) =    -3.25 kcal/mol
Constraint(s) matched for ligand        3, pose   4157
Score =     -3.977
Emodel =    -35.556

The output pose satisfies at least the following constraint(s).
pos1 (Type = Positional)
 
GlideScore(   -3.98)+Epik State Penalty(    0.54) =    -3.43 kcal/mol
Constraint(s) matched for ligand        3, pose   2100
Score =     -3.985
Emodel =    -35.021

The output pose satisfies at least the following constraint(s).
pos1 (Type = Positional)
 
GlideScore(   -3.98)+Epik State Penalty(    0.54) =    -3.44 kcal/mol
Constraint(s) matched for ligand        3, pose   3278
Score =     -3.832
Emodel =    -34.722

The output pose satisfies at least the following constraint(s).
pos1 (Type = Positional)
 
GlideScore(   -3.83)+Epik State Penalty(    0.54) =    -3.29 kcal/mol
Constraint(s) matched for ligand        3, pose   1368
Score =     -3.718
Emodel =    -32.966

The output pose satisfies at least the following constraint(s).
pos1 (Type = Positional)
 
GlideScore(   -3.72)+Epik State Penalty(    0.54) =    -3.18 kcal/mol
Constraint(s) matched for ligand        3, pose   2261
Score =     -4.000
Emodel =    -32.601

The output pose satisfies at least the following constraint(s).
pos1 (Type = Positional)
 
GlideScore(   -4.00)+Epik State Penalty(    0.54) =    -3.46 kcal/mol
Constraint(s) matched for ligand        3, pose   4017
Score =     -3.427
Emodel =    -32.320

The output pose satisfies at least the following constraint(s).
pos1 (Type = Positional)
 
GlideScore(   -3.43)+Epik State Penalty(    0.54) =    -2.88 kcal/mol
DOCKING RESULTS FOR LIGAND        3 (SGS)
   Except for Best Emodel, the poses reported here
   may not satisfy the user-specified constraints.
Best Emodel=   -37.19 E=   -30.50 Eint=     2.90 GlideScore=    -4.68
%IMPACT-I(foldmain): calling OPLS_2005 atomtyping ...
%IMPACT-I(foldmain): finished parameter assignment
 Number of rotatable bonds            3
 Using templates for ring conformations.
 Checked constraints after refinement with max HB dsq =    16.0000000000000     
 After refinement, constraint filter reduced number of
 poses from         5000  to         4976 .
 Total constraint copies over all poses =         4976
Constraint(s) matched for ligand        4, pose   4419
Score =     -3.845
Emodel =    -37.325

The output pose satisfies at least the following constraint(s).
pos1 (Type = Positional)
 
GlideScore(   -3.85)+Epik State Penalty(    0.54) =    -3.30 kcal/mol
Constraint(s) matched for ligand        4, pose   1307
Score =     -4.361
Emodel =    -36.944

The output pose satisfies at least the following constraint(s).
pos1 (Type = Positional)
 
GlideScore(   -4.36)+Epik State Penalty(    0.54) =    -3.82 kcal/mol
Constraint(s) matched for ligand        4, pose   2901
Score =     -4.278
Emodel =    -36.900

The output pose satisfies at least the following constraint(s).
pos1 (Type = Positional)
 
GlideScore(   -4.28)+Epik State Penalty(    0.54) =    -3.73 kcal/mol
Constraint(s) matched for ligand        4, pose   1742
Score =     -4.007
Emodel =    -34.978

The output pose satisfies at least the following constraint(s).
pos1 (Type = Positional)
 
GlideScore(   -4.01)+Epik State Penalty(    0.54) =    -3.46 kcal/mol
Constraint(s) matched for ligand        4, pose   4404
Score =     -3.709
Emodel =    -34.491

The output pose satisfies at least the following constraint(s).
pos1 (Type = Positional)
 
GlideScore(   -3.71)+Epik State Penalty(    0.54) =    -3.17 kcal/mol
Constraint(s) matched for ligand        4, pose   1612
Score =     -3.796
Emodel =    -34.221

The output pose satisfies at least the following constraint(s).
pos1 (Type = Positional)
 
GlideScore(   -3.80)+Epik State Penalty(    0.54) =    -3.25 kcal/mol
Constraint(s) matched for ligand        4, pose   1421
Score =     -4.061
Emodel =    -32.841

The output pose satisfies at least the following constraint(s).
pos1 (Type = Positional)
 
GlideScore(   -4.06)+Epik State Penalty(    0.54) =    -3.52 kcal/mol
Constraint(s) matched for ligand        4, pose     32
Score =     -3.678
Emodel =    -32.730

The output pose satisfies at least the following constraint(s).
pos1 (Type = Positional)
 
GlideScore(   -3.68)+Epik State Penalty(    0.54) =    -3.14 kcal/mol
DOCKING RESULTS FOR LIGAND        4 (SGS)
   Except for Best Emodel, the poses reported here
   may not satisfy the user-specified constraints.
Best Emodel=   -37.32 E=   -30.85 Eint=     0.61 GlideScore=    -3.85
%IMPACT-I(foldmain): calling OPLS_2005 atomtyping ...
%IMPACT-I(foldmain): finished parameter assignment
 Number of rotatable bonds            3
 Using templates for ring conformations.
 Checked constraints after refinement with max HB dsq =    16.0000000000000     
 After refinement, constraint filter reduced number of
 poses from         5000  to         4840 .
 Total constraint copies over all poses =         4840
Constraint(s) matched for ligand        5, pose   2911
Score =     -4.163
Emodel =    -38.166

The output pose satisfies at least the following constraint(s).
pos1 (Type = Positional)
 
GlideScore(   -4.16)+Epik State Penalty(    0.54) =    -3.62 kcal/mol
Constraint(s) matched for ligand        5, pose   2195
Score =     -4.284
Emodel =    -37.794

The output pose satisfies at least the following constraint(s).
pos1 (Type = Positional)
 
GlideScore(   -4.28)+Epik State Penalty(    0.54) =    -3.74 kcal/mol
Constraint(s) matched for ligand        5, pose   2780
Score =     -4.539
Emodel =    -37.439

The output pose satisfies at least the following constraint(s).
pos1 (Type = Positional)
 
GlideScore(   -4.54)+Epik State Penalty(    0.54) =    -4.00 kcal/mol
Constraint(s) matched for ligand        5, pose   4419
Score =     -4.433
Emodel =    -36.053

The output pose satisfies at least the following constraint(s).
pos1 (Type = Positional)
 
GlideScore(   -4.43)+Epik State Penalty(    0.54) =    -3.89 kcal/mol
Constraint(s) matched for ligand        5, pose   2120
Score =     -4.070
Emodel =    -35.389

The output pose satisfies at least the following constraint(s).
pos1 (Type = Positional)
 
GlideScore(   -4.07)+Epik State Penalty(    0.54) =    -3.53 kcal/mol
Constraint(s) matched for ligand        5, pose   4180
Score =     -3.994
Emodel =    -34.981

The output pose satisfies at least the following constraint(s).
pos1 (Type = Positional)
 
GlideScore(   -3.99)+Epik State Penalty(    0.54) =    -3.45 kcal/mol
DOCKING RESULTS FOR LIGAND        5 (SGS)
   Except for Best Emodel, the poses reported here
   may not satisfy the user-specified constraints.
Best Emodel=   -38.17 E=   -30.83 Eint=     0.01 GlideScore=    -4.16
%IMPACT-I(foldmain): calling OPLS_2005 atomtyping ...
%IMPACT-I(foldmain): finished parameter assignment
 Number of rotatable bonds            3
 Using templates for ring conformations.
 Checked constraints after refinement with max HB dsq =    16.0000000000000     
 After refinement, constraint filter reduced number of
 poses from         5000  to         4974 .
 Total constraint copies over all poses =         4974
Constraint(s) matched for ligand        6, pose   2802
Score =     -4.334
Emodel =    -37.371

The output pose satisfies at least the following constraint(s).
pos1 (Type = Positional)
 
GlideScore(   -4.33)+Epik State Penalty(    0.54) =    -3.79 kcal/mol
Constraint(s) matched for ligand        6, pose   1021
Score =     -4.432
Emodel =    -36.996

The output pose satisfies at least the following constraint(s).
pos1 (Type = Positional)
 
GlideScore(   -4.43)+Epik State Penalty(    0.54) =    -3.89 kcal/mol
Constraint(s) matched for ligand        6, pose   4654
Score =     -4.836
Emodel =    -36.880

The output pose satisfies at least the following constraint(s).
pos1 (Type = Positional)
 
GlideScore(   -4.84)+Epik State Penalty(    0.54) =    -4.29 kcal/mol
Constraint(s) matched for ligand        6, pose   3142
Score =     -3.764
Emodel =    -34.628

The output pose satisfies at least the following constraint(s).
pos1 (Type = Positional)
 
GlideScore(   -3.76)+Epik State Penalty(    0.54) =    -3.22 kcal/mol
Constraint(s) matched for ligand        6, pose   2443
Score =     -4.057
Emodel =    -34.564

The output pose satisfies at least the following constraint(s).
pos1 (Type = Positional)
 
GlideScore(   -4.06)+Epik State Penalty(    0.54) =    -3.51 kcal/mol
Constraint(s) matched for ligand        6, pose   3570
Score =     -3.837
Emodel =    -32.026

The output pose satisfies at least the following constraint(s).
pos1 (Type = Positional)
 
GlideScore(   -3.84)+Epik State Penalty(    0.54) =    -3.29 kcal/mol
Constraint(s) matched for ligand        6, pose   1681
Score =     -4.233
Emodel =    -31.393

The output pose satisfies at least the following constraint(s).
pos1 (Type = Positional)
 
GlideScore(   -4.23)+Epik State Penalty(    0.54) =    -3.69 kcal/mol
DOCKING RESULTS FOR LIGAND        6 (SGS)
   Except for Best Emodel, the poses reported here
   may not satisfy the user-specified constraints.
Best Emodel=   -37.37 E=   -30.15 Eint=     0.64 GlideScore=    -4.33
%IMPACT-I(foldmain): calling OPLS_2005 atomtyping ...
%IMPACT-I(foldmain): finished parameter assignment
 Number of rotatable bonds            3
 Using templates for ring conformations.
 Checked constraints after refinement with max HB dsq =    16.0000000000000     
 After refinement, constraint filter reduced number of
 poses from         5000  to         4932 .
 Total constraint copies over all poses =         4932
Constraint(s) matched for ligand        7, pose   1744
Score =     -3.853
Emodel =    -38.246

The output pose satisfies at least the following constraint(s).
pos1 (Type = Positional)
 
GlideScore(   -3.85)+Epik State Penalty(    0.54) =    -3.31 kcal/mol
Constraint(s) matched for ligand        7, pose   2737
Score =     -4.256
Emodel =    -37.705

The output pose satisfies at least the following constraint(s).
pos1 (Type = Positional)
 
GlideScore(   -4.26)+Epik State Penalty(    0.54) =    -3.71 kcal/mol
Constraint(s) matched for ligand        7, pose    210
Score =     -4.350
Emodel =    -37.117

The output pose satisfies at least the following constraint(s).
pos1 (Type = Positional)
 
GlideScore(   -4.35)+Epik State Penalty(    0.54) =    -3.81 kcal/mol
Constraint(s) matched for ligand        7, pose   1682
Score =     -4.042
Emodel =    -34.523

The output pose satisfies at least the following constraint(s).
pos1 (Type = Positional)
 
GlideScore(   -4.04)+Epik State Penalty(    0.54) =    -3.50 kcal/mol
Constraint(s) matched for ligand        7, pose   4823
Score =     -3.751
Emodel =    -34.276

The output pose satisfies at least the following constraint(s).
pos1 (Type = Positional)
 
GlideScore(   -3.75)+Epik State Penalty(    0.54) =    -3.21 kcal/mol
Constraint(s) matched for ligand        7, pose   2048
Score =     -3.561
Emodel =    -33.395

The output pose satisfies at least the following constraint(s).
pos1 (Type = Positional)
 
GlideScore(   -3.56)+Epik State Penalty(    0.54) =    -3.02 kcal/mol
Constraint(s) matched for ligand        7, pose   4772
Score =     -3.692
Emodel =    -32.607

The output pose satisfies at least the following constraint(s).
pos1 (Type = Positional)
 
GlideScore(   -3.69)+Epik State Penalty(    0.54) =    -3.15 kcal/mol
Constraint(s) matched for ligand        7, pose   4771
Score =     -3.910
Emodel =    -32.572

The output pose satisfies at least the following constraint(s).
pos1 (Type = Positional)
 
GlideScore(   -3.91)+Epik State Penalty(    0.54) =    -3.37 kcal/mol
Constraint(s) matched for ligand        7, pose   4763
Score =     -3.855
Emodel =    -32.547

The output pose satisfies at least the following constraint(s).
pos1 (Type = Positional)
 
GlideScore(   -3.85)+Epik State Penalty(    0.54) =    -3.31 kcal/mol
Constraint(s) matched for ligand        7, pose   2134
Score =     -4.158
Emodel =    -32.013

The output pose satisfies at least the following constraint(s).
pos1 (Type = Positional)
 
GlideScore(   -4.16)+Epik State Penalty(    0.54) =    -3.62 kcal/mol
DOCKING RESULTS FOR LIGAND        7 (SGS)
   Except for Best Emodel, the poses reported here
   may not satisfy the user-specified constraints.
Best Emodel=   -38.25 E=   -31.74 Eint=     0.61 GlideScore=    -3.85
%IMPACT-I(foldmain): calling OPLS_2005 atomtyping ...
%IMPACT-I(foldmain): finished parameter assignment
 Number of rotatable bonds            3
 Using templates for ring conformations.
 Checked constraints after refinement with max HB dsq =    16.0000000000000     
 After refinement, constraint filter reduced number of
 poses from         5000  to         4862 .
 Total constraint copies over all poses =         4862
Constraint(s) matched for ligand        8, pose   3053
Score =     -4.225
Emodel =    -37.311

The output pose satisfies at least the following constraint(s).
pos1 (Type = Positional)
 
GlideScore(   -4.22)+Epik State Penalty(    0.54) =    -3.68 kcal/mol
Constraint(s) matched for ligand        8, pose   1576
Score =     -4.303
Emodel =    -37.271

The output pose satisfies at least the following constraint(s).
pos1 (Type = Positional)
 
GlideScore(   -4.30)+Epik State Penalty(    0.54) =    -3.76 kcal/mol
Constraint(s) matched for ligand        8, pose   4543
Score =     -4.063
Emodel =    -35.181

The output pose satisfies at least the following constraint(s).
pos1 (Type = Positional)
 
GlideScore(   -4.06)+Epik State Penalty(    0.54) =    -3.52 kcal/mol
Constraint(s) matched for ligand        8, pose   3518
Score =     -3.805
Emodel =    -34.778

The output pose satisfies at least the following constraint(s).
pos1 (Type = Positional)
 
GlideScore(   -3.80)+Epik State Penalty(    0.54) =    -3.26 kcal/mol
Constraint(s) matched for ligand        8, pose   4096
Score =     -3.814
Emodel =    -34.378

The output pose satisfies at least the following constraint(s).
pos1 (Type = Positional)
 
GlideScore(   -3.81)+Epik State Penalty(    0.54) =    -3.27 kcal/mol
Constraint(s) matched for ligand        8, pose   4473
Score =     -3.772
Emodel =    -33.966

The output pose satisfies at least the following constraint(s).
pos1 (Type = Positional)
 
GlideScore(   -3.77)+Epik State Penalty(    0.54) =    -3.23 kcal/mol
Constraint(s) matched for ligand        8, pose   2768
Score =     -3.429
Emodel =    -32.497

The output pose satisfies at least the following constraint(s).
pos1 (Type = Positional)
 
GlideScore(   -3.43)+Epik State Penalty(    0.54) =    -2.89 kcal/mol
Constraint(s) matched for ligand        8, pose   3610
Score =     -3.482
Emodel =    -32.471

The output pose satisfies at least the following constraint(s).
pos1 (Type = Positional)
 
GlideScore(   -3.48)+Epik State Penalty(    0.54) =    -2.94 kcal/mol
Constraint(s) matched for ligand        8, pose   4507
Score =     -3.448
Emodel =    -31.715

The output pose satisfies at least the following constraint(s).
pos1 (Type = Positional)
 
GlideScore(   -3.45)+Epik State Penalty(    0.54) =    -2.91 kcal/mol
DOCKING RESULTS FOR LIGAND        8 (SGS)
   Except for Best Emodel, the poses reported here
   may not satisfy the user-specified constraints.
Best Emodel=   -37.31 E=   -30.14 Eint=     1.26 GlideScore=    -4.22
%IMPACT-I(foldmain): calling OPLS_2005 atomtyping ...
%IMPACT-I(foldmain): finished parameter assignment
 Number of rotatable bonds            3
 Using templates for ring conformations.
 Checked constraints after refinement with max HB dsq =    16.0000000000000     
 After refinement, constraint filter reduced number of
 poses from         5000  to         4982 .
 Total constraint copies over all poses =         4982
Constraint(s) matched for ligand        9, pose   4650
Score =     -3.874
Emodel =    -38.054

The output pose satisfies at least the following constraint(s).
pos1 (Type = Positional)
 
GlideScore(   -3.87)+Epik State Penalty(    0.54) =    -3.33 kcal/mol
Constraint(s) matched for ligand        9, pose   3044
Score =     -4.774
Emodel =    -37.930

The output pose satisfies at least the following constraint(s).
pos1 (Type = Positional)
 
GlideScore(   -4.77)+Epik State Penalty(    0.54) =    -4.23 kcal/mol
Constraint(s) matched for ligand        9, pose   1302
Score =     -4.273
Emodel =    -37.541

The output pose satisfies at least the following constraint(s).
pos1 (Type = Positional)
 
GlideScore(   -4.27)+Epik State Penalty(    0.54) =    -3.73 kcal/mol
Constraint(s) matched for ligand        9, pose   1568
Score =     -4.356
Emodel =    -37.381

The output pose satisfies at least the following constraint(s).
pos1 (Type = Positional)
 
GlideScore(   -4.36)+Epik State Penalty(    0.54) =    -3.81 kcal/mol
Constraint(s) matched for ligand        9, pose   1227
Score =     -3.771
Emodel =    -34.549

The output pose satisfies at least the following constraint(s).
pos1 (Type = Positional)
 
GlideScore(   -3.77)+Epik State Penalty(    0.54) =    -3.23 kcal/mol
Constraint(s) matched for ligand        9, pose   2103
Score =     -3.607
Emodel =    -33.574

The output pose satisfies at least the following constraint(s).
pos1 (Type = Positional)
 
GlideScore(   -3.61)+Epik State Penalty(    0.54) =    -3.06 kcal/mol
Constraint(s) matched for ligand        9, pose   4611
Score =     -3.996
Emodel =    -32.746

The output pose satisfies at least the following constraint(s).
pos1 (Type = Positional)
 
GlideScore(   -4.00)+Epik State Penalty(    0.54) =    -3.45 kcal/mol
Constraint(s) matched for ligand        9, pose   2979
Score =     -3.706
Emodel =    -32.642

The output pose satisfies at least the following constraint(s).
pos1 (Type = Positional)
 
GlideScore(   -3.71)+Epik State Penalty(    0.54) =    -3.16 kcal/mol
DOCKING RESULTS FOR LIGAND        9 (SGS)
   Except for Best Emodel, the poses reported here
   may not satisfy the user-specified constraints.
Best Emodel=   -38.05 E=   -31.81 Eint=     1.12 GlideScore=    -3.87
%IMPACT-I(foldmain): calling OPLS_2005 atomtyping ...
%IMPACT-I(foldmain): finished parameter assignment
 Number of rotatable bonds            3
 Using templates for ring conformations.
 Checked constraints after refinement with max HB dsq =    16.0000000000000     
 After refinement, constraint filter reduced number of
 poses from         5000  to         4984 .
 Total constraint copies over all poses =         4984
Constraint(s) matched for ligand       10, pose   4928
Score =     -5.120
Emodel =    -41.462

The output pose satisfies at least the following constraint(s).
pos1 (Type = Positional)
 
GlideScore(   -5.12)+Epik State Penalty(    0.55) =    -4.57 kcal/mol
Constraint(s) matched for ligand       10, pose    968
Score =     -4.174
Emodel =    -41.425

The output pose satisfies at least the following constraint(s).
pos1 (Type = Positional)
 
GlideScore(   -4.17)+Epik State Penalty(    0.55) =    -3.63 kcal/mol
Constraint(s) matched for ligand       10, pose   4792
Score =     -4.430
Emodel =    -40.059

The output pose satisfies at least the following constraint(s).
pos1 (Type = Positional)
 
GlideScore(   -4.43)+Epik State Penalty(    0.55) =    -3.88 kcal/mol
Constraint(s) matched for ligand       10, pose   1819
Score =     -4.213
Emodel =    -38.716

The output pose satisfies at least the following constraint(s).
pos1 (Type = Positional)
 
GlideScore(   -4.21)+Epik State Penalty(    0.55) =    -3.66 kcal/mol
Constraint(s) matched for ligand       10, pose   2733
Score =     -3.761
Emodel =    -35.171

The output pose satisfies at least the following constraint(s).
pos1 (Type = Positional)
 
GlideScore(   -3.76)+Epik State Penalty(    0.55) =    -3.21 kcal/mol
Constraint(s) matched for ligand       10, pose   1582
Score =     -3.394
Emodel =    -31.823

The output pose satisfies at least the following constraint(s).
pos1 (Type = Positional)
 
GlideScore(   -3.39)+Epik State Penalty(    0.55) =    -2.85 kcal/mol
Constraint(s) matched for ligand       10, pose   4476
Score =     -3.119
Emodel =    -31.207

The output pose satisfies at least the following constraint(s).
pos1 (Type = Positional)
 
GlideScore(   -3.12)+Epik State Penalty(    0.55) =    -2.57 kcal/mol
Constraint(s) matched for ligand       10, pose   4926
Score =     -2.848
Emodel =    -29.836

The output pose satisfies at least the following constraint(s).
pos1 (Type = Positional)
 
GlideScore(   -2.85)+Epik State Penalty(    0.55) =    -2.30 kcal/mol
DOCKING RESULTS FOR LIGAND       10 (SGS)
   Except for Best Emodel, the poses reported here
   may not satisfy the user-specified constraints.
Best Emodel=   -41.46 E=   -32.63 Eint=     3.31 GlideScore=    -5.12
%IMPACT-I(foldmain): calling OPLS_2005 atomtyping ...
%IMPACT-I(foldmain): finished parameter assignment
 Number of rotatable bonds            3
 Using templates for ring conformations.
 Checked constraints after refinement with max HB dsq =    16.0000000000000     
 After refinement, constraint filter reduced number of
 poses from         5000  to         4897 .
 Total constraint copies over all poses =         4897
Constraint(s) matched for ligand       11, pose    193
Score =     -4.169
Emodel =    -41.181

The output pose satisfies at least the following constraint(s).
pos1 (Type = Positional)
 
GlideScore(   -4.17)+Epik State Penalty(    0.55) =    -3.62 kcal/mol
Constraint(s) matched for ligand       11, pose   1178
Score =     -4.794
Emodel =    -40.600

The output pose satisfies at least the following constraint(s).
pos1 (Type = Positional)
 
GlideScore(   -4.79)+Epik State Penalty(    0.55) =    -4.25 kcal/mol
Constraint(s) matched for ligand       11, pose   3016
Score =     -4.282
Emodel =    -39.305

The output pose satisfies at least the following constraint(s).
pos1 (Type = Positional)
 
GlideScore(   -4.28)+Epik State Penalty(    0.55) =    -3.73 kcal/mol
Constraint(s) matched for ligand       11, pose    415
Score =     -4.218
Emodel =    -37.843

The output pose satisfies at least the following constraint(s).
pos1 (Type = Positional)
 
GlideScore(   -4.22)+Epik State Penalty(    0.55) =    -3.67 kcal/mol
Constraint(s) matched for ligand       11, pose    764
Score =     -3.955
Emodel =    -34.862

The output pose satisfies at least the following constraint(s).
pos1 (Type = Positional)
 
GlideScore(   -3.96)+Epik State Penalty(    0.55) =    -3.41 kcal/mol
DOCKING RESULTS FOR LIGAND       11 (SGS)
   Except for Best Emodel, the poses reported here
   may not satisfy the user-specified constraints.
Best Emodel=   -41.18 E=   -32.74 Eint=     0.01 GlideScore=    -4.17
%IMPACT-I(foldmain): calling OPLS_2005 atomtyping ...
%IMPACT-I(foldmain): finished parameter assignment
 Number of rotatable bonds            3
 Using templates for ring conformations.
 Checked constraints after refinement with max HB dsq =    16.0000000000000     
 After refinement, constraint filter reduced number of
 poses from         5000  to         4976 .
 Total constraint copies over all poses =         4976
Constraint(s) matched for ligand       12, pose   3658
Score =     -5.223
Emodel =    -42.042

The output pose satisfies at least the following constraint(s).
pos1 (Type = Positional)
 
GlideScore(   -5.22)+Epik State Penalty(    0.55) =    -4.68 kcal/mol
Constraint(s) matched for ligand       12, pose   3787
Score =     -4.223
Emodel =    -41.393

The output pose satisfies at least the following constraint(s).
pos1 (Type = Positional)
 
GlideScore(   -4.22)+Epik State Penalty(    0.55) =    -3.67 kcal/mol
Constraint(s) matched for ligand       12, pose   1148
Score =     -4.368
Emodel =    -39.759

The output pose satisfies at least the following constraint(s).
pos1 (Type = Positional)
 
GlideScore(   -4.37)+Epik State Penalty(    0.55) =    -3.82 kcal/mol
Constraint(s) matched for ligand       12, pose    601
Score =     -3.942
Emodel =    -37.254

The output pose satisfies at least the following constraint(s).
pos1 (Type = Positional)
 
GlideScore(   -3.94)+Epik State Penalty(    0.55) =    -3.39 kcal/mol
Constraint(s) matched for ligand       12, pose   3439
Score =     -3.405
Emodel =    -31.846

The output pose satisfies at least the following constraint(s).
pos1 (Type = Positional)
 
GlideScore(   -3.40)+Epik State Penalty(    0.55) =    -2.86 kcal/mol
Constraint(s) matched for ligand       12, pose    166
Score =     -3.094
Emodel =    -31.073

The output pose satisfies at least the following constraint(s).
pos1 (Type = Positional)
 
GlideScore(   -3.09)+Epik State Penalty(    0.55) =    -2.55 kcal/mol
DOCKING RESULTS FOR LIGAND       12 (SGS)
   Except for Best Emodel, the poses reported here
   may not satisfy the user-specified constraints.
Best Emodel=   -42.04 E=   -33.04 Eint=     3.38 GlideScore=    -5.22
%IMPACT-I(foldmain): calling OPLS_2005 atomtyping ...
%IMPACT-I(foldmain): finished parameter assignment
 Number of rotatable bonds            3
 Using templates for ring conformations.
 Checked constraints after refinement with max HB dsq =    16.0000000000000     
 After refinement, constraint filter reduced number of
 poses from         5000  to         4890 .
 Total constraint copies over all poses =         4890
Constraint(s) matched for ligand       13, pose   4695
Score =     -4.653
Emodel =    -41.079

The output pose satisfies at least the following constraint(s).
pos1 (Type = Positional)
 
GlideScore(   -4.65)+Epik State Penalty(    0.55) =    -4.10 kcal/mol
Constraint(s) matched for ligand       13, pose   1737
Score =     -4.161
Emodel =    -41.024

The output pose satisfies at least the following constraint(s).
pos1 (Type = Positional)
 
GlideScore(   -4.16)+Epik State Penalty(    0.55) =    -3.61 kcal/mol
Constraint(s) matched for ligand       13, pose   2548
Score =     -4.496
Emodel =    -40.692

The output pose satisfies at least the following constraint(s).
pos1 (Type = Positional)
 
GlideScore(   -4.50)+Epik State Penalty(    0.55) =    -3.95 kcal/mol
Constraint(s) matched for ligand       13, pose   2977
Score =     -4.529
Emodel =    -38.139

The output pose satisfies at least the following constraint(s).
pos1 (Type = Positional)
 
GlideScore(   -4.53)+Epik State Penalty(    0.55) =    -3.98 kcal/mol
Constraint(s) matched for ligand       13, pose    153
Score =     -4.402
Emodel =    -37.896

The output pose satisfies at least the following constraint(s).
pos1 (Type = Positional)
 
GlideScore(   -4.40)+Epik State Penalty(    0.55) =    -3.85 kcal/mol
DOCKING RESULTS FOR LIGAND       13 (SGS)
   Except for Best Emodel, the poses reported here
   may not satisfy the user-specified constraints.
Best Emodel=   -41.08 E=   -31.71 Eint=     0.07 GlideScore=    -4.65
%IMPACT-I(foldmain): calling OPLS_2005 atomtyping ...
%IMPACT-I(foldmain): finished parameter assignment
 Number of rotatable bonds            3
 Using templates for ring conformations.
 Checked constraints after refinement with max HB dsq =    16.0000000000000     
 After refinement, constraint filter reduced number of
 poses from         5000  to         4875 .
 Total constraint copies over all poses =         4875
Constraint(s) matched for ligand       14, pose   2559
Score =     -4.641
Emodel =    -40.642

The output pose satisfies at least the following constraint(s).
pos1 (Type = Positional)
 
GlideScore(   -4.64)+Epik State Penalty(    0.55) =    -4.09 kcal/mol
Constraint(s) matched for ligand       14, pose   2046
Score =     -4.161
Emodel =    -40.556

The output pose satisfies at least the following constraint(s).
pos1 (Type = Positional)
 
GlideScore(   -4.16)+Epik State Penalty(    0.55) =    -3.61 kcal/mol
Constraint(s) matched for ligand       14, pose   1512
Score =     -4.238
Emodel =    -38.015

The output pose satisfies at least the following constraint(s).
pos1 (Type = Positional)
 
GlideScore(   -4.24)+Epik State Penalty(    0.55) =    -3.69 kcal/mol
Constraint(s) matched for ligand       14, pose   2089
Score =     -4.464
Emodel =    -37.915

The output pose satisfies at least the following constraint(s).
pos1 (Type = Positional)
 
GlideScore(   -4.46)+Epik State Penalty(    0.55) =    -3.92 kcal/mol
Constraint(s) matched for ligand       14, pose   1240
Score =     -3.845
Emodel =    -35.875

The output pose satisfies at least the following constraint(s).
pos1 (Type = Positional)
 
GlideScore(   -3.85)+Epik State Penalty(    0.55) =    -3.30 kcal/mol
Constraint(s) matched for ligand       14, pose    498
Score =     -3.612
Emodel =    -34.570

The output pose satisfies at least the following constraint(s).
pos1 (Type = Positional)
 
GlideScore(   -3.61)+Epik State Penalty(    0.55) =    -3.06 kcal/mol
Constraint(s) matched for ligand       14, pose   2440
Score =     -3.885
Emodel =    -33.991

The output pose satisfies at least the following constraint(s).
pos1 (Type = Positional)
 
GlideScore(   -3.88)+Epik State Penalty(    0.55) =    -3.34 kcal/mol
Constraint(s) matched for ligand       14, pose    875
Score =     -2.582
Emodel =    -28.175

The output pose satisfies at least the following constraint(s).
pos1 (Type = Positional)
 
GlideScore(   -2.58)+Epik State Penalty(    0.55) =    -2.03 kcal/mol
DOCKING RESULTS FOR LIGAND       14 (SGS)
   Except for Best Emodel, the poses reported here
   may not satisfy the user-specified constraints.
Best Emodel=   -40.64 E=   -31.75 Eint=     0.13 GlideScore=    -4.64
%IMPACT-I(foldmain): calling OPLS_2005 atomtyping ...
%IMPACT-I(foldmain): finished parameter assignment
 Number of rotatable bonds            3
 Using templates for ring conformations.
 Checked constraints after refinement with max HB dsq =    16.0000000000000     
 After refinement, constraint filter reduced number of
 poses from         5000  to         4891 .
 Total constraint copies over all poses =         4891
Constraint(s) matched for ligand       15, pose   3444
Score =     -4.208
Emodel =    -40.051

The output pose satisfies at least the following constraint(s).
pos1 (Type = Positional)
 
GlideScore(   -4.21)+Epik State Penalty(    0.55) =    -3.66 kcal/mol
Constraint(s) matched for ligand       15, pose   2766
Score =     -4.495
Emodel =    -38.990

The output pose satisfies at least the following constraint(s).
pos1 (Type = Positional)
 
GlideScore(   -4.49)+Epik State Penalty(    0.55) =    -3.95 kcal/mol
Constraint(s) matched for ligand       15, pose   2288
Score =     -4.474
Emodel =    -38.459

The output pose satisfies at least the following constraint(s).
pos1 (Type = Positional)
 
GlideScore(   -4.47)+Epik State Penalty(    0.55) =    -3.93 kcal/mol
Constraint(s) matched for ligand       15, pose   2435
Score =     -4.157
Emodel =    -36.877

The output pose satisfies at least the following constraint(s).
pos1 (Type = Positional)
 
GlideScore(   -4.16)+Epik State Penalty(    0.55) =    -3.61 kcal/mol
Constraint(s) matched for ligand       15, pose   1069
Score =     -4.278
Emodel =    -36.661

The output pose satisfies at least the following constraint(s).
pos1 (Type = Positional)
 
GlideScore(   -4.28)+Epik State Penalty(    0.55) =    -3.73 kcal/mol
Constraint(s) matched for ligand       15, pose    284
Score =     -4.312
Emodel =    -36.215

The output pose satisfies at least the following constraint(s).
pos1 (Type = Positional)
 
GlideScore(   -4.31)+Epik State Penalty(    0.55) =    -3.76 kcal/mol
Constraint(s) matched for ligand       15, pose    672
Score =     -3.955
Emodel =    -34.819

The output pose satisfies at least the following constraint(s).
pos1 (Type = Positional)
 
GlideScore(   -3.95)+Epik State Penalty(    0.55) =    -3.41 kcal/mol
Constraint(s) matched for ligand       15, pose   4394
Score =     -3.809
Emodel =    -33.338

The output pose satisfies at least the following constraint(s).
pos1 (Type = Positional)
 
GlideScore(   -3.81)+Epik State Penalty(    0.55) =    -3.26 kcal/mol
Constraint(s) matched for ligand       15, pose   2331
Score =     -3.802
Emodel =    -32.114

The output pose satisfies at least the following constraint(s).
pos1 (Type = Positional)
 
GlideScore(   -3.80)+Epik State Penalty(    0.55) =    -3.25 kcal/mol
DOCKING RESULTS FOR LIGAND       15 (SGS)
   Except for Best Emodel, the poses reported here
   may not satisfy the user-specified constraints.
Best Emodel=   -40.05 E=   -32.54 Eint=     0.89 GlideScore=    -4.21
%IMPACT-I(foldmain): calling OPLS_2005 atomtyping ...
%IMPACT-I(foldmain): finished parameter assignment
 Number of rotatable bonds            3
 Using templates for ring conformations.
 Checked constraints after refinement with max HB dsq =    16.0000000000000     
 After refinement, constraint filter reduced number of
 poses from         5000  to         4729 .
 Total constraint copies over all poses =         4729
Constraint(s) matched for ligand       16, pose   2376
Score =     -4.193
Emodel =    -41.904

The output pose satisfies at least the following constraint(s).
pos1 (Type = Positional)
 
GlideScore(   -4.19)+Epik State Penalty(    0.55) =    -3.64 kcal/mol
Constraint(s) matched for ligand       16, pose   3778
Score =     -4.638
Emodel =    -41.164

The output pose satisfies at least the following constraint(s).
pos1 (Type = Positional)
 
GlideScore(   -4.64)+Epik State Penalty(    0.55) =    -4.09 kcal/mol
Constraint(s) matched for ligand       16, pose    175
Score =     -4.460
Emodel =    -40.588

The output pose satisfies at least the following constraint(s).
pos1 (Type = Positional)
 
GlideScore(   -4.46)+Epik State Penalty(    0.55) =    -3.91 kcal/mol
Constraint(s) matched for ligand       16, pose   3022
Score =     -4.643
Emodel =    -40.189

The output pose satisfies at least the following constraint(s).
pos1 (Type = Positional)
 
GlideScore(   -4.64)+Epik State Penalty(    0.55) =    -4.10 kcal/mol
Constraint(s) matched for ligand       16, pose   3384
Score =     -4.167
Emodel =    -38.029

The output pose satisfies at least the following constraint(s).
pos1 (Type = Positional)
 
GlideScore(   -4.17)+Epik State Penalty(    0.55) =    -3.62 kcal/mol
DOCKING RESULTS FOR LIGAND       16 (SGS)
   Except for Best Emodel, the poses reported here
   may not satisfy the user-specified constraints.
Best Emodel=   -41.90 E=   -33.23 Eint=     0.60 GlideScore=    -4.19
%IMPACT-I(foldmain): calling OPLS_2005 atomtyping ...
%IMPACT-I(foldmain): finished parameter assignment
 Number of rotatable bonds            3
 Using templates for ring conformations.
 Checked constraints after refinement with max HB dsq =    16.0000000000000     
 After refinement, constraint filter reduced number of
 poses from         5000  to         4974 .
 Total constraint copies over all poses =         4974
Constraint(s) matched for ligand       17, pose   4636
Score =     -5.047
Emodel =    -41.630

The output pose satisfies at least the following constraint(s).
pos1 (Type = Positional)
 
GlideScore(   -5.05)+Epik State Penalty(    0.55) =    -4.50 kcal/mol
Constraint(s) matched for ligand       17, pose   2211
Score =     -4.554
Emodel =    -41.233

The output pose satisfies at least the following constraint(s).
pos1 (Type = Positional)
 
GlideScore(   -4.55)+Epik State Penalty(    0.55) =    -4.01 kcal/mol
Constraint(s) matched for ligand       17, pose   3939
Score =     -4.124
Emodel =    -37.827

The output pose satisfies at least the following constraint(s).
pos1 (Type = Positional)
 
GlideScore(   -4.12)+Epik State Penalty(    0.55) =    -3.58 kcal/mol
Constraint(s) matched for ligand       17, pose    122
Score =     -4.124
Emodel =    -36.884

The output pose satisfies at least the following constraint(s).
pos1 (Type = Positional)
 
GlideScore(   -4.12)+Epik State Penalty(    0.55) =    -3.58 kcal/mol
Constraint(s) matched for ligand       17, pose   3514
Score =     -3.570
Emodel =    -33.884

The output pose satisfies at least the following constraint(s).
pos1 (Type = Positional)
 
GlideScore(   -3.57)+Epik State Penalty(    0.55) =    -3.02 kcal/mol
Constraint(s) matched for ligand       17, pose   2555
Score =     -3.384
Emodel =    -32.342

The output pose satisfies at least the following constraint(s).
pos1 (Type = Positional)
 
GlideScore(   -3.38)+Epik State Penalty(    0.55) =    -2.84 kcal/mol
Constraint(s) matched for ligand       17, pose   4178
Score =     -3.133
Emodel =    -31.670

The output pose satisfies at least the following constraint(s).
pos1 (Type = Positional)
 
GlideScore(   -3.13)+Epik State Penalty(    0.55) =    -2.59 kcal/mol
Constraint(s) matched for ligand       17, pose   2416
Score =     -2.895
Emodel =    -30.447

The output pose satisfies at least the following constraint(s).
pos1 (Type = Positional)
 
GlideScore(   -2.89)+Epik State Penalty(    0.55) =    -2.35 kcal/mol
DOCKING RESULTS FOR LIGAND       17 (SGS)
   Except for Best Emodel, the poses reported here
   may not satisfy the user-specified constraints.
Best Emodel=   -41.63 E=   -32.22 Eint=     2.11 GlideScore=    -5.05
REPORT OF BEST 126 POSES

The sorted ligand structures were written to the file
Subjob00001--DockLigand0_lib.maegz

Final rankings based on original docking score
0 poses were rejected by the energy filters,
    Coul+vdw Energy <=     0.0    Hbond Interaction <=     0.0    Metal Interaction <=    10.0    GlideScore <=   100.0
(If any of the above properties is not defined for a given pose,
the corresponding filter is not applied to that pose.)

 Exiting IMPACT execution environment 
 Date: Monday, January 12 2015, at 14:16:24 EST
%IMPACT-I (timit): Total CPU time =     293.05 seconds (   4.9 minutes)
Total elapsed time = 299 seconds (4 minutes, 59 seconds)
----- Errors (stderr) -----

Glide is executing the glide_sort command.
Command-line equivalent is:
 "/cbio/jclab/share/schrodinger/schrodinger2014-4/utilities/glide_sort" -n 0 -o "Subjob00001--DockLigand0_lib.maegz"   -norecep -hbond_cut 0.00 -cvdw_cut 0.00 -metal_cut 10.00 -gscore_cut 100.00 "Subjob00001--DockLigand0_raw.maegz"

glide_sort command succeeded.  Pose file Subjob00001--DockLigand0_lib.maegz was written.
