----- Output (stdout) -----
 
 Environmental variable BMIN_NO_JOBCONTROL is set.
 Jobcontrol will not be used.
 BatchMin V10.6    Build  106013  Starting Time 12-Jan-2015 14:10:10
 MacroModel. Copyright Schrodinger, LLC.
 All rights reserved.
 set_stacksize: stacksize limit raised to 4294967295l kb for F90 auto. array allocation.

 Input filename:  Subjob00001--Sample_3_mmffs_vac-in.maegz
 Output filename: Subjob00001--Sample_3_mmffs_vac-out.mae
 Seed used: 658461
 Atom-type file: /cbio/jclab/share/schrodinger/schrodinger2014-4/mmshare-v28013/bin/Linux-x86_64/../../data/atom.typ
 Force field: /cbio/jclab/share/schrodinger/schrodinger2014-4/macromodel-v106013/bin/Linux-x86_64/../../data/f10.fld
 BMFF process: "/cbio/jclab/share/schrodinger/schrodinger2014-4/macromodel-v106013/bin/Linux-x86_64/mmff_setup" -mmffs
 MMFF parameters are being taken from directory:
  /cbio/jclab/share/schrodinger/schrodinger2014-4/macromodel-v106013/bin/Linux-x86_64/../../data/f10/

 *** This calculation will use the MMFF94S force field ***
   (promotes planarity at delocalized trigonal nitrogens)
   (preferred for comparison with crystal structures)

 Supplementary parameter file: /cbio/jclab/share/schrodinger/schrodinger2014-4/macromodel-v106013/bin/Linux-x86_64/../../data/f10/MMFFSUP.PAR

   99 ATOM-TYPE DEFINITIONS READ FROM MMFFDEF.PAR
   95 MMFF ATOM-TYPE PROPERTY RECORDS READ FROM MMFFPROP.PAR
  212 SYMBOLIC-NUMERIC ATOM-TYPE DEFINITIONS READ FROM MMFFSYMB.PAR
   58 MMFF DEFAULT-RULE STRECHING CONSTANTS READ FROM MMFFBNDK.PAR
  102 MMFF HYDROGEN SYMBOLIC TYPE DEFINITIONS READ FROM MMFFHDEF.PAR
   45 MMFF AROMATIC SYMBOLIC TYPE DEFINITIONS READ FROM MMFFAROM.PAR
   99 VDW PARAMETERS READ FROM MMFFVDW.PAR
  493 BOND STRETCHING PARAMETERS READ FROM MMFFBOND.PAR
  498 BOND-INCREMENT CHARGES READ FROM MMFFCHG.PAR
   98 PARTIAL-BOND-INCREMENT CHARGES READ FROM MMFFPBCI.PAR
 2342 ANGLE-BENDING PARAMETERS READ FROM MMFFANG.PAR
  282 STRETCH-BEND PARAMETERS READ FROM MMFFSTBN.PAR
   30 DEFAULT STRETCH-BEND PARAMETERS READ FROM MMFFDFSB.PAR
  117 OUT-OF-PLANE PARAMETERS READ FROM MMFFSOOP.PAR
  926 TORSION PARAMETERS READ FROM MMFFSTOR.PAR
 
 Read    46 atoms. Structure name, if any, appears on next line: 
 SGS
 Monte Carlo Multiple Minimum Search requested
MCNV specified 0 in arg1 or arg2;  default values will be assigned later
 Setting the maximum number of structures  to save (MAXMCM_SAVE) to            1
 Non-conformer Serial Search requested
 Number of steps set to :         100

 RING  1 HAS   1 SUBRINGS
 SUBRING  1 has  4 PI electrons

 RING  2 HAS   2 SUBRINGS
 SUBRING  1 has  4 PI electrons
 SUBRING  2 has  6 PI electrons
 SUBRING  2 IS AROMATIC

 RING  3 HAS   1 SUBRINGS
 SUBRING  1 has  6 PI electrons
 SUBRING  1 IS AROMATIC
 Quality of Force Field Parameters in Use:
   Numbers of high, medium and low quality stretch parameters =   48    0    1
   Numbers of high, medium and low quality bend parameters    =   74    0   11
   Numbers of high, medium and low quality torsion parameters =   83    0   41
   Interactions examined:        258 of        258 total, including unused params.
 WARNING - Conformational Energies May Not Be Accurate
      Stretch total=       49   constrained=        0
         Bend total=       85   constrained=        0        linear=        0
      Torsion total=      175   constrained=        0  out-of-plane=       51
    Nonbonded total=      858      H-bonded=        0      ordinary=      858
  Nonbonded cutoffs: CutVdw=   8.00    ;  CutEs=   20.0    
 Starting truncated Newton minimization.
          Step     1 New global minimum.  E (kJ/mol) =      806.08
 
Interim report; processing .tmp file:
    5 unique conformations found so far
    5 minimized with good convergence
Found     1 confs within  1.00 kcal/mol ( 4.18 kJ/mol) of glob. min.
Found     2 confs within  3.00 kcal/mol (12.55 kJ/mol) of glob. min.
Found     3 confs within  5.00 kcal/mol (20.92 kJ/mol) of glob. min.
Found     5 confs within 10.00 kcal/mol (41.84 kJ/mol) of glob. min.
Global minimum E =    806.08 found     4 times.
   10 steps performed so far, out of   100
 E of low-energy structures above global min [kJ/mol],  and no. times found:
    E:  0.00  9.74 14.41 22.06 23.98
  No.:     4     2     2     1     1
 
 
Interim report; processing .tmp file:
    9 unique conformations found so far
    9 minimized with good convergence
Found     1 confs within  1.00 kcal/mol ( 4.18 kJ/mol) of glob. min.
Found     2 confs within  3.00 kcal/mol (12.55 kJ/mol) of glob. min.
Found     3 confs within  5.00 kcal/mol (20.92 kJ/mol) of glob. min.
Found     9 confs within 10.00 kcal/mol (41.84 kJ/mol) of glob. min.
Global minimum E =    806.08 found     4 times.
   20 steps performed so far, out of   100
 E of low-energy structures above global min [kJ/mol],  and no. times found:
    E:  0.00  9.74 14.41 22.06 23.98 30.01 34.65 36.62 39.87
  No.:     4     3     3     2     2     2     2     1     1
 
 
Interim report; processing .tmp file:
   13 unique conformations found so far
   13 minimized with good convergence
Found     1 confs within  1.00 kcal/mol ( 4.18 kJ/mol) of glob. min.
Found     2 confs within  3.00 kcal/mol (12.55 kJ/mol) of glob. min.
Found     3 confs within  5.00 kcal/mol (20.92 kJ/mol) of glob. min.
Found    13 confs within 10.00 kcal/mol (41.84 kJ/mol) of glob. min.
Global minimum E =    806.08 found     4 times.
   30 steps performed so far, out of   100
 E of low-energy structures above global min [kJ/mol],  and no. times found:
    E:  0.00  9.74 14.41 22.06 23.98 27.03 27.54 30.01 30.46 34.65 36.62 37.17
  No.:     4     3     4     2     2     2     3     2     2     2     1     1
 
 
Interim report; processing .tmp file:
   15 unique conformations found so far
   15 minimized with good convergence
Found     1 confs within  1.00 kcal/mol ( 4.18 kJ/mol) of glob. min.
Found     2 confs within  3.00 kcal/mol (12.55 kJ/mol) of glob. min.
Found     3 confs within  5.00 kcal/mol (20.92 kJ/mol) of glob. min.
Found    15 confs within 10.00 kcal/mol (41.84 kJ/mol) of glob. min.
Global minimum E =    806.08 found     4 times.
   40 steps performed so far, out of   100
 E of low-energy structures above global min [kJ/mol],  and no. times found:
    E:  0.00  9.74 14.41 22.06 23.98 24.67 27.03 27.54 30.01 30.46 34.65 35.96
  No.:     4     4     4     4     2     2     2     5     2     2     2     2
 
 
Interim report; processing .tmp file:
   16 unique conformations found so far
   16 minimized with good convergence
Found     1 confs within  1.00 kcal/mol ( 4.18 kJ/mol) of glob. min.
Found     2 confs within  3.00 kcal/mol (12.55 kJ/mol) of glob. min.
Found     3 confs within  5.00 kcal/mol (20.92 kJ/mol) of glob. min.
Found    16 confs within 10.00 kcal/mol (41.84 kJ/mol) of glob. min.
Global minimum E =    806.08 found     4 times.
   50 steps performed so far, out of   100
 E of low-energy structures above global min [kJ/mol],  and no. times found:
    E:  0.00  9.74 14.41 22.06 23.98 24.67 27.03 27.54 30.01 30.46 34.65 35.96
  No.:     4     4     5     4     2     2     2     5     4     2     3     4
 
 
Interim report; processing .tmp file:
   16 unique conformations found so far
   16 minimized with good convergence
Found     1 confs within  1.00 kcal/mol ( 4.18 kJ/mol) of glob. min.
Found     2 confs within  3.00 kcal/mol (12.55 kJ/mol) of glob. min.
Found     3 confs within  5.00 kcal/mol (20.92 kJ/mol) of glob. min.
Found    16 confs within 10.00 kcal/mol (41.84 kJ/mol) of glob. min.
Global minimum E =    806.08 found     5 times.
   60 steps performed so far, out of   100
 E of low-energy structures above global min [kJ/mol],  and no. times found:
    E:  0.00  9.74 14.41 22.06 23.98 24.67 27.03 27.54 30.01 30.46 34.65 35.96
  No.:     5     5     5     6     2     2     2     6     5     2     3     5
 
 
Interim report; processing .tmp file:
   16 unique conformations found so far
   16 minimized with good convergence
Found     1 confs within  1.00 kcal/mol ( 4.18 kJ/mol) of glob. min.
Found     2 confs within  3.00 kcal/mol (12.55 kJ/mol) of glob. min.
Found     3 confs within  5.00 kcal/mol (20.92 kJ/mol) of glob. min.
Found    16 confs within 10.00 kcal/mol (41.84 kJ/mol) of glob. min.
Global minimum E =    806.08 found     5 times.
   70 steps performed so far, out of   100
 E of low-energy structures above global min [kJ/mol],  and no. times found:
    E:  0.00  9.74 14.41 22.06 23.98 24.67 27.03 27.54 30.01 30.46 34.65 35.96
  No.:     5     7     6     7     4     2     2     6     5     3     3     6
 
 
Interim report; processing .tmp file:
   16 unique conformations found so far
   16 minimized with good convergence
Found     1 confs within  1.00 kcal/mol ( 4.18 kJ/mol) of glob. min.
Found     2 confs within  3.00 kcal/mol (12.55 kJ/mol) of glob. min.
Found     3 confs within  5.00 kcal/mol (20.92 kJ/mol) of glob. min.
Found    16 confs within 10.00 kcal/mol (41.84 kJ/mol) of glob. min.
Global minimum E =    806.08 found     5 times.
   80 steps performed so far, out of   100
 E of low-energy structures above global min [kJ/mol],  and no. times found:
    E:  0.00  9.74 14.41 22.06 23.98 24.67 27.03 27.54 30.01 30.46 34.65 35.96
  No.:     5     9     6     8     4     2     2     7     6     4     4     7
 
 
Interim report; processing .tmp file:
   18 unique conformations found so far
   18 minimized with good convergence
Found     1 confs within  1.00 kcal/mol ( 4.18 kJ/mol) of glob. min.
Found     2 confs within  3.00 kcal/mol (12.55 kJ/mol) of glob. min.
Found     4 confs within  5.00 kcal/mol (20.92 kJ/mol) of glob. min.
Found    18 confs within 10.00 kcal/mol (41.84 kJ/mol) of glob. min.
Global minimum E =    806.08 found     7 times.
   90 steps performed so far, out of   100
 E of low-energy structures above global min [kJ/mol],  and no. times found:
    E:  0.00  9.74 13.36 14.41 22.06 23.98 24.67 27.03 27.11 27.54 30.01 30.46
  No.:     7    10     2     6     8     6     2     2     1     7     7     4
 
         100  structures minimised
          18  unique structures stored
          18  structures with good convergence
             Global Minimum   806.07538     kJ/mol
 
 
Final report; processing .tmp file:
   18 unique conformations found so far
   18 minimized with good convergence
Found     1 confs within  1.00 kcal/mol ( 4.18 kJ/mol) of glob. min.
Found     2 confs within  3.00 kcal/mol (12.55 kJ/mol) of glob. min.
Found     4 confs within  5.00 kcal/mol (20.92 kJ/mol) of glob. min.
Found    18 confs within 10.00 kcal/mol (41.84 kJ/mol) of glob. min.
Global minimum E =    806.08 found     8 times.
  100 steps performed so far, out of   100
 E of low-energy structures above global min [kJ/mol],  and no. times found:
    E:  0.00  9.74 13.36 14.41 22.06 23.98 24.67 27.03 27.11 27.54 30.01 30.46
  No.:     8    12     2     6     8     8     2     2     1     7     8     4
 
Input structure with title on the next line is given SerNo:        1
SGS
Auto summary for input structure      1:
 Total number of structures processed =         100
 Conformations with poor convergence marked with a *
 Conformation       1 (    806.0754     kJ/mol) was found     8 times
 Conformation       2 (    815.8149     kJ/mol) was found    12 times
 Conformation       3 (    819.4391     kJ/mol) was found     2 times
 Conformation       4 (    820.4860     kJ/mol) was found     6 times
 Conformation       5 (    828.1342     kJ/mol) was found     8 times
 Conformation       6 (    830.0560     kJ/mol) was found     8 times
 Conformation       7 (    830.7440     kJ/mol) was found     2 times
 Conformation       8 (    833.1016     kJ/mol) was found     2 times
 Conformation       9 (    833.1805     kJ/mol) was found     1 times
 Conformation      10 (    833.6165     kJ/mol) was found     7 times
 Conformation      11 (    836.0827     kJ/mol) was found     8 times
 Conformation      12 (    836.5316     kJ/mol) was found     4 times
 Conformation      13 (    840.7243     kJ/mol) was found     5 times
 Conformation      14 (    842.0356     kJ/mol) was found     7 times
 Conformation      15 (    842.6984     kJ/mol) was found     5 times
 Conformation      16 (    843.2435     kJ/mol) was found     1 times
 Conformation      17 (    845.9413     kJ/mol) was found     5 times
 Conformation      18 (    846.8243     kJ/mol) was found     9 times
 *** Note only            1 (MAXMCM_SAVE) structures 
     written to the output structure file.  As requested.
           *** MC Statistics ***
 Percent of minimized structures within energetic window:   100.0000    
 Average number of duplicates:     5.555555    
 Duplication standard deviation:   3.110177    
        1250  structures generated
        1077  rejected by ring closure
          74  rejected by van der Waals
          82  duplicate minimised structures
 Number of steps set to :         100
 Read    47 atoms. Structure name, if any, appears on next line: 
 SGS

 RING  1 HAS   1 SUBRINGS
 SUBRING  1 has  2 PI electrons

 RING  2 HAS   2 SUBRINGS
 SUBRING  1 has  4 PI electrons
 SUBRING  2 has  6 PI electrons
 SUBRING  2 IS AROMATIC

 RING  3 HAS   1 SUBRINGS
 SUBRING  1 has  6 PI electrons
 SUBRING  1 IS AROMATIC
 Quality of Force Field Parameters in Use:
   Numbers of high, medium and low quality stretch parameters =   49    0    1
   Numbers of high, medium and low quality bend parameters    =   77    0   11
   Numbers of high, medium and low quality torsion parameters =   88    0   45
   Interactions examined:        271 of        271 total, including unused params.
 WARNING - Conformational Energies May Not Be Accurate
      Stretch total=       50   constrained=        0
         Bend total=       88   constrained=        0        linear=        0
      Torsion total=      184   constrained=        0  out-of-plane=       51
    Nonbonded total=      899      H-bonded=        0      ordinary=      899
  Nonbonded cutoffs: CutVdw=   8.00    ;  CutEs=   20.0    
 Starting truncated Newton minimization.
          Step     1 New global minimum.  E (kJ/mol) =      889.83
          Step     2 New global minimum.  E (kJ/mol) =      879.73
 
Interim report; processing .tmp file:
    7 unique conformations found so far
    7 minimized with good convergence
Found     1 confs within  1.00 kcal/mol ( 4.18 kJ/mol) of glob. min.
Found     3 confs within  3.00 kcal/mol (12.55 kJ/mol) of glob. min.
Found     6 confs within  5.00 kcal/mol (20.92 kJ/mol) of glob. min.
Found     7 confs within 10.00 kcal/mol (41.84 kJ/mol) of glob. min.
Global minimum E =    879.73 found     3 times.
   10 steps performed so far, out of   100
 E of low-energy structures above global min [kJ/mol],  and no. times found:
    E:  0.00 10.10 10.18 12.69 16.35 19.40 35.09
  No.:     3     2     1     1     1     1     1
 
          Step    17 New global minimum.  E (kJ/mol) =      870.73
          Step    18 New global minimum.  E (kJ/mol) =      867.36
 
Interim report; processing .tmp file:
   10 unique conformations found so far
   10 minimized with good convergence
Found     2 confs within  1.00 kcal/mol ( 4.18 kJ/mol) of glob. min.
Found     3 confs within  3.00 kcal/mol (12.55 kJ/mol) of glob. min.
Found     9 confs within 10.00 kcal/mol (41.84 kJ/mol) of glob. min.
Global minimum E =    867.36 found     2 times.
   20 steps performed so far, out of   100
 E of low-energy structures above global min [kJ/mol],  and no. times found:
    E:  0.00  3.37 12.37 22.47 22.55 25.06 28.72 31.78 33.95 47.47
  No.:     2     1     4     2     1     2     1     1     1     3
 
 
Interim report; processing .tmp file:
   11 unique conformations found so far
   11 minimized with good convergence
Found     2 confs within  1.00 kcal/mol ( 4.18 kJ/mol) of glob. min.
Found     3 confs within  3.00 kcal/mol (12.55 kJ/mol) of glob. min.
Found     4 confs within  5.00 kcal/mol (20.92 kJ/mol) of glob. min.
Found    10 confs within 10.00 kcal/mol (41.84 kJ/mol) of glob. min.
Global minimum E =    867.36 found     3 times.
   30 steps performed so far, out of   100
 E of low-energy structures above global min [kJ/mol],  and no. times found:
    E:  0.00  3.37 12.37 18.76 22.47 22.55 25.06 28.72 31.78 33.95 47.47
  No.:     3     2     4     3     3     2     2     3     1     1     4
 
 
Interim report; processing .tmp file:
   14 unique conformations found so far
   14 minimized with good convergence
Found     2 confs within  1.00 kcal/mol ( 4.18 kJ/mol) of glob. min.
Found     3 confs within  3.00 kcal/mol (12.55 kJ/mol) of glob. min.
Found     4 confs within  5.00 kcal/mol (20.92 kJ/mol) of glob. min.
Found    12 confs within 10.00 kcal/mol (41.84 kJ/mol) of glob. min.
Global minimum E =    867.36 found     4 times.
   40 steps performed so far, out of   100
 E of low-energy structures above global min [kJ/mol],  and no. times found:
    E:  0.00  3.37 12.37 18.76 22.47 22.55 25.06 28.72 29.73 31.78 33.95 36.81
  No.:     4     2     5     3     3     2     2     3     1     2     1     2
 
 
Interim report; processing .tmp file:
   18 unique conformations found so far
   18 minimized with good convergence
Found     2 confs within  1.00 kcal/mol ( 4.18 kJ/mol) of glob. min.
Found     3 confs within  3.00 kcal/mol (12.55 kJ/mol) of glob. min.
Found     4 confs within  5.00 kcal/mol (20.92 kJ/mol) of glob. min.
Found    13 confs within 10.00 kcal/mol (41.84 kJ/mol) of glob. min.
Global minimum E =    867.36 found     5 times.
   50 steps performed so far, out of   100
 E of low-energy structures above global min [kJ/mol],  and no. times found:
    E:  0.00  3.37 12.37 18.76 22.47 22.55 25.06 28.72 29.73 31.78 33.95 36.81
  No.:     5     2     5     3     3     2     2     3     1     2     2     2
 
 
Interim report; processing .tmp file:
   20 unique conformations found so far
   20 minimized with good convergence
Found     2 confs within  1.00 kcal/mol ( 4.18 kJ/mol) of glob. min.
Found     3 confs within  3.00 kcal/mol (12.55 kJ/mol) of glob. min.
Found     4 confs within  5.00 kcal/mol (20.92 kJ/mol) of glob. min.
Found    15 confs within 10.00 kcal/mol (41.84 kJ/mol) of glob. min.
Global minimum E =    867.36 found     5 times.
   60 steps performed so far, out of   100
 E of low-energy structures above global min [kJ/mol],  and no. times found:
    E:  0.00  3.37 12.37 18.76 22.47 22.55 25.06 28.59 28.72 29.73 31.78 32.38
  No.:     5     2     5     3     4     2     2     1     4     1     2     4
 
 
Interim report; processing .tmp file:
   20 unique conformations found so far
   20 minimized with good convergence
Found     2 confs within  1.00 kcal/mol ( 4.18 kJ/mol) of glob. min.
Found     3 confs within  3.00 kcal/mol (12.55 kJ/mol) of glob. min.
Found     4 confs within  5.00 kcal/mol (20.92 kJ/mol) of glob. min.
Found    15 confs within 10.00 kcal/mol (41.84 kJ/mol) of glob. min.
Global minimum E =    867.36 found     6 times.
   70 steps performed so far, out of   100
 E of low-energy structures above global min [kJ/mol],  and no. times found:
    E:  0.00  3.37 12.37 18.76 22.47 22.55 25.06 28.59 28.72 29.73 31.78 32.38
  No.:     6     2     6     4     5     3     2     2     4     2     2     4
 
 
Interim report; processing .tmp file:
   20 unique conformations found so far
   20 minimized with good convergence
Found     2 confs within  1.00 kcal/mol ( 4.18 kJ/mol) of glob. min.
Found     3 confs within  3.00 kcal/mol (12.55 kJ/mol) of glob. min.
Found     4 confs within  5.00 kcal/mol (20.92 kJ/mol) of glob. min.
Found    15 confs within 10.00 kcal/mol (41.84 kJ/mol) of glob. min.
Global minimum E =    867.36 found     6 times.
   80 steps performed so far, out of   100
 E of low-energy structures above global min [kJ/mol],  and no. times found:
    E:  0.00  3.37 12.37 18.76 22.47 22.55 25.06 28.59 28.72 29.73 31.78 32.38
  No.:     6     2     7     6     5     4     2     2     4     2     3     5
 
 
Interim report; processing .tmp file:
   20 unique conformations found so far
   20 minimized with good convergence
Found     2 confs within  1.00 kcal/mol ( 4.18 kJ/mol) of glob. min.
Found     3 confs within  3.00 kcal/mol (12.55 kJ/mol) of glob. min.
Found     4 confs within  5.00 kcal/mol (20.92 kJ/mol) of glob. min.
Found    15 confs within 10.00 kcal/mol (41.84 kJ/mol) of glob. min.
Global minimum E =    867.36 found     7 times.
   90 steps performed so far, out of   100
 E of low-energy structures above global min [kJ/mol],  and no. times found:
    E:  0.00  3.37 12.37 18.76 22.47 22.55 25.06 28.59 28.72 29.73 31.78 32.38
  No.:     7     2     8     8     6     4     3     2     4     2     4     6
 
         100  structures minimised
          20  unique structures stored
          20  structures with good convergence
             Global Minimum   867.35614     kJ/mol
 
 
Final report; processing .tmp file:
   20 unique conformations found so far
   20 minimized with good convergence
Found     2 confs within  1.00 kcal/mol ( 4.18 kJ/mol) of glob. min.
Found     3 confs within  3.00 kcal/mol (12.55 kJ/mol) of glob. min.
Found     4 confs within  5.00 kcal/mol (20.92 kJ/mol) of glob. min.
Found    15 confs within 10.00 kcal/mol (41.84 kJ/mol) of glob. min.
Global minimum E =    867.36 found     9 times.
  100 steps performed so far, out of   100
 E of low-energy structures above global min [kJ/mol],  and no. times found:
    E:  0.00  3.37 12.37 18.76 22.47 22.55 25.06 28.59 28.72 29.73 31.78 32.38
  No.:     9     2     9     8     6     4     3     2     4     3     4     8
 
Input structure with title on the next line is given SerNo:        2
SGS
Auto summary for input structure      2:
 Total number of structures processed =         100
 Conformations with poor convergence marked with a *
 Conformation       1 (    867.3561     kJ/mol) was found     9 times
 Conformation       2 (    870.7258     kJ/mol) was found     2 times
 Conformation       3 (    879.7306     kJ/mol) was found     9 times
 Conformation       4 (    886.1176     kJ/mol) was found     8 times
 Conformation       5 (    889.8276     kJ/mol) was found     6 times
 Conformation       6 (    889.9083     kJ/mol) was found     4 times
 Conformation       7 (    892.4174     kJ/mol) was found     3 times
 Conformation       8 (    895.9462     kJ/mol) was found     2 times
 Conformation       9 (    896.0756     kJ/mol) was found     4 times
 Conformation      10 (    897.0856     kJ/mol) was found     3 times
 Conformation      11 (    899.1348     kJ/mol) was found     4 times
 Conformation      12 (    899.7363     kJ/mol) was found     8 times
 Conformation      13 (    901.3069     kJ/mol) was found     4 times
 Conformation      14 (    904.1666     kJ/mol) was found     2 times
 Conformation      15 (    904.7385     kJ/mol) was found     4 times
 Conformation      16 (    909.2260     kJ/mol) was found     3 times
 Conformation      17 (    910.3713     kJ/mol) was found     2 times
 Conformation      18 (    911.9414     kJ/mol) was found     2 times
 Conformation      19 (    912.9837     kJ/mol) was found     1 times
 Conformation      20 (    914.8235     kJ/mol) was found    12 times
 *** Note only            1 (MAXMCM_SAVE) structures 
     written to the output structure file.  As requested.
           *** MC Statistics ***
 Percent of minimized structures within energetic window:   92.00000    
 Average number of duplicates:     4.600000    
 Duplication standard deviation:   3.033150    
        1011  structures generated
         831  rejected by ring closure
          81  rejected by van der Waals
          72  duplicate minimised structures
 
BatchMin: normal termination                           12-Jan-2015 14:10:24
STARTUP COMMAND:
/cbio/jclab/share/schrodinger/schrodinger2014-4/macromodel-v106013/bin/Linux-x86_64/bmin
MMSHARE_EXEC:/cbio/jclab/share/schrodinger/schrodinger2014-4/mmshare-v28013/bin/Linux-x86_64

real	0.0m13.6600000001s
user	0.0m0.0s
sys	0.0m0.0s
RUNNING: python "/cbio/jclab/share/schrodinger/schrodinger2014-4/macromodel-v106013/bin/Linux-x86_64/bmin_startup.py" -NO_REDIRECT Subjob00001--Sample_3_mmffs_vac
