----- Output (stdout) -----
 
 Environmental variable BMIN_NO_JOBCONTROL is set.
 Jobcontrol will not be used.
 BatchMin V10.6    Build  106013  Starting Time 13-Jan-2015 14:18:56
 MacroModel. Copyright Schrodinger, LLC.
 All rights reserved.
 set_stacksize: stacksize limit raised to 4294967295l kb for F90 auto. array allocation.

 Input filename:  Subjob00001--Sample_3_mmffs_vac-in.maegz
 Output filename: Subjob00001--Sample_3_mmffs_vac-out.mae
 Seed used: 658461
 Atom-type file: /cbio/jclab/share/schrodinger/schrodinger2014-4/mmshare-v28013/bin/Linux-x86_64/../../data/atom.typ
 Force field: /cbio/jclab/share/schrodinger/schrodinger2014-4/macromodel-v106013/bin/Linux-x86_64/../../data/f10.fld
 BMFF process: "/cbio/jclab/share/schrodinger/schrodinger2014-4/macromodel-v106013/bin/Linux-x86_64/mmff_setup" -mmffs
 MMFF parameters are being taken from directory:
  /cbio/jclab/share/schrodinger/schrodinger2014-4/macromodel-v106013/bin/Linux-x86_64/../../data/f10/

 *** This calculation will use the MMFF94S force field ***
   (promotes planarity at delocalized trigonal nitrogens)
   (preferred for comparison with crystal structures)

 Supplementary parameter file: /cbio/jclab/share/schrodinger/schrodinger2014-4/macromodel-v106013/bin/Linux-x86_64/../../data/f10/MMFFSUP.PAR

   99 ATOM-TYPE DEFINITIONS READ FROM MMFFDEF.PAR
   95 MMFF ATOM-TYPE PROPERTY RECORDS READ FROM MMFFPROP.PAR
  212 SYMBOLIC-NUMERIC ATOM-TYPE DEFINITIONS READ FROM MMFFSYMB.PAR
   58 MMFF DEFAULT-RULE STRECHING CONSTANTS READ FROM MMFFBNDK.PAR
  102 MMFF HYDROGEN SYMBOLIC TYPE DEFINITIONS READ FROM MMFFHDEF.PAR
   45 MMFF AROMATIC SYMBOLIC TYPE DEFINITIONS READ FROM MMFFAROM.PAR
   99 VDW PARAMETERS READ FROM MMFFVDW.PAR
  493 BOND STRETCHING PARAMETERS READ FROM MMFFBOND.PAR
  498 BOND-INCREMENT CHARGES READ FROM MMFFCHG.PAR
   98 PARTIAL-BOND-INCREMENT CHARGES READ FROM MMFFPBCI.PAR
 2342 ANGLE-BENDING PARAMETERS READ FROM MMFFANG.PAR
  282 STRETCH-BEND PARAMETERS READ FROM MMFFSTBN.PAR
   30 DEFAULT STRETCH-BEND PARAMETERS READ FROM MMFFDFSB.PAR
  117 OUT-OF-PLANE PARAMETERS READ FROM MMFFSOOP.PAR
  926 TORSION PARAMETERS READ FROM MMFFSTOR.PAR
 
 Read    40 atoms. Structure name, if any, appears on next line: 
 SGS nophenyl
 Monte Carlo Multiple Minimum Search requested
MCNV specified 0 in arg1 or arg2;  default values will be assigned later
 Setting the maximum number of structures  to save (MAXMCM_SAVE) to            1
 Non-conformer Serial Search requested
 Number of steps set to :         100

 RING  1 HAS   1 SUBRINGS
 SUBRING  1 has  2 PI electrons

 RING  2 HAS   2 SUBRINGS
 SUBRING  1 has  4 PI electrons
 SUBRING  2 has  6 PI electrons
 SUBRING  2 IS AROMATIC
 Quality of Force Field Parameters in Use:
   Numbers of high, medium and low quality stretch parameters =   41    0    1
   Numbers of high, medium and low quality bend parameters    =   65    0   11
   Numbers of high, medium and low quality torsion parameters =   64    0   46
   Interactions examined:        228 of        228 total, including unused params.
 WARNING - Conformational Energies May Not Be Accurate
      Stretch total=       42   constrained=        0
         Bend total=       76   constrained=        0        linear=        0
      Torsion total=      143   constrained=        0  out-of-plane=       33
    Nonbonded total=      624      H-bonded=        0      ordinary=      624
  Nonbonded cutoffs: CutVdw=   8.00    ;  CutEs=   20.0    
 Starting truncated Newton minimization.
          Step     1 New global minimum.  E (kJ/mol) =      837.83
          Step     2 New global minimum.  E (kJ/mol) =      834.28
 
Interim report; processing .tmp file:
    5 unique conformations found so far
    5 minimized with good convergence
Found     2 confs within  1.00 kcal/mol ( 4.18 kJ/mol) of glob. min.
Found     3 confs within  2.00 kcal/mol ( 8.37 kJ/mol) of glob. min.
Found     5 confs within 10.00 kcal/mol (41.84 kJ/mol) of glob. min.
Global minimum E =    834.28 found     1 times.
   10 steps performed so far, out of   100
 E of low-energy structures above global min [kJ/mol],  and no. times found:
    E:  0.00  3.56  5.05 30.24 30.32
  No.:     1     3     3     1     2
 
          Step    12 New global minimum.  E (kJ/mol) =      819.22
 
Interim report; processing .tmp file:
   10 unique conformations found so far
   10 minimized with good convergence
Found     2 confs within  1.00 kcal/mol ( 4.18 kJ/mol) of glob. min.
Found     5 confs within  5.00 kcal/mol (20.92 kJ/mol) of glob. min.
Found     8 confs within 10.00 kcal/mol (41.84 kJ/mol) of glob. min.
Global minimum E =    819.22 found     2 times.
   20 steps performed so far, out of   100
 E of low-energy structures above global min [kJ/mol],  and no. times found:
    E:  0.00  3.09 15.05 18.61 20.10 24.64 31.55 31.97 45.29 45.38
  No.:     2     2     1     3     3     2     1     2     1     3
 
 
Interim report; processing .tmp file:
   13 unique conformations found so far
   13 minimized with good convergence
Found     2 confs within  1.00 kcal/mol ( 4.18 kJ/mol) of glob. min.
Found     5 confs within  5.00 kcal/mol (20.92 kJ/mol) of glob. min.
Found     8 confs within 10.00 kcal/mol (41.84 kJ/mol) of glob. min.
Global minimum E =    819.22 found     3 times.
   30 steps performed so far, out of   100
 E of low-energy structures above global min [kJ/mol],  and no. times found:
    E:  0.00  3.09 15.05 18.61 20.10 24.64 31.55 31.97 45.29 45.38 46.43 48.35
  No.:     3     4     2     3     3     3     1     2     1     4     2     1
 
 
Interim report; processing .tmp file:
   16 unique conformations found so far
   16 minimized with good convergence
Found     2 confs within  1.00 kcal/mol ( 4.18 kJ/mol) of glob. min.
Found     5 confs within  5.00 kcal/mol (20.92 kJ/mol) of glob. min.
Found    10 confs within 10.00 kcal/mol (41.84 kJ/mol) of glob. min.
Global minimum E =    819.22 found     5 times.
   40 steps performed so far, out of   100
 E of low-energy structures above global min [kJ/mol],  and no. times found:
    E:  0.00  3.09 15.05 18.61 20.10 21.31 24.64 26.22 31.55 31.97 45.29 45.38
  No.:     5     4     2     4     4     1     3     2     1     2     1     4
 
 
Interim report; processing .tmp file:
   20 unique conformations found so far
   20 minimized with good convergence
Found     2 confs within  1.00 kcal/mol ( 4.18 kJ/mol) of glob. min.
Found     3 confs within  3.00 kcal/mol (12.55 kJ/mol) of glob. min.
Found     6 confs within  5.00 kcal/mol (20.92 kJ/mol) of glob. min.
Found    11 confs within 10.00 kcal/mol (41.84 kJ/mol) of glob. min.
Global minimum E =    819.22 found     6 times.
   50 steps performed so far, out of   100
 E of low-energy structures above global min [kJ/mol],  and no. times found:
    E:  0.00  3.09 11.27 15.05 18.61 20.10 21.31 24.64 26.22 31.55 31.97 42.71
  No.:     6     4     1     2     5     4     1     3     3     1     2     2
 
 
Interim report; processing .tmp file:
   22 unique conformations found so far
   22 minimized with good convergence
Found     2 confs within  1.00 kcal/mol ( 4.18 kJ/mol) of glob. min.
Found     3 confs within  3.00 kcal/mol (12.55 kJ/mol) of glob. min.
Found     6 confs within  5.00 kcal/mol (20.92 kJ/mol) of glob. min.
Found    13 confs within 10.00 kcal/mol (41.84 kJ/mol) of glob. min.
Global minimum E =    819.22 found     6 times.
   60 steps performed so far, out of   100
 E of low-energy structures above global min [kJ/mol],  and no. times found:
    E:  0.00  3.09 11.27 15.05 18.61 20.10 21.31 24.64 26.22 29.70 31.55 31.94
  No.:     6     4     1     3     7     4     1     3     3     1     1     2
 
 
Interim report; processing .tmp file:
   25 unique conformations found so far
   25 minimized with good convergence
Found     2 confs within  1.00 kcal/mol ( 4.18 kJ/mol) of glob. min.
Found     3 confs within  3.00 kcal/mol (12.55 kJ/mol) of glob. min.
Found     7 confs within  5.00 kcal/mol (20.92 kJ/mol) of glob. min.
Found    16 confs within 10.00 kcal/mol (41.84 kJ/mol) of glob. min.
Global minimum E =    819.22 found     6 times.
   70 steps performed so far, out of   100
 E of low-energy structures above global min [kJ/mol],  and no. times found:
    E:  0.00  3.09 11.27 15.05 17.68 18.61 20.10 21.31 24.64 26.22 29.70 31.55
  No.:     6     5     1     3     1     8     5     1     3     3     1     1
 
 
Interim report; processing .tmp file:
   25 unique conformations found so far
   25 minimized with good convergence
Found     2 confs within  1.00 kcal/mol ( 4.18 kJ/mol) of glob. min.
Found     3 confs within  3.00 kcal/mol (12.55 kJ/mol) of glob. min.
Found     7 confs within  5.00 kcal/mol (20.92 kJ/mol) of glob. min.
Found    16 confs within 10.00 kcal/mol (41.84 kJ/mol) of glob. min.
Global minimum E =    819.22 found     6 times.
   80 steps performed so far, out of   100
 E of low-energy structures above global min [kJ/mol],  and no. times found:
    E:  0.00  3.09 11.27 15.05 17.68 18.61 20.10 21.31 24.64 26.22 29.70 31.55
  No.:     6     6     1     3     1     9     5     2     3     3     2     2
 
 
Interim report; processing .tmp file:
   25 unique conformations found so far
   25 minimized with good convergence
Found     2 confs within  1.00 kcal/mol ( 4.18 kJ/mol) of glob. min.
Found     3 confs within  3.00 kcal/mol (12.55 kJ/mol) of glob. min.
Found     7 confs within  5.00 kcal/mol (20.92 kJ/mol) of glob. min.
Found    16 confs within 10.00 kcal/mol (41.84 kJ/mol) of glob. min.
Global minimum E =    819.22 found     6 times.
   90 steps performed so far, out of   100
 E of low-energy structures above global min [kJ/mol],  and no. times found:
    E:  0.00  3.09 11.27 15.05 17.68 18.61 20.10 21.31 24.64 26.22 29.70 31.55
  No.:     6     6     2     3     3     9     5     3     3     3     2     4
 
         100  structures minimised
          25  unique structures stored
          25  structures with good convergence
             Global Minimum   819.22272     kJ/mol
 
 
Final report; processing .tmp file:
   25 unique conformations found so far
   25 minimized with good convergence
Found     2 confs within  1.00 kcal/mol ( 4.18 kJ/mol) of glob. min.
Found     3 confs within  3.00 kcal/mol (12.55 kJ/mol) of glob. min.
Found     7 confs within  5.00 kcal/mol (20.92 kJ/mol) of glob. min.
Found    16 confs within 10.00 kcal/mol (41.84 kJ/mol) of glob. min.
Global minimum E =    819.22 found     7 times.
  100 steps performed so far, out of   100
 E of low-energy structures above global min [kJ/mol],  and no. times found:
    E:  0.00  3.09 11.27 15.05 17.68 18.61 20.10 21.31 24.64 26.22 29.70 31.55
  No.:     7     6     3     3     3     9     6     3     3     3     3     4
 
Input structure with title on the next line is given SerNo:        1
SGS nophenyl
Auto summary for input structure      1:
 Total number of structures processed =         100
 Conformations with poor convergence marked with a *
 Conformation       1 (    819.2227     kJ/mol) was found     7 times
 Conformation       2 (    822.3163     kJ/mol) was found     6 times
 Conformation       3 (    830.4937     kJ/mol) was found     3 times
 Conformation       4 (    834.2763     kJ/mol) was found     3 times
 Conformation       5 (    836.9067     kJ/mol) was found     3 times
 Conformation       6 (    837.8344     kJ/mol) was found     9 times
 Conformation       7 (    839.3224     kJ/mol) was found     6 times
 Conformation       8 (    840.5292     kJ/mol) was found     3 times
 Conformation       9 (    843.8669     kJ/mol) was found     3 times
 Conformation      10 (    845.4464     kJ/mol) was found     3 times
 Conformation      11 (    848.9216     kJ/mol) was found     3 times
 Conformation      12 (    850.7701     kJ/mol) was found     4 times
 Conformation      13 (    851.1638     kJ/mol) was found     4 times
 Conformation      14 (    851.1923     kJ/mol) was found     2 times
 Conformation      15 (    855.6904     kJ/mol) was found     4 times
 Conformation      16 (    860.6572     kJ/mol) was found     2 times
 Conformation      17 (    861.9283     kJ/mol) was found     7 times
 Conformation      18 (    864.5146     kJ/mol) was found     1 times
 Conformation      19 (    864.5985     kJ/mol) was found     5 times
 Conformation      20 (    865.6557     kJ/mol) was found     5 times
 Conformation      21 (    866.6533     kJ/mol) was found     1 times
 Conformation      22 (    866.7389     kJ/mol) was found     1 times
 Conformation      23 (    867.5312     kJ/mol) was found     3 times
 Conformation      24 (    867.5706     kJ/mol) was found     2 times
 Conformation      25 (    867.9792     kJ/mol) was found    10 times
 *** Note only            1 (MAXMCM_SAVE) structures 
     written to the output structure file.  As requested.
           *** MC Statistics ***
 Percent of minimized structures within energetic window:   100.0000    
 Average number of duplicates:     4.000000    
 Duplication standard deviation:   2.380476    
        1264  structures generated
        1087  rejected by ring closure
          78  rejected by van der Waals
          75  duplicate minimised structures
 Number of steps set to :         100
 Read    39 atoms. Structure name, if any, appears on next line: 
 SGS nophenyl

 RING  1 HAS   1 SUBRINGS
 SUBRING  1 has  4 PI electrons

 RING  2 HAS   2 SUBRINGS
 SUBRING  1 has  4 PI electrons
 SUBRING  2 has  6 PI electrons
 SUBRING  2 IS AROMATIC
 Quality of Force Field Parameters in Use:
   Numbers of high, medium and low quality stretch parameters =   40    0    1
   Numbers of high, medium and low quality bend parameters    =   62    0   11
   Numbers of high, medium and low quality torsion parameters =   59    0   42
   Interactions examined:        215 of        215 total, including unused params.
 WARNING - Conformational Energies May Not Be Accurate
      Stretch total=       41   constrained=        0
         Bend total=       73   constrained=        0        linear=        0
      Torsion total=      134   constrained=        0  out-of-plane=       33
    Nonbonded total=      589      H-bonded=        0      ordinary=      589
  Nonbonded cutoffs: CutVdw=   8.00    ;  CutEs=   20.0    
 Starting truncated Newton minimization.
          Step     1 New global minimum.  E (kJ/mol) =      761.94
 
Interim report; processing .tmp file:
    6 unique conformations found so far
    6 minimized with good convergence
Found     2 confs within  1.00 kcal/mol ( 4.18 kJ/mol) of glob. min.
Found     6 confs within 10.00 kcal/mol (41.84 kJ/mol) of glob. min.
Global minimum E =    761.94 found     2 times.
   10 steps performed so far, out of   100
 E of low-energy structures above global min [kJ/mol],  and no. times found:
    E:  0.00  2.66 22.98 26.42 27.63 29.51
  No.:     2     1     2     1     1     3
 
 
Interim report; processing .tmp file:
   10 unique conformations found so far
   10 minimized with good convergence
Found     3 confs within  1.00 kcal/mol ( 4.18 kJ/mol) of glob. min.
Found    10 confs within 10.00 kcal/mol (41.84 kJ/mol) of glob. min.
Global minimum E =    761.94 found     3 times.
   20 steps performed so far, out of   100
 E of low-energy structures above global min [kJ/mol],  and no. times found:
    E:  0.00  0.75  2.66 22.98 25.38 26.42 27.63 29.51 34.91 36.55
  No.:     3     1     1     4     2     2     1     4     1     1
 
 
Interim report; processing .tmp file:
   11 unique conformations found so far
   11 minimized with good convergence
Found     3 confs within  1.00 kcal/mol ( 4.18 kJ/mol) of glob. min.
Found    11 confs within 10.00 kcal/mol (41.84 kJ/mol) of glob. min.
Global minimum E =    761.94 found     3 times.
   30 steps performed so far, out of   100
 E of low-energy structures above global min [kJ/mol],  and no. times found:
    E:  0.00  0.75  2.66 22.98 25.38 26.42 27.63 29.51 31.08 34.91 36.55
  No.:     3     2     1     5     3     2     3     4     3     2     2
 
 
Interim report; processing .tmp file:
   12 unique conformations found so far
   12 minimized with good convergence
Found     3 confs within  1.00 kcal/mol ( 4.18 kJ/mol) of glob. min.
Found    12 confs within 10.00 kcal/mol (41.84 kJ/mol) of glob. min.
Global minimum E =    761.94 found     3 times.
   40 steps performed so far, out of   100
 E of low-energy structures above global min [kJ/mol],  and no. times found:
    E:  0.00  0.75  2.66 22.98 25.38 26.42 27.63 29.51 30.22 31.08 34.91 36.55
  No.:     3     3     1     5     3     2     3     6     3     4     3     4
 
 
Interim report; processing .tmp file:
   15 unique conformations found so far
   15 minimized with good convergence
Found     3 confs within  1.00 kcal/mol ( 4.18 kJ/mol) of glob. min.
Found     4 confs within  3.00 kcal/mol (12.55 kJ/mol) of glob. min.
Found     5 confs within  5.00 kcal/mol (20.92 kJ/mol) of glob. min.
Found    15 confs within 10.00 kcal/mol (41.84 kJ/mol) of glob. min.
Global minimum E =    761.94 found     3 times.
   50 steps performed so far, out of   100
 E of low-energy structures above global min [kJ/mol],  and no. times found:
    E:  0.00  0.75  2.66 10.14 13.64 22.98 24.35 25.38 26.42 27.63 29.51 30.22
  No.:     3     3     2     1     2     6     2     4     3     3     6     3
 
 
Interim report; processing .tmp file:
   15 unique conformations found so far
   15 minimized with good convergence
Found     3 confs within  1.00 kcal/mol ( 4.18 kJ/mol) of glob. min.
Found     4 confs within  3.00 kcal/mol (12.55 kJ/mol) of glob. min.
Found     5 confs within  5.00 kcal/mol (20.92 kJ/mol) of glob. min.
Found    15 confs within 10.00 kcal/mol (41.84 kJ/mol) of glob. min.
Global minimum E =    761.94 found     4 times.
   60 steps performed so far, out of   100
 E of low-energy structures above global min [kJ/mol],  and no. times found:
    E:  0.00  0.75  2.66 10.14 13.64 22.98 24.35 25.38 26.42 27.63 29.51 30.22
  No.:     4     6     3     2     2     7     3     4     4     3     6     3
 
 
Interim report; processing .tmp file:
   16 unique conformations found so far
   16 minimized with good convergence
Found     4 confs within  1.00 kcal/mol ( 4.18 kJ/mol) of glob. min.
Found     5 confs within  3.00 kcal/mol (12.55 kJ/mol) of glob. min.
Found     6 confs within  5.00 kcal/mol (20.92 kJ/mol) of glob. min.
Found    16 confs within 10.00 kcal/mol (41.84 kJ/mol) of glob. min.
Global minimum E =    761.94 found     6 times.
   70 steps performed so far, out of   100
 E of low-energy structures above global min [kJ/mol],  and no. times found:
    E:  0.00  0.75  2.66  3.45 10.14 13.64 22.98 24.35 25.38 26.42 27.63 29.51
  No.:     6     6     5     2     2     2     8     3     4     4     3     6
 
 
Interim report; processing .tmp file:
   16 unique conformations found so far
   16 minimized with good convergence
Found     4 confs within  1.00 kcal/mol ( 4.18 kJ/mol) of glob. min.
Found     5 confs within  3.00 kcal/mol (12.55 kJ/mol) of glob. min.
Found     6 confs within  5.00 kcal/mol (20.92 kJ/mol) of glob. min.
Found    16 confs within 10.00 kcal/mol (41.84 kJ/mol) of glob. min.
Global minimum E =    761.94 found     7 times.
   80 steps performed so far, out of   100
 E of low-energy structures above global min [kJ/mol],  and no. times found:
    E:  0.00  0.75  2.66  3.45 10.14 13.64 22.98 24.35 25.38 26.42 27.63 29.51
  No.:     7     7     5     3     2     2     8     4     6     6     3     6
 
 
Interim report; processing .tmp file:
   16 unique conformations found so far
   16 minimized with good convergence
Found     4 confs within  1.00 kcal/mol ( 4.18 kJ/mol) of glob. min.
Found     5 confs within  3.00 kcal/mol (12.55 kJ/mol) of glob. min.
Found     6 confs within  5.00 kcal/mol (20.92 kJ/mol) of glob. min.
Found    16 confs within 10.00 kcal/mol (41.84 kJ/mol) of glob. min.
Global minimum E =    761.94 found     8 times.
   90 steps performed so far, out of   100
 E of low-energy structures above global min [kJ/mol],  and no. times found:
    E:  0.00  0.75  2.66  3.45 10.14 13.64 22.98 24.35 25.38 26.42 27.63 29.51
  No.:     8     7     5     4     3     2     9     4     8     7     3     7
 
         100  structures minimised
          16  unique structures stored
          16  structures with good convergence
             Global Minimum   761.94257     kJ/mol
 
 
Final report; processing .tmp file:
   16 unique conformations found so far
   16 minimized with good convergence
Found     4 confs within  1.00 kcal/mol ( 4.18 kJ/mol) of glob. min.
Found     5 confs within  3.00 kcal/mol (12.55 kJ/mol) of glob. min.
Found     6 confs within  5.00 kcal/mol (20.92 kJ/mol) of glob. min.
Found    16 confs within 10.00 kcal/mol (41.84 kJ/mol) of glob. min.
Global minimum E =    761.94 found     9 times.
  100 steps performed so far, out of   100
 E of low-energy structures above global min [kJ/mol],  and no. times found:
    E:  0.00  0.75  2.66  3.45 10.14 13.64 22.98 24.35 25.38 26.42 27.63 29.51
  No.:     9     7     5     5     3     2    12     6     8     7     3     7
 
Input structure with title on the next line is given SerNo:        2
SGS nophenyl
Auto summary for input structure      2:
 Total number of structures processed =         100
 Conformations with poor convergence marked with a *
 Conformation       1 (    761.9426     kJ/mol) was found     9 times
 Conformation       2 (    762.6891     kJ/mol) was found     7 times
 Conformation       3 (    764.6045     kJ/mol) was found     5 times
 Conformation       4 (    765.3894     kJ/mol) was found     5 times
 Conformation       5 (    772.0814     kJ/mol) was found     3 times
 Conformation       6 (    775.5853     kJ/mol) was found     2 times
 Conformation       7 (    784.9240     kJ/mol) was found    12 times
 Conformation       8 (    786.2969     kJ/mol) was found     6 times
 Conformation       9 (    787.3270     kJ/mol) was found     8 times
 Conformation      10 (    788.3643     kJ/mol) was found     7 times
 Conformation      11 (    789.5765     kJ/mol) was found     3 times
 Conformation      12 (    791.4499     kJ/mol) was found     7 times
 Conformation      13 (    792.1623     kJ/mol) was found     5 times
 Conformation      14 (    793.0236     kJ/mol) was found     5 times
 Conformation      15 (    796.8527     kJ/mol) was found     5 times
 Conformation      16 (    798.4955     kJ/mol) was found    11 times
 *** Note only            1 (MAXMCM_SAVE) structures 
     written to the output structure file.  As requested.
           *** MC Statistics ***
 Percent of minimized structures within energetic window:   100.0000    
 Average number of duplicates:     6.250000    
 Duplication standard deviation:   2.768875    
         897  structures generated
         740  rejected by ring closure
          58  rejected by van der Waals
          84  duplicate minimised structures
 
BatchMin: normal termination                           13-Jan-2015 14:19:06
STARTUP COMMAND:
/cbio/jclab/share/schrodinger/schrodinger2014-4/macromodel-v106013/bin/Linux-x86_64/bmin
MMSHARE_EXEC:/cbio/jclab/share/schrodinger/schrodinger2014-4/mmshare-v28013/bin/Linux-x86_64

real	0.0m10.6400000006s
user	0.0m0.0s
sys	0.0m0.01s
RUNNING: python "/cbio/jclab/share/schrodinger/schrodinger2014-4/macromodel-v106013/bin/Linux-x86_64/bmin_startup.py" -NO_REDIRECT Subjob00001--Sample_3_mmffs_vac
