 Entering IMPACT execution environment 
 Date: Tuesday, January 13 2015, at 14:19:54 EST
 ---------------------------------------------------------------------------
 Glide version 65013
 mmshare version        28013
 Copyright (c) Schrodinger, LLC.
 All Rights Reserved.

 For hardware platform Linux-x86_64.openmpi
 Compiled on: Fri Nov 7 18:58:43 EST 2014
 Host: Linux gpu-2-4.local 2.6.32-358.18.1.el6.x86_64 #1 SMP Wed Aug 28 17:19:38 UTC 2013 x86_64
 Job Name: Subjob00001--DockLigand0.glidetmp28143
 SCHRODINGER  directory: /cbio/jclab/share/schrodinger/schrodinger2014-4
 IMPACT_EXEC  directory: /cbio/jclab/share/schrodinger/schrodinger2014-4/impact-v65013/bin/Linux-x86_64
 MMSHARE_EXEC directory: /cbio/jclab/share/schrodinger/schrodinger2014-4/mmshare-v28013/bin/Linux-x86_64

 This software contains material that is a copyrighted
 work of, and that is licensed from, Rutgers,
 the State University of New Jersey.

 This software is provided under license and may be 
 used, copied, transmitted, and stored only in accordance
 with the terms and conditions of that license.
 ---------------------------------------------------------------------------

 Job title:        "Subjob00001--DockLigand0"
 Main output file: Subjob00001--DockLigand0.out

                             - Input command file -
 ---------------------------------------------------------------------------
write file -
"Subjob00001--DockLigand0.out" -
      title -
"Subjob00001--DockLigand0" *

PUT 0 INTO 'buildcheck'
PUT 1 INTO 'startlig'
PUT 0 INTO 'endlig'
PUT -1 INTO 'strucseq'

SET FFIELD OPLS_2005

DOCK
  smooth anneal 2
  ligand multiple maxat 300 maxrot 50 -
   ligvdwscale factor 0.800000 ccut 0.150000
  receptor rdiel readzip -
"Subjob00001--CreateGrid-out" -
  constraints  loosedock 2 featurefile -
"Subjob00001--DockLigand0.feat" -
   consname -
"Subjob00001--CreateGrid-out.cons"
  screen  readscreen -
"Subjob00001--CreateGrid-out.save" -
   greedy readgreed -
"Subjob00001--CreateGrid-out_greedy.save" -
   maxkeep 5000 scorecut 100.000000
  parameter setup save   maxconf 1000
  final glidescore
  report setup nreport 0   -
   external file -
"Subjob00001--DockLigand0_raw.maegz" -
   norecep -
   maxperlig 10 rmspose 0.500000 delpose 1.300000 epik
  run
QUIT

PUT 'startlig' INTO 'strucseq'
CREATE
  build primary name lig type auto maxat 300 -
   read maestro file -
"Subjob00001--DockLigand0-in.maegz" -
   gotostruct 'startlig' skip_recep
IF 'buildcheck' LT 0
QUIT
  IF 'buildcheck' EQ -1
    ECHO "END OF LIGAND FILE: Subjob00001--DockLigand0-in.maegz"
  ENDIF
  IF 'buildcheck' EQ -2
     ECHO "ERROR READING LIGAND FILE: Subjob00001--DockLigand0-in.maegz"
  ENDIF
    ECHO "No ligands read; aborting."
    GOTO ABORT
ELSE
  build types name lig
QUIT
ENDIF

PUT 'startlig' INTO 'i'
WHILE ('endlig' LT 1 OR 'i' LE 'endlig')

DOCK
  ligand name lig
  screen
  parameter save
  confgen  torsion amide penal name lig -
   ecut 12.000000
  run
QUIT

DOCK
  smooth anneal 2
  ligand keep
  screen noscore refine maxref 400
  parameter save
  minimize flex itmax 100 dielco 2.000000 -
   postdock 10 ligmin pmitmax 500
  scoring ecvdw 0.000000 hbfilt 0.000000 metalfilt 10.000000 gscorecut 100.000000
  report collect -
   rmspose 0.500000 delpose 1.300000
  run
QUIT
IF ('i' EQ 'endlig')
  ECHO "FINISHED REQUESTED RANGE IN LIGAND FILE: Subjob00001--DockLigand0-in.maegz"
ECHO "Proceeding with final processing of ligands."
  GOTO BREAK
ENDIF

PUT 'i' + 1 INTO 'strucseq'
CREATE
  build primary check name lig type auto maxat 300 -
   read maestro file -
"Subjob00001--DockLigand0-in.maegz" -
   nextstruct

IF 'buildcheck' LT 0
QUIT
  IF 'buildcheck' EQ -1
    ECHO "END OF LIGAND FILE: Subjob00001--DockLigand0-in.maegz"
  ENDIF
  IF 'buildcheck' EQ -2
     ECHO "ERROR READING LIGAND FILE: Subjob00001--DockLigand0-in.maegz"
  ENDIF
ECHO "Proceeding with final processing of ligands."
  GOTO BREAK
ELSE
  build types name lig
QUIT
ENDIF

PUT 'i' + 1 INTO 'i'
ENDWHILE
:BREAK

DOCK
  parameter clean final
  report -
   rmspose 0.500000 delpose 1.300000  write filename -
"Subjob00001--DockLigand0"
  run
QUIT
:ABORT

END
 ---------------------------------------------------------------------------

                             - End of input file -


 ---------------------------------
 Beginning IMPACT task: DOCK
 Beginning DOCK subtask SMOO                                                    
 Beginning DOCK subtask LIGA                                                    
 VdW radii of ligand atoms scaled by   0.800000000000000     
 Charge cutoff for polarity   0.150000000000000     
 Beginning DOCK subtask RECE                                                    
 Beginning DOCK subtask SCRE                                                    
 Beginning DOCK subtask PARA                                                    
 Beginning DOCK subtask FINA                                                    
 Beginning DOCK subtask REPO                                                    
 Beginning DOCK subtask RUN                                                     

GLIDE CONSTRAINTS APPLIED
-------------------------
  1 out of   1 constraints used from file "grid.28162/Subjob00001--CreateGrid-out.cons"
Labels and receptor types of constraints used are:
pos1 (Positional)

All docked poses must satisfy the specified number of
constraints in ALL of the following  1 groups.
Group   1: At least  1 of (pos1)


Rough-score grid dimensions = (   24,    24,    24).
 Set up rough-score grid with dimensions(   24,    24,    24), spacing=    1.0
  125 acceptable sites for ligand center.
 Finished setting up rough-score screening.
 Getting receptor data ...
%IMPACT-I (xdrrd): File grid.28162/Subjob00001--CreateGrid-out.grd opened for reading
 Energy grid dimensions = (   64,    64,    64).
%IMPACT-I (xdrrd): File grid.28162/Subjob00001--CreateGrid-out_coul2.fld opened for reading
%IMPACT-I (xdrrd): File grid.28162/Subjob00001--CreateGrid-out_vdw.fld opened for reading
%IMPACT-I (xdrrd): File grid.28162/Subjob00001--CreateGrid-out.gsc opened for reading
 Finished setting up grids.
 Beginning DOCK subtask QUIT                                                    
 dock time  user:        0.80  system:        0.08  elapse:        1.05

 ---------------------------------
 Beginning IMPACT task: CREA
 Beginning CREATE subtask BUIL                                                  
 Beginning CREATE subtask BUIL                                                  
%IMPACT-I(foldmain): calling OPLS_2005 atomtyping ...
%IMPACT-I(foldmain): finished parameter assignment
 Beginning CREATE subtask QUIT                                                  

 ---------------------------------
 Beginning IMPACT task: DOCK
 Beginning DOCK subtask LIGA                                                    
 Beginning DOCK subtask SCRE                                                    
 Beginning DOCK subtask PARA                                                    
 Beginning DOCK subtask CONF                                                    
     Energy parameters obtained from atomtyping: 
  
 ** Entering Conformation Generator ** 
  
  
  Penalizing non-planar amide torsions 
  
 Number of rotatable bonds            2
 Using templates for ring conformations.
 Core rotatable bonds, max cores            1        1000
 confgen time  user:        0.09  system:        0.02  elapse:        0.17
 Beginning DOCK subtask RUN                                                     
 Beginning DOCK subtask QUIT                                                    
 dock time  user:        1.04  system:        0.12  elapse:        1.70

 ---------------------------------
 Beginning IMPACT task: DOCK
 Beginning DOCK subtask SMOO                                                    
 Beginning DOCK subtask LIGA                                                    
 Beginning DOCK subtask SCRE                                                    
 Beginning DOCK subtask PARA                                                    
 Beginning DOCK subtask MINI                                                    
 Beginning DOCK subtask SCOR                                                    

GlideScore version SP5.0 will be used

  
 Buried polar penalty      0.000
 Coulomb vdW cutoff        0.000
 H bond cutoff             0.000
 Metal-ligand cutoff      10.000
%IMPACT-I (info): At line  78
 %IMPACT-I: Assigning GlideScore SP5.0 parameters
 Beginning DOCK subtask REPO                                                    
 Beginning DOCK subtask RUN                                                     
Postdocking minimization:  10 poses; CvdW cutoffs   100.0 kcal/mol for min,     0.0 kcal/mol for report.
 
Pose 2310 Emodel =  -40.43 original =  -41.46 E =  -31.30 GlideScore =   -4.74
Pose 3253 Emodel =  -40.59 original =  -37.79 E =  -31.04 GlideScore =   -5.26
Pose  686 Emodel =  -40.69 original =  -37.31 E =  -30.69 GlideScore =   -5.24
Pose 2200 Emodel =  -40.92 original =  -36.42 E =  -30.73 GlideScore =   -5.42
 
Constraint(s) matched for ligand        1, pose   2200
Score =     -5.424
Emodel =    -40.920

The output pose satisfies at least the following constraint(s).
pos1 (Type = Positional)
 
Constraint(s) matched for ligand        1, pose    686
Score =     -5.236
Emodel =    -40.690

The output pose satisfies at least the following constraint(s).
pos1 (Type = Positional)
 
Constraint(s) matched for ligand        1, pose   2310
Score =     -4.744
Emodel =    -40.431

The output pose satisfies at least the following constraint(s).
pos1 (Type = Positional)
 
Constraint(s) matched for ligand        1, pose   1185
Score =     -4.553
Emodel =    -38.554

The output pose satisfies at least the following constraint(s).
pos1 (Type = Positional)
 
Constraint(s) matched for ligand        1, pose    570
Score =     -4.631
Emodel =    -36.858

The output pose satisfies at least the following constraint(s).
pos1 (Type = Positional)
 
Constraint(s) matched for ligand        1, pose   1589
Score =     -4.673
Emodel =    -35.840

The output pose satisfies at least the following constraint(s).
pos1 (Type = Positional)
 
Constraint(s) matched for ligand        1, pose   2175
Score =     -4.014
Emodel =    -31.564

The output pose satisfies at least the following constraint(s).
pos1 (Type = Positional)
 
DOCKING RESULTS FOR LIGAND        1 (SGS nophenyl)
Lowest Efinal =    -31.30 Eint=      0.14 GlideScore =     -4.74, from pose  2310, conf     2, lig        1
Best Emodel =    -40.92 E =    -30.73 Eint =     0.65 GlideScore =     -5.42  from pose  2200, conf     2, lig        1
 Beginning DOCK subtask QUIT                                                    
 dock time  user:       22.97  system:        0.28  elapse:       23.84

 ---------------------------------
 Beginning IMPACT task: CREA
 Beginning CREATE subtask BUIL                                                  
 Beginning CREATE subtask BUIL                                                  
%IMPACT-I(foldmain): calling OPLS_2005 atomtyping ...
%IMPACT-I(foldmain): finished parameter assignment
 Beginning CREATE subtask QUIT                                                  

 ---------------------------------
 Beginning IMPACT task: DOCK
 Beginning DOCK subtask LIGA                                                    
 Beginning DOCK subtask SCRE                                                    
 Beginning DOCK subtask PARA                                                    
 Beginning DOCK subtask CONF                                                    
     Energy parameters obtained from atomtyping: 
  
 ** Entering Conformation Generator ** 
  
 Number of rotatable bonds            2
 Using templates for ring conformations.
 Core rotatable bonds, max cores            1        1000
 confgen time  user:        0.17  system:        0.03  elapse:        0.25
 Beginning DOCK subtask RUN                                                     
 Beginning DOCK subtask QUIT                                                    
 dock time  user:       23.20  system:        0.29  elapse:       24.08

 ---------------------------------
 Beginning IMPACT task: DOCK
 Beginning DOCK subtask SMOO                                                    
 Beginning DOCK subtask LIGA                                                    
 Beginning DOCK subtask SCRE                                                    
 Beginning DOCK subtask PARA                                                    
 Beginning DOCK subtask MINI                                                    
 Beginning DOCK subtask SCOR                                                    
 Beginning DOCK subtask REPO                                                    
 Beginning DOCK subtask RUN                                                     
 
Pose  366 Emodel =  -40.43 original =  -41.66 E =  -31.29 GlideScore =   -4.77
Pose 2591 Emodel =  -40.63 original =  -41.26 E =  -31.04 GlideScore =   -5.20
Pose 1754 Emodel =  -40.67 original =  -40.25 E =  -30.87 GlideScore =   -5.29
Pose 2162 Emodel =  -40.89 original =  -37.51 E =  -30.82 GlideScore =   -5.36
Pose  660 Emodel =  -41.06 original =  -36.21 E =  -30.92 GlideScore =   -5.46
 
Constraint(s) matched for ligand        2, pose    660
Score =     -5.456
Emodel =    -41.058

The output pose satisfies at least the following constraint(s).
pos1 (Type = Positional)
 
Constraint(s) matched for ligand        2, pose   1754
Score =     -5.287
Emodel =    -40.673

The output pose satisfies at least the following constraint(s).
pos1 (Type = Positional)
 
Constraint(s) matched for ligand        2, pose    366
Score =     -4.766
Emodel =    -40.428

The output pose satisfies at least the following constraint(s).
pos1 (Type = Positional)
 
Constraint(s) matched for ligand        2, pose   3651
Score =     -4.839
Emodel =    -38.677

The output pose satisfies at least the following constraint(s).
pos1 (Type = Positional)
 
Constraint(s) matched for ligand        2, pose   2421
Score =     -4.899
Emodel =    -36.654

The output pose satisfies at least the following constraint(s).
pos1 (Type = Positional)
 
DOCKING RESULTS FOR LIGAND        2 (SGS nophenyl)
Lowest Efinal =    -31.29 Eint=      0.21 GlideScore =     -4.77, from pose   366, conf     2, lig        2
Best Emodel =    -41.06 E =    -30.92 Eint =     0.88 GlideScore =     -5.46  from pose   660, conf     2, lig        2
 Beginning DOCK subtask QUIT                                                    
 dock time  user:       46.15  system:        0.43  elapse:       47.22

 ---------------------------------
 Beginning IMPACT task: CREA
 Beginning CREATE subtask BUIL                                                  
 Beginning CREATE subtask BUIL                                                  
%IMPACT-I(foldmain): calling OPLS_2005 atomtyping ...
%IMPACT-I(foldmain): finished parameter assignment
 Beginning CREATE subtask QUIT                                                  

 ---------------------------------
 Beginning IMPACT task: DOCK
 Beginning DOCK subtask LIGA                                                    
 Beginning DOCK subtask SCRE                                                    
 Beginning DOCK subtask PARA                                                    
 Beginning DOCK subtask CONF                                                    
     Energy parameters obtained from atomtyping: 
  
 ** Entering Conformation Generator ** 
  
 Number of rotatable bonds            2
 Using templates for ring conformations.
 Core rotatable bonds, max cores            1        1000
 confgen time  user:        0.24  system:        0.03  elapse:        0.33
 Beginning DOCK subtask RUN                                                     
 Beginning DOCK subtask QUIT                                                    
 dock time  user:       46.37  system:        0.43  elapse:       47.45

 ---------------------------------
 Beginning IMPACT task: DOCK
 Beginning DOCK subtask SMOO                                                    
 Beginning DOCK subtask LIGA                                                    
 Beginning DOCK subtask SCRE                                                    
 Beginning DOCK subtask PARA                                                    
 Beginning DOCK subtask MINI                                                    
 Beginning DOCK subtask SCOR                                                    
 Beginning DOCK subtask REPO                                                    
 Beginning DOCK subtask RUN                                                     
 
Pose 2381 Emodel =  -40.51 original =  -41.63 E =  -31.47 GlideScore =   -4.74
Pose 1695 Emodel =  -40.68 original =  -39.84 E =  -30.96 GlideScore =   -5.18
Pose 1332 Emodel =  -40.84 original =  -36.35 E =  -30.66 GlideScore =   -5.42
 
Constraint(s) matched for ligand        3, pose   1332
Score =     -5.425
Emodel =    -40.840

The output pose satisfies at least the following constraint(s).
pos1 (Type = Positional)
 
Constraint(s) matched for ligand        3, pose   1695
Score =     -5.184
Emodel =    -40.682

The output pose satisfies at least the following constraint(s).
pos1 (Type = Positional)
 
Constraint(s) matched for ligand        3, pose   2620
Score =     -4.536
Emodel =    -38.388

The output pose satisfies at least the following constraint(s).
pos1 (Type = Positional)
 
Constraint(s) matched for ligand        3, pose    776
Score =     -5.019
Emodel =    -36.797

The output pose satisfies at least the following constraint(s).
pos1 (Type = Positional)
 
Constraint(s) matched for ligand        3, pose    985
Score =     -4.747
Emodel =    -36.273

The output pose satisfies at least the following constraint(s).
pos1 (Type = Positional)
 
Constraint(s) matched for ligand        3, pose   1704
Score =     -4.478
Emodel =    -35.004

The output pose satisfies at least the following constraint(s).
pos1 (Type = Positional)
 
DOCKING RESULTS FOR LIGAND        3 (SGS nophenyl)
Lowest Efinal =    -31.47 Eint=      0.21 GlideScore =     -4.74, from pose  2381, conf     1, lig        3
Best Emodel =    -40.84 E =    -30.66 Eint =     0.58 GlideScore =     -5.42  from pose  1332, conf     3, lig        3
 Beginning DOCK subtask QUIT                                                    
 dock time  user:       67.74  system:        0.56  elapse:       68.99

 ---------------------------------
 Beginning IMPACT task: CREA
 Beginning CREATE subtask BUIL                                                  
 Beginning CREATE subtask BUIL                                                  
%IMPACT-I(foldmain): calling OPLS_2005 atomtyping ...
%IMPACT-I(foldmain): finished parameter assignment
 Beginning CREATE subtask QUIT                                                  

 ---------------------------------
 Beginning IMPACT task: DOCK
 Beginning DOCK subtask LIGA                                                    
 Beginning DOCK subtask SCRE                                                    
 Beginning DOCK subtask PARA                                                    
 Beginning DOCK subtask CONF                                                    
     Energy parameters obtained from atomtyping: 
  
 ** Entering Conformation Generator ** 
  
 Number of rotatable bonds            2
 Using templates for ring conformations.
 Core rotatable bonds, max cores            1        1000
 confgen time  user:        0.29  system:        0.03  elapse:        0.38
 Beginning DOCK subtask RUN                                                     
 Beginning DOCK subtask QUIT                                                    
 dock time  user:       67.87  system:        0.56  elapse:       69.13

 ---------------------------------
 Beginning IMPACT task: DOCK
 Beginning DOCK subtask SMOO                                                    
 Beginning DOCK subtask LIGA                                                    
 Beginning DOCK subtask SCRE                                                    
 Beginning DOCK subtask PARA                                                    
 Beginning DOCK subtask MINI                                                    
 Beginning DOCK subtask SCOR                                                    
 Beginning DOCK subtask REPO                                                    
 Beginning DOCK subtask RUN                                                     
 
Pose 1052 Emodel =  -40.37 original =  -41.54 E =  -31.33 GlideScore =   -4.73
Pose  453 Emodel =  -40.63 original =  -41.00 E =  -31.04 GlideScore =   -5.22
Pose 2861 Emodel =  -40.77 original =  -37.56 E =  -30.72 GlideScore =   -5.43
 
Constraint(s) matched for ligand        4, pose   2861
Score =     -5.430
Emodel =    -40.772

The output pose satisfies at least the following constraint(s).
pos1 (Type = Positional)
 
Constraint(s) matched for ligand        4, pose    453
Score =     -5.221
Emodel =    -40.634

The output pose satisfies at least the following constraint(s).
pos1 (Type = Positional)
 
Constraint(s) matched for ligand        4, pose   3254
Score =     -4.841
Emodel =    -38.809

The output pose satisfies at least the following constraint(s).
pos1 (Type = Positional)
 
Constraint(s) matched for ligand        4, pose   4633
Score =     -4.744
Emodel =    -36.352

The output pose satisfies at least the following constraint(s).
pos1 (Type = Positional)
 
Constraint(s) matched for ligand        4, pose   3167
Score =     -4.019
Emodel =    -31.281

The output pose satisfies at least the following constraint(s).
pos1 (Type = Positional)
 
DOCKING RESULTS FOR LIGAND        4 (SGS nophenyl)
Lowest Efinal =    -31.33 Eint=      0.21 GlideScore =     -4.73, from pose  1052, conf     3, lig        4
Best Emodel =    -40.77 E =    -30.72 Eint =     0.88 GlideScore =     -5.43  from pose  2861, conf     1, lig        4
 Beginning DOCK subtask QUIT                                                    
 dock time  user:       86.42  system:        0.67  elapse:       87.83

 ---------------------------------
 Beginning IMPACT task: CREA
 Beginning CREATE subtask BUIL                                                  
 Beginning CREATE subtask BUIL                                                  
%IMPACT-I(foldmain): calling OPLS_2005 atomtyping ...
%IMPACT-I(foldmain): finished parameter assignment
 Beginning CREATE subtask QUIT                                                  

 ---------------------------------
 Beginning IMPACT task: DOCK
 Beginning DOCK subtask LIGA                                                    
 Beginning DOCK subtask SCRE                                                    
 Beginning DOCK subtask PARA                                                    
 Beginning DOCK subtask CONF                                                    
     Energy parameters obtained from atomtyping: 
  
 ** Entering Conformation Generator ** 
  
 Number of rotatable bonds            2
 Using templates for ring conformations.
 Core rotatable bonds, max cores            1        1000
 confgen time  user:        0.36  system:        0.04  elapse:        0.45
 Beginning DOCK subtask RUN                                                     
 Beginning DOCK subtask QUIT                                                    
 dock time  user:       86.65  system:        0.68  elapse:       88.07

 ---------------------------------
 Beginning IMPACT task: DOCK
 Beginning DOCK subtask SMOO                                                    
 Beginning DOCK subtask LIGA                                                    
 Beginning DOCK subtask SCRE                                                    
 Beginning DOCK subtask PARA                                                    
 Beginning DOCK subtask MINI                                                    
 Beginning DOCK subtask SCOR                                                    
 Beginning DOCK subtask REPO                                                    
 Beginning DOCK subtask RUN                                                     
 
Pose 2154 Emodel =  -40.38 original =  -42.32 E =  -30.39 GlideScore =   -5.14
Pose 1806 Emodel =  -40.45 original =  -42.05 E =  -31.71 GlideScore =   -4.79
Pose 2619 Emodel =  -40.68 original =  -40.90 E =  -31.59 GlideScore =   -4.92
Pose 2462 Emodel =  -40.96 original =  -34.68 E =  -31.17 GlideScore =   -4.98
Pose 4477 Emodel =  -41.42 original =  -34.42 E =  -30.85 GlideScore =   -5.40
 
Constraint(s) matched for ligand        5, pose   4477
Score =     -5.401
Emodel =    -41.424

The output pose satisfies at least the following constraint(s).
pos1 (Type = Positional)
 
Constraint(s) matched for ligand        5, pose   2619
Score =     -4.920
Emodel =    -40.683

The output pose satisfies at least the following constraint(s).
pos1 (Type = Positional)
 
Constraint(s) matched for ligand        5, pose   1806
Score =     -4.794
Emodel =    -40.454

The output pose satisfies at least the following constraint(s).
pos1 (Type = Positional)
 
Constraint(s) matched for ligand        5, pose   1177
Score =     -4.824
Emodel =    -36.133

The output pose satisfies at least the following constraint(s).
pos1 (Type = Positional)
 
DOCKING RESULTS FOR LIGAND        5 (SGS nophenyl)
Lowest Efinal =    -31.71 Eint=      1.41 GlideScore =     -4.79, from pose  1806, conf     1, lig        5
Best Emodel =    -41.42 E =    -30.85 Eint =     0.14 GlideScore =     -5.40  from pose  4477, conf     1, lig        5
 Beginning DOCK subtask QUIT                                                    
 dock time  user:      106.39  system:        0.80  elapse:      107.97

 ---------------------------------
 Beginning IMPACT task: CREA
 Beginning CREATE subtask BUIL                                                  
 Beginning CREATE subtask BUIL                                                  
%IMPACT-I(foldmain): calling OPLS_2005 atomtyping ...
%IMPACT-I(foldmain): finished parameter assignment
 Beginning CREATE subtask QUIT                                                  

 ---------------------------------
 Beginning IMPACT task: DOCK
 Beginning DOCK subtask LIGA                                                    
 Beginning DOCK subtask SCRE                                                    
 Beginning DOCK subtask PARA                                                    
 Beginning DOCK subtask CONF                                                    
     Energy parameters obtained from atomtyping: 
  
 ** Entering Conformation Generator ** 
  
 Number of rotatable bonds            2
 Using templates for ring conformations.
 Core rotatable bonds, max cores            1        1000
 confgen time  user:        0.45  system:        0.04  elapse:        0.54
 Beginning DOCK subtask RUN                                                     
 Beginning DOCK subtask QUIT                                                    
 dock time  user:      106.67  system:        0.80  elapse:      108.25

 ---------------------------------
 Beginning IMPACT task: DOCK
 Beginning DOCK subtask SMOO                                                    
 Beginning DOCK subtask LIGA                                                    
 Beginning DOCK subtask SCRE                                                    
 Beginning DOCK subtask PARA                                                    
 Beginning DOCK subtask MINI                                                    
 Beginning DOCK subtask SCOR                                                    
 Beginning DOCK subtask REPO                                                    
 Beginning DOCK subtask RUN                                                     
 
Pose 2430 Emodel =  -39.87 original =  -39.02 E =  -31.42 GlideScore =   -4.74
Pose 1163 Emodel =  -40.06 original =  -37.46 E =  -30.97 GlideScore =   -5.19
Pose 1618 Emodel =  -40.24 original =  -33.78 E =  -30.97 GlideScore =   -5.18
 
Constraint(s) matched for ligand        6, pose   1618
Score =     -5.183
Emodel =    -40.241

The output pose satisfies at least the following constraint(s).
pos1 (Type = Positional)
 
Constraint(s) matched for ligand        6, pose   4097
Score =     -4.509
Emodel =    -36.932

The output pose satisfies at least the following constraint(s).
pos1 (Type = Positional)
 
Constraint(s) matched for ligand        6, pose   1353
Score =     -4.774
Emodel =    -36.223

The output pose satisfies at least the following constraint(s).
pos1 (Type = Positional)
 
Constraint(s) matched for ligand        6, pose   1774
Score =     -4.682
Emodel =    -33.546

The output pose satisfies at least the following constraint(s).
pos1 (Type = Positional)
 
DOCKING RESULTS FOR LIGAND        6 (SGS nophenyl)
Lowest Efinal =    -31.42 Eint=      0.47 GlideScore =     -4.74, from pose  2430, conf     1, lig        6
Best Emodel =    -40.24 E =    -30.97 Eint =     0.44 GlideScore =     -5.18  from pose  1618, conf     1, lig        6
 Beginning DOCK subtask QUIT                                                    
 dock time  user:      124.55  system:        0.93  elapse:      126.29

 ---------------------------------
 Beginning IMPACT task: CREA
 Beginning CREATE subtask BUIL                                                  
 Beginning CREATE subtask BUIL                                                  
%IMPACT-I(foldmain): calling OPLS_2005 atomtyping ...
%IMPACT-I(foldmain): finished parameter assignment
 Beginning CREATE subtask QUIT                                                  

 ---------------------------------
 Beginning IMPACT task: DOCK
 Beginning DOCK subtask LIGA                                                    
 Beginning DOCK subtask SCRE                                                    
 Beginning DOCK subtask PARA                                                    
 Beginning DOCK subtask CONF                                                    
     Energy parameters obtained from atomtyping: 
  
 ** Entering Conformation Generator ** 
  
 Number of rotatable bonds            2
 Using templates for ring conformations.
 Core rotatable bonds, max cores            1        1000
 confgen time  user:        0.50  system:        0.04  elapse:        0.60
 Beginning DOCK subtask RUN                                                     
 Beginning DOCK subtask QUIT                                                    
 dock time  user:      124.69  system:        0.93  elapse:      126.44

 ---------------------------------
 Beginning IMPACT task: DOCK
 Beginning DOCK subtask SMOO                                                    
 Beginning DOCK subtask LIGA                                                    
 Beginning DOCK subtask SCRE                                                    
 Beginning DOCK subtask PARA                                                    
 Beginning DOCK subtask MINI                                                    
 Beginning DOCK subtask SCOR                                                    
 Beginning DOCK subtask REPO                                                    
 Beginning DOCK subtask RUN                                                     
 
Pose 3014 Emodel =  -41.02 original =  -43.01 E =  -31.53 GlideScore =   -4.79
Pose 2642 Emodel =  -41.30 original =  -37.97 E =  -30.91 GlideScore =   -5.28
 
Constraint(s) matched for ligand        7, pose   2642
Score =     -5.279
Emodel =    -41.303

The output pose satisfies at least the following constraint(s).
pos1 (Type = Positional)
 
Constraint(s) matched for ligand        7, pose   1093
Score =     -5.317
Emodel =    -41.063

The output pose satisfies at least the following constraint(s).
pos1 (Type = Positional)
 
Constraint(s) matched for ligand        7, pose   3014
Score =     -4.788
Emodel =    -41.015

The output pose satisfies at least the following constraint(s).
pos1 (Type = Positional)
 
Constraint(s) matched for ligand        7, pose   1884
Score =     -4.749
Emodel =    -38.768

The output pose satisfies at least the following constraint(s).
pos1 (Type = Positional)
 
Constraint(s) matched for ligand        7, pose   3465
Score =     -4.619
Emodel =    -38.569

The output pose satisfies at least the following constraint(s).
pos1 (Type = Positional)
 
Constraint(s) matched for ligand        7, pose   3172
Score =     -4.708
Emodel =    -37.091

The output pose satisfies at least the following constraint(s).
pos1 (Type = Positional)
 
Constraint(s) matched for ligand        7, pose   3196
Score =     -3.110
Emodel =    -28.197

The output pose satisfies at least the following constraint(s).
pos1 (Type = Positional)
 
DOCKING RESULTS FOR LIGAND        7 (SGS nophenyl)
Lowest Efinal =    -31.53 Eint=      0.05 GlideScore =     -4.79, from pose  3014, conf     3, lig        7
Best Emodel =    -41.30 E =    -30.91 Eint =     0.20 GlideScore =     -5.28  from pose  2642, conf     3, lig        7
 Beginning DOCK subtask QUIT                                                    
 dock time  user:      141.97  system:        1.05  elapse:      143.88

 ---------------------------------
 Beginning IMPACT task: CREA
 Beginning CREATE subtask BUIL                                                  
 Beginning CREATE subtask BUIL                                                  
%IMPACT-I(foldmain): calling OPLS_2005 atomtyping ...
%IMPACT-I(foldmain): finished parameter assignment
 Beginning CREATE subtask QUIT                                                  

 ---------------------------------
 Beginning IMPACT task: DOCK
 Beginning DOCK subtask LIGA                                                    
 Beginning DOCK subtask SCRE                                                    
 Beginning DOCK subtask PARA                                                    
 Beginning DOCK subtask CONF                                                    
     Energy parameters obtained from atomtyping: 
  
 ** Entering Conformation Generator ** 
  
 Number of rotatable bonds            2
 Using templates for ring conformations.
 Core rotatable bonds, max cores            1        1000
 confgen time  user:        0.55  system:        0.05  elapse:        0.65
 Beginning DOCK subtask RUN                                                     
 Beginning DOCK subtask QUIT                                                    
 dock time  user:      142.09  system:        1.06  elapse:      144.00

 ---------------------------------
 Beginning IMPACT task: DOCK
 Beginning DOCK subtask SMOO                                                    
 Beginning DOCK subtask LIGA                                                    
 Beginning DOCK subtask SCRE                                                    
 Beginning DOCK subtask PARA                                                    
 Beginning DOCK subtask MINI                                                    
 Beginning DOCK subtask SCOR                                                    
 Beginning DOCK subtask REPO                                                    
 Beginning DOCK subtask RUN                                                     
 
Pose  892 Emodel =  -40.24 original =  -41.30 E =  -31.52 GlideScore =   -4.78
Pose  664 Emodel =  -40.93 original =  -40.88 E =  -30.96 GlideScore =   -5.26
 
Constraint(s) matched for ligand        8, pose    664
Score =     -5.260
Emodel =    -40.932

The output pose satisfies at least the following constraint(s).
pos1 (Type = Positional)
 
Constraint(s) matched for ligand        8, pose    548
Score =     -4.559
Emodel =    -37.949

The output pose satisfies at least the following constraint(s).
pos1 (Type = Positional)
 
Constraint(s) matched for ligand        8, pose   2992
Score =     -4.751
Emodel =    -36.570

The output pose satisfies at least the following constraint(s).
pos1 (Type = Positional)
 
Constraint(s) matched for ligand        8, pose   4021
Score =     -3.677
Emodel =    -30.473

The output pose satisfies at least the following constraint(s).
pos1 (Type = Positional)
 
DOCKING RESULTS FOR LIGAND        8 (SGS nophenyl)
Lowest Efinal =    -31.52 Eint=      0.98 GlideScore =     -4.78, from pose   892, conf     2, lig        8
Best Emodel =    -40.93 E =    -30.96 Eint =     0.34 GlideScore =     -5.26  from pose   664, conf     1, lig        8
 Beginning DOCK subtask QUIT                                                    
 dock time  user:      159.43  system:        1.19  elapse:      161.52

 ---------------------------------
 Beginning IMPACT task: CREA
 Beginning CREATE subtask BUIL                                                  
 Beginning CREATE subtask BUIL                                                  
%IMPACT-I(foldmain): calling OPLS_2005 atomtyping ...
%IMPACT-I(foldmain): finished parameter assignment
 Beginning CREATE subtask QUIT                                                  

 ---------------------------------
 Beginning IMPACT task: DOCK
 Beginning DOCK subtask LIGA                                                    
 Beginning DOCK subtask SCRE                                                    
 Beginning DOCK subtask PARA                                                    
 Beginning DOCK subtask CONF                                                    
     Energy parameters obtained from atomtyping: 
  
 ** Entering Conformation Generator ** 
  
 Number of rotatable bonds            2
 Using templates for ring conformations.
 Total ring / N-inversion conformations     2
 Core rotatable bonds, max cores            1        1000
 confgen time  user:        0.60  system:        0.05  elapse:        0.71
 Beginning DOCK subtask RUN                                                     
 Beginning DOCK subtask QUIT                                                    
 dock time  user:      159.67  system:        1.19  elapse:      161.77

 ---------------------------------
 Beginning IMPACT task: DOCK
 Beginning DOCK subtask SMOO                                                    
 Beginning DOCK subtask LIGA                                                    
 Beginning DOCK subtask SCRE                                                    
 Beginning DOCK subtask PARA                                                    
 Beginning DOCK subtask MINI                                                    
 Beginning DOCK subtask SCOR                                                    
 Beginning DOCK subtask REPO                                                    
 Beginning DOCK subtask RUN                                                     
 
Pose 1693 Emodel =  -37.71 original =  -34.82 E =  -29.96 GlideScore =   -4.79
 
Constraint(s) matched for ligand        9, pose   1693
Score =     -4.788
Emodel =    -37.711

The output pose satisfies at least the following constraint(s).
pos1 (Type = Positional)
 
Constraint(s) matched for ligand        9, pose   3219
Score =     -4.760
Emodel =    -35.291

The output pose satisfies at least the following constraint(s).
pos1 (Type = Positional)
 
Constraint(s) matched for ligand        9, pose   4565
Score =     -4.557
Emodel =    -34.050

The output pose satisfies at least the following constraint(s).
pos1 (Type = Positional)
 
Constraint(s) matched for ligand        9, pose   3830
Score =     -4.266
Emodel =    -33.743

The output pose satisfies at least the following constraint(s).
pos1 (Type = Positional)
 
Constraint(s) matched for ligand        9, pose   1541
Score =     -4.775
Emodel =    -33.612

The output pose satisfies at least the following constraint(s).
pos1 (Type = Positional)
 
Constraint(s) matched for ligand        9, pose   4157
Score =     -4.501
Emodel =    -33.092

The output pose satisfies at least the following constraint(s).
pos1 (Type = Positional)
 
Constraint(s) matched for ligand        9, pose    937
Score =     -4.386
Emodel =    -31.704

The output pose satisfies at least the following constraint(s).
pos1 (Type = Positional)
 
Constraint(s) matched for ligand        9, pose    463
Score =     -4.297
Emodel =    -30.453

The output pose satisfies at least the following constraint(s).
pos1 (Type = Positional)
 
DOCKING RESULTS FOR LIGAND        9 (SGS nophenyl)
Lowest Efinal =    -29.96 Eint=      0.21 GlideScore =     -4.79, from pose  1693, conf     8, lig        9
Best Emodel =    -37.71 E =    -29.96 Eint =     0.21 GlideScore =     -4.79  from pose  1693, conf     8, lig        9
 Beginning DOCK subtask QUIT                                                    
 dock time  user:      175.78  system:        1.31  elapse:      178.03

 ---------------------------------
 Beginning IMPACT task: CREA
 Beginning CREATE subtask BUIL                                                  
 Beginning CREATE subtask BUIL                                                  
%IMPACT-I(foldmain): calling OPLS_2005 atomtyping ...
%IMPACT-I(foldmain): finished parameter assignment
 Beginning CREATE subtask QUIT                                                  

 ---------------------------------
 Beginning IMPACT task: DOCK
 Beginning DOCK subtask LIGA                                                    
 Beginning DOCK subtask SCRE                                                    
 Beginning DOCK subtask PARA                                                    
 Beginning DOCK subtask CONF                                                    
     Energy parameters obtained from atomtyping: 
  
 ** Entering Conformation Generator ** 
  
 Number of rotatable bonds            2
 Using templates for ring conformations.
 Total ring / N-inversion conformations     2
 Core rotatable bonds, max cores            1        1000
 confgen time  user:        0.65  system:        0.05  elapse:        0.77
 Beginning DOCK subtask RUN                                                     
 Beginning DOCK subtask QUIT                                                    
 dock time  user:      175.99  system:        1.31  elapse:      178.24

 ---------------------------------
 Beginning IMPACT task: DOCK
 Beginning DOCK subtask SMOO                                                    
 Beginning DOCK subtask LIGA                                                    
 Beginning DOCK subtask SCRE                                                    
 Beginning DOCK subtask PARA                                                    
 Beginning DOCK subtask MINI                                                    
 Beginning DOCK subtask SCOR                                                    
 Beginning DOCK subtask REPO                                                    
 Beginning DOCK subtask RUN                                                     
 
Pose 2872 Emodel =  -37.75 original =  -34.82 E =  -29.99 GlideScore =   -4.80
 
Constraint(s) matched for ligand       10, pose   2872
Score =     -4.802
Emodel =    -37.754

The output pose satisfies at least the following constraint(s).
pos1 (Type = Positional)
 
Constraint(s) matched for ligand       10, pose   4286
Score =     -4.650
Emodel =    -35.515

The output pose satisfies at least the following constraint(s).
pos1 (Type = Positional)
 
Constraint(s) matched for ligand       10, pose   2881
Score =     -4.568
Emodel =    -34.138

The output pose satisfies at least the following constraint(s).
pos1 (Type = Positional)
 
Constraint(s) matched for ligand       10, pose   1321
Score =     -4.458
Emodel =    -32.945

The output pose satisfies at least the following constraint(s).
pos1 (Type = Positional)
 
Constraint(s) matched for ligand       10, pose    156
Score =     -4.383
Emodel =    -31.691

The output pose satisfies at least the following constraint(s).
pos1 (Type = Positional)
 
Constraint(s) matched for ligand       10, pose   4168
Score =     -3.970
Emodel =    -30.469

The output pose satisfies at least the following constraint(s).
pos1 (Type = Positional)
 
Constraint(s) matched for ligand       10, pose   3804
Score =     -4.152
Emodel =    -29.985

The output pose satisfies at least the following constraint(s).
pos1 (Type = Positional)
 
Constraint(s) matched for ligand       10, pose    343
Score =     -4.130
Emodel =    -29.692

The output pose satisfies at least the following constraint(s).
pos1 (Type = Positional)
 
DOCKING RESULTS FOR LIGAND       10 (SGS nophenyl)
Lowest Efinal =    -29.99 Eint=      0.22 GlideScore =     -4.80, from pose  2872, conf     8, lig       10
Best Emodel =    -37.75 E =    -29.99 Eint =     0.22 GlideScore =     -4.80  from pose  2872, conf     8, lig       10
 Beginning DOCK subtask QUIT                                                    
 dock time  user:      195.44  system:        1.43  elapse:      198.92

 ---------------------------------
 Beginning IMPACT task: CREA
 Beginning CREATE subtask BUIL                                                  
 Beginning CREATE subtask BUIL                                                  
%IMPACT-I(foldmain): calling OPLS_2005 atomtyping ...
%IMPACT-I(foldmain): finished parameter assignment
 Beginning CREATE subtask QUIT                                                  

 ---------------------------------
 Beginning IMPACT task: DOCK
 Beginning DOCK subtask LIGA                                                    
 Beginning DOCK subtask SCRE                                                    
 Beginning DOCK subtask PARA                                                    
 Beginning DOCK subtask CONF                                                    
     Energy parameters obtained from atomtyping: 
  
 ** Entering Conformation Generator ** 
  
 Number of rotatable bonds            2
 Using templates for ring conformations.
 Total ring / N-inversion conformations     2
 Core rotatable bonds, max cores            1        1000
 confgen time  user:        0.70  system:        0.06  elapse:        0.82
 Beginning DOCK subtask RUN                                                     
 Beginning DOCK subtask QUIT                                                    
 dock time  user:      195.64  system:        1.44  elapse:      199.13

 ---------------------------------
 Beginning IMPACT task: DOCK
 Beginning DOCK subtask SMOO                                                    
 Beginning DOCK subtask LIGA                                                    
 Beginning DOCK subtask SCRE                                                    
 Beginning DOCK subtask PARA                                                    
 Beginning DOCK subtask MINI                                                    
 Beginning DOCK subtask SCOR                                                    
 Beginning DOCK subtask REPO                                                    
 Beginning DOCK subtask RUN                                                     
 
Pose 3965 Emodel =  -37.68 original =  -34.79 E =  -29.93 GlideScore =   -4.81
 
Constraint(s) matched for ligand       11, pose   3965
Score =     -4.809
Emodel =    -37.684

The output pose satisfies at least the following constraint(s).
pos1 (Type = Positional)
 
Constraint(s) matched for ligand       11, pose   3843
Score =     -5.077
Emodel =    -36.574

The output pose satisfies at least the following constraint(s).
pos1 (Type = Positional)
 
Constraint(s) matched for ligand       11, pose   2397
Score =     -4.242
Emodel =    -35.646

The output pose satisfies at least the following constraint(s).
pos1 (Type = Positional)
 
Constraint(s) matched for ligand       11, pose   2961
Score =     -4.551
Emodel =    -33.946

The output pose satisfies at least the following constraint(s).
pos1 (Type = Positional)
 
Constraint(s) matched for ligand       11, pose   2039
Score =     -4.340
Emodel =    -33.195

The output pose satisfies at least the following constraint(s).
pos1 (Type = Positional)
 
Constraint(s) matched for ligand       11, pose   4736
Score =     -4.459
Emodel =    -32.940

The output pose satisfies at least the following constraint(s).
pos1 (Type = Positional)
 
Constraint(s) matched for ligand       11, pose    778
Score =     -4.387
Emodel =    -31.687

The output pose satisfies at least the following constraint(s).
pos1 (Type = Positional)
 
Constraint(s) matched for ligand       11, pose    894
Score =     -4.021
Emodel =    -30.512

The output pose satisfies at least the following constraint(s).
pos1 (Type = Positional)
 
DOCKING RESULTS FOR LIGAND       11 (SGS nophenyl)
Lowest Efinal =    -29.93 Eint=      0.21 GlideScore =     -4.81, from pose  3965, conf     8, lig       11
Best Emodel =    -37.68 E =    -29.93 Eint =     0.21 GlideScore =     -4.81  from pose  3965, conf     8, lig       11
 Beginning DOCK subtask QUIT                                                    
 dock time  user:      214.78  system:        1.56  elapse:      218.42

 ---------------------------------
 Beginning IMPACT task: CREA
 Beginning CREATE subtask BUIL                                                  
 Beginning CREATE subtask BUIL                                                  
%IMPACT-I(foldmain): calling OPLS_2005 atomtyping ...
%IMPACT-I(foldmain): finished parameter assignment
 Beginning CREATE subtask QUIT                                                  

 ---------------------------------
 Beginning IMPACT task: DOCK
 Beginning DOCK subtask LIGA                                                    
 Beginning DOCK subtask SCRE                                                    
 Beginning DOCK subtask PARA                                                    
 Beginning DOCK subtask CONF                                                    
     Energy parameters obtained from atomtyping: 
  
 ** Entering Conformation Generator ** 
  
 Number of rotatable bonds            2
 Using templates for ring conformations.
 Total ring / N-inversion conformations     2
 Core rotatable bonds, max cores            1        1000
 confgen time  user:        0.78  system:        0.07  elapse:        0.91
 Beginning DOCK subtask RUN                                                     
 Beginning DOCK subtask QUIT                                                    
 dock time  user:      215.10  system:        1.57  elapse:      218.75

 ---------------------------------
 Beginning IMPACT task: DOCK
 Beginning DOCK subtask SMOO                                                    
 Beginning DOCK subtask LIGA                                                    
 Beginning DOCK subtask SCRE                                                    
 Beginning DOCK subtask PARA                                                    
 Beginning DOCK subtask MINI                                                    
 Beginning DOCK subtask SCOR                                                    
 Beginning DOCK subtask REPO                                                    
 Beginning DOCK subtask RUN                                                     
 
Pose 2722 Emodel =  -37.72 original =  -34.77 E =  -29.99 GlideScore =   -4.77
 
Constraint(s) matched for ligand       12, pose   2722
Score =     -4.774
Emodel =    -37.719

The output pose satisfies at least the following constraint(s).
pos1 (Type = Positional)
 
Constraint(s) matched for ligand       12, pose   4094
Score =     -4.837
Emodel =    -35.859

The output pose satisfies at least the following constraint(s).
pos1 (Type = Positional)
 
Constraint(s) matched for ligand       12, pose   2253
Score =     -4.235
Emodel =    -34.684

The output pose satisfies at least the following constraint(s).
pos1 (Type = Positional)
 
Constraint(s) matched for ligand       12, pose   4717
Score =     -4.550
Emodel =    -33.948

The output pose satisfies at least the following constraint(s).
pos1 (Type = Positional)
 
Constraint(s) matched for ligand       12, pose   1879
Score =     -4.336
Emodel =    -33.119

The output pose satisfies at least the following constraint(s).
pos1 (Type = Positional)
 
Constraint(s) matched for ligand       12, pose    875
Score =     -4.464
Emodel =    -32.986

The output pose satisfies at least the following constraint(s).
pos1 (Type = Positional)
 
Constraint(s) matched for ligand       12, pose   2742
Score =     -4.658
Emodel =    -32.783

The output pose satisfies at least the following constraint(s).
pos1 (Type = Positional)
 
Constraint(s) matched for ligand       12, pose    109
Score =     -4.385
Emodel =    -31.729

The output pose satisfies at least the following constraint(s).
pos1 (Type = Positional)
 
Constraint(s) matched for ligand       12, pose    881
Score =     -4.293
Emodel =    -30.924

The output pose satisfies at least the following constraint(s).
pos1 (Type = Positional)
 
DOCKING RESULTS FOR LIGAND       12 (SGS nophenyl)
Lowest Efinal =    -29.99 Eint=      0.21 GlideScore =     -4.77, from pose  2722, conf     5, lig       12
Best Emodel =    -37.72 E =    -29.99 Eint =     0.21 GlideScore =     -4.77  from pose  2722, conf     5, lig       12
 Beginning DOCK subtask QUIT                                                    
 dock time  user:      232.80  system:        1.70  elapse:      236.62

 ---------------------------------
 Beginning IMPACT task: CREA
 Beginning CREATE subtask BUIL                                                  
 Beginning CREATE subtask BUIL                                                  
%IMPACT-I(foldmain): calling OPLS_2005 atomtyping ...
%IMPACT-I(foldmain): finished parameter assignment
 Beginning CREATE subtask QUIT                                                  

 ---------------------------------
 Beginning IMPACT task: DOCK
 Beginning DOCK subtask LIGA                                                    
 Beginning DOCK subtask SCRE                                                    
 Beginning DOCK subtask PARA                                                    
 Beginning DOCK subtask CONF                                                    
     Energy parameters obtained from atomtyping: 
  
 ** Entering Conformation Generator ** 
  
 Number of rotatable bonds            2
 Using templates for ring conformations.
 Total ring / N-inversion conformations     2
 Core rotatable bonds, max cores            1        1000
 confgen time  user:        0.83  system:        0.07  elapse:        0.96
 Beginning DOCK subtask RUN                                                     
 Beginning DOCK subtask QUIT                                                    
 dock time  user:      233.04  system:        1.70  elapse:      236.86

 ---------------------------------
 Beginning IMPACT task: DOCK
 Beginning DOCK subtask SMOO                                                    
 Beginning DOCK subtask LIGA                                                    
 Beginning DOCK subtask SCRE                                                    
 Beginning DOCK subtask PARA                                                    
 Beginning DOCK subtask MINI                                                    
 Beginning DOCK subtask SCOR                                                    
 Beginning DOCK subtask REPO                                                    
 Beginning DOCK subtask RUN                                                     
 
Pose 4357 Emodel =  -35.85 original =  -34.44 E =  -28.87 GlideScore =   -4.34
Pose 1749 Emodel =  -36.06 original =  -34.41 E =  -28.11 GlideScore =   -4.87
Pose  862 Emodel =  -36.55 original =  -33.58 E =  -28.96 GlideScore =   -4.98
Pose 2296 Emodel =  -36.94 original =  -31.14 E =  -29.04 GlideScore =   -5.08
 
Constraint(s) matched for ligand       13, pose   2296
Score =     -5.079
Emodel =    -36.938

The output pose satisfies at least the following constraint(s).
pos1 (Type = Positional)
 
Constraint(s) matched for ligand       13, pose    862
Score =     -4.975
Emodel =    -36.553

The output pose satisfies at least the following constraint(s).
pos1 (Type = Positional)
 
Constraint(s) matched for ligand       13, pose   3411
Score =     -4.556
Emodel =    -33.770

The output pose satisfies at least the following constraint(s).
pos1 (Type = Positional)
 
Constraint(s) matched for ligand       13, pose   1064
Score =     -4.744
Emodel =    -33.691

The output pose satisfies at least the following constraint(s).
pos1 (Type = Positional)
 
Constraint(s) matched for ligand       13, pose   3973
Score =     -4.112
Emodel =    -33.287

The output pose satisfies at least the following constraint(s).
pos1 (Type = Positional)
 
Constraint(s) matched for ligand       13, pose    668
Score =     -4.443
Emodel =    -32.944

The output pose satisfies at least the following constraint(s).
pos1 (Type = Positional)
 
Constraint(s) matched for ligand       13, pose   2875
Score =     -4.136
Emodel =    -31.433

The output pose satisfies at least the following constraint(s).
pos1 (Type = Positional)
 
Constraint(s) matched for ligand       13, pose   1455
Score =     -4.360
Emodel =    -30.636

The output pose satisfies at least the following constraint(s).
pos1 (Type = Positional)
 
DOCKING RESULTS FOR LIGAND       13 (SGS nophenyl)
Lowest Efinal =    -29.04 Eint=      0.89 GlideScore =     -5.08, from pose  2296, conf     3, lig       13
Best Emodel =    -36.94 E =    -29.04 Eint =     0.89 GlideScore =     -5.08  from pose  2296, conf     3, lig       13
 Beginning DOCK subtask QUIT                                                    
 dock time  user:      250.37  system:        1.83  elapse:      255.03

 ---------------------------------
 Beginning IMPACT task: CREA
 Beginning CREATE subtask BUIL                                                  
 Beginning CREATE subtask BUIL                                                  
%IMPACT-I(foldmain): calling OPLS_2005 atomtyping ...
%IMPACT-I(foldmain): finished parameter assignment
 Beginning CREATE subtask QUIT                                                  

 ---------------------------------
 Beginning IMPACT task: DOCK
 Beginning DOCK subtask LIGA                                                    
 Beginning DOCK subtask SCRE                                                    
 Beginning DOCK subtask PARA                                                    
 Beginning DOCK subtask CONF                                                    
     Energy parameters obtained from atomtyping: 
  
 ** Entering Conformation Generator ** 
  
 Number of rotatable bonds            2
 Using templates for ring conformations.
 Total ring / N-inversion conformations     2
 Core rotatable bonds, max cores            1        1000
 confgen time  user:        0.91  system:        0.07  elapse:        1.04
 Beginning DOCK subtask RUN                                                     
 Beginning DOCK subtask QUIT                                                    
 dock time  user:      250.78  system:        1.83  elapse:      255.45

 ---------------------------------
 Beginning IMPACT task: DOCK
 Beginning DOCK subtask SMOO                                                    
 Beginning DOCK subtask LIGA                                                    
 Beginning DOCK subtask SCRE                                                    
 Beginning DOCK subtask PARA                                                    
 Beginning DOCK subtask MINI                                                    
 Beginning DOCK subtask SCOR                                                    
 Beginning DOCK subtask REPO                                                    
 Beginning DOCK subtask RUN                                                     
 
Pose 3339 Emodel =  -38.14 original =  -36.82 E =  -30.37 GlideScore =   -4.56
 
Constraint(s) matched for ligand       14, pose   3339
Score =     -4.562
Emodel =    -38.144

The output pose satisfies at least the following constraint(s).
pos1 (Type = Positional)
 
Constraint(s) matched for ligand       14, pose    652
Score =     -5.095
Emodel =    -37.307

The output pose satisfies at least the following constraint(s).
pos1 (Type = Positional)
 
Constraint(s) matched for ligand       14, pose    889
Score =     -4.973
Emodel =    -36.949

The output pose satisfies at least the following constraint(s).
pos1 (Type = Positional)
 
Constraint(s) matched for ligand       14, pose   1802
Score =     -4.522
Emodel =    -35.197

The output pose satisfies at least the following constraint(s).
pos1 (Type = Positional)
 
Constraint(s) matched for ligand       14, pose   2901
Score =     -4.560
Emodel =    -34.223

The output pose satisfies at least the following constraint(s).
pos1 (Type = Positional)
 
Constraint(s) matched for ligand       14, pose   3665
Score =     -4.382
Emodel =    -32.113

The output pose satisfies at least the following constraint(s).
pos1 (Type = Positional)
 
Constraint(s) matched for ligand       14, pose   3347
Score =     -4.070
Emodel =    -30.412

The output pose satisfies at least the following constraint(s).
pos1 (Type = Positional)
 
Constraint(s) matched for ligand       14, pose   1367
Score =     -4.512
Emodel =    -29.352

The output pose satisfies at least the following constraint(s).
pos1 (Type = Positional)
 
Constraint(s) matched for ligand       14, pose   1131
Score =     -4.043
Emodel =    -29.015

The output pose satisfies at least the following constraint(s).
pos1 (Type = Positional)
 
DOCKING RESULTS FOR LIGAND       14 (SGS nophenyl)
Lowest Efinal =    -30.37 Eint=      0.06 GlideScore =     -4.56, from pose  3339, conf     3, lig       14
Best Emodel =    -38.14 E =    -30.37 Eint =     0.06 GlideScore =     -4.56  from pose  3339, conf     3, lig       14
 Beginning DOCK subtask QUIT                                                    
 dock time  user:      272.56  system:        1.98  elapse:      277.43

 ---------------------------------
 Beginning IMPACT task: CREA
 Beginning CREATE subtask BUIL                                                  
 Beginning CREATE subtask BUIL                                                  
%IMPACT-I(foldmain): calling OPLS_2005 atomtyping ...
%IMPACT-I(foldmain): finished parameter assignment
 Beginning CREATE subtask QUIT                                                  

 ---------------------------------
 Beginning IMPACT task: DOCK
 Beginning DOCK subtask LIGA                                                    
 Beginning DOCK subtask SCRE                                                    
 Beginning DOCK subtask PARA                                                    
 Beginning DOCK subtask CONF                                                    
     Energy parameters obtained from atomtyping: 
  
 ** Entering Conformation Generator ** 
  
 Number of rotatable bonds            2
 Using templates for ring conformations.
 Total ring / N-inversion conformations     2
 Core rotatable bonds, max cores            1        1000
 confgen time  user:        0.99  system:        0.08  elapse:        1.13
 Beginning DOCK subtask RUN                                                     
 Beginning DOCK subtask QUIT                                                    
 dock time  user:      272.93  system:        1.99  elapse:      277.81

 ---------------------------------
 Beginning IMPACT task: DOCK
 Beginning DOCK subtask SMOO                                                    
 Beginning DOCK subtask LIGA                                                    
 Beginning DOCK subtask SCRE                                                    
 Beginning DOCK subtask PARA                                                    
 Beginning DOCK subtask MINI                                                    
 Beginning DOCK subtask SCOR                                                    
 Beginning DOCK subtask REPO                                                    
 Beginning DOCK subtask RUN                                                     
 
Pose 3043 Emodel =  -37.86 original =  -34.68 E =  -30.15 GlideScore =   -4.78
 
Constraint(s) matched for ligand       15, pose   3043
Score =     -4.780
Emodel =    -37.855

The output pose satisfies at least the following constraint(s).
pos1 (Type = Positional)
 
Constraint(s) matched for ligand       15, pose   1998
Score =     -4.815
Emodel =    -35.561

The output pose satisfies at least the following constraint(s).
pos1 (Type = Positional)
 
Constraint(s) matched for ligand       15, pose   4368
Score =     -4.646
Emodel =    -35.368

The output pose satisfies at least the following constraint(s).
pos1 (Type = Positional)
 
Constraint(s) matched for ligand       15, pose   2978
Score =     -4.561
Emodel =    -33.767

The output pose satisfies at least the following constraint(s).
pos1 (Type = Positional)
 
Constraint(s) matched for ligand       15, pose   3414
Score =     -4.457
Emodel =    -32.976

The output pose satisfies at least the following constraint(s).
pos1 (Type = Positional)
 
Constraint(s) matched for ligand       15, pose   3219
Score =     -4.250
Emodel =    -32.297

The output pose satisfies at least the following constraint(s).
pos1 (Type = Positional)
 
Constraint(s) matched for ligand       15, pose   2198
Score =     -4.384
Emodel =    -31.750

The output pose satisfies at least the following constraint(s).
pos1 (Type = Positional)
 
Constraint(s) matched for ligand       15, pose   4182
Score =     -4.215
Emodel =    -30.760

The output pose satisfies at least the following constraint(s).
pos1 (Type = Positional)
 
DOCKING RESULTS FOR LIGAND       15 (SGS nophenyl)
Lowest Efinal =    -30.15 Eint=      0.13 GlideScore =     -4.78, from pose  3043, conf     1, lig       15
Best Emodel =    -37.86 E =    -30.15 Eint =     0.13 GlideScore =     -4.78  from pose  3043, conf     1, lig       15
 Beginning DOCK subtask QUIT                                                    
 dock time  user:      295.21  system:        2.00  elapse:      300.15

 ---------------------------------
 Beginning IMPACT task: CREA
 Beginning CREATE subtask BUIL                                                  
 Beginning CREATE subtask BUIL                                                  
%IMPACT-I(foldmain): calling OPLS_2005 atomtyping ...
%IMPACT-I(foldmain): finished parameter assignment
 Beginning CREATE subtask QUIT                                                  

 ---------------------------------
 Beginning IMPACT task: DOCK
 Beginning DOCK subtask LIGA                                                    
 Beginning DOCK subtask SCRE                                                    
 Beginning DOCK subtask PARA                                                    
 Beginning DOCK subtask CONF                                                    
     Energy parameters obtained from atomtyping: 
  
 ** Entering Conformation Generator ** 
  
 Number of rotatable bonds            2
 Using templates for ring conformations.
 Total ring / N-inversion conformations     2
 Core rotatable bonds, max cores            1        1000
 confgen time  user:        1.07  system:        0.08  elapse:        1.21
 Beginning DOCK subtask RUN                                                     
 Beginning DOCK subtask QUIT                                                    
 dock time  user:      295.58  system:        2.00  elapse:      300.52

 ---------------------------------
 Beginning IMPACT task: DOCK
 Beginning DOCK subtask SMOO                                                    
 Beginning DOCK subtask LIGA                                                    
 Beginning DOCK subtask SCRE                                                    
 Beginning DOCK subtask PARA                                                    
 Beginning DOCK subtask MINI                                                    
 Beginning DOCK subtask SCOR                                                    
 Beginning DOCK subtask REPO                                                    
 Beginning DOCK subtask RUN                                                     
 
Pose 1353 Emodel =  -36.85 original =  -34.63 E =  -28.86 GlideScore =   -5.03
 
Constraint(s) matched for ligand       16, pose   1353
Score =     -5.028
Emodel =    -36.848

The output pose satisfies at least the following constraint(s).
pos1 (Type = Positional)
 
Constraint(s) matched for ligand       16, pose   2874
Score =     -5.077
Emodel =    -36.695

The output pose satisfies at least the following constraint(s).
pos1 (Type = Positional)
 
Constraint(s) matched for ligand       16, pose    977
Score =     -4.605
Emodel =    -35.327

The output pose satisfies at least the following constraint(s).
pos1 (Type = Positional)
 
Constraint(s) matched for ligand       16, pose   1764
Score =     -4.560
Emodel =    -34.164

The output pose satisfies at least the following constraint(s).
pos1 (Type = Positional)
 
Constraint(s) matched for ligand       16, pose   3474
Score =     -4.757
Emodel =    -33.602

The output pose satisfies at least the following constraint(s).
pos1 (Type = Positional)
 
Constraint(s) matched for ligand       16, pose   2301
Score =     -4.460
Emodel =    -32.870

The output pose satisfies at least the following constraint(s).
pos1 (Type = Positional)
 
Constraint(s) matched for ligand       16, pose   3514
Score =     -4.069
Emodel =    -30.705

The output pose satisfies at least the following constraint(s).
pos1 (Type = Positional)
 
Constraint(s) matched for ligand       16, pose   2582
Score =     -4.042
Emodel =    -30.368

The output pose satisfies at least the following constraint(s).
pos1 (Type = Positional)
 
DOCKING RESULTS FOR LIGAND       16 (SGS nophenyl)
Lowest Efinal =    -28.86 Eint=      0.58 GlideScore =     -5.03, from pose  1353, conf     5, lig       16
Best Emodel =    -36.85 E =    -28.86 Eint =     0.58 GlideScore =     -5.03  from pose  1353, conf     5, lig       16
 Beginning DOCK subtask QUIT                                                    
 dock time  user:      316.94  system:        2.02  elapse:      321.94

 ---------------------------------
 Beginning IMPACT task: CREA
 Beginning CREATE subtask BUIL                                                  
 Beginning CREATE subtask QUIT                                                  
 END OF LIGAND FILE: Subjob00001--DockLigand0-in.maegz
 Proceeding with final processing of ligands.

 ---------------------------------
 Beginning IMPACT task: DOCK
 Beginning DOCK subtask PARA                                                    
 Beginning DOCK subtask REPO                                                    
 Beginning DOCK subtask RUN                                                     
 Beginning DOCK subtask QUIT                                                    
 dock time  user:      316.94  system:        2.02  elapse:      322.36

 ---------------------------------
 Beginning IMPACT task: :ABO

 ---------------------------------
 Beginning IMPACT task: END 
%IMPACT-I (memstat): Temporary storage statistics
                     real*8:      10216498
                     integer*4:    6665727
                     char*4:          9767
%IMPACT-I (memstat): Total dynamics storage was    108.43 MB
 Exiting IMPACT execution environment 
 Date: Tuesday, January 13 2015, at 14:25:17 EST
%IMPACT-I (timit): Total CPU time =     320.07 seconds (   5.3 minutes)
