Starting Time: 01-13-2015 14:25:25
Join Receptor: (chain.name "B" AND res.num 311 AND res.inscode " ")
Join Criterion: {'r_workflow_bond_dist': ('((chain.name "B" AND res.num 311 AND res.inscode " ")) AND atom.ptype  " SG "', 'atom.i_cdock_lig_attach 1', ' < 5.000000')}
Rotamer: state 0 created
Rotamer: state 1 created
Rotamer: state 2 created
Rotamer: state 3 created
Rotamer: state 4 created
Rotamer: state 5 created
Rotamer: state 6 created
Pose 0
  rotamer 0 2.551468 True
  rotamer 1 4.578253 True
  rotamer 2 5.451804 False
  rotamer 3 2.505389 True
  rotamer 4 5.665941 False
  rotamer 5 3.854206 True
  rotamer 6 3.257606 True
RETAINED    2.51
Pose 1
  rotamer 0 2.401377 True
  rotamer 1 4.479929 True
  rotamer 2 5.327387 False
  rotamer 3 2.368162 True
  rotamer 4 5.546986 False
  rotamer 5 3.755095 True
  rotamer 6 3.113852 True
RETAINED    2.37
Pose 2
  rotamer 0 2.779926 True
  rotamer 1 4.422059 True
  rotamer 2 5.593681 False
  rotamer 3 2.573861 True
  rotamer 4 5.730539 False
  rotamer 5 3.690456 True
  rotamer 6 3.568924 True
RETAINED    2.57
Pose 3
  rotamer 0 2.940727 True
  rotamer 1 5.164236 False
  rotamer 2 5.792312 False
  rotamer 3 3.027567 True
  rotamer 4 6.072339 False
  rotamer 5 4.459451 True
  rotamer 6 3.507020 True
RETAINED    2.94
Pose 4
  rotamer 0 2.374185 True
  rotamer 1 4.687800 True
  rotamer 2 5.334782 False
  rotamer 3 2.461213 True
  rotamer 4 5.608087 False
  rotamer 5 3.971863 True
  rotamer 6 3.005990 True
RETAINED    2.37
Pose 5
  rotamer 0 2.683960 True
  rotamer 1 4.898281 True
  rotamer 2 5.672664 False
  rotamer 3 2.707697 True
  rotamer 4 5.926161 False
  rotamer 5 4.160445 True
  rotamer 6 3.353777 True
RETAINED    2.68
Pose 6
  rotamer 0 2.684260 True
  rotamer 1 4.965272 True
  rotamer 2 5.650474 False
  rotamer 3 2.754065 True
  rotamer 4 5.923791 False
  rotamer 5 4.238069 True
  rotamer 6 3.310850 True
RETAINED    2.68
Pose 7
  rotamer 0 2.856742 True
  rotamer 1 4.757019 True
  rotamer 2 5.706100 False
  rotamer 3 2.774199 True
  rotamer 4 5.902720 False
  rotamer 5 4.034622 True
  rotamer 6 3.561902 True
RETAINED    2.77
Pose 8
  rotamer 0 3.192202 True
  rotamer 1 5.762223 False
  rotamer 2 5.839037 False
  rotamer 3 3.525747 True
  rotamer 4 6.247139 False
  rotamer 5 5.115203 False
  rotamer 6 3.463294 True
RETAINED    3.19
Pose 9
  rotamer 0 2.611566 True
  rotamer 1 4.920575 True
  rotamer 2 5.381071 False
  rotamer 3 2.774852 True
  rotamer 4 5.685769 False
  rotamer 5 4.249288 True
  rotamer 6 3.107611 True
RETAINED    2.61
Pose 10
  rotamer 0 4.486501 True
  rotamer 1 6.739605 False
  rotamer 2 7.396181 False
  rotamer 3 4.575100 True
  rotamer 4 7.707109 False
  rotamer 5 5.998351 False
  rotamer 6 5.011673 False
RETAINED    4.49
Stage <SGS nophenyl   (    0) JoinPoseReceptor0> takes 3 seconds
Join Receptor: (chain.name "B" AND res.num 311 AND res.inscode " ")
Join Criterion: {'r_workflow_bond_dist': ('((chain.name "B" AND res.num 311 AND res.inscode " ")) AND atom.ptype  " SG "', 'atom.i_cdock_lig_attach 1', ' < 5.000000')}
Rotamer: state 0 created
Rotamer: state 1 created
Rotamer: state 2 created
Rotamer: state 3 created
Rotamer: state 4 created
Rotamer: state 5 created
Rotamer: state 6 created
Pose 0
  rotamer 0 2.641632 True
  rotamer 1 4.606816 True
  rotamer 2 5.534121 False
  rotamer 3 2.568112 True
  rotamer 4 5.736403 False
  rotamer 5 3.878994 True
  rotamer 6 3.361452 True
RETAINED    2.57
Pose 1
  rotamer 0 2.594774 True
  rotamer 1 4.596289 True
  rotamer 2 5.494374 False
  rotamer 3 2.536478 True
  rotamer 4 5.703518 False
  rotamer 5 3.869844 True
  rotamer 6 3.307559 True
RETAINED    2.54
Pose 2
  rotamer 0 2.463534 True
  rotamer 1 4.514178 True
  rotamer 2 5.380664 False
  rotamer 3 2.420474 True
  rotamer 4 5.596236 False
  rotamer 5 3.788554 True
  rotamer 6 3.177080 True
RETAINED    2.42
Pose 3
  rotamer 0 2.502086 True
  rotamer 1 4.571898 True
  rotamer 2 5.453007 False
  rotamer 3 2.456275 True
  rotamer 4 5.670225 False
  rotamer 5 3.837328 True
  rotamer 6 3.224991 True
RETAINED    2.46
Pose 4
  rotamer 0 2.815110 True
  rotamer 1 4.457841 True
  rotamer 2 5.642281 False
  rotamer 3 2.605507 True
  rotamer 4 5.778539 False
  rotamer 5 3.722130 True
  rotamer 6 3.608948 True
RETAINED    2.61
Pose 5
  rotamer 0 2.452642 True
  rotamer 1 4.493095 True
  rotamer 2 5.376339 False
  rotamer 3 2.400447 True
  rotamer 4 5.588303 False
  rotamer 5 3.764887 True
  rotamer 6 3.175438 True
RETAINED    2.40
Pose 6
  rotamer 0 2.782465 True
  rotamer 1 4.388184 True
  rotamer 2 5.590297 False
  rotamer 3 2.560061 True
  rotamer 4 5.719303 False
  rotamer 5 3.655206 True
  rotamer 6 3.581278 True
RETAINED    2.56
Pose 7
  rotamer 0 2.973368 True
  rotamer 1 5.152477 False
  rotamer 2 5.830030 False
  rotamer 3 3.035499 True
  rotamer 4 6.098716 False
  rotamer 5 4.443418 True
  rotamer 6 3.560139 True
RETAINED    2.97
Pose 8
  rotamer 0 2.969938 True
  rotamer 1 5.152784 False
  rotamer 2 5.826130 False
  rotamer 3 3.034150 True
  rotamer 4 6.095757 False
  rotamer 5 4.444109 True
  rotamer 6 3.555014 True
RETAINED    2.97
Pose 9
  rotamer 0 4.744411 True
  rotamer 1 5.729516 False
  rotamer 2 7.571620 False
  rotamer 3 4.323747 True
  rotamer 4 7.578627 False
  rotamer 5 4.971602 True
  rotamer 6 5.660667 False
RETAINED    4.32
Pose 10
  rotamer 0 4.765787 True
  rotamer 1 5.726172 False
  rotamer 2 7.585547 False
  rotamer 3 4.338527 True
  rotamer 4 7.587641 False
  rotamer 5 4.969829 True
  rotamer 6 5.685171 False
RETAINED    4.34
Pose 11
  rotamer 0 4.684900 True
  rotamer 1 5.638206 False
  rotamer 2 7.400154 False
  rotamer 3 4.288272 True
  rotamer 4 7.409331 False
  rotamer 5 4.912762 True
  rotamer 6 5.558576 False
RETAINED    4.29
Pose 12
  rotamer 0 3.552003 True
  rotamer 1 5.646773 False
  rotamer 2 6.547759 False
  rotamer 3 3.527786 True
  rotamer 4 6.790333 False
  rotamer 5 4.887503 True
  rotamer 6 4.223096 True
RETAINED    3.53
Pose 13
  rotamer 0 3.594556 True
  rotamer 1 5.703861 False
  rotamer 2 6.587213 False
  rotamer 3 3.579311 True
  rotamer 4 6.834695 False
  rotamer 5 4.945697 True
  rotamer 6 4.256033 True
RETAINED    3.58
Pose 14
  rotamer 0 5.472754 False
  rotamer 1 6.532760 False
  rotamer 2 8.215247 False
  rotamer 3 5.131010 False
  rotamer 4 8.251878 False
  rotamer 5 5.812502 False
  rotamer 6 6.304955 False
DISCARDED    5.13
Pose 15
  rotamer 0 5.479145 False
  rotamer 1 6.537354 False
  rotamer 2 8.220576 False
  rotamer 3 5.137188 False
  rotamer 4 8.256907 False
  rotamer 5 5.817433 False
  rotamer 6 6.311242 False
DISCARDED    5.14
Pose 16
  rotamer 0 5.335687 False
  rotamer 1 6.422769 False
  rotamer 2 8.056042 False
  rotamer 3 5.008468 False
  rotamer 4 8.100440 False
  rotamer 5 5.708149 False
  rotamer 6 6.152457 False
DISCARDED    5.01
Pose 17
  rotamer 0 5.369185 False
  rotamer 1 6.452753 False
  rotamer 2 8.124568 False
  rotamer 3 5.030082 False
  rotamer 4 8.165094 False
  rotamer 5 5.728199 False
  rotamer 6 6.202798 False
DISCARDED    5.03
Pose 18
  rotamer 0 3.418322 True
  rotamer 1 5.591102 False
  rotamer 2 6.397427 False
  rotamer 3 3.436522 True
  rotamer 4 6.659170 False
  rotamer 5 4.841728 True
  rotamer 6 4.055177 True
RETAINED    3.42
Pose 19
  rotamer 0 4.986361 True
  rotamer 1 5.921939 False
  rotamer 2 7.410841 False
  rotamer 3 4.686926 True
  rotamer 4 7.443689 False
  rotamer 5 5.286628 False
  rotamer 6 5.718980 False
RETAINED    4.69
Pose 20
  rotamer 0 4.380936 True
  rotamer 1 5.430450 False
  rotamer 2 7.220252 False
  rotamer 3 3.968331 True
  rotamer 4 7.238517 False
  rotamer 5 4.665595 True
  rotamer 6 5.296391 False
RETAINED    3.97
Pose 21
  rotamer 0 4.959773 True
  rotamer 1 5.895307 False
  rotamer 2 7.383621 False
  rotamer 3 4.659951 True
  rotamer 4 7.416369 False
  rotamer 5 5.259923 False
  rotamer 6 5.692732 False
RETAINED    4.66
Pose 22
  rotamer 0 3.524901 True
  rotamer 1 5.632900 False
  rotamer 2 6.520384 False
  rotamer 3 3.506769 True
  rotamer 4 6.765807 False
  rotamer 5 4.874635 True
  rotamer 6 4.191916 True
RETAINED    3.51
Pose 23
  rotamer 0 5.314692 False
  rotamer 1 6.463106 False
  rotamer 2 8.122883 False
  rotamer 3 4.982669 True
  rotamer 4 8.173820 False
  rotamer 5 5.724147 False
  rotamer 6 6.154697 False
RETAINED    4.98
Pose 24
  rotamer 0 4.004712 True
  rotamer 1 5.411307 False
  rotamer 2 6.915517 False
  rotamer 3 3.704372 True
  rotamer 4 7.006302 False
  rotamer 5 4.639531 True
  rotamer 6 4.858235 True
RETAINED    3.70
Stage <SGS nophenyl   (    1) JoinPoseReceptor0> takes 6 seconds

Ending Time: 01-13-2015 14:25:35
