            --------------------------------------------------------
                             AMBER SQM VERSION 14
 
                                     By
              Ross C. Walker, Michael F. Crowley, Scott Brozell,
                         Tim Giese, Andreas W. Goetz,
                        Tai-Sung Lee and David A. Case
 
            --------------------------------------------------------
 

--------------------------------------------------------------------------------
  QM CALCULATION INFO
--------------------------------------------------------------------------------

| QMMM: Citation for AMBER QMMM Run:
| QMMM: R.C. Walker, M.F. Crowley and D.A. Case, J. COMP. CHEM. 29:1019, 2008

QMMM: SINGLET STATE CALCULATION
QMMM: RHF CALCULATION, NO. OF DOUBLY OCCUPIED LEVELS = 71

| QMMM: *** Selected Hamiltonian *** 
| QMMM: AM1         

| QMMM: *** Parameter sets in use ***
| QMMM: N : M.J.S.DEWAR et al. JACS, 107, 3902, (1985)
| QMMM: H : M.J.S.DEWAR et al. JACS, 107, 3902, (1985)
| QMMM: C : M.J.S.DEWAR et al. JACS, 107, 3902, (1985)
| QMMM: O : M.J.S.DEWAR et al. JACS, 107, 3902, (1985)
| QMMM: S : M.J.S.DEWAR et al. INORG. CHEM., 29, 3881, (1990)

| QMMM: *** SCF convergence criteria ***
| QMMM: Energy change                :  0.1D-09 kcal/mol
| QMMM: Error matrix |FP-PF|         :  0.1D+00 au
| QMMM: Density matrix change        :  0.5D-06
| QMMM: Maximum number of SCF cycles :     1000

| QMMM: *** Diagonalization Routine Information ***
| QMMM: Pseudo diagonalizations are allowed.
| QMMM: Auto diagonalization routine selection is in use.
| QMMM:
| QMMM: Timing diagonalization routines:
| QMMM:                              norbs =      124
| QMMM:    diag iterations used for timing =       10
| QMMM:
| QMMM:              Internal diag routine = 0.053450 seconds
| QMMM:                 Dspev diag routine = 0.072961 seconds
| QMMM:                Dspevd diag routine = 0.059494 seconds
| QMMM:                Dspevx diag routine = 0.193992 seconds
| QMMM:                 Dsyev diag routine = 0.078204 seconds
| QMMM:                Dsyevd diag routine = 0.067882 seconds
| QMMM:                Dsyevr diag routine = 0.059896 seconds
| QMMM:
| QMMM:                Pseudo diag routine = 0.023205 seconds
| QMMM:
| QMMM: Using internal diagonalization routine (diag_routine=1).

  QMMM: QM Region Cartesian Coordinates (*=link atom) 
  QMMM: QM_NO.   MM_NO.  ATOM         X         Y         Z
  QMMM:     1        1      N        4.6080    4.5930   -7.3180
  QMMM:     2        2      H        5.0910    5.5800   -7.3050
  QMMM:     3        3      H        5.0950    5.5780   -7.2980
  QMMM:     4        4      H        5.0920    5.5790   -7.3060
  QMMM:     5        5      C        3.6080    3.5690   -7.5910
  QMMM:     6        6      H        4.1090    2.6350   -7.9130
  QMMM:     7        7      C        3.0180    3.7810   -8.9580
  QMMM:     8        8      O        3.2710    4.8390   -9.6210
  QMMM:     9        9      O        2.3150    2.8740   -9.4220
  QMMM:    10       10      C        2.5170    3.5600   -6.5160
  QMMM:    11       11      H        1.5450    3.1830   -6.9230
  QMMM:    12       12      H        2.2950    4.5770   -6.1080
  QMMM:    13       13      C        2.8670    2.6260   -5.3230
  QMMM:    14       14      H        1.9300    2.3230   -4.7930
  QMMM:    15       15      H        3.5070    3.0670   -4.5270
  QMMM:    16       16      S        3.1250    0.9990   -5.7660
  QMMM:    17       17      C        4.7290    0.3770   -5.5880
  QMMM:    18       18      H        4.3990   -0.6260   -5.9560
  QMMM:    19       19      H        4.7620    0.3310   -4.4740
  QMMM:    20       20      C        5.8620    0.9680   -6.4430
  QMMM:    21       21      H        5.6110    0.7350   -7.5020
  QMMM:    22       22      O        6.0930    2.3530   -6.0750
  QMMM:    23       23      C        7.2280    0.3400   -6.2020
  QMMM:    24       24      H        7.3460    0.0350   -5.1360
  QMMM:    25       25      O        7.4800   -0.9480   -6.8010
  QMMM:    26       26      H        8.4150   -1.3870   -6.4130
  QMMM:    27       27      C        8.1840    1.4450   -6.6220
  QMMM:    28       28      H        9.1940    1.2410   -6.1980
  QMMM:    29       29      O        8.3600    1.5910   -8.0560
  QMMM:    30       30      H        9.4340    1.6160   -8.3200
  QMMM:    31       31      C        7.4750    2.6680   -6.0960
  QMMM:    32       32      H        7.6570    3.5660   -6.7290
  QMMM:    33       33      N        7.8620    3.0710   -4.7280
  QMMM:    34       34      C        7.0940    2.9340   -3.6240
  QMMM:    35       35      H        6.1570    2.5560   -3.1740
  QMMM:    36       36      N        7.7020    3.4440   -2.5460
  QMMM:    37       37      C        8.8920    3.9230   -2.9840
  QMMM:    38       38      C       10.0080    4.5320   -2.3560
  QMMM:    39       39      N       10.0170    4.7950   -1.0150
  QMMM:    40       40      H       10.6460    4.1780   -0.3400
  QMMM:    41       41      H        9.4590    5.6480   -0.5780
  QMMM:    42       42      N       11.0550    4.8850   -3.1320
  QMMM:    43       43      C       11.0950    4.6480   -4.4430
  QMMM:    44       44      H       11.9910    4.9730   -5.0020
  QMMM:    45       45      N       10.0880    4.0360   -5.0850
  QMMM:    46       46      C        8.9740    3.6800   -4.3990

--------------------------------------------------------------------------------
  RESULTS
--------------------------------------------------------------------------------

      iter         sqm energy              rms gradient
      ----    -------------------    -----------------------
xmin    10      -54.7601 kcal/mol       21.2059 kcal/(mol*A)
xmin    20     -106.7407 kcal/mol        3.2569 kcal/(mol*A)
xmin    30     -113.0860 kcal/mol        0.5880 kcal/(mol*A)
xmin    40     -115.8109 kcal/mol        1.0421 kcal/(mol*A)
xmin    50     -116.7898 kcal/mol        0.5343 kcal/(mol*A)
xmin    60     -117.4721 kcal/mol        0.2497 kcal/(mol*A)
xmin    70     -117.7651 kcal/mol        0.6016 kcal/(mol*A)
xmin    80     -117.9000 kcal/mol        0.1177 kcal/(mol*A)
xmin    90     -118.0327 kcal/mol        0.2274 kcal/(mol*A)
xmin   100     -118.0908 kcal/mol        0.3673 kcal/(mol*A)
xmin   110     -118.1218 kcal/mol        0.1536 kcal/(mol*A)
xmin   120     -118.1579 kcal/mol        0.0653 kcal/(mol*A)
xmin   130     -118.1761 kcal/mol        0.0648 kcal/(mol*A)
xmin   140     -118.2331 kcal/mol        0.3691 kcal/(mol*A)
xmin   150     -118.2593 kcal/mol        0.1436 kcal/(mol*A)
xmin   160     -118.2889 kcal/mol        0.1652 kcal/(mol*A)
xmin   170     -118.3143 kcal/mol        0.1140 kcal/(mol*A)
xmin   180     -118.3321 kcal/mol        0.2246 kcal/(mol*A)
xmin   190     -118.3676 kcal/mol        0.0720 kcal/(mol*A)
xmin   200     -118.4020 kcal/mol        0.0996 kcal/(mol*A)
xmin   210     -118.4143 kcal/mol        0.0851 kcal/(mol*A)
xmin   220     -118.4312 kcal/mol        0.0271 kcal/(mol*A)
xmin   230     -118.4477 kcal/mol        0.0935 kcal/(mol*A)
xmin   240     -118.4722 kcal/mol        0.1658 kcal/(mol*A)
xmin   250     -118.4781 kcal/mol        0.2081 kcal/(mol*A)
xmin   260     -118.4969 kcal/mol        0.0447 kcal/(mol*A)
xmin   270     -118.5023 kcal/mol        0.0555 kcal/(mol*A)
xmin   280     -118.5041 kcal/mol        0.0380 kcal/(mol*A)
xmin   290     -118.5078 kcal/mol        0.0391 kcal/(mol*A)
xmin   300     -118.5135 kcal/mol        0.0754 kcal/(mol*A)
xmin   310     -118.5162 kcal/mol        0.0231 kcal/(mol*A)
xmin   320     -118.5180 kcal/mol        0.0128 kcal/(mol*A)
xmin   330     -118.5188 kcal/mol        0.0281 kcal/(mol*A)
xmin   340     -118.5237 kcal/mol        0.0520 kcal/(mol*A)
xmin   350     -118.5321 kcal/mol        0.0573 kcal/(mol*A)
xmin   360     -118.5485 kcal/mol        0.1773 kcal/(mol*A)
xmin   370     -118.5611 kcal/mol        0.0559 kcal/(mol*A)
xmin   380     -118.5731 kcal/mol        0.1030 kcal/(mol*A)
xmin   390     -118.5817 kcal/mol        0.1127 kcal/(mol*A)
xmin   400     -118.5910 kcal/mol        0.1194 kcal/(mol*A)
xmin   410     -118.5986 kcal/mol        0.1804 kcal/(mol*A)
xmin   420     -118.6153 kcal/mol        0.0569 kcal/(mol*A)
xmin   430     -118.6286 kcal/mol        0.0849 kcal/(mol*A)
xmin   440     -118.6526 kcal/mol        0.0915 kcal/(mol*A)
xmin   450     -118.6706 kcal/mol        0.0290 kcal/(mol*A)
xmin   460     -118.6770 kcal/mol        0.0753 kcal/(mol*A)
xmin   470     -118.6805 kcal/mol        0.1042 kcal/(mol*A)
xmin   480     -118.6880 kcal/mol        0.0315 kcal/(mol*A)
xmin   490     -118.7705 kcal/mol        0.1763 kcal/(mol*A)
xmin   500     -119.5162 kcal/mol        0.4155 kcal/(mol*A)
xmin   510     -119.6392 kcal/mol        0.1656 kcal/(mol*A)
xmin   520     -119.6462 kcal/mol        0.2679 kcal/(mol*A)
xmin   530     -119.6720 kcal/mol        0.0935 kcal/(mol*A)
xmin   540     -119.6769 kcal/mol        0.1872 kcal/(mol*A)
xmin   550     -119.6809 kcal/mol        0.0509 kcal/(mol*A)
xmin   560     -119.6832 kcal/mol        0.0326 kcal/(mol*A)
xmin   570     -119.6856 kcal/mol        0.0169 kcal/(mol*A)
xmin   580     -119.6884 kcal/mol        0.0348 kcal/(mol*A)
xmin   590     -119.6891 kcal/mol        0.0112 kcal/(mol*A)
xmin   600     -119.6900 kcal/mol        0.0142 kcal/(mol*A)
xmin   610     -119.6912 kcal/mol        0.0065 kcal/(mol*A)
xmin   620     -119.6916 kcal/mol        0.0084 kcal/(mol*A)
xmin   630     -119.6917 kcal/mol        0.0055 kcal/(mol*A)
xmin   640     -119.6918 kcal/mol        0.0020 kcal/(mol*A)
xmin   650     -119.6918 kcal/mol        0.0025 kcal/(mol*A)
xmin   660     -119.6918 kcal/mol        0.0034 kcal/(mol*A)
xmin   670     -119.6918 kcal/mol        0.0093 kcal/(mol*A)
xmin   680     -119.6919 kcal/mol        0.0042 kcal/(mol*A)
xmin   690     -119.6919 kcal/mol        0.0010 kcal/(mol*A)
xmin   700     -119.6919 kcal/mol        0.0008 kcal/(mol*A)
xmin   710     -119.6919 kcal/mol        0.0020 kcal/(mol*A)
  ... geometry converged !
 
 Final MO eigenvalues (eV):
 -42.3680  -41.2578  -40.7051  -39.4427  -38.9907  -38.2266  -37.4706  -37.4449
 -36.5772  -34.3425  -33.3454  -32.9172  -32.4465  -30.4332  -29.5990  -27.1281
 -25.6641  -24.7062  -24.4142  -23.7148  -22.9260  -22.3416  -21.9720  -21.6495
 -19.9549  -19.3312  -19.1956  -18.8113  -17.9699  -17.8963  -17.8591  -17.8229
 -17.7720  -17.3582  -17.2896  -17.0159  -16.7749  -16.6400  -15.9545  -15.7290
 -15.6196  -15.4804  -15.3288  -15.1111  -14.8917  -14.8503  -14.5183  -14.4202
 -14.3033  -14.1577  -13.8822  -13.5168  -13.0569  -13.0382  -12.8820  -12.8306
 -12.7842  -12.7618  -12.6485  -12.0100  -11.8963  -11.8016  -11.5758  -11.4007
 -10.9773  -10.8964  -10.7369  -10.6116  -10.1074   -8.9364   -8.8782   -0.3046
   0.1261    0.3919    0.8514    1.0549    1.2376    1.2717    1.3491    1.4316
   1.8708    2.0107    2.5436    2.5605    2.6355    2.7024    2.7717    2.8866
   2.9431    3.0208    3.2042    3.2939    3.3759    3.4295    3.4820    3.5158
   3.6110    3.6610    3.7441    3.7968    3.8164    3.8346    3.9109    4.0036
   4.1225    4.1993    4.2644    4.3061    4.4989    4.5384    4.8486    5.0952
   5.2802    5.2850    5.4632    5.5383    5.7053    5.8445    6.1174    6.2327
   6.3034    6.6737    6.9660    7.1015

 Heat of formation   =       -119.69187464 kcal/mol  (       -5.19022916 eV)

 Total SCF energy    =    -117734.25031597 kcal/mol  (    -5105.34019843 eV)
 Electronic energy   =    -866919.07226248 kcal/mol  (   -37592.43190939 eV)
 Core-core repulsion =     749184.82194651 kcal/mol  (    32487.09171096 eV)
 
    Atomic Charges for Step       1 :
  Atom    Element       Mulliken Charge
     1      N                 -0.261
     2      H                  0.002
     3      H                  0.142
     4      H                  0.001
     5      C                 -0.050
     6      H                  0.156
     7      C                  0.441
     8      O                 -0.203
     9      O                 -0.243
    10      C                 -0.178
    11      H                  0.102
    12      H                  0.105
    13      C                 -0.275
    14      H                  0.114
    15      H                  0.119
    16      S                  0.074
    17      C                 -0.293
    18      H                  0.139
    19      H                  0.111
    20      C                 -0.021
    21      H                  0.154
    22      O                 -0.282
    23      C                  0.026
    24      H                  0.130
    25      O                 -0.299
    26      H                  0.234
    27      C                 -0.028
    28      H                  0.123
    29      O                 -0.313
    30      H                  0.229
    31      C                  0.137
    32      H                  0.143
    33      N                 -0.208
    34      C                 -0.039
    35      H                  0.208
    36      N                 -0.117
    37      C                 -0.239
    38      C                  0.246
    39      N                 -0.356
    40      H                  0.242
    41      H                  0.251
    42      N                 -0.269
    43      C                  0.029
    44      H                  0.189
    45      N                 -0.232
    46      C                  0.061
 Total Mulliken Charge =      -0.000
 
                  X        Y        Z     TOTAL  
  QM DIPOLE     0.037    0.835    3.280    3.385
 
 Final Structure

  QMMM: QM Region Cartesian Coordinates (*=link atom) 
  QMMM: QM_NO.   MM_NO.  ATOM         X         Y         Z
  QMMM:     1        1      N        2.6858    4.0909   -7.9384
  QMMM:     2        2      H        2.1452    5.1746  -12.3788
  QMMM:     3        3      H        1.7026    3.9481   -8.0419
  QMMM:     4        4      H        1.9644    4.5484  -12.5625
  QMMM:     5        5      C        3.1509    4.0762   -6.7508
  QMMM:     6        6      H        4.2502    4.2277   -6.6428
  QMMM:     7        7      C        4.3404    3.5151  -10.1191
  QMMM:     8        8      O        3.5643    3.9724  -10.8944
  QMMM:     9        9      O        5.1410    3.0444   -9.3720
  QMMM:    10       10      C        2.4281    3.8778   -5.4503
  QMMM:    11       11      H        1.4179    3.4142   -5.6134
  QMMM:    12       12      H        2.2596    4.8908   -4.9894
  QMMM:    13       13      C        3.2255    3.0278   -4.4937
  QMMM:    14       14      H        2.7396    3.0481   -3.4863
  QMMM:    15       15      H        4.2656    3.4259   -4.3891
  QMMM:    16       16      S        3.2675    1.3341   -5.0161
  QMMM:    17       17      C        4.9818    0.9579   -5.1987
  QMMM:    18       18      H        4.9776   -0.1298   -5.4711
  QMMM:    19       19      H        5.5143    1.0782   -4.2234
  QMMM:    20       20      C        5.7060    1.7467   -6.2721
  QMMM:    21       21      H        4.9982    2.0488   -7.0995
  QMMM:    22       22      O        6.1800    2.9892   -5.7192
  QMMM:    23       23      C        6.9135    0.9811   -6.8584
  QMMM:    24       24      H        7.0234   -0.0340   -6.3860
  QMMM:    25       25      O        6.7524    0.7172   -8.2267
  QMMM:    26       26      H        6.7819    1.5608   -8.7034
  QMMM:    27       27      C        8.1500    1.8503   -6.5410
  QMMM:    28       28      H        8.9279    1.2507   -5.9997
  QMMM:    29       29      O        8.6616    2.3584   -7.7532
  QMMM:    30       30      H        9.5619    2.6608   -7.5714
  QMMM:    31       31      C        7.6075    3.0394   -5.6838
  QMMM:    32       32      H        7.8908    4.0314   -6.1529
  QMMM:    33       33      N        8.0754    3.0302   -4.3148
  QMMM:    34       34      C        7.3194    3.0812   -3.1187
  QMMM:    35       35      H        6.2224    3.0700   -3.1518
  QMMM:    36       36      N        8.0732    3.1481   -2.0117
  QMMM:    37       37      C        9.3988    3.1515   -2.4704
  QMMM:    38       38      C       10.6672    3.2130   -1.7986
  QMMM:    39       39      N       10.7224    3.2630   -0.4330
  QMMM:    40       40      H       11.5898    3.3324    0.0376
  QMMM:    41       41      H        9.8773    3.2968    0.0801
  QMMM:    42       42      N       11.8176    3.2113   -2.5553
  QMMM:    43       43      C       11.6839    3.1442   -3.9059
  QMMM:    44       44      H       12.6453    3.1459   -4.4648
  QMMM:    45       45      N       10.5693    3.0769   -4.6720
  QMMM:    46       46      C        9.4224    3.0829   -3.9263

           --------- Calculation Completed ----------

